#
# A fatal error has been detected by the Java Runtime Environment:
#
#  EXCEPTION_ACCESS_VIOLATION (0xc0000005) at pc=0x00007ffd2b84a03c, pid=6516, tid=6488
#
# JRE version: Java(TM) SE Runtime Environment (13.0.1+9) (build 13.0.1+9)
# Java VM: Java HotSpot(TM) 64-Bit Server VM (13.0.1+9, mixed mode, sharing, tiered, compressed oops, g1 gc, windows-amd64)
# Problematic frame:
# C  [gurobi95.dll+0x6fa03c]
#
# No core dump will be written. Minidumps are not enabled by default on client versions of Windows
#
# If you would like to submit a bug report, please visit:
#   http://bugreport.java.com/bugreport/crash.jsp
# The crash happened outside the Java Virtual Machine in native code.
# See problematic frame for where to report the bug.
#

---------------  S U M M A R Y ------------

Command Line: -Djava.library.path=G:\UOA_Courses\thesis\project\radiotelescopescheduling\norad;G:\UOA_Courses\thesis\project\radiotelescopescheduling\novas;C:\gurobi952\win64\lib;C:\gurobi952\win64\bin -javaagent:D:\Program Files\JetBrains\IntelliJ IDEA 2021.3.2\lib\idea_rt.jar=5750:D:\Program Files\JetBrains\IntelliJ IDEA 2021.3.2\bin -Dfile.encoding=UTF-8 SchedulingMain

Host: Intel(R) Core(TM) i7-6700HQ CPU @ 2.60GHz, 8 cores, 7G,  Windows 10 , 64 bit Build 19041 (10.0.19041.2251)
Time: Sat Nov 26 13:46:56 2022 W. Europe Standard Time elapsed time: 46 seconds (0d 0h 0m 46s)

---------------  T H R E A D  ---------------

Current thread (0x0000022ab3e8a800):  JavaThread "main" [_thread_in_native, id=6488, stack(0x00000061b6600000,0x00000061b6700000)]

Stack: [0x00000061b6600000,0x00000061b6700000],  sp=0x00000061b66fefa0,  free space=1019k
Native frames: (J=compiled Java code, j=interpreted, Vv=VM code, C=native code)
C  [gurobi95.dll+0x6fa03c]

Java frames: (J=compiled Java code, j=interpreted, Vv=VM code)
J 950  gurobi.GurobiJni.getattrinfo(JLjava/lang/String;[I)I (0 bytes) @ 0x0000022ac56f0c3e [0x0000022ac56f0bc0+0x000000000000007e]
J 1038 c2 gurobi.GRBVar.get(Lgurobi/GRB$DoubleAttr;)D (104 bytes) @ 0x0000022ac570a530 [0x0000022ac570a440+0x00000000000000f0]
J 1596 c2 optimisation.MultiTelescopesMTSPPolicy.findNextPaths([Lobservation/Pointable;)[Lobservation/Connection; (1673 bytes) @ 0x0000022ac57c2a54 [0x0000022ac57bd700+0x0000000000005354]
j  optimisation.DispatchPolicy.nextMoves()V+39
j  optimisation.Scheduler.buildSchedule(Ljava/util/Properties;)V+702
j  simulation.Simulation.run()V+8
j  SchedulingMain.runRepeats(I)V+34
j  SchedulingMain.main([Ljava/lang/String;)V+40
v  ~StubRoutines::call_stub

siginfo: EXCEPTION_ACCESS_VIOLATION (0xc0000005), reading address 0x0000000000001ac4


Register to memory mapping:

RIP=0x00007ffd2b84a03c gurobi95.dll
RAX=0x0 is NULL
RBX=0x00000061b66ff0a0 is pointing into the stack for thread: 0x0000022ab3e8a800
RCX=0x0 is NULL
RDX=0x0000022ad5cd2d60 points into unknown readable memory: 00 ae 61 d8 2a 02 00 00
RSP=0x00000061b66fefa0 is pointing into the stack for thread: 0x0000022ab3e8a800
RBP=0x00000061b66ff038 is pointing into the stack for thread: 0x0000022ab3e8a800
RSI=0x0000000082a0c3b8 is an oop: [I 
{0x0000000082a0c3b8} - klass: {type array int}
 - length: 1
RDI=0x0 is NULL
R8 =0x0000000000000357 is an unknown value
R9 =0x00000061b66fed92 is pointing into the stack for thread: 0x0000022ab3e8a800
R10=0x000000000000014d is an unknown value
R11=0x0000000000000038 is an unknown value
R12=0x0000022ad5ec2030 points into unknown readable memory: 00 00 00 00 00 00 00 00
R13=0x0000022ad9375f80 points into unknown readable memory: 58 00 0b 28 9b ae 10 40
R14=0x00000061b66ff030 is pointing into the stack for thread: 0x0000022ab3e8a800
R15=0x00000061b66ff034 is pointing into the stack for thread: 0x0000022ab3e8a800


Registers:
RAX=0x0000000000000000, RBX=0x00000061b66ff0a0, RCX=0x0000000000000000, RDX=0x0000022ad5cd2d60
RSP=0x00000061b66fefa0, RBP=0x00000061b66ff038, RSI=0x0000000082a0c3b8, RDI=0x0000000000000000
R8 =0x0000000000000357, R9 =0x00000061b66fed92, R10=0x000000000000014d, R11=0x0000000000000038
R12=0x0000022ad5ec2030, R13=0x0000022ad9375f80, R14=0x00000061b66ff030, R15=0x00000061b66ff034
RIP=0x00007ffd2b84a03c, EFLAGS=0x0000000000010206

Top of Stack: (sp=0x00000061b66fefa0)
0x00000061b66fefa0:   0000000000000000 0000022ab3e8ab10
0x00000061b66fefb0:   0000000000000000 0000000000000000
0x00000061b66fefc0:   0000000000000000 0000000000000000
0x00000061b66fefd0:   00000061b66ff0e0 0000022ad5ec2030
0x00000061b66fefe0:   0000022ad9375f80 0000022ab3e8ab10
0x00000061b66feff0:   0000000000000000 00007ffd87e41068
0x00000061b66ff000:   00000061b66ff0a0 00000061b66ff0e0
0x00000061b66ff010:   0000000082a0c3b8 0000022ad9375f80
0x00000061b66ff020:   00000061b66ff038 0000000000000003
0x00000061b66ff030:   ffffffffffffffff 00000000ffffffff
0x00000061b66ff040:   0000000000000000 0000022ab3e8a800
0x00000061b66ff050:   00000061b66ff0c8 0000022ac57c2950
0x00000061b66ff060:   0000000000000023 0000022ac56f0cde
0x00000061b66ff070:   0000000082a00201 0000022ab3e8a800
0x00000061b66ff080:   000000000000072b 0000000000000000
0x00000061b66ff090:   00000061b66ff0a8 00000061b66ff0c8 

Instructions: (pc=0x00007ffd2b84a03c)
0x00007ffd2b849f3c:   cc cc cc cc cc cc cc cc cc cc cc cc cc cc cc cc
0x00007ffd2b849f4c:   cc cc cc cc cc cc cc cc cc cc cc cc cc cc cc cc
0x00007ffd2b849f5c:   cc cc cc cc cc cc cc cc cc cc cc cc cc cc cc cc
0x00007ffd2b849f6c:   cc cc cc cc cc cc cc cc cc cc cc cc cc cc cc cc
0x00007ffd2b849f7c:   cc cc cc cc cc cc cc cc cc cc cc cc cc cc cc cc
0x00007ffd2b849f8c:   cc cc cc cc cc cc cc cc cc cc cc cc cc cc cc cc
0x00007ffd2b849f9c:   cc cc cc cc cc cc cc cc cc cc cc cc cc cc cc cc
0x00007ffd2b849fac:   cc cc cc cc 41 54 41 55 41 56 41 57 55 48 83 ec
0x00007ffd2b849fbc:   30 4d 89 cf 4d 89 c6 49 89 d5 49 89 cc e8 af fc
0x00007ffd2b849fcc:   90 ff 85 c0 0f 85 88 00 00 00 4d 85 f6 74 07 41
0x00007ffd2b849fdc:   c7 06 ff ff ff ff 4d 85 ff 74 07 41 c7 07 ff ff
0x00007ffd2b849fec:   ff ff 48 8b ac 24 80 00 00 00 48 85 ed 74 07 c7
0x00007ffd2b849ffc:   45 00 ff ff ff ff 4c 89 e1 e8 73 fc 90 ff 85 c0
0x00007ffd2b84a00c:   0f 85 80 00 00 00 4c 89 e1 4c 89 ea e8 9e aa 90
0x00007ffd2b84a01c:   ff 83 f8 ff 74 4a 48 63 c0 49 8b 94 24 d8 02 00
0x00007ffd2b84a02c:   00 48 8b 4a 10 4c 8d 04 c0 33 c0 4d 85 f6 74 08
0x00007ffd2b84a03c:   42 8b 54 c1 0c 41 89 16 4d 85 ff 74 08 42 8b 54
0x00007ffd2b84a04c:   c1 10 41 89 17 48 85 ed 74 08 42 8b 54 c1 14 89
0x00007ffd2b84a05c:   55 00 48 83 c4 30 5d 41 5f 41 5e 41 5d 41 5c c3
0x00007ffd2b84a06c:   48 89 e0 4c 89 e1 ba 14 27 00 00 41 b8 01 00 00
0x00007ffd2b84a07c:   00 4c 8d 0d 90 c3 6f 01 4c 89 68 20 e8 e5 a2 90
0x00007ffd2b84a08c:   ff b8 14 27 00 00 48 83 c4 30 5d 41 5f 41 5e 41
0x00007ffd2b84a09c:   5d 41 5c c3 cc cc cc cc cc cc cc cc cc cc cc cc
0x00007ffd2b84a0ac:   cc cc cc cc cc cc cc cc cc cc cc cc cc cc cc cc
0x00007ffd2b84a0bc:   cc cc cc cc cc cc cc cc cc cc cc cc cc cc cc cc
0x00007ffd2b84a0cc:   cc cc cc cc cc cc cc cc cc cc cc cc cc cc cc cc
0x00007ffd2b84a0dc:   cc cc cc cc 57 41 54 41 55 48 83 ec 40 49 89 d4
0x00007ffd2b84a0ec:   48 89 cf e8 89 fb 90 ff 85 c0 0f 85 c5 00 00 00
0x00007ffd2b84a0fc:   48 85 ff 74 1b 83 7f 40 00 7e 15 48 89 f9 4c 89
0x00007ffd2b84a10c:   e2 e8 d6 90 90 ff 48 83 c4 40 41 5d 41 5c 5f c3
0x00007ffd2b84a11c:   48 89 f9 e8 59 fb 90 ff 85 c0 0f 85 61 01 00 00
0x00007ffd2b84a12c:   48 89 f9 4c 89 e2 e8 84 a9 90 ff 83 f8 ff 0f 84 


Stack slot to memory mapping:
stack at sp + 0 slots: 0x0 is NULL
stack at sp + 1 slots: 0x0000022ab3e8ab10 points into unknown readable memory: 50 e8 a4 37 fd 7f 00 00
stack at sp + 2 slots: 0x0 is NULL
stack at sp + 3 slots: 0x0 is NULL
stack at sp + 4 slots: 0x0 is NULL
stack at sp + 5 slots: 0x0 is NULL
stack at sp + 6 slots: 0x00000061b66ff0e0 is pointing into the stack for thread: 0x0000022ab3e8a800
stack at sp + 7 slots: 0x0000022ad5ec2030 points into unknown readable memory: 00 00 00 00 00 00 00 00


---------------  P R O C E S S  ---------------

Threads class SMR info:
_java_thread_list=0x0000022ad6d016b0, length=11, elements={
0x0000022ab3e8a800, 0x0000022ad4d58800, 0x0000022ad4d5c000, 0x0000022ad4d7c800,
0x0000022ad4d7d800, 0x0000022ad4d82800, 0x0000022ad4d83800, 0x0000022ad4d87000,
0x0000022ad4d41000, 0x0000022ad5920800, 0x0000022ad5921800
}

Java Threads: ( => current thread )
=>0x0000022ab3e8a800 JavaThread "main" [_thread_in_native, id=6488, stack(0x00000061b6600000,0x00000061b6700000)]
  0x0000022ad4d58800 JavaThread "Reference Handler" daemon [_thread_blocked, id=17108, stack(0x00000061b6d00000,0x00000061b6e00000)]
  0x0000022ad4d5c000 JavaThread "Finalizer" daemon [_thread_blocked, id=13040, stack(0x00000061b6e00000,0x00000061b6f00000)]
  0x0000022ad4d7c800 JavaThread "Signal Dispatcher" daemon [_thread_blocked, id=7264, stack(0x00000061b6f00000,0x00000061b7000000)]
  0x0000022ad4d7d800 JavaThread "Attach Listener" daemon [_thread_blocked, id=14500, stack(0x00000061b7000000,0x00000061b7100000)]
  0x0000022ad4d82800 JavaThread "C2 CompilerThread0" daemon [_thread_blocked, id=1536, stack(0x00000061b7100000,0x00000061b7200000)]
  0x0000022ad4d83800 JavaThread "C1 CompilerThread0" daemon [_thread_blocked, id=7464, stack(0x00000061b7200000,0x00000061b7300000)]
  0x0000022ad4d87000 JavaThread "Sweeper thread" daemon [_thread_blocked, id=13512, stack(0x00000061b7300000,0x00000061b7400000)]
  0x0000022ad4d41000 JavaThread "Common-Cleaner" daemon [_thread_blocked, id=11580, stack(0x00000061b7400000,0x00000061b7500000)]
  0x0000022ad5920800 JavaThread "Monitor Ctrl-Break" daemon [_thread_in_native, id=14884, stack(0x00000061b7600000,0x00000061b7700000)]
  0x0000022ad5921800 JavaThread "Service Thread" daemon [_thread_blocked, id=3060, stack(0x00000061b7700000,0x00000061b7800000)]

Other Threads:
  0x0000022ad4d57000 VMThread "VM Thread" [stack: 0x00000061b6c00000,0x00000061b6d00000] [id=15284]
  0x0000022ad5927800 WatcherThread [stack: 0x00000061b7800000,0x00000061b7900000] [id=13888]
  0x0000022ab3ecf000 GCTaskThread "GC Thread#0" [stack: 0x00000061b6700000,0x00000061b6800000] [id=2512]
  0x0000022ad616d000 GCTaskThread "GC Thread#1" [stack: 0x00000061b7a00000,0x00000061b7b00000] [id=11808]
  0x0000022ad609e000 GCTaskThread "GC Thread#2" [stack: 0x00000061b7b00000,0x00000061b7c00000] [id=2496]
  0x0000022ab3ee0800 ConcurrentGCThread "G1 Main Marker" [stack: 0x00000061b6800000,0x00000061b6900000] [id=15040]
  0x0000022ab3ee2000 ConcurrentGCThread "G1 Conc#0" [stack: 0x00000061b6900000,0x00000061b6a00000] [id=1172]
  0x0000022ad4bd6800 ConcurrentGCThread "G1 Refine#0" [stack: 0x00000061b6a00000,0x00000061b6b00000] [id=11792]
  0x0000022ab3f5c000 ConcurrentGCThread "G1 Young RemSet Sampling" [stack: 0x00000061b6b00000,0x00000061b6c00000] [id=12892]

Threads with active compile tasks:

VM state:not at safepoint (normal execution)

VM Mutex/Monitor currently owned by a thread: None

Heap address: 0x0000000081a00000, size: 2022 MB, Compressed Oops mode: 32-bit
Narrow klass base: 0x0000000800000000, Narrow klass shift: 3
Compressed class space size: 1073741824 Address: 0x0000000800b40000

Heap:
 garbage-first heap   total 17408K, used 5509K [0x0000000081a00000, 0x0000000100000000)
  region size 1024K, 2 young (2048K), 1 survivors (1024K)
 Metaspace       used 3211K, capacity 5637K, committed 5760K, reserved 1056768K
  class space    used 264K, capacity 607K, committed 640K, reserved 1048576K
Heap Regions: E=young(eden), S=young(survivor), O=old, HS=humongous(starts), HC=humongous(continues), CS=collection set, F=free, A=archive, TAMS=top-at-mark-start (previous, next)
|   0|0x0000000081a00000, 0x0000000081afffe0, 0x0000000081b00000| 99%| O|  |TAMS 0x0000000081a00000, 0x0000000081a00000| Untracked 
|   1|0x0000000081b00000, 0x0000000081bffff0, 0x0000000081c00000| 99%| O|  |TAMS 0x0000000081b00000, 0x0000000081b00000| Untracked 
|   2|0x0000000081c00000, 0x0000000081cffff0, 0x0000000081d00000| 99%| O|  |TAMS 0x0000000081c00000, 0x0000000081c00000| Untracked 
|   3|0x0000000081d00000, 0x0000000081dfffe8, 0x0000000081e00000| 99%| O|  |TAMS 0x0000000081d00000, 0x0000000081d00000| Untracked 
|   4|0x0000000081e00000, 0x0000000081ea7920, 0x0000000081f00000| 65%| O|  |TAMS 0x0000000081e00000, 0x0000000081e00000| Untracked 
|   5|0x0000000081f00000, 0x0000000081f00000, 0x0000000082000000|  0%| F|  |TAMS 0x0000000081f00000, 0x0000000081f00000| Untracked 
|   6|0x0000000082000000, 0x0000000082000000, 0x0000000082100000|  0%| F|  |TAMS 0x0000000082000000, 0x0000000082000000| Untracked 
|   7|0x0000000082100000, 0x0000000082100000, 0x0000000082200000|  0%| F|  |TAMS 0x0000000082100000, 0x0000000082100000| Untracked 
|   8|0x0000000082200000, 0x00000000822b9de0, 0x0000000082300000| 72%| S|CS|TAMS 0x0000000082200000, 0x0000000082200000| Complete 
|   9|0x0000000082300000, 0x0000000082300000, 0x0000000082400000|  0%| F|  |TAMS 0x0000000082300000, 0x0000000082300000| Untracked 
|  10|0x0000000082400000, 0x0000000082400000, 0x0000000082500000|  0%| F|  |TAMS 0x0000000082400000, 0x0000000082400000| Untracked 
|  11|0x0000000082500000, 0x0000000082500000, 0x0000000082600000|  0%| F|  |TAMS 0x0000000082500000, 0x0000000082500000| Untracked 
|  12|0x0000000082600000, 0x0000000082600000, 0x0000000082700000|  0%| F|  |TAMS 0x0000000082600000, 0x0000000082600000| Untracked 
|  13|0x0000000082700000, 0x0000000082700000, 0x0000000082800000|  0%| F|  |TAMS 0x0000000082700000, 0x0000000082700000| Untracked 
|  14|0x0000000082800000, 0x0000000082800000, 0x0000000082900000|  0%| F|  |TAMS 0x0000000082800000, 0x0000000082800000| Untracked 
|  15|0x0000000082900000, 0x0000000082900000, 0x0000000082a00000|  0%| F|  |TAMS 0x0000000082900000, 0x0000000082900000| Untracked 
|  16|0x0000000082a00000, 0x0000000082a22e98, 0x0000000082b00000| 13%| E|  |TAMS 0x0000000082a00000, 0x0000000082a00000| Complete 

Card table byte_map: [0x0000022acdb50000,0x0000022acdf50000] _byte_map_base: 0x0000022acd743000

Marking Bits (Prev, Next): (CMBitMap*) 0x0000022ab3ecfc78, (CMBitMap*) 0x0000022ab3ecfcb8
 Prev Bits: [0x0000022ace350000, 0x0000022ad02e8000)
 Next Bits: [0x0000022ad02f0000, 0x0000022ad2288000)

Polling page: 0x0000022ab3f60000

Metaspace:

Usage:
  Non-class:      4.91 MB capacity,     2.88 MB ( 59%) used,     2.02 MB ( 41%) free+waste,    17.00 KB ( <1%) overhead. 
      Class:    607.00 KB capacity,   264.54 KB ( 44%) used,   332.65 KB ( 55%) free+waste,     9.81 KB (  2%) overhead. 
       Both:      5.50 MB capacity,     3.14 MB ( 57%) used,     2.34 MB ( 43%) free+waste,    26.81 KB ( <1%) overhead. 

Virtual space:
  Non-class space:        8.00 MB reserved,       5.00 MB ( 63%) committed 
      Class space:        1.00 GB reserved,     640.00 KB ( <1%) committed 
             Both:        1.01 GB reserved,       5.63 MB ( <1%) committed 

Chunk freelists:
   Non-Class:  26.00 KB
       Class:  0 bytes
        Both:  26.00 KB

MaxMetaspaceSize: 17179869184.00 GB
CompressedClassSpaceSize: 1.00 GB

CodeHeap 'non-profiled nmethods': size=120000Kb used=1453Kb max_used=1640Kb free=118546Kb
 bounds [0x0000022ac5670000, 0x0000022ac58e0000, 0x0000022accba0000]
CodeHeap 'profiled nmethods': size=120000Kb used=2628Kb max_used=4374Kb free=117371Kb
 bounds [0x0000022abe140000, 0x0000022abe590000, 0x0000022ac5670000]
CodeHeap 'non-nmethods': size=5760Kb used=1217Kb max_used=1280Kb free=4542Kb
 bounds [0x0000022abdba0000, 0x0000022abde10000, 0x0000022abe140000]
 total_blobs=3148 nmethods=1337 adapters=393
 compilation: enabled
              stopped_count=0, restarted_count=0
 full_count=0

Compilation events (20 events):
Event: 38.456 Thread 0x0000022ad4d82800 1687       4       gurobi.GRBLinExpr::<init> (32 bytes)
Event: 38.458 Thread 0x0000022ad4d83800 1688 %     3       gurobi.GRBModel::update @ 231 (1408 bytes)
Event: 38.459 Thread 0x0000022ad4d82800 nmethod 1687 0x0000022ac5807610 code [0x0000022ac58077a0, 0x0000022ac5807a98]
Event: 38.465 Thread 0x0000022ad4d83800 nmethod 1688% 0x0000022abe576f10 code [0x0000022abe577b60, 0x0000022abe580870]
Event: 38.720 Thread 0x0000022ad4d83800 1689   !   3       java.lang.ref.ReferenceQueue::enqueue (119 bytes)
Event: 38.721 Thread 0x0000022ad4d83800 nmethod 1689 0x0000022abe583f10 code [0x0000022abe584100, 0x0000022abe584950]
Event: 40.656 Thread 0x0000022ad4d82800 1690 %     4       gurobi.GRBModel::update @ 18 (1408 bytes)
Event: 40.684 Thread 0x0000022ad4d82800 nmethod 1690% 0x0000022ac5807b90 code [0x0000022ac5807ea0, 0x0000022ac58090e8]
Event: 41.018 Thread 0x0000022ad4d83800 1691   !   3       java.lang.ref.ReferenceQueue::remove (125 bytes)
Event: 41.019 Thread 0x0000022ad4d83800 nmethod 1691 0x0000022abe584b10 code [0x0000022abe584d40, 0x0000022abe585640]
Event: 41.809 Thread 0x0000022ad4d82800 1692       4       gurobi.GRBModel::update (1408 bytes)
Event: 41.830 Thread 0x0000022ad4d82800 nmethod 1692 0x0000022ac56c8f90 code [0x0000022ac56c9240, 0x0000022ac56c9f80]
Event: 43.597 Thread 0x0000022ad4d82800 1693 %     4       gurobi.GRBModel::setObjective @ 86 (445 bytes)
Event: 43.607 Thread 0x0000022ad4d82800 nmethod 1693% 0x0000022ac5694810 code [0x0000022ac5694a20, 0x0000022ac5695260]
Event: 43.806 Thread 0x0000022ad4d83800 1694       3       optimisation.MultiTelescopesMTSPPolicy::findsubtour (117 bytes)
Event: 43.806 Thread 0x0000022ad4d83800 nmethod 1694 0x0000022abe265410 code [0x0000022abe265620, 0x0000022abe265c58]
Event: 43.931 Thread 0x0000022ad4d82800 1695       4       gurobi.GRBModel::setObjective (445 bytes)
Event: 43.941 Thread 0x0000022ad4d82800 nmethod 1695 0x0000022ac56d0a10 code [0x0000022ac56d0c40, 0x0000022ac56d1430]
Event: 45.604 Thread 0x0000022ad4d82800 1696       4       java.lang.Long::compareTo (9 bytes)
Event: 45.605 Thread 0x0000022ad4d82800 nmethod 1696 0x0000022ac5670810 code [0x0000022ac56709a0, 0x0000022ac5670a58]

GC Heap History (20 events):
Event: 45.261 GC heap before
{Heap before GC invocations=170 (full 38):
 garbage-first heap   total 20480K, used 13965K [0x0000000081a00000, 0x0000000100000000)
  region size 1024K, 9 young (9216K), 0 survivors (0K)
 Metaspace       used 3211K, capacity 5637K, committed 5760K, reserved 1056768K
  class space    used 264K, capacity 607K, committed 640K, reserved 1048576K
}
Event: 45.263 GC heap after
{Heap after GC invocations=171 (full 38):
 garbage-first heap   total 20480K, used 5371K [0x0000000081a00000, 0x0000000100000000)
  region size 1024K, 1 young (1024K), 1 survivors (1024K)
 Metaspace       used 3211K, capacity 5637K, committed 5760K, reserved 1056768K
  class space    used 264K, capacity 607K, committed 640K, reserved 1048576K
}
Event: 45.480 GC heap before
{Heap before GC invocations=171 (full 38):
 garbage-first heap   total 20480K, used 13563K [0x0000000081a00000, 0x0000000100000000)
  region size 1024K, 9 young (9216K), 1 survivors (1024K)
 Metaspace       used 3211K, capacity 5637K, committed 5760K, reserved 1056768K
  class space    used 264K, capacity 607K, committed 640K, reserved 1048576K
}
Event: 45.482 GC heap after
{Heap after GC invocations=172 (full 38):
 garbage-first heap   total 20480K, used 5419K [0x0000000081a00000, 0x0000000100000000)
  region size 1024K, 1 young (1024K), 1 survivors (1024K)
 Metaspace       used 3211K, capacity 5637K, committed 5760K, reserved 1056768K
  class space    used 264K, capacity 607K, committed 640K, reserved 1048576K
}
Event: 45.591 GC heap before
{Heap before GC invocations=172 (full 38):
 garbage-first heap   total 20480K, used 13611K [0x0000000081a00000, 0x0000000100000000)
  region size 1024K, 9 young (9216K), 1 survivors (1024K)
 Metaspace       used 3211K, capacity 5637K, committed 5760K, reserved 1056768K
  class space    used 264K, capacity 607K, committed 640K, reserved 1048576K
}
Event: 45.592 GC heap after
{Heap after GC invocations=173 (full 38):
 garbage-first heap   total 20480K, used 5201K [0x0000000081a00000, 0x0000000100000000)
  region size 1024K, 1 young (1024K), 1 survivors (1024K)
 Metaspace       used 3211K, capacity 5637K, committed 5760K, reserved 1056768K
  class space    used 264K, capacity 607K, committed 640K, reserved 1048576K
}
Event: 45.596 GC heap before
{Heap before GC invocations=173 (full 38):
 garbage-first heap   total 20480K, used 5201K [0x0000000081a00000, 0x0000000100000000)
  region size 1024K, 2 young (2048K), 1 survivors (1024K)
 Metaspace       used 3211K, capacity 5637K, committed 5760K, reserved 1056768K
  class space    used 264K, capacity 607K, committed 640K, reserved 1048576K
}
Event: 45.603 GC heap after
{Heap after GC invocations=174 (full 39):
 garbage-first heap   total 20480K, used 4576K [0x0000000081a00000, 0x0000000100000000)
  region size 1024K, 0 young (0K), 0 survivors (0K)
 Metaspace       used 3211K, capacity 5637K, committed 5760K, reserved 1056768K
  class space    used 264K, capacity 607K, committed 640K, reserved 1048576K
}
Event: 46.032 GC heap before
{Heap before GC invocations=174 (full 39):
 garbage-first heap   total 20480K, used 13792K [0x0000000081a00000, 0x0000000100000000)
  region size 1024K, 9 young (9216K), 0 survivors (0K)
 Metaspace       used 3211K, capacity 5637K, committed 5760K, reserved 1056768K
  class space    used 264K, capacity 607K, committed 640K, reserved 1048576K
}
Event: 46.034 GC heap after
{Heap after GC invocations=175 (full 39):
 garbage-first heap   total 20480K, used 5163K [0x0000000081a00000, 0x0000000100000000)
  region size 1024K, 1 young (1024K), 1 survivors (1024K)
 Metaspace       used 3211K, capacity 5637K, committed 5760K, reserved 1056768K
  class space    used 264K, capacity 607K, committed 640K, reserved 1048576K
}
Event: 46.157 GC heap before
{Heap before GC invocations=175 (full 39):
 garbage-first heap   total 20480K, used 14379K [0x0000000081a00000, 0x0000000100000000)
  region size 1024K, 10 young (10240K), 1 survivors (1024K)
 Metaspace       used 3211K, capacity 5637K, committed 5760K, reserved 1056768K
  class space    used 264K, capacity 607K, committed 640K, reserved 1048576K
}
Event: 46.159 GC heap after
{Heap after GC invocations=176 (full 39):
 garbage-first heap   total 75776K, used 5027K [0x0000000081a00000, 0x0000000100000000)
  region size 1024K, 1 young (1024K), 1 survivors (1024K)
 Metaspace       used 3211K, capacity 5637K, committed 5760K, reserved 1056768K
  class space    used 264K, capacity 607K, committed 640K, reserved 1048576K
}
Event: 46.175 GC heap before
{Heap before GC invocations=176 (full 39):
 garbage-first heap   total 75776K, used 6051K [0x0000000081a00000, 0x0000000100000000)
  region size 1024K, 3 young (3072K), 1 survivors (1024K)
 Metaspace       used 3211K, capacity 5637K, committed 5760K, reserved 1056768K
  class space    used 264K, capacity 607K, committed 640K, reserved 1048576K
}
Event: 46.184 GC heap after
{Heap after GC invocations=177 (full 40):
 garbage-first heap   total 17408K, used 4581K [0x0000000081a00000, 0x0000000100000000)
  region size 1024K, 0 young (0K), 0 survivors (0K)
 Metaspace       used 3211K, capacity 5637K, committed 5760K, reserved 1056768K
  class space    used 264K, capacity 607K, committed 640K, reserved 1048576K
}
Event: 46.228 GC heap before
{Heap before GC invocations=177 (full 40):
 garbage-first heap   total 17408K, used 12773K [0x0000000081a00000, 0x0000000100000000)
  region size 1024K, 8 young (8192K), 0 survivors (0K)
 Metaspace       used 3211K, capacity 5637K, committed 5760K, reserved 1056768K
  class space    used 264K, capacity 607K, committed 640K, reserved 1048576K
}
Event: 46.229 GC heap after
{Heap after GC invocations=178 (full 40):
 garbage-first heap   total 17408K, used 5225K [0x0000000081a00000, 0x0000000100000000)
  region size 1024K, 1 young (1024K), 1 survivors (1024K)
 Metaspace       used 3211K, capacity 5637K, committed 5760K, reserved 1056768K
  class space    used 264K, capacity 607K, committed 640K, reserved 1048576K
}
Event: 46.493 GC heap before
{Heap before GC invocations=178 (full 40):
 garbage-first heap   total 17408K, used 10345K [0x0000000081a00000, 0x0000000100000000)
  region size 1024K, 7 young (7168K), 1 survivors (1024K)
 Metaspace       used 3211K, capacity 5637K, committed 5760K, reserved 1056768K
  class space    used 264K, capacity 607K, committed 640K, reserved 1048576K
}
Event: 46.506 GC heap after
{Heap after GC invocations=179 (full 41):
 garbage-first heap   total 17408K, used 4766K [0x0000000081a00000, 0x0000000100000000)
  region size 1024K, 0 young (0K), 0 survivors (0K)
 Metaspace       used 3211K, capacity 5637K, committed 5760K, reserved 1056768K
  class space    used 264K, capacity 607K, committed 640K, reserved 1048576K
}
Event: 46.738 GC heap before
{Heap before GC invocations=179 (full 41):
 garbage-first heap   total 17408K, used 12958K [0x0000000081a00000, 0x0000000100000000)
  region size 1024K, 8 young (8192K), 0 survivors (0K)
 Metaspace       used 3211K, capacity 5637K, committed 5760K, reserved 1056768K
  class space    used 264K, capacity 607K, committed 640K, reserved 1048576K
}
Event: 46.740 GC heap after
{Heap after GC invocations=180 (full 41):
 garbage-first heap   total 17408K, used 5509K [0x0000000081a00000, 0x0000000100000000)
  region size 1024K, 1 young (1024K), 1 survivors (1024K)
 Metaspace       used 3211K, capacity 5637K, committed 5760K, reserved 1056768K
  class space    used 264K, capacity 607K, committed 640K, reserved 1048576K
}

Deoptimization events (20 events):
Event: 36.490 Thread 0x0000022ab3e8a800 DEOPT PACKING pc=0x0000022abe208fef sp=0x00000061b66ff1a0
Event: 36.490 Thread 0x0000022ab3e8a800 DEOPT UNPACKING pc=0x0000022abdbe964e sp=0x00000061b66fe748 mode 0
Event: 36.521 Thread 0x0000022ab3e8a800 Uncommon trap: trap_request=0xffffff45 fr.pc=0x0000022ac577c260 relative=0x0000000000000fc0
Event: 36.521 Thread 0x0000022ab3e8a800 Uncommon trap: reason=unstable_if action=reinterpret pc=0x0000022ac577c260 method=io.TargetLocationReader.addObservationData(Ljava/util/List;Ljava/lang/String;)V @ 23 c2
Event: 36.521 Thread 0x0000022ab3e8a800 DEOPT PACKING pc=0x0000022ac577c260 sp=0x00000061b66ff2a0
Event: 36.521 Thread 0x0000022ab3e8a800 DEOPT UNPACKING pc=0x0000022abdbe912f sp=0x00000061b66ff250 mode 2
Event: 38.445 Thread 0x0000022ab3e8a800 Uncommon trap: trap_request=0xffffffde fr.pc=0x0000022ac57dd9d4 relative=0x0000000000006c94
Event: 38.445 Thread 0x0000022ab3e8a800 Uncommon trap: reason=class_check action=maybe_recompile pc=0x0000022ac57dd9d4 method=optimisation.triangulations.TravellingSalesmanPreoptimisation.createTSPLinks(Ljava/util/List;[Lobservation/Pointable;D[Lsimulation/Clock;Lastrometrics/Location;[Lobserva
Event: 38.445 Thread 0x0000022ab3e8a800 DEOPT PACKING pc=0x0000022ac57dd9d4 sp=0x00000061b66ff160
Event: 38.445 Thread 0x0000022ab3e8a800 DEOPT UNPACKING pc=0x0000022abdbe912f sp=0x00000061b66ff138 mode 2
Event: 38.457 Thread 0x0000022ab3e8a800 DEOPT PACKING pc=0x0000022abe554b70 sp=0x00000061b66fee10
Event: 38.457 Thread 0x0000022ab3e8a800 DEOPT UNPACKING pc=0x0000022abdbe964e sp=0x00000061b66fe4c0 mode 0
Event: 38.758 Thread 0x0000022ab3e8a800 DEOPT PACKING pc=0x0000022abe554b70 sp=0x00000061b66fee10
Event: 38.758 Thread 0x0000022ab3e8a800 DEOPT UNPACKING pc=0x0000022abdbe964e sp=0x00000061b66fe4c0 mode 0
Event: 39.994 Thread 0x0000022ab3e8a800 DEOPT PACKING pc=0x0000022abe554b70 sp=0x00000061b66fee10
Event: 39.994 Thread 0x0000022ab3e8a800 DEOPT UNPACKING pc=0x0000022abdbe964e sp=0x00000061b66fe4c0 mode 0
Event: 40.656 Thread 0x0000022ab3e8a800 DEOPT PACKING pc=0x0000022abe554b70 sp=0x00000061b66fee10
Event: 40.656 Thread 0x0000022ab3e8a800 DEOPT UNPACKING pc=0x0000022abdbe964e sp=0x00000061b66fe4c0 mode 0
Event: 41.809 Thread 0x0000022ab3e8a800 DEOPT PACKING pc=0x0000022abe554b70 sp=0x00000061b66fee10
Event: 41.809 Thread 0x0000022ab3e8a800 DEOPT UNPACKING pc=0x0000022abdbe964e sp=0x00000061b66fe4c0 mode 0

Classes unloaded (0 events):
No events

Classes redefined (0 events):
No events

Internal exceptions (10 events):
Event: 0.258 Thread 0x0000022ab3e8a800 Exception <a 'java/lang/NoSuchMethodError'{0x000000008960e2a0}: 'int java.lang.invoke.DirectMethodHandle$Holder.invokeSpecialIFC(java.lang.Object, java.lang.Object, int)'> (0x000000008960e2a0) 
thrown [t:/workspace/open/src/hotspot/share/interpreter/linkResolver.cpp, line 767]
Event: 18.275 Thread 0x0000022ab3e8a800 Exception <a 'java/lang/NoSuchMethodError'{0x0000000084747810}: 'java.lang.Object java.lang.invoke.DirectMethodHandle$Holder.invokeStatic(java.lang.Object, java.lang.Object, java.lang.Object, java.lang.Object, java.lang.Object, java.lang.Object, java.lang.Object, java.lang.Object, java.lang.Object, java.lang.Object, java.lang.Object, java.lang.Object, java.lang.Object, java.lang.Object, java.lang.Object)'> (0x0000000084747810) 
thrown [t:/workspace/open/src/hotspot/share/interpreter/linkResolver.cpp, line 
Event: 18.277 Thread 0x0000022ab3e8a800 Exception <a 'java/lang/NoSuchMethodError'{0x0000000084753778}: 'java.lang.Object java.lang.invoke.DirectMethodHandle$Holder.invokeStatic(java.lang.Object, java.lang.Object, java.lang.Object, java.lang.Object, java.lang.Object, java.lang.Object, java.lang.Object, java.lang.Object, java.lang.Object, java.lang.Object, java.lang.Object, java.lang.Object, java.lang.Object, java.lang.Object, java.lang.Object, java.lang.Object)'> (0x0000000084753778) 
thrown [t:/workspace/open/src/hotspot/share/interpreter/linkR
Event: 18.278 Thread 0x0000022ab3e8a800 Exception <a 'java/lang/NoSuchMethodError'{0x000000008475fd20}: 'java.lang.Object java.lang.invoke.DirectMethodHandle$Holder.invokeSpecial(java.lang.Object, java.lang.Object, long, int, int, int, int, int, int)'> (0x000000008475fd20) 
thrown [t:/workspace/open/src/hotspot/share/interpreter/linkResolver.cpp, line 767]
Event: 18.278 Thread 0x0000022ab3e8a800 Exception <a 'java/lang/NoSuchMethodError'{0x0000000084762d38}: 'java.lang.Object java.lang.invoke.DelegatingMethodHandle$Holder.reinvoke_L(java.lang.Object, long, int, int, int, int, int, int)'> (0x0000000084762d38) 
thrown [t:/workspace/open/src/hotspot/share/interpreter/linkResolver.cpp, line 767]
Event: 18.283 Thread 0x0000022ab3e8a800 Exception <a 'java/lang/NoSuchMethodError'{0x00000000847e03b0}: 'java.lang.Object java.lang.invoke.Invokers$Holder.linkToTargetMethod(java.lang.Object, java.lang.Object, int, java.lang.Object, java.lang.Object)'> (0x00000000847e03b0) 
thrown [t:/workspace/open/src/hotspot/share/interpreter/linkResolver.cpp, line 767]
Event: 18.286 Thread 0x0000022ab3e8a800 Implicit null exception at 0x0000022ac570896e to 0x0000022ac57089df
Event: 18.295 Thread 0x0000022ab3e8a800 Exception <a 'java/lang/NoSuchMethodError'{0x000000008464a8f8}: 'java.lang.Object java.lang.invoke.Invokers$Holder.linkToTargetMethod(java.lang.Object, long, java.lang.Object)'> (0x000000008464a8f8) 
thrown [t:/workspace/open/src/hotspot/share/interpreter/linkResolver.cpp, line 767]
Event: 18.665 Thread 0x0000022ab3e8a800 Exception <a 'java/lang/NoSuchMethodError'{0x00000000881c1310}: 'java.lang.Object java.lang.invoke.DirectMethodHandle$Holder.invokeSpecial(java.lang.Object, java.lang.Object, long, int, int, int, int, int, int, int)'> (0x00000000881c1310) 
thrown [t:/workspace/open/src/hotspot/share/interpreter/linkResolver.cpp, line 767]
Event: 18.665 Thread 0x0000022ab3e8a800 Exception <a 'java/lang/NoSuchMethodError'{0x00000000881c43e8}: 'java.lang.Object java.lang.invoke.DelegatingMethodHandle$Holder.reinvoke_L(java.lang.Object, long, int, int, int, int, int, int, int)'> (0x00000000881c43e8) 
thrown [t:/workspace/open/src/hotspot/share/interpreter/linkResolver.cpp, line 767]

Events (20 events):
Event: 45.607 Thread 0x0000022ad4d87000 flushing nmethod 0x0000022abe4a8510
Event: 45.607 Thread 0x0000022ad4d87000 flushing nmethod 0x0000022abe4a9590
Event: 45.607 Thread 0x0000022ad4d87000 flushing nmethod 0x0000022abe4aa890
Event: 45.607 Thread 0x0000022ad4d87000 flushing nmethod 0x0000022abe4b4e10
Event: 45.607 Thread 0x0000022ad4d87000 flushing nmethod 0x0000022abe4bf990
Event: 45.607 Thread 0x0000022ad4d87000 flushing nmethod 0x0000022abe4c9410
Event: 46.032 Executing VM operation: G1CollectForAllocation
Event: 46.034 Executing VM operation: G1CollectForAllocation done
Event: 46.040 Executing VM operation: RevokeBias
Event: 46.040 Executing VM operation: RevokeBias done
Event: 46.157 Executing VM operation: G1CollectForAllocation
Event: 46.159 Executing VM operation: G1CollectForAllocation done
Event: 46.175 Executing VM operation: G1CollectFull
Event: 46.184 Executing VM operation: G1CollectFull done
Event: 46.228 Executing VM operation: G1CollectForAllocation
Event: 46.229 Executing VM operation: G1CollectForAllocation done
Event: 46.493 Executing VM operation: G1CollectFull
Event: 46.506 Executing VM operation: G1CollectFull done
Event: 46.738 Executing VM operation: G1CollectForAllocation
Event: 46.740 Executing VM operation: G1CollectForAllocation done


Dynamic libraries:
0x00007ff79c590000 - 0x00007ff79c59f000 	C:\Program Files\Java\jdk-13.0.1\bin\java.exe
0x00007ffd9d290000 - 0x00007ffd9d488000 	C:\WINDOWS\SYSTEM32\ntdll.dll
0x00007ffd9ce60000 - 0x00007ffd9cf1f000 	C:\WINDOWS\System32\KERNEL32.DLL
0x00007ffd9b000000 - 0x00007ffd9b2d2000 	C:\WINDOWS\System32\KERNELBASE.dll
0x00007ffd9ab10000 - 0x00007ffd9ac10000 	C:\WINDOWS\System32\ucrtbase.dll
0x00007ffd8d550000 - 0x00007ffd8d565000 	C:\Program Files\Java\jdk-13.0.1\bin\VCRUNTIME140.dll
0x00007ffd8d570000 - 0x00007ffd8d588000 	C:\Program Files\Java\jdk-13.0.1\bin\jli.dll
0x00007ffd9b480000 - 0x00007ffd9b52e000 	C:\WINDOWS\System32\ADVAPI32.dll
0x00007ffd9cdb0000 - 0x00007ffd9ce4e000 	C:\WINDOWS\System32\msvcrt.dll
0x00007ffd9cd10000 - 0x00007ffd9cdac000 	C:\WINDOWS\System32\sechost.dll
0x00007ffd9c950000 - 0x00007ffd9ca75000 	C:\WINDOWS\System32\RPCRT4.dll
0x00007ffd9b2e0000 - 0x00007ffd9b47d000 	C:\WINDOWS\System32\USER32.dll
0x00007ffd9aa70000 - 0x00007ffd9aa92000 	C:\WINDOWS\System32\win32u.dll
0x00007ffd9ca80000 - 0x00007ffd9caab000 	C:\WINDOWS\System32\GDI32.dll
0x00007ffd88af0000 - 0x00007ffd88d8a000 	C:\WINDOWS\WinSxS\amd64_microsoft.windows.common-controls_6595b64144ccf1df_6.0.19041.1110_none_60b5254171f9507e\COMCTL32.dll
0x00007ffd9ac10000 - 0x00007ffd9ad1f000 	C:\WINDOWS\System32\gdi32full.dll
0x00007ffd9aeb0000 - 0x00007ffd9af4d000 	C:\WINDOWS\System32\msvcp_win.dll
0x00007ffd93770000 - 0x00007ffd9377a000 	C:\WINDOWS\SYSTEM32\VERSION.dll
0x00007ffd9d1f0000 - 0x00007ffd9d222000 	C:\WINDOWS\System32\IMM32.DLL
0x0000000058050000 - 0x000000005805b000 	D:\Program Files (x86)\360\360safe\safemon\SafeWrapper.dll
0x00007ffd8c570000 - 0x00007ffd8c60b000 	C:\Program Files\Java\jdk-13.0.1\bin\msvcp140.dll
0x00007ffd37050000 - 0x00007ffd37bb6000 	C:\Program Files\Java\jdk-13.0.1\bin\server\jvm.dll
0x00007ffd9c320000 - 0x00007ffd9c328000 	C:\WINDOWS\System32\PSAPI.DLL
0x00007ffd990d0000 - 0x00007ffd990d9000 	C:\WINDOWS\SYSTEM32\WSOCK32.dll
0x00007ffd8ce40000 - 0x00007ffd8ce67000 	C:\WINDOWS\SYSTEM32\WINMM.dll
0x00007ffd9bfe0000 - 0x00007ffd9c04b000 	C:\WINDOWS\System32\WS2_32.dll
0x00007ffd99230000 - 0x00007ffd99242000 	C:\WINDOWS\SYSTEM32\kernel.appcore.dll
0x00007ffd964b0000 - 0x00007ffd964c0000 	C:\Program Files\Java\jdk-13.0.1\bin\verify.dll
0x00007ffd98ec0000 - 0x00007ffd990a4000 	C:\WINDOWS\SYSTEM32\DBGHELP.DLL
0x00007ffd7e8f0000 - 0x00007ffd7e91c000 	C:\WINDOWS\SYSTEM32\dbgcore.DLL
0x00007ffd9a9e0000 - 0x00007ffd9aa62000 	C:\WINDOWS\System32\bcryptPrimitives.dll
0x00007ffd8c760000 - 0x00007ffd8c786000 	C:\Program Files\Java\jdk-13.0.1\bin\java.dll
0x00007ffd963a0000 - 0x00007ffd963ae000 	C:\Program Files\Java\jdk-13.0.1\bin\instrument.dll
0x00007ffd8c680000 - 0x00007ffd8c697000 	C:\Program Files\Java\jdk-13.0.1\bin\zip.dll
0x00007ffd96440000 - 0x00007ffd9644a000 	C:\Program Files\Java\jdk-13.0.1\bin\jimage.dll
0x00007ffd9b530000 - 0x00007ffd9bc73000 	C:\WINDOWS\System32\SHELL32.dll
0x00007ffd98660000 - 0x00007ffd98df2000 	C:\WINDOWS\SYSTEM32\windows.storage.dll
0x00007ffd9bc80000 - 0x00007ffd9bfd4000 	C:\WINDOWS\System32\combase.dll
0x00007ffd9a3f0000 - 0x00007ffd9a420000 	C:\WINDOWS\SYSTEM32\Wldp.dll
0x00007ffd9c180000 - 0x00007ffd9c22d000 	C:\WINDOWS\System32\SHCORE.dll
0x00007ffd9cf20000 - 0x00007ffd9cf75000 	C:\WINDOWS\System32\shlwapi.dll
0x00007ffd9a8d0000 - 0x00007ffd9a8ef000 	C:\WINDOWS\SYSTEM32\profapi.dll
0x00007ffd8c660000 - 0x00007ffd8c679000 	C:\Program Files\Java\jdk-13.0.1\bin\net.dll
0x00007ffd95690000 - 0x00007ffd9579c000 	C:\WINDOWS\SYSTEM32\WINHTTP.dll
0x00007ffd9a150000 - 0x00007ffd9a1ba000 	C:\WINDOWS\system32\mswsock.dll
0x00007ffd8c550000 - 0x00007ffd8c563000 	C:\Program Files\Java\jdk-13.0.1\bin\nio.dll
0x00007ffd87ff0000 - 0x00007ffd8800a000 	D:\Program Files\JetBrains\IntelliJ IDEA 2021.3.2\bin\breakgen64.dll
0x000000006f880000 - 0x000000006f8aa000 	G:\UOA_Courses\thesis\project\radiotelescopescheduling\norad\norad.dll
0x0000000061440000 - 0x000000006145a000 	D:\Program Files (x86)\mingw64\bin\libgcc_s_seh-1.dll
0x000000006fc40000 - 0x000000006fda3000 	D:\Program Files (x86)\mingw64\bin\libstdc++-6.dll
0x0000000064940000 - 0x0000000064955000 	D:\Program Files (x86)\mingw64\bin\libwinpthread-1.dll
0x0000000070980000 - 0x00000000709c4000 	G:\UOA_Courses\thesis\project\radiotelescopescheduling\novas\novas.dll
0x00007ffd87e40000 - 0x00007ffd87e72000 	C:\gurobi952\win64\bin\GurobiJni95.dll
0x00007ffd2b150000 - 0x00007ffd2d250000 	C:\gurobi952\win64\bin\gurobi95.dll
0x00007ffd9ad20000 - 0x00007ffd9ae76000 	C:\WINDOWS\System32\CRYPT32.dll
0x00007ffd9d190000 - 0x00007ffd9d1e6000 	C:\WINDOWS\System32\WLDAP32.dll
0x00007ffd9ce50000 - 0x00007ffd9ce58000 	C:\WINDOWS\System32\Normaliz.dll
0x00007ffd9a880000 - 0x00007ffd9a8b2000 	C:\WINDOWS\SYSTEM32\SspiCli.dll

dbghelp: loaded successfully - version: 4.0.5 - missing functions: none
symbol engine: initialized successfully - sym options: 0x614 - pdb path: .;C:\Program Files\Java\jdk-13.0.1\bin;C:\WINDOWS\SYSTEM32;C:\WINDOWS\WinSxS\amd64_microsoft.windows.common-controls_6595b64144ccf1df_6.0.19041.1110_none_60b5254171f9507e;D:\Program Files (x86)\360\360safe\safemon;C:\Program Files\Java\jdk-13.0.1\bin\server;D:\Program Files\JetBrains\IntelliJ IDEA 2021.3.2\bin;G:\UOA_Courses\thesis\project\radiotelescopescheduling\norad;D:\Program Files (x86)\mingw64\bin;G:\UOA_Courses\thesis\project\radiotelescopescheduling\novas;C:\gurobi952\win64\bin

VM Arguments:
jvm_args: -Djava.library.path=G:\UOA_Courses\thesis\project\radiotelescopescheduling\norad;G:\UOA_Courses\thesis\project\radiotelescopescheduling\novas;C:\gurobi952\win64\lib;C:\gurobi952\win64\bin -javaagent:D:\Program Files\JetBrains\IntelliJ IDEA 2021.3.2\lib\idea_rt.jar=5750:D:\Program Files\JetBrains\IntelliJ IDEA 2021.3.2\bin -Dfile.encoding=UTF-8 
java_command: SchedulingMain
java_class_path (initial): G:\UOA_Courses\thesis\project\radiotelescopescheduling\out\production\radiotelescopescheduling;C:\Users\Han\.m2\repository\com\google\ortools\ortools-java\8.2.9025\ortools-java-8.2.9025.jar;C:\Users\Han\.m2\repository\com\google\ortools\ortools-linux-x86-64\8.2.9025\ortools-linux-x86-64-8.2.9025.jar;C:\Users\Han\.m2\repository\com\google\ortools\ortools-darwin-x86-64\8.2.9025\ortools-darwin-x86-64-8.2.9025.jar;C:\Users\Han\.m2\repository\com\google\ortools\ortools-win32-x86-64\8.2.9025\ortools-win32-x86-64-8.2.9025.jar;C:\Users\Han\.m2\repository\net\java\dev\jna\jna-platform\5.8.0\jna-platform-5.8.0.jar;C:\Users\Han\.m2\repository\net\java\dev\jna\jna\5.8.0\jna-5.8.0.jar;C:\Users\Han\.m2\repository\com\google\protobuf\protobuf-java\3.15.7\protobuf-java-3.15.7.jar;C:\Users\Han\.m2\repository\com\google\protobuf\protobuf-java\3.17.3\protobuf-java-3.17.3.jar;C:\Users\Han\.m2\repository\org\mongodb\bson\4.3.2\bson-4.3.2.jar;C:\Users\Han\.m2\repository\org\mongodb\mongo-java-driver\3.12.8\mongo-java-driver-3.12.8.jar;C:\Users\Han\.m2\repository\org\mongodb\mongodb-driver-core\4.2.3\mongodb-driver-core-4.2.3.jar;C:\Users\Han\.m2\repository\org\mongodb\bson\4.2.3\bson-4.2.3.jar;C:\gurobi952\win64\lib\gurobi.jar;C:\gurobi952\win64\lib\gurobi-javadoc.jar
Launcher Type: SUN_STANDARD

[Global flags]
     intx CICompilerCount                          = 4                                         {product} {ergonomic}
     uint ConcGCThreads                            = 2                                         {product} {ergonomic}
     uint G1ConcRefinementThreads                  = 8                                         {product} {ergonomic}
   size_t G1HeapRegionSize                         = 1048576                                   {product} {ergonomic}
    uintx GCDrainStackTargetSize                   = 64                                        {product} {ergonomic}
   size_t InitialHeapSize                          = 134217728                                 {product} {ergonomic}
   size_t MarkStackSize                            = 4194304                                   {product} {ergonomic}
   size_t MaxHeapSize                              = 2120220672                                {product} {ergonomic}
   size_t MaxNewSize                               = 1271922688                                {product} {ergonomic}
   size_t MinHeapDeltaBytes                        = 1048576                                   {product} {ergonomic}
   size_t MinHeapSize                              = 8388608                                   {product} {ergonomic}
    uintx NonNMethodCodeHeapSize                   = 5836300                                {pd product} {ergonomic}
    uintx NonProfiledCodeHeapSize                  = 122910970                              {pd product} {ergonomic}
    uintx ProfiledCodeHeapSize                     = 122910970                              {pd product} {ergonomic}
    uintx ReservedCodeCacheSize                    = 251658240                              {pd product} {ergonomic}
     bool SegmentedCodeCache                       = true                                      {product} {ergonomic}
   size_t SoftMaxHeapSize                          = 2120220672                             {manageable} {ergonomic}
     bool UseCompressedClassPointers               = true                                 {lp64_product} {ergonomic}
     bool UseCompressedOops                        = true                                 {lp64_product} {ergonomic}
     bool UseG1GC                                  = true                                      {product} {ergonomic}
     bool UseLargePagesIndividualAllocation        = false                                  {pd product} {ergonomic}

Logging:
Log output configuration:
 #0: stdout all=warning uptime,level,tags
 #1: stderr all=off uptime,level,tags

Environment Variables:
JAVA_HOME=C:\Program Files\Java\jdk-13.0.1
CLASSPATH=.;C:\Program Files\Java\jdk-13.0.1\lib\dt.jar;C:\Program Files\Java\jdk-13.0.1\lib\tools.jar;
PATH=C:\gurobi952\win64\bin;D:\Program Files\ImageMagick-7.1.0-Q16-HDRI;D:\CUDA\bin;D:\CUDA\libnvvp;C:\Program Files\Microsoft MPI\Bin\;C:\Program Files (x86)\Intel\iCLS Client\;C:\Program Files\Intel\iCLS Client\;C:\windows\system32;C:\windows;C:\windows\System32\Wbem;C:\windows\System32\WindowsPowerShell\v1.0\;C:\Program Files (x86)\Intel\Intel(R) Management Engine Components\DAL;C:\Program Files\Intel\Intel(R) Management Engine Components\DAL;C:\Program Files (x86)\Intel\Intel(R) Management Engine Components\IPT;C:\Program Files\Intel\Intel(R) Management Engine Components\IPT;C:\Program Files (x86)\NVIDIA Corporation\PhysX\Common;C:\WINDOWS\system32;C:\WINDOWS;C:\WINDOWS\System32\Wbem;C:\WINDOWS\System32\WindowsPowerShell\v1.0\;C:\Program Files (x86)\Windows Kits\8.1\Windows Performance Toolkit\;D:\Lingo\;C:\Program Files\Microsoft SQL Server\Client SDK\ODBC\130\Tools\Binn\;C:\Program Files (x86)\Microsoft SQL Server\140\Tools\Binn\;C:\Program Files\Microsoft SQL Server\140\Tools\Binn\;C:\Program Files (x86)\Microsoft SQL Server\140\DTS\Binn\;C:\Program Files\Microsoft SQL Server\140\DTS\Binn\;C:\WINDOWS\System32\OpenSSH\;C:\Program Files\Intel\WiFi\bin\;C:\Program Files\Common Files\Intel\WirelessCommon\;C:\Program Files\Java\jdk-13.0.1\bin;C:\Program Files\NVIDIA Corporation\Nsight Compute 2019.4.0\;C:\Program Files\NVIDIA Corporation\NVIDIA NvDLISR;D:\CUDA\lib\x64;C:\Program Files\dotnet\;D:\Microsoft Visual Studio\opencv\opencv\build\x64\vc15\bin;D:\Microsoft Visual Studio\opencv\opencv\build\x64\vc15\lib;C:\WINDOWS\system32;C:\WINDOWS;C:\WINDOWS\System32\Wbem;C:\WINDOWS\System32\WindowsPowerShell\v1.0\;C:\WINDOWS\System32\OpenSSH\;C:\Program Files\Git\cmd;D:\Program Files (x86)\mingw64\bin;C:\ProgramData\chocolatey\bin;D:\Program Files\MATLAB\R2022b\runtime\win64;D:\Program Files\MATLAB\R2022b\bin;C:\Users\Han\AppData\Local\Microsoft\WindowsApps;D:\altera\13.0sp1\modelsim_ase\win32aloem;D:\altera\13.0sp1\modelsim_ae\win32aloem;D:\Microsoft Visual Studio\opencv\
USERNAME=Han
LD_LIBRARY_PATH=C:\gurobi952\win64\lib
OS=Windows_NT
PROCESSOR_IDENTIFIER=Intel64 Family 6 Model 94 Stepping 3, GenuineIntel



---------------  S Y S T E M  ---------------

OS: Windows 10 , 64 bit Build 19041 (10.0.19041.2251)

CPU:total 8 (initial active 8) (4 cores per cpu, 2 threads per core) family 6 model 94 stepping 3, cmov, cx8, fxsr, mmx, sse, sse2, sse3, ssse3, sse4.1, sse4.2, popcnt, avx, avx2, aes, clmul, erms, rtm, 3dnowpref, lzcnt, ht, tsc, tscinvbit, bmi1, bmi2, adx, fma

Memory: 4k page, system-wide physical 8081M (2961M free)
TotalPageFile size 9749M (AvailPageFile size 3187M)
current process WorkingSet (physical memory assigned to process): 101M, peak: 183M
current process commit charge ("private bytes"): 141M, peak: 263M

vm_info: Java HotSpot(TM) 64-Bit Server VM (13.0.1+9) for windows-amd64 JRE (13.0.1+9), built on Oct  6 2019 12:37:49 by "mach5one" with unknown MS VC++:1916

END.
