#
# A fatal error has been detected by the Java Runtime Environment:
#
#  EXCEPTION_ACCESS_VIOLATION (0xc0000005) at pc=0x00007ffd2b9335ce, pid=8216, tid=10344
#
# JRE version: Java(TM) SE Runtime Environment (13.0.1+9) (build 13.0.1+9)
# Java VM: Java HotSpot(TM) 64-Bit Server VM (13.0.1+9, mixed mode, sharing, tiered, compressed oops, g1 gc, windows-amd64)
# Problematic frame:
# C  [gurobi95.dll+0x7e35ce]
#
# No core dump will be written. Minidumps are not enabled by default on client versions of Windows
#
# If you would like to submit a bug report, please visit:
#   http://bugreport.java.com/bugreport/crash.jsp
# The crash happened outside the Java Virtual Machine in native code.
# See problematic frame for where to report the bug.
#

---------------  S U M M A R Y ------------

Command Line: -Djava.library.path=G:\UOA_Courses\thesis\project\radiotelescopescheduling\norad;G:\UOA_Courses\thesis\project\radiotelescopescheduling\novas;C:\gurobi952\win64\lib;C:\gurobi952\win64\bin -javaagent:D:\Program Files\JetBrains\IntelliJ IDEA 2021.3.2\lib\idea_rt.jar=5699:D:\Program Files\JetBrains\IntelliJ IDEA 2021.3.2\bin -Dfile.encoding=UTF-8 SchedulingMain

Host: Intel(R) Core(TM) i7-6700HQ CPU @ 2.60GHz, 8 cores, 7G,  Windows 10 , 64 bit Build 19041 (10.0.19041.2251)
Time: Sat Nov 26 13:41:39 2022 W. Europe Standard Time elapsed time: 7 seconds (0d 0h 0m 7s)

---------------  T H R E A D  ---------------

Current thread (0x000001ddf3da8000):  JavaThread "main" [_thread_in_native, id=10344, stack(0x00000001f8900000,0x00000001f8a00000)]

Stack: [0x00000001f8900000,0x00000001f8a00000],  sp=0x00000001f89feed0,  free space=1019k
Native frames: (J=compiled Java code, j=interpreted, Vv=VM code, C=native code)
C  [gurobi95.dll+0x7e35ce]

Java frames: (J=compiled Java code, j=interpreted, Vv=VM code)
J 948  gurobi.GurobiJni.getdblattrlist(JLjava/lang/String;II[I[D)I (0 bytes) @ 0x000001dd87b4ce64 [0x000001dd87b4cdc0+0x00000000000000a4]
J 1112% c2 optimisation.MultiTelescopesMTSPPolicy.findNextPaths([Lobservation/Pointable;)[Lobservation/Connection; (1691 bytes) @ 0x000001dd87b83d50 [0x000001dd87b83ac0+0x0000000000000290]
j  optimisation.DispatchPolicy.nextMoves()V+39
j  optimisation.Scheduler.buildSchedule(Ljava/util/Properties;)V+702
j  simulation.Simulation.run()V+8
j  SchedulingMain.runRepeats(I)V+34
j  SchedulingMain.main([Ljava/lang/String;)V+40
v  ~StubRoutines::call_stub

siginfo: EXCEPTION_ACCESS_VIOLATION (0xc0000005), reading address 0x0000000000000000


Register to memory mapping:

RIP=0x00007ffd2b9335ce gurobi95.dll
RAX=0x0 is NULL
RBX=0x0 is NULL
RCX=0x0000000000000001 is an unknown value
RDX=0x00000001f89feef0 is pointing into the stack for thread: 0x000001ddf3da8000
RSP=0x00000001f89feed0 is pointing into the stack for thread: 0x000001ddf3da8000
RBP=0x00000001f89ff2b0 is pointing into the stack for thread: 0x000001ddf3da8000
RSI=0x0 is NULL
RDI=0x0 is NULL
R8 =0x000001dd945f95b0 points into unknown readable memory: 58 00 00 00 00 00 00 00
R9 =0x00000001f89feef0 is pointing into the stack for thread: 0x000001ddf3da8000
R10=0x0000000000000001 is an unknown value
R11=0x0000000000000038 is an unknown value
R12=0x000001dd9437abe0 is an unknown value
R13=0x000001dd9437abe0 is an unknown value
R14=0x000001dd945f95b0 points into unknown readable memory: 58 00 00 00 00 00 00 00
R15=0x0000000000000ccc is an unknown value


Registers:
RAX=0x0000000000000000, RBX=0x0000000000000000, RCX=0x0000000000000001, RDX=0x00000001f89feef0
RSP=0x00000001f89feed0, RBP=0x00000001f89ff2b0, RSI=0x0000000000000000, RDI=0x0000000000000000
R8 =0x000001dd945f95b0, R9 =0x00000001f89feef0, R10=0x0000000000000001, R11=0x0000000000000038
R12=0x000001dd9437abe0, R13=0x000001dd9437abe0, R14=0x000001dd945f95b0, R15=0x0000000000000ccc
RIP=0x00007ffd2b9335ce, EFLAGS=0x0000000000010202

Top of Stack: (sp=0x00000001f89feed0)
0x00000001f89feed0:   000001dd95369860 000001ddf1a80000
0x00000001f89feee0:   000001ddf1a802a4 00007ffd3765cf93
0x00000001f89feef0:   0000000000000058 000001ddf1a80d50
0x00000001f89fef00:   0000000000000000 0000000000000000
0x00000001f89fef10:   0000000000000000 0000000000000010
0x00000001f89fef20:   0000000000000002 0000000000000002
0x00000001f89fef30:   000001ddf1ac0000 00000001f89feff9
0x00000001f89fef40:   0000000000000001 00007ffd9d2bb3c7
0x00000001f89fef50:   000001ddf1a80000 0000000000000003
0x00000001f89fef60:   0000000000000002 0000000100000000
0x00000001f89fef70:   0000000000000001 00007ffd9d2bb3c7
0x00000001f89fef80:   00000002f1a80000 000001dd00000003
0x00000001f89fef90:   0000000000000002 000001dd00000000
0x00000001f89fefa0:   0000000082a05d38 0000000000000000
0x00000001f89fefb0:   000000020000000c 0000000082a05db0
0x00000001f89fefc0:   0000000000000010 00007ffd3765ca93 

Instructions: (pc=0x00007ffd2b9335ce)
0x00007ffd2b9334ce:   c3 90 cc cc cc cc cc cc cc cc cc cc cc cc cc cc
0x00007ffd2b9334de:   cc cc cc cc cc cc cc cc cc cc cc cc cc cc cc cc
0x00007ffd2b9334ee:   cc cc 41 56 41 57 55 48 81 ec 20 02 00 00 49 89
0x00007ffd2b9334fe:   cf 4c 89 c5 4d 89 ce 4d 8b 87 d8 02 00 00 4d 85
0x00007ffd2b93350e:   c0 74 38 49 83 38 00 74 32 48 85 d2 74 2d 48 89
0x00007ffd2b93351e:   d1 48 8d 54 24 20 e8 e4 04 82 ff 49 8b 87 d8 02
0x00007ffd2b93352e:   00 00 48 8d 54 24 20 48 8b 08 e8 c0 46 82 ff 48
0x00007ffd2b93353e:   63 c0 4d 8b 87 d8 02 00 00 eb 07 48 c7 c0 ff ff
0x00007ffd2b93354e:   ff ff 48 8d 14 c0 49 8b 40 10 48 89 6c d0 38 4c
0x00007ffd2b93355e:   89 74 d0 40 48 81 c4 20 02 00 00 5d 41 5f 41 5e
0x00007ffd2b93356e:   c3 90 cc cc cc cc cc cc cc cc cc cc cc cc cc cc
0x00007ffd2b93357e:   cc cc cc cc cc cc cc cc cc cc cc cc cc cc cc cc
0x00007ffd2b93358e:   cc cc 41 54 48 81 ec 20 02 00 00 49 89 cc 49 8b
0x00007ffd2b93359e:   84 24 d8 02 00 00 48 85 c0 74 37 48 83 38 00 74
0x00007ffd2b9335ae:   31 48 85 d2 74 2c 48 89 d1 48 8d 54 24 20 e8 4c
0x00007ffd2b9335be:   04 82 ff 49 8b 84 24 d8 02 00 00 48 8d 54 24 20
0x00007ffd2b9335ce:   48 8b 08 e8 27 46 82 ff 48 81 c4 20 02 00 00 41
0x00007ffd2b9335de:   5c c3 b8 ff ff ff ff 48 81 c4 20 02 00 00 41 5c
0x00007ffd2b9335ee:   c3 90 cc cc cc cc cc cc cc cc cc cc cc cc cc cc
0x00007ffd2b9335fe:   cc cc cc cc cc cc cc cc cc cc cc cc cc cc cc cc
0x00007ffd2b93360e:   cc cc 48 83 ec 28 49 89 c9 49 8b 81 d8 02 00 00
0x00007ffd2b93361e:   48 85 c0 0f 84 ae 00 00 00 44 8b 40 08 45 85 c0
0x00007ffd2b93362e:   0f 8e a1 00 00 00 44 89 c1 41 ba 01 00 00 00 33
0x00007ffd2b93363e:   d2 d1 e9 74 64 48 89 6c 24 20 45 33 d2 4c 8b 58
0x00007ffd2b93364e:   10 8d 2c 12 48 63 ed 48 8d 6c ed 00 41 83 7c eb
0x00007ffd2b93365e:   18 00 74 11 4d 89 54 eb 38 4d 89 54 eb 40 49 8b
0x00007ffd2b93366e:   81 d8 02 00 00 48 8b 40 10 83 7c e8 60 00 74 10
0x00007ffd2b93367e:   4c 89 94 e8 80 00 00 00 4c 89 94 e8 88 00 00 00
0x00007ffd2b93368e:   ff c2 3b d1 73 09 49 8b 81 d8 02 00 00 eb ae 48
0x00007ffd2b93369e:   8b 6c 24 20 44 8d 54 12 01 41 8d 42 ff 41 3b c0
0x00007ffd2b9336ae:   73 25 49 8b 81 d8 02 00 00 4d 63 d2 48 8b 50 10
0x00007ffd2b9336be:   4b 8d 0c d2 83 7c ca d0 00 74 0c 33 c0 48 89 44 


Stack slot to memory mapping:
stack at sp + 0 slots: 0x000001dd95369860 points into unknown readable memory: 80 3a a8 f1 dd 01 00 00
stack at sp + 1 slots: 0x000001ddf1a80000 points into unknown readable memory: 00 00 00 00 00 00 00 00
stack at sp + 2 slots: 0x000001ddf1a802a4 points into unknown readable memory: 01 00 00 01
stack at sp + 3 slots: 0x00007ffd3765cf93 jvm.dll
stack at sp + 4 slots: 0x0000000000000058 is an unknown value
stack at sp + 5 slots: 0x000001ddf1a80d50 points into unknown readable memory: 40 00 81 02 00 00 00 00
stack at sp + 6 slots: 0x0 is NULL
stack at sp + 7 slots: 0x0 is NULL


---------------  P R O C E S S  ---------------

Threads class SMR info:
_java_thread_list=0x000001dd946571c0, length=11, elements={
0x000001ddf3da8000, 0x000001ddffcc6800, 0x000001ddffcca000, 0x000001ddffcee000,
0x000001ddffcef000, 0x000001ddffcf0800, 0x000001ddffcfd000, 0x000001ddffd06800,
0x000001ddffcaf000, 0x000001dd93a4b800, 0x000001dd93a4c800
}

Java Threads: ( => current thread )
=>0x000001ddf3da8000 JavaThread "main" [_thread_in_native, id=10344, stack(0x00000001f8900000,0x00000001f8a00000)]
  0x000001ddffcc6800 JavaThread "Reference Handler" daemon [_thread_blocked, id=16120, stack(0x00000001f9000000,0x00000001f9100000)]
  0x000001ddffcca000 JavaThread "Finalizer" daemon [_thread_blocked, id=9624, stack(0x00000001f9100000,0x00000001f9200000)]
  0x000001ddffcee000 JavaThread "Signal Dispatcher" daemon [_thread_blocked, id=14844, stack(0x00000001f9200000,0x00000001f9300000)]
  0x000001ddffcef000 JavaThread "Attach Listener" daemon [_thread_blocked, id=8788, stack(0x00000001f9300000,0x00000001f9400000)]
  0x000001ddffcf0800 JavaThread "C2 CompilerThread0" daemon [_thread_in_native, id=4108, stack(0x00000001f9400000,0x00000001f9500000)]
  0x000001ddffcfd000 JavaThread "C1 CompilerThread0" daemon [_thread_blocked, id=15112, stack(0x00000001f9500000,0x00000001f9600000)]
  0x000001ddffd06800 JavaThread "Sweeper thread" daemon [_thread_blocked, id=13160, stack(0x00000001f9600000,0x00000001f9700000)]
  0x000001ddffcaf000 JavaThread "Common-Cleaner" daemon [_thread_blocked, id=9504, stack(0x00000001f9700000,0x00000001f9800000)]
  0x000001dd93a4b800 JavaThread "Monitor Ctrl-Break" daemon [_thread_in_native, id=4700, stack(0x00000001f9900000,0x00000001f9a00000)]
  0x000001dd93a4c800 JavaThread "Service Thread" daemon [_thread_blocked, id=8608, stack(0x00000001f9a00000,0x00000001f9b00000)]

Other Threads:
  0x000001ddffcc5800 VMThread "VM Thread" [stack: 0x00000001f8f00000,0x00000001f9000000] [id=2324]
  0x000001dd93a50000 WatcherThread [stack: 0x00000001f9b00000,0x00000001f9c00000] [id=11880]
  0x000001ddf3deb800 GCTaskThread "GC Thread#0" [stack: 0x00000001f8a00000,0x00000001f8b00000] [id=5884]
  0x000001dd93e8c800 GCTaskThread "GC Thread#1" [stack: 0x00000001f9c00000,0x00000001f9d00000] [id=1432]
  0x000001dd94867800 GCTaskThread "GC Thread#2" [stack: 0x00000001f9d00000,0x00000001f9e00000] [id=3752]
  0x000001ddf3dfe800 ConcurrentGCThread "G1 Main Marker" [stack: 0x00000001f8b00000,0x00000001f8c00000] [id=10916]
  0x000001ddf3e00000 ConcurrentGCThread "G1 Conc#0" [stack: 0x00000001f8c00000,0x00000001f8d00000] [id=16692]
  0x000001ddffb44800 ConcurrentGCThread "G1 Refine#0" [stack: 0x00000001f8d00000,0x00000001f8e00000] [id=10184]
  0x000001ddffb46000 ConcurrentGCThread "G1 Young RemSet Sampling" [stack: 0x00000001f8e00000,0x00000001f8f00000] [id=14176]

Threads with active compile tasks:
C2 CompilerThread0     7986 1119   !   4       optimisation.MultiTelescopesMTSPPolicy::findNextPaths (1691 bytes)

VM state:not at safepoint (normal execution)

VM Mutex/Monitor currently owned by a thread: None

Heap address: 0x0000000081a00000, size: 2022 MB, Compressed Oops mode: 32-bit
Narrow klass base: 0x0000000800000000, Narrow klass shift: 3
Compressed class space size: 1073741824 Address: 0x0000000800b40000

Heap:
 garbage-first heap   total 17408K, used 5095K [0x0000000081a00000, 0x0000000100000000)
  region size 1024K, 2 young (2048K), 1 survivors (1024K)
 Metaspace       used 2613K, capacity 5285K, committed 5504K, reserved 1056768K
  class space    used 214K, capacity 531K, committed 640K, reserved 1048576K
Heap Regions: E=young(eden), S=young(survivor), O=old, HS=humongous(starts), HC=humongous(continues), CS=collection set, F=free, A=archive, TAMS=top-at-mark-start (previous, next)
|   0|0x0000000081a00000, 0x0000000081afffd8, 0x0000000081b00000| 99%| O|  |TAMS 0x0000000081a00000, 0x0000000081a00000| Untracked 
|   1|0x0000000081b00000, 0x0000000081c00000, 0x0000000081c00000|100%| O|  |TAMS 0x0000000081b00000, 0x0000000081b00000| Untracked 
|   2|0x0000000081c00000, 0x0000000081d00000, 0x0000000081d00000|100%| O|  |TAMS 0x0000000081c00000, 0x0000000081c00000| Untracked 
|   3|0x0000000081d00000, 0x0000000081dd6400, 0x0000000081e00000| 83%| O|  |TAMS 0x0000000081d00000, 0x0000000081d00000| Untracked 
|   4|0x0000000081e00000, 0x0000000081e6d278, 0x0000000081f00000| 42%| O|  |TAMS 0x0000000081e00000, 0x0000000081e00000| Untracked 
|   5|0x0000000081f00000, 0x0000000081f00000, 0x0000000082000000|  0%| F|  |TAMS 0x0000000081f00000, 0x0000000081f00000| Untracked 
|   6|0x0000000082000000, 0x0000000082000000, 0x0000000082100000|  0%| F|  |TAMS 0x0000000082000000, 0x0000000082000000| Untracked 
|   7|0x0000000082100000, 0x0000000082100000, 0x0000000082200000|  0%| F|  |TAMS 0x0000000082100000, 0x0000000082100000| Untracked 
|   8|0x0000000082200000, 0x00000000822b6810, 0x0000000082300000| 71%| S|CS|TAMS 0x0000000082200000, 0x0000000082200000| Complete 
|   9|0x0000000082300000, 0x0000000082300000, 0x0000000082400000|  0%| F|  |TAMS 0x0000000082300000, 0x0000000082300000| Untracked 
|  10|0x0000000082400000, 0x0000000082400000, 0x0000000082500000|  0%| F|  |TAMS 0x0000000082400000, 0x0000000082400000| Untracked 
|  11|0x0000000082500000, 0x0000000082500000, 0x0000000082600000|  0%| F|  |TAMS 0x0000000082500000, 0x0000000082500000| Untracked 
|  12|0x0000000082600000, 0x0000000082600000, 0x0000000082700000|  0%| F|  |TAMS 0x0000000082600000, 0x0000000082600000| Untracked 
|  13|0x0000000082700000, 0x0000000082700000, 0x0000000082800000|  0%| F|  |TAMS 0x0000000082700000, 0x0000000082700000| Untracked 
|  14|0x0000000082800000, 0x0000000082800000, 0x0000000082900000|  0%| F|  |TAMS 0x0000000082800000, 0x0000000082800000| Untracked 
|  15|0x0000000082900000, 0x0000000082900000, 0x0000000082a00000|  0%| F|  |TAMS 0x0000000082900000, 0x0000000082900000| Untracked 
|  16|0x0000000082a00000, 0x0000000082a23fd0, 0x0000000082b00000| 14%| E|  |TAMS 0x0000000082a00000, 0x0000000082a00000| Complete 

Card table byte_map: [0x000001ddfcb00000,0x000001ddfcf00000] _byte_map_base: 0x000001ddfc6f3000

Marking Bits (Prev, Next): (CMBitMap*) 0x000001ddf3dec5f8, (CMBitMap*) 0x000001ddf3dec638
 Prev Bits: [0x000001ddfd300000, 0x000001ddff298000)
 Next Bits: [0x000001dd8f000000, 0x000001dd90f98000)

Polling page: 0x000001ddf1d00000

Metaspace:

Usage:
  Non-class:      4.64 MB capacity,     2.34 MB ( 50%) used,     2.29 MB ( 49%) free+waste,     8.38 KB ( <1%) overhead. 
      Class:    531.00 KB capacity,   214.98 KB ( 40%) used,   310.96 KB ( 59%) free+waste,     5.06 KB ( <1%) overhead. 
       Both:      5.16 MB capacity,     2.55 MB ( 49%) used,     2.60 MB ( 50%) free+waste,    13.44 KB ( <1%) overhead. 

Virtual space:
  Non-class space:        8.00 MB reserved,       4.75 MB ( 59%) committed 
      Class space:        1.00 GB reserved,     640.00 KB ( <1%) committed 
             Both:        1.01 GB reserved,       5.38 MB ( <1%) committed 

Chunk freelists:
   Non-Class:  0 bytes
       Class:  0 bytes
        Both:  0 bytes

MaxMetaspaceSize: 17179869184.00 GB
CompressedClassSpaceSize: 1.00 GB

CodeHeap 'non-profiled nmethods': size=120000Kb used=762Kb max_used=762Kb free=119237Kb
 bounds [0x000001dd87ad0000, 0x000001dd87d40000, 0x000001dd8f000000]
CodeHeap 'profiled nmethods': size=120000Kb used=2856Kb max_used=2856Kb free=117144Kb
 bounds [0x000001dd805a0000, 0x000001dd80870000, 0x000001dd87ad0000]
CodeHeap 'non-nmethods': size=5760Kb used=1203Kb max_used=1240Kb free=4556Kb
 bounds [0x000001dd80000000, 0x000001dd80270000, 0x000001dd805a0000]
 total_blobs=2285 nmethods=1117 adapters=373
 compilation: enabled
              stopped_count=0, restarted_count=0
 full_count=0

Compilation events (20 events):
Event: 7.097 Thread 0x000001ddffcfd000 nmethod 1107 0x000001dd80868a10 code [0x000001dd80868c20, 0x000001dd80869500]
Event: 7.097 Thread 0x000001ddffcfd000 1108       3       java.io.FileOutputStream::write (20 bytes)
Event: 7.097 Thread 0x000001ddffcfd000 nmethod 1108 0x000001dd80869710 code [0x000001dd808698c0, 0x000001dd80869af0]
Event: 7.097 Thread 0x000001ddffcfd000 1109       3       java.io.FileDescriptor$1::getAppend (5 bytes)
Event: 7.097 Thread 0x000001ddffcfd000 nmethod 1109 0x000001dd80869c10 code [0x000001dd80869dc0, 0x000001dd80869f58]
Event: 7.138 Thread 0x000001ddffcf0800 1112 % !   4       optimisation.MultiTelescopesMTSPPolicy::findNextPaths @ 1259 (1691 bytes)
Event: 7.165 Thread 0x000001ddffcfd000 1113       1       observation.live.ObservationState::getCurrentObservable (5 bytes)
Event: 7.165 Thread 0x000001ddffcfd000 nmethod 1113 0x000001dd87b83390 code [0x000001dd87b83520, 0x000001dd87b83658]
Event: 7.231 Thread 0x000001ddffcf0800 nmethod 1112% 0x000001dd87b83710 code [0x000001dd87b83ac0, 0x000001dd87b86a78]
Event: 7.515 Thread 0x000001ddffcf0800 1114 %     4       observation.interference.SkyState::willCollideWithSatelliteAt @ 128 (241 bytes)
Event: 7.539 Thread 0x000001ddffcf0800 nmethod 1114% 0x000001dd87b89010 code [0x000001dd87b892c0, 0x000001dd87b8a548]
Event: 7.547 Thread 0x000001ddffcf0800 1115       4       observation.interference.SkyState::willCollideWithSatelliteAt (241 bytes)
Event: 7.573 Thread 0x000001ddffcf0800 nmethod 1115 0x000001dd87b8b310 code [0x000001dd87b8b5a0, 0x000001dd87b8c528]
Event: 7.663 Thread 0x000001ddffcf0800 1116       4       observation.Target::needsObserving (45 bytes)
Event: 7.667 Thread 0x000001ddffcf0800 nmethod 1116 0x000001dd87b8d690 code [0x000001dd87b8d840, 0x000001dd87b8db18]
Event: 7.667 Thread 0x000001ddffcf0800 1117       4       java.nio.Buffer::<init> (99 bytes)
Event: 7.669 Thread 0x000001ddffcf0800 nmethod 1117 0x000001dd87b8dd90 code [0x000001dd87b8df40, 0x000001dd87b8e158]
Event: 7.674 Thread 0x000001ddffcf0800 1118       4       java.util.Arrays::copyOf (40 bytes)
Event: 7.676 Thread 0x000001ddffcf0800 nmethod 1118 0x000001dd87b8e410 code [0x000001dd87b8e5a0, 0x000001dd87b8e978]
Event: 7.676 Thread 0x000001ddffcf0800 1119   !   4       optimisation.MultiTelescopesMTSPPolicy::findNextPaths (1691 bytes)

GC Heap History (20 events):
Event: 6.884 GC heap before
{Heap before GC invocations=23 (full 8):
 garbage-first heap   total 17408K, used 12055K [0x0000000081a00000, 0x0000000100000000)
  region size 1024K, 8 young (8192K), 1 survivors (1024K)
 Metaspace       used 2607K, capacity 5285K, committed 5504K, reserved 1056768K
  class space    used 214K, capacity 531K, committed 640K, reserved 1048576K
}
Event: 6.885 GC heap after
{Heap after GC invocations=24 (full 8):
 garbage-first heap   total 74752K, used 4863K [0x0000000081a00000, 0x0000000100000000)
  region size 1024K, 1 young (1024K), 1 survivors (1024K)
 Metaspace       used 2607K, capacity 5285K, committed 5504K, reserved 1056768K
  class space    used 214K, capacity 531K, committed 640K, reserved 1048576K
}
Event: 6.986 GC heap before
{Heap before GC invocations=24 (full 8):
 garbage-first heap   total 74752K, used 8959K [0x0000000081a00000, 0x0000000100000000)
  region size 1024K, 6 young (6144K), 1 survivors (1024K)
 Metaspace       used 2607K, capacity 5285K, committed 5504K, reserved 1056768K
  class space    used 214K, capacity 531K, committed 640K, reserved 1048576K
}
Event: 6.996 GC heap after
{Heap after GC invocations=25 (full 9):
 garbage-first heap   total 17408K, used 4360K [0x0000000081a00000, 0x0000000100000000)
  region size 1024K, 0 young (0K), 0 survivors (0K)
 Metaspace       used 2607K, capacity 5285K, committed 5504K, reserved 1056768K
  class space    used 214K, capacity 531K, committed 640K, reserved 1048576K
}
Event: 7.064 GC heap before
{Heap before GC invocations=25 (full 9):
 garbage-first heap   total 17408K, used 8456K [0x0000000081a00000, 0x0000000100000000)
  region size 1024K, 5 young (5120K), 0 survivors (0K)
 Metaspace       used 2608K, capacity 5285K, committed 5504K, reserved 1056768K
  class space    used 214K, capacity 531K, committed 640K, reserved 1048576K
}
Event: 7.076 GC heap after
{Heap after GC invocations=26 (full 10):
 garbage-first heap   total 17408K, used 4384K [0x0000000081a00000, 0x0000000100000000)
  region size 1024K, 0 young (0K), 0 survivors (0K)
 Metaspace       used 2608K, capacity 5285K, committed 5504K, reserved 1056768K
  class space    used 214K, capacity 531K, committed 640K, reserved 1048576K
}
Event: 7.114 GC heap before
{Heap before GC invocations=26 (full 10):
 garbage-first heap   total 17408K, used 6432K [0x0000000081a00000, 0x0000000100000000)
  region size 1024K, 3 young (3072K), 0 survivors (0K)
 Metaspace       used 2613K, capacity 5285K, committed 5504K, reserved 1056768K
  class space    used 214K, capacity 531K, committed 640K, reserved 1048576K
}
Event: 7.125 GC heap after
{Heap after GC invocations=27 (full 11):
 garbage-first heap   total 17408K, used 4383K [0x0000000081a00000, 0x0000000100000000)
  region size 1024K, 0 young (0K), 0 survivors (0K)
 Metaspace       used 2613K, capacity 5285K, committed 5504K, reserved 1056768K
  class space    used 214K, capacity 531K, committed 640K, reserved 1048576K
}
Event: 7.237 GC heap before
{Heap before GC invocations=27 (full 11):
 garbage-first heap   total 17408K, used 11551K [0x0000000081a00000, 0x0000000100000000)
  region size 1024K, 7 young (7168K), 0 survivors (0K)
 Metaspace       used 2613K, capacity 5285K, committed 5504K, reserved 1056768K
  class space    used 214K, capacity 531K, committed 640K, reserved 1048576K
}
Event: 7.238 GC heap after
{Heap after GC invocations=28 (full 11):
 garbage-first heap   total 17408K, used 4761K [0x0000000081a00000, 0x0000000100000000)
  region size 1024K, 1 young (1024K), 1 survivors (1024K)
 Metaspace       used 2613K, capacity 5285K, committed 5504K, reserved 1056768K
  class space    used 214K, capacity 531K, committed 640K, reserved 1048576K
}
Event: 7.353 GC heap before
{Heap before GC invocations=28 (full 11):
 garbage-first heap   total 17408K, used 11929K [0x0000000081a00000, 0x0000000100000000)
  region size 1024K, 8 young (8192K), 1 survivors (1024K)
 Metaspace       used 2613K, capacity 5285K, committed 5504K, reserved 1056768K
  class space    used 214K, capacity 531K, committed 640K, reserved 1048576K
}
Event: 7.354 GC heap after
{Heap after GC invocations=29 (full 11):
 garbage-first heap   total 17408K, used 4820K [0x0000000081a00000, 0x0000000100000000)
  region size 1024K, 1 young (1024K), 1 survivors (1024K)
 Metaspace       used 2613K, capacity 5285K, committed 5504K, reserved 1056768K
  class space    used 214K, capacity 531K, committed 640K, reserved 1048576K
}
Event: 7.451 GC heap before
{Heap before GC invocations=29 (full 11):
 garbage-first heap   total 17408K, used 11988K [0x0000000081a00000, 0x0000000100000000)
  region size 1024K, 8 young (8192K), 1 survivors (1024K)
 Metaspace       used 2613K, capacity 5285K, committed 5504K, reserved 1056768K
  class space    used 214K, capacity 531K, committed 640K, reserved 1048576K
}
Event: 7.453 GC heap after
{Heap after GC invocations=30 (full 11):
 garbage-first heap   total 17408K, used 4796K [0x0000000081a00000, 0x0000000100000000)
  region size 1024K, 1 young (1024K), 1 survivors (1024K)
 Metaspace       used 2613K, capacity 5285K, committed 5504K, reserved 1056768K
  class space    used 214K, capacity 531K, committed 640K, reserved 1048576K
}
Event: 7.589 GC heap before
{Heap before GC invocations=30 (full 11):
 garbage-first heap   total 17408K, used 11964K [0x0000000081a00000, 0x0000000100000000)
  region size 1024K, 8 young (8192K), 1 survivors (1024K)
 Metaspace       used 2613K, capacity 5285K, committed 5504K, reserved 1056768K
  class space    used 214K, capacity 531K, committed 640K, reserved 1048576K
}
Event: 7.590 GC heap after
{Heap after GC invocations=31 (full 11):
 garbage-first heap   total 74752K, used 4858K [0x0000000081a00000, 0x0000000100000000)
  region size 1024K, 1 young (1024K), 1 survivors (1024K)
 Metaspace       used 2613K, capacity 5285K, committed 5504K, reserved 1056768K
  class space    used 214K, capacity 531K, committed 640K, reserved 1048576K
}
Event: 7.637 GC heap before
{Heap before GC invocations=31 (full 11):
 garbage-first heap   total 74752K, used 6906K [0x0000000081a00000, 0x0000000100000000)
  region size 1024K, 4 young (4096K), 1 survivors (1024K)
 Metaspace       used 2613K, capacity 5285K, committed 5504K, reserved 1056768K
  class space    used 214K, capacity 531K, committed 640K, reserved 1048576K
}
Event: 7.645 GC heap after
{Heap after GC invocations=32 (full 12):
 garbage-first heap   total 17408K, used 4365K [0x0000000081a00000, 0x0000000100000000)
  region size 1024K, 0 young (0K), 0 survivors (0K)
 Metaspace       used 2613K, capacity 5285K, committed 5504K, reserved 1056768K
  class space    used 214K, capacity 531K, committed 640K, reserved 1048576K
}
Event: 7.878 GC heap before
{Heap before GC invocations=32 (full 12):
 garbage-first heap   total 17408K, used 12557K [0x0000000081a00000, 0x0000000100000000)
  region size 1024K, 8 young (8192K), 0 survivors (0K)
 Metaspace       used 2613K, capacity 5285K, committed 5504K, reserved 1056768K
  class space    used 214K, capacity 531K, committed 640K, reserved 1048576K
}
Event: 7.879 GC heap after
{Heap after GC invocations=33 (full 12):
 garbage-first heap   total 17408K, used 5095K [0x0000000081a00000, 0x0000000100000000)
  region size 1024K, 1 young (1024K), 1 survivors (1024K)
 Metaspace       used 2613K, capacity 5285K, committed 5504K, reserved 1056768K
  class space    used 214K, capacity 531K, committed 640K, reserved 1048576K
}

Deoptimization events (20 events):
Event: 6.446 Thread 0x000001ddf3da8000 DEOPT PACKING pc=0x000001dd8085b594 sp=0x00000001f89ff160
Event: 6.446 Thread 0x000001ddf3da8000 DEOPT UNPACKING pc=0x000001dd8004964e sp=0x00000001f89fe698 mode 0
Event: 6.567 Thread 0x000001ddf3da8000 DEOPT PACKING pc=0x000001dd8080f7c8 sp=0x00000001f89fece0
Event: 6.567 Thread 0x000001ddf3da8000 DEOPT UNPACKING pc=0x000001dd8004964e sp=0x00000001f89fe770 mode 0
Event: 6.759 Thread 0x000001ddf3da8000 DEOPT PACKING pc=0x000001dd8085ce19 sp=0x00000001f89ff1e0
Event: 6.759 Thread 0x000001ddf3da8000 DEOPT UNPACKING pc=0x000001dd8004964e sp=0x00000001f89fe698 mode 0
Event: 6.999 Thread 0x000001ddf3da8000 DEOPT PACKING pc=0x000001dd8080f7c8 sp=0x00000001f89fece0
Event: 6.999 Thread 0x000001ddf3da8000 DEOPT UNPACKING pc=0x000001dd8004964e sp=0x00000001f89fe770 mode 0
Event: 7.052 Thread 0x000001ddf3da8000 DEOPT PACKING pc=0x000001dd8085ce19 sp=0x00000001f89ff1e0
Event: 7.052 Thread 0x000001ddf3da8000 DEOPT UNPACKING pc=0x000001dd8004964e sp=0x00000001f89fe698 mode 0
Event: 7.138 Thread 0x000001ddf3da8000 DEOPT PACKING pc=0x000001dd80811fb3 sp=0x00000001f89fece0
Event: 7.138 Thread 0x000001ddf3da8000 DEOPT UNPACKING pc=0x000001dd8004964e sp=0x00000001f89fe770 mode 0
Event: 7.317 Thread 0x000001ddf3da8000 DEOPT PACKING pc=0x000001dd8085ce19 sp=0x00000001f89ff1e0
Event: 7.317 Thread 0x000001ddf3da8000 DEOPT UNPACKING pc=0x000001dd8004964e sp=0x00000001f89fe698 mode 0
Event: 7.515 Thread 0x000001ddf3da8000 DEOPT PACKING pc=0x000001dd8085b594 sp=0x00000001f89ff160
Event: 7.515 Thread 0x000001ddf3da8000 DEOPT UNPACKING pc=0x000001dd8004964e sp=0x00000001f89fe698 mode 0
Event: 7.674 Thread 0x000001ddf3da8000 DEOPT PACKING pc=0x000001dd8080f7c8 sp=0x00000001f89fece0
Event: 7.674 Thread 0x000001ddf3da8000 DEOPT UNPACKING pc=0x000001dd8004964e sp=0x00000001f89fe770 mode 0
Event: 7.876 Thread 0x000001ddf3da8000 DEOPT PACKING pc=0x000001dd80842bd4 sp=0x00000001f89febc0
Event: 7.876 Thread 0x000001ddf3da8000 DEOPT UNPACKING pc=0x000001dd8004964e sp=0x00000001f89fe770 mode 0

Classes unloaded (0 events):
No events

Classes redefined (0 events):
No events

Internal exceptions (1 events):
Event: 0.217 Thread 0x000001ddf3da8000 Exception <a 'java/lang/NoSuchMethodError'{0x000000008960e2a0}: 'int java.lang.invoke.DirectMethodHandle$Holder.invokeSpecialIFC(java.lang.Object, java.lang.Object, int)'> (0x000000008960e2a0) 
thrown [t:/workspace/open/src/hotspot/share/interpreter/linkResolver.cpp, line 767]

Events (20 events):
Event: 6.986 Executing VM operation: G1CollectFull
Event: 6.996 Executing VM operation: G1CollectFull done
Event: 7.064 Executing VM operation: G1CollectFull
Event: 7.076 Executing VM operation: G1CollectFull done
Event: 7.113 Executing VM operation: G1CollectFull
Event: 7.125 Executing VM operation: G1CollectFull done
Event: 7.237 Executing VM operation: G1CollectForAllocation
Event: 7.238 Executing VM operation: G1CollectForAllocation done
Event: 7.239 Executing VM operation: RevokeBias
Event: 7.239 Executing VM operation: RevokeBias done
Event: 7.353 Executing VM operation: G1CollectForAllocation
Event: 7.354 Executing VM operation: G1CollectForAllocation done
Event: 7.451 Executing VM operation: G1CollectForAllocation
Event: 7.453 Executing VM operation: G1CollectForAllocation done
Event: 7.589 Executing VM operation: G1CollectForAllocation
Event: 7.590 Executing VM operation: G1CollectForAllocation done
Event: 7.637 Executing VM operation: G1CollectFull
Event: 7.645 Executing VM operation: G1CollectFull done
Event: 7.877 Executing VM operation: G1CollectForAllocation
Event: 7.879 Executing VM operation: G1CollectForAllocation done


Dynamic libraries:
0x00007ff79c590000 - 0x00007ff79c59f000 	C:\Program Files\Java\jdk-13.0.1\bin\java.exe
0x00007ffd9d290000 - 0x00007ffd9d488000 	C:\WINDOWS\SYSTEM32\ntdll.dll
0x00007ffd9ce60000 - 0x00007ffd9cf1f000 	C:\WINDOWS\System32\KERNEL32.DLL
0x00007ffd9b000000 - 0x00007ffd9b2d2000 	C:\WINDOWS\System32\KERNELBASE.dll
0x00007ffd9ab10000 - 0x00007ffd9ac10000 	C:\WINDOWS\System32\ucrtbase.dll
0x00007ffd8d570000 - 0x00007ffd8d588000 	C:\Program Files\Java\jdk-13.0.1\bin\jli.dll
0x00007ffd8d550000 - 0x00007ffd8d565000 	C:\Program Files\Java\jdk-13.0.1\bin\VCRUNTIME140.dll
0x00007ffd9b480000 - 0x00007ffd9b52e000 	C:\WINDOWS\System32\ADVAPI32.dll
0x00007ffd9cdb0000 - 0x00007ffd9ce4e000 	C:\WINDOWS\System32\msvcrt.dll
0x00007ffd9cd10000 - 0x00007ffd9cdac000 	C:\WINDOWS\System32\sechost.dll
0x00007ffd9c950000 - 0x00007ffd9ca75000 	C:\WINDOWS\System32\RPCRT4.dll
0x00007ffd9b2e0000 - 0x00007ffd9b47d000 	C:\WINDOWS\System32\USER32.dll
0x00007ffd9aa70000 - 0x00007ffd9aa92000 	C:\WINDOWS\System32\win32u.dll
0x00007ffd88af0000 - 0x00007ffd88d8a000 	C:\WINDOWS\WinSxS\amd64_microsoft.windows.common-controls_6595b64144ccf1df_6.0.19041.1110_none_60b5254171f9507e\COMCTL32.dll
0x00007ffd9ca80000 - 0x00007ffd9caab000 	C:\WINDOWS\System32\GDI32.dll
0x00007ffd9ac10000 - 0x00007ffd9ad1f000 	C:\WINDOWS\System32\gdi32full.dll
0x00007ffd9aeb0000 - 0x00007ffd9af4d000 	C:\WINDOWS\System32\msvcp_win.dll
0x00007ffd93770000 - 0x00007ffd9377a000 	C:\WINDOWS\SYSTEM32\VERSION.dll
0x00007ffd9d1f0000 - 0x00007ffd9d222000 	C:\WINDOWS\System32\IMM32.DLL
0x0000000058050000 - 0x000000005805b000 	D:\Program Files (x86)\360\360safe\safemon\SafeWrapper.dll
0x00007ffd8c570000 - 0x00007ffd8c60b000 	C:\Program Files\Java\jdk-13.0.1\bin\msvcp140.dll
0x00007ffd37050000 - 0x00007ffd37bb6000 	C:\Program Files\Java\jdk-13.0.1\bin\server\jvm.dll
0x00007ffd9c320000 - 0x00007ffd9c328000 	C:\WINDOWS\System32\PSAPI.DLL
0x00007ffd990d0000 - 0x00007ffd990d9000 	C:\WINDOWS\SYSTEM32\WSOCK32.dll
0x00007ffd8ce40000 - 0x00007ffd8ce67000 	C:\WINDOWS\SYSTEM32\WINMM.dll
0x00007ffd9bfe0000 - 0x00007ffd9c04b000 	C:\WINDOWS\System32\WS2_32.dll
0x00007ffd99230000 - 0x00007ffd99242000 	C:\WINDOWS\SYSTEM32\kernel.appcore.dll
0x00007ffd964b0000 - 0x00007ffd964c0000 	C:\Program Files\Java\jdk-13.0.1\bin\verify.dll
0x00007ffd98ec0000 - 0x00007ffd990a4000 	C:\WINDOWS\SYSTEM32\DBGHELP.DLL
0x00007ffd7e8f0000 - 0x00007ffd7e91c000 	C:\WINDOWS\SYSTEM32\dbgcore.DLL
0x00007ffd9a9e0000 - 0x00007ffd9aa62000 	C:\WINDOWS\System32\bcryptPrimitives.dll
0x00007ffd8c760000 - 0x00007ffd8c786000 	C:\Program Files\Java\jdk-13.0.1\bin\java.dll
0x00007ffd963a0000 - 0x00007ffd963ae000 	C:\Program Files\Java\jdk-13.0.1\bin\instrument.dll
0x00007ffd8c680000 - 0x00007ffd8c697000 	C:\Program Files\Java\jdk-13.0.1\bin\zip.dll
0x00007ffd96440000 - 0x00007ffd9644a000 	C:\Program Files\Java\jdk-13.0.1\bin\jimage.dll
0x00007ffd9b530000 - 0x00007ffd9bc73000 	C:\WINDOWS\System32\SHELL32.dll
0x00007ffd98660000 - 0x00007ffd98df2000 	C:\WINDOWS\SYSTEM32\windows.storage.dll
0x00007ffd9bc80000 - 0x00007ffd9bfd4000 	C:\WINDOWS\System32\combase.dll
0x00007ffd9a3f0000 - 0x00007ffd9a420000 	C:\WINDOWS\SYSTEM32\Wldp.dll
0x00007ffd9c180000 - 0x00007ffd9c22d000 	C:\WINDOWS\System32\SHCORE.dll
0x00007ffd9cf20000 - 0x00007ffd9cf75000 	C:\WINDOWS\System32\shlwapi.dll
0x00007ffd9a8d0000 - 0x00007ffd9a8ef000 	C:\WINDOWS\SYSTEM32\profapi.dll
0x00007ffd8c660000 - 0x00007ffd8c679000 	C:\Program Files\Java\jdk-13.0.1\bin\net.dll
0x00007ffd95690000 - 0x00007ffd9579c000 	C:\WINDOWS\SYSTEM32\WINHTTP.dll
0x00007ffd9a150000 - 0x00007ffd9a1ba000 	C:\WINDOWS\system32\mswsock.dll
0x00007ffd8c550000 - 0x00007ffd8c563000 	C:\Program Files\Java\jdk-13.0.1\bin\nio.dll
0x00007ffd87ff0000 - 0x00007ffd8800a000 	D:\Program Files\JetBrains\IntelliJ IDEA 2021.3.2\bin\breakgen64.dll
0x000000006f880000 - 0x000000006f8aa000 	G:\UOA_Courses\thesis\project\radiotelescopescheduling\norad\norad.dll
0x0000000061440000 - 0x000000006145a000 	D:\Program Files (x86)\mingw64\bin\libgcc_s_seh-1.dll
0x000000006fc40000 - 0x000000006fda3000 	D:\Program Files (x86)\mingw64\bin\libstdc++-6.dll
0x0000000064940000 - 0x0000000064955000 	D:\Program Files (x86)\mingw64\bin\libwinpthread-1.dll
0x0000000070980000 - 0x00000000709c4000 	G:\UOA_Courses\thesis\project\radiotelescopescheduling\novas\novas.dll
0x00007ffd87e40000 - 0x00007ffd87e72000 	C:\gurobi952\win64\bin\GurobiJni95.dll
0x00007ffd2b150000 - 0x00007ffd2d250000 	C:\gurobi952\win64\bin\gurobi95.dll
0x00007ffd9ad20000 - 0x00007ffd9ae76000 	C:\WINDOWS\System32\CRYPT32.dll
0x00007ffd9d190000 - 0x00007ffd9d1e6000 	C:\WINDOWS\System32\WLDAP32.dll
0x00007ffd9ce50000 - 0x00007ffd9ce58000 	C:\WINDOWS\System32\Normaliz.dll
0x00007ffd9a880000 - 0x00007ffd9a8b2000 	C:\WINDOWS\SYSTEM32\SspiCli.dll

dbghelp: loaded successfully - version: 4.0.5 - missing functions: none
symbol engine: initialized successfully - sym options: 0x614 - pdb path: .;C:\Program Files\Java\jdk-13.0.1\bin;C:\WINDOWS\SYSTEM32;C:\WINDOWS\WinSxS\amd64_microsoft.windows.common-controls_6595b64144ccf1df_6.0.19041.1110_none_60b5254171f9507e;D:\Program Files (x86)\360\360safe\safemon;C:\Program Files\Java\jdk-13.0.1\bin\server;D:\Program Files\JetBrains\IntelliJ IDEA 2021.3.2\bin;G:\UOA_Courses\thesis\project\radiotelescopescheduling\norad;D:\Program Files (x86)\mingw64\bin;G:\UOA_Courses\thesis\project\radiotelescopescheduling\novas;C:\gurobi952\win64\bin

VM Arguments:
jvm_args: -Djava.library.path=G:\UOA_Courses\thesis\project\radiotelescopescheduling\norad;G:\UOA_Courses\thesis\project\radiotelescopescheduling\novas;C:\gurobi952\win64\lib;C:\gurobi952\win64\bin -javaagent:D:\Program Files\JetBrains\IntelliJ IDEA 2021.3.2\lib\idea_rt.jar=5699:D:\Program Files\JetBrains\IntelliJ IDEA 2021.3.2\bin -Dfile.encoding=UTF-8 
java_command: SchedulingMain
java_class_path (initial): G:\UOA_Courses\thesis\project\radiotelescopescheduling\out\production\radiotelescopescheduling;C:\Users\Han\.m2\repository\com\google\ortools\ortools-java\8.2.9025\ortools-java-8.2.9025.jar;C:\Users\Han\.m2\repository\com\google\ortools\ortools-linux-x86-64\8.2.9025\ortools-linux-x86-64-8.2.9025.jar;C:\Users\Han\.m2\repository\com\google\ortools\ortools-darwin-x86-64\8.2.9025\ortools-darwin-x86-64-8.2.9025.jar;C:\Users\Han\.m2\repository\com\google\ortools\ortools-win32-x86-64\8.2.9025\ortools-win32-x86-64-8.2.9025.jar;C:\Users\Han\.m2\repository\net\java\dev\jna\jna-platform\5.8.0\jna-platform-5.8.0.jar;C:\Users\Han\.m2\repository\net\java\dev\jna\jna\5.8.0\jna-5.8.0.jar;C:\Users\Han\.m2\repository\com\google\protobuf\protobuf-java\3.15.7\protobuf-java-3.15.7.jar;C:\Users\Han\.m2\repository\com\google\protobuf\protobuf-java\3.17.3\protobuf-java-3.17.3.jar;C:\Users\Han\.m2\repository\org\mongodb\bson\4.3.2\bson-4.3.2.jar;C:\Users\Han\.m2\repository\org\mongodb\mongo-java-driver\3.12.8\mongo-java-driver-3.12.8.jar;C:\Users\Han\.m2\repository\org\mongodb\mongodb-driver-core\4.2.3\mongodb-driver-core-4.2.3.jar;C:\Users\Han\.m2\repository\org\mongodb\bson\4.2.3\bson-4.2.3.jar;C:\gurobi952\win64\lib\gurobi.jar;C:\gurobi952\win64\lib\gurobi-javadoc.jar
Launcher Type: SUN_STANDARD

[Global flags]
     intx CICompilerCount                          = 4                                         {product} {ergonomic}
     uint ConcGCThreads                            = 2                                         {product} {ergonomic}
     uint G1ConcRefinementThreads                  = 8                                         {product} {ergonomic}
   size_t G1HeapRegionSize                         = 1048576                                   {product} {ergonomic}
    uintx GCDrainStackTargetSize                   = 64                                        {product} {ergonomic}
   size_t InitialHeapSize                          = 134217728                                 {product} {ergonomic}
   size_t MarkStackSize                            = 4194304                                   {product} {ergonomic}
   size_t MaxHeapSize                              = 2120220672                                {product} {ergonomic}
   size_t MaxNewSize                               = 1271922688                                {product} {ergonomic}
   size_t MinHeapDeltaBytes                        = 1048576                                   {product} {ergonomic}
   size_t MinHeapSize                              = 8388608                                   {product} {ergonomic}
    uintx NonNMethodCodeHeapSize                   = 5836300                                {pd product} {ergonomic}
    uintx NonProfiledCodeHeapSize                  = 122910970                              {pd product} {ergonomic}
    uintx ProfiledCodeHeapSize                     = 122910970                              {pd product} {ergonomic}
    uintx ReservedCodeCacheSize                    = 251658240                              {pd product} {ergonomic}
     bool SegmentedCodeCache                       = true                                      {product} {ergonomic}
   size_t SoftMaxHeapSize                          = 2120220672                             {manageable} {ergonomic}
     bool UseCompressedClassPointers               = true                                 {lp64_product} {ergonomic}
     bool UseCompressedOops                        = true                                 {lp64_product} {ergonomic}
     bool UseG1GC                                  = true                                      {product} {ergonomic}
     bool UseLargePagesIndividualAllocation        = false                                  {pd product} {ergonomic}

Logging:
Log output configuration:
 #0: stdout all=warning uptime,level,tags
 #1: stderr all=off uptime,level,tags

Environment Variables:
JAVA_HOME=C:\Program Files\Java\jdk-13.0.1
CLASSPATH=.;C:\Program Files\Java\jdk-13.0.1\lib\dt.jar;C:\Program Files\Java\jdk-13.0.1\lib\tools.jar;
PATH=C:\gurobi952\win64\bin;D:\Program Files\ImageMagick-7.1.0-Q16-HDRI;D:\CUDA\bin;D:\CUDA\libnvvp;C:\Program Files\Microsoft MPI\Bin\;C:\Program Files (x86)\Intel\iCLS Client\;C:\Program Files\Intel\iCLS Client\;C:\windows\system32;C:\windows;C:\windows\System32\Wbem;C:\windows\System32\WindowsPowerShell\v1.0\;C:\Program Files (x86)\Intel\Intel(R) Management Engine Components\DAL;C:\Program Files\Intel\Intel(R) Management Engine Components\DAL;C:\Program Files (x86)\Intel\Intel(R) Management Engine Components\IPT;C:\Program Files\Intel\Intel(R) Management Engine Components\IPT;C:\Program Files (x86)\NVIDIA Corporation\PhysX\Common;C:\WINDOWS\system32;C:\WINDOWS;C:\WINDOWS\System32\Wbem;C:\WINDOWS\System32\WindowsPowerShell\v1.0\;C:\Program Files (x86)\Windows Kits\8.1\Windows Performance Toolkit\;D:\Lingo\;C:\Program Files\Microsoft SQL Server\Client SDK\ODBC\130\Tools\Binn\;C:\Program Files (x86)\Microsoft SQL Server\140\Tools\Binn\;C:\Program Files\Microsoft SQL Server\140\Tools\Binn\;C:\Program Files (x86)\Microsoft SQL Server\140\DTS\Binn\;C:\Program Files\Microsoft SQL Server\140\DTS\Binn\;C:\WINDOWS\System32\OpenSSH\;C:\Program Files\Intel\WiFi\bin\;C:\Program Files\Common Files\Intel\WirelessCommon\;C:\Program Files\Java\jdk-13.0.1\bin;C:\Program Files\NVIDIA Corporation\Nsight Compute 2019.4.0\;C:\Program Files\NVIDIA Corporation\NVIDIA NvDLISR;D:\CUDA\lib\x64;C:\Program Files\dotnet\;D:\Microsoft Visual Studio\opencv\opencv\build\x64\vc15\bin;D:\Microsoft Visual Studio\opencv\opencv\build\x64\vc15\lib;C:\WINDOWS\system32;C:\WINDOWS;C:\WINDOWS\System32\Wbem;C:\WINDOWS\System32\WindowsPowerShell\v1.0\;C:\WINDOWS\System32\OpenSSH\;C:\Program Files\Git\cmd;D:\Program Files (x86)\mingw64\bin;C:\ProgramData\chocolatey\bin;D:\Program Files\MATLAB\R2022b\runtime\win64;D:\Program Files\MATLAB\R2022b\bin;C:\Users\Han\AppData\Local\Microsoft\WindowsApps;D:\altera\13.0sp1\modelsim_ase\win32aloem;D:\altera\13.0sp1\modelsim_ae\win32aloem;D:\Microsoft Visual Studio\opencv\
USERNAME=Han
LD_LIBRARY_PATH=C:\gurobi952\win64\lib
OS=Windows_NT
PROCESSOR_IDENTIFIER=Intel64 Family 6 Model 94 Stepping 3, GenuineIntel



---------------  S Y S T E M  ---------------

OS: Windows 10 , 64 bit Build 19041 (10.0.19041.2251)

CPU:total 8 (initial active 8) (4 cores per cpu, 2 threads per core) family 6 model 94 stepping 3, cmov, cx8, fxsr, mmx, sse, sse2, sse3, ssse3, sse4.1, sse4.2, popcnt, avx, avx2, aes, clmul, erms, rtm, 3dnowpref, lzcnt, ht, tsc, tscinvbit, bmi1, bmi2, adx, fma

Memory: 4k page, system-wide physical 8081M (2884M free)
TotalPageFile size 9749M (AvailPageFile size 3200M)
current process WorkingSet (physical memory assigned to process): 93M, peak: 116M
current process commit charge ("private bytes"): 135M, peak: 270M

vm_info: Java HotSpot(TM) 64-Bit Server VM (13.0.1+9) for windows-amd64 JRE (13.0.1+9), built on Oct  6 2019 12:37:49 by "mach5one" with unknown MS VC++:1916

END.
