#
# A fatal error has been detected by the Java Runtime Environment:
#
#  EXCEPTION_ACCESS_VIOLATION (0xc0000005) at pc=0x00007ffd1289a03c, pid=4188, tid=2128
#
# JRE version: Java(TM) SE Runtime Environment (13.0.1+9) (build 13.0.1+9)
# Java VM: Java HotSpot(TM) 64-Bit Server VM (13.0.1+9, mixed mode, sharing, tiered, compressed oops, g1 gc, windows-amd64)
# Problematic frame:
# C  [gurobi95.dll+0x6fa03c]
#
# No core dump will be written. Minidumps are not enabled by default on client versions of Windows
#
# If you would like to submit a bug report, please visit:
#   http://bugreport.java.com/bugreport/crash.jsp
# The crash happened outside the Java Virtual Machine in native code.
# See problematic frame for where to report the bug.
#

---------------  S U M M A R Y ------------

Command Line: -Djava.library.path=G:\UOA_Courses\thesis\project\radiotelescopescheduling\norad;G:\UOA_Courses\thesis\project\radiotelescopescheduling\novas;C:\gurobi952\win64\lib;C:\gurobi952\win64\bin -javaagent:D:\Program Files\JetBrains\IntelliJ IDEA 2021.3.2\lib\idea_rt.jar=9470:D:\Program Files\JetBrains\IntelliJ IDEA 2021.3.2\bin -Dfile.encoding=UTF-8 SchedulingMain

Host: Intel(R) Core(TM) i7-6700HQ CPU @ 2.60GHz, 8 cores, 7G,  Windows 10 , 64 bit Build 19041 (10.0.19041.2251)
Time: Sun Nov 27 00:04:41 2022 W. Europe Standard Time elapsed time: 27 seconds (0d 0h 0m 27s)

---------------  T H R E A D  ---------------

Current thread (0x000001cc71168000):  JavaThread "main" [_thread_in_native, id=2128, stack(0x000000963f600000,0x000000963f700000)]

Stack: [0x000000963f600000,0x000000963f700000],  sp=0x000000963f6ff160,  free space=1020k
Native frames: (J=compiled Java code, j=interpreted, Vv=VM code, C=native code)
C  [gurobi95.dll+0x6fa03c]

Java frames: (J=compiled Java code, j=interpreted, Vv=VM code)
J 966  gurobi.GurobiJni.getattrinfo(JLjava/lang/String;[I)I (0 bytes) @ 0x000001cc07b4bcbe [0x000001cc07b4bc40+0x000000000000007e]
J 1057 c2 gurobi.GRBVar.get(Lgurobi/GRB$DoubleAttr;)D (104 bytes) @ 0x000001cc07b696b0 [0x000001cc07b695c0+0x00000000000000f0]
J 1620% c2 optimisation.MultiTelescopesMTSPPolicy.findNextPaths([Lobservation/Pointable;)[Lobservation/Connection; (1978 bytes) @ 0x000001cc07c367f4 [0x000001cc07c30f80+0x0000000000005874]
j  optimisation.DispatchPolicy.nextMoves()V+39
j  optimisation.Scheduler.buildSchedule(Ljava/util/Properties;)V+702
j  simulation.Simulation.run()V+8
j  SchedulingMain.runRepeats(I)V+34
j  SchedulingMain.main([Ljava/lang/String;)V+40
v  ~StubRoutines::call_stub

siginfo: EXCEPTION_ACCESS_VIOLATION (0xc0000005), reading address 0x0000000000001ac4


Register to memory mapping:

RIP=0x00007ffd1289a03c gurobi95.dll
RAX=0x0 is NULL
RBX=0x000000963f6ff260 is pointing into the stack for thread: 0x000001cc71168000
RCX=0x0 is NULL
RDX=0x000001cc12fd1210 points into unknown readable memory: 80 17 fd 12 cc 01 00 00
RSP=0x000000963f6ff160 is pointing into the stack for thread: 0x000001cc71168000
RBP=0x000000963f6ff1f8 is pointing into the stack for thread: 0x000001cc71168000
RSI=0x0000000082a0dac0 is an oop: [I 
{0x0000000082a0dac0} - klass: {type array int}
 - length: 1
RDI=0x0 is NULL
R8 =0x0000000000000357 is an unknown value
R9 =0x000000963f6fef52 is pointing into the stack for thread: 0x000001cc71168000
R10=0x000000000000014d is an unknown value
R11=0x0000000000000038 is an unknown value
R12=0x000001cc13452840 points into unknown readable memory: 00 00 00 00 00 00 00 00
R13=0x000001cc13a60940 points into unknown readable memory: 58 00 00 00 00 00 00 00
R14=0x000000963f6ff1f0 is pointing into the stack for thread: 0x000001cc71168000
R15=0x000000963f6ff1f4 is pointing into the stack for thread: 0x000001cc71168000


Registers:
RAX=0x0000000000000000, RBX=0x000000963f6ff260, RCX=0x0000000000000000, RDX=0x000001cc12fd1210
RSP=0x000000963f6ff160, RBP=0x000000963f6ff1f8, RSI=0x0000000082a0dac0, RDI=0x0000000000000000
R8 =0x0000000000000357, R9 =0x000000963f6fef52, R10=0x000000000000014d, R11=0x0000000000000038
R12=0x000001cc13452840, R13=0x000001cc13a60940, R14=0x000000963f6ff1f0, R15=0x000000963f6ff1f4
RIP=0x00007ffd1289a03c, EFLAGS=0x0000000000010206

Top of Stack: (sp=0x000000963f6ff160)
0x000000963f6ff160:   0000000000000000 000001cc71168310
0x000000963f6ff170:   0000000000000000 0000000000000000
0x000000963f6ff180:   0000000000000000 0000000000000000
0x000000963f6ff190:   000000963f6ff2a0 000001cc13452840
0x000000963f6ff1a0:   000001cc13a60940 000001cc71168310
0x000000963f6ff1b0:   0000000000000000 00007ffd85781068
0x000000963f6ff1c0:   000000963f6ff260 000000963f6ff2a0
0x000000963f6ff1d0:   0000000082a0dac0 000001cc13a60790
0x000000963f6ff1e0:   000000963f6ff1f8 0000000000000004
0x000000963f6ff1f0:   ffffffffffffffff 00000000ffffffff
0x000000963f6ff200:   0000000000000000 000001cc71168000
0x000000963f6ff210:   000000963f6ff288 000001cc07c366f4
0x000000963f6ff220:   000000963f6ff300 000001cc07b4bd5e
0x000000963f6ff230:   3fd360f6823fb801 000001cc71168000
0x000000963f6ff240:   0000000000000858 0000000000000000
0x000000963f6ff250:   000000963f6ff268 000000963f6ff288 

Instructions: (pc=0x00007ffd1289a03c)
0x00007ffd12899f3c:   cc cc cc cc cc cc cc cc cc cc cc cc cc cc cc cc
0x00007ffd12899f4c:   cc cc cc cc cc cc cc cc cc cc cc cc cc cc cc cc
0x00007ffd12899f5c:   cc cc cc cc cc cc cc cc cc cc cc cc cc cc cc cc
0x00007ffd12899f6c:   cc cc cc cc cc cc cc cc cc cc cc cc cc cc cc cc
0x00007ffd12899f7c:   cc cc cc cc cc cc cc cc cc cc cc cc cc cc cc cc
0x00007ffd12899f8c:   cc cc cc cc cc cc cc cc cc cc cc cc cc cc cc cc
0x00007ffd12899f9c:   cc cc cc cc cc cc cc cc cc cc cc cc cc cc cc cc
0x00007ffd12899fac:   cc cc cc cc 41 54 41 55 41 56 41 57 55 48 83 ec
0x00007ffd12899fbc:   30 4d 89 cf 4d 89 c6 49 89 d5 49 89 cc e8 af fc
0x00007ffd12899fcc:   90 ff 85 c0 0f 85 88 00 00 00 4d 85 f6 74 07 41
0x00007ffd12899fdc:   c7 06 ff ff ff ff 4d 85 ff 74 07 41 c7 07 ff ff
0x00007ffd12899fec:   ff ff 48 8b ac 24 80 00 00 00 48 85 ed 74 07 c7
0x00007ffd12899ffc:   45 00 ff ff ff ff 4c 89 e1 e8 73 fc 90 ff 85 c0
0x00007ffd1289a00c:   0f 85 80 00 00 00 4c 89 e1 4c 89 ea e8 9e aa 90
0x00007ffd1289a01c:   ff 83 f8 ff 74 4a 48 63 c0 49 8b 94 24 d8 02 00
0x00007ffd1289a02c:   00 48 8b 4a 10 4c 8d 04 c0 33 c0 4d 85 f6 74 08
0x00007ffd1289a03c:   42 8b 54 c1 0c 41 89 16 4d 85 ff 74 08 42 8b 54
0x00007ffd1289a04c:   c1 10 41 89 17 48 85 ed 74 08 42 8b 54 c1 14 89
0x00007ffd1289a05c:   55 00 48 83 c4 30 5d 41 5f 41 5e 41 5d 41 5c c3
0x00007ffd1289a06c:   48 89 e0 4c 89 e1 ba 14 27 00 00 41 b8 01 00 00
0x00007ffd1289a07c:   00 4c 8d 0d 90 c3 6f 01 4c 89 68 20 e8 e5 a2 90
0x00007ffd1289a08c:   ff b8 14 27 00 00 48 83 c4 30 5d 41 5f 41 5e 41
0x00007ffd1289a09c:   5d 41 5c c3 cc cc cc cc cc cc cc cc cc cc cc cc
0x00007ffd1289a0ac:   cc cc cc cc cc cc cc cc cc cc cc cc cc cc cc cc
0x00007ffd1289a0bc:   cc cc cc cc cc cc cc cc cc cc cc cc cc cc cc cc
0x00007ffd1289a0cc:   cc cc cc cc cc cc cc cc cc cc cc cc cc cc cc cc
0x00007ffd1289a0dc:   cc cc cc cc 57 41 54 41 55 48 83 ec 40 49 89 d4
0x00007ffd1289a0ec:   48 89 cf e8 89 fb 90 ff 85 c0 0f 85 c5 00 00 00
0x00007ffd1289a0fc:   48 85 ff 74 1b 83 7f 40 00 7e 15 48 89 f9 4c 89
0x00007ffd1289a10c:   e2 e8 d6 90 90 ff 48 83 c4 40 41 5d 41 5c 5f c3
0x00007ffd1289a11c:   48 89 f9 e8 59 fb 90 ff 85 c0 0f 85 61 01 00 00
0x00007ffd1289a12c:   48 89 f9 4c 89 e2 e8 84 a9 90 ff 83 f8 ff 0f 84 


Stack slot to memory mapping:
stack at sp + 0 slots: 0x0 is NULL
stack at sp + 1 slots: 0x000001cc71168310 points into unknown readable memory: 50 e8 a4 37 fd 7f 00 00
stack at sp + 2 slots: 0x0 is NULL
stack at sp + 3 slots: 0x0 is NULL
stack at sp + 4 slots: 0x0 is NULL
stack at sp + 5 slots: 0x0 is NULL
stack at sp + 6 slots: 0x000000963f6ff2a0 is pointing into the stack for thread: 0x000001cc71168000
stack at sp + 7 slots: 0x000001cc13452840 points into unknown readable memory: 00 00 00 00 00 00 00 00


---------------  P R O C E S S  ---------------

Threads class SMR info:
_java_thread_list=0x000001cc118b6090, length=11, elements={
0x000001cc71168000, 0x000001cc7f0a7800, 0x000001cc7f0ab000, 0x000001cc7f0ce000,
0x000001cc7f0cf000, 0x000001cc7f0d0000, 0x000001cc7f0de800, 0x000001cc7f0e8000,
0x000001cc7f090800, 0x000001cc7fc84800, 0x000001cc7fc85800
}

Java Threads: ( => current thread )
=>0x000001cc71168000 JavaThread "main" [_thread_in_native, id=2128, stack(0x000000963f600000,0x000000963f700000)]
  0x000001cc7f0a7800 JavaThread "Reference Handler" daemon [_thread_blocked, id=15160, stack(0x000000963fd00000,0x000000963fe00000)]
  0x000001cc7f0ab000 JavaThread "Finalizer" daemon [_thread_blocked, id=6440, stack(0x000000963fe00000,0x000000963ff00000)]
  0x000001cc7f0ce000 JavaThread "Signal Dispatcher" daemon [_thread_blocked, id=13408, stack(0x000000963ff00000,0x0000009640000000)]
  0x000001cc7f0cf000 JavaThread "Attach Listener" daemon [_thread_blocked, id=16972, stack(0x0000009640000000,0x0000009640100000)]
  0x000001cc7f0d0000 JavaThread "C2 CompilerThread0" daemon [_thread_blocked, id=3032, stack(0x0000009640100000,0x0000009640200000)]
  0x000001cc7f0de800 JavaThread "C1 CompilerThread0" daemon [_thread_blocked, id=16848, stack(0x0000009640200000,0x0000009640300000)]
  0x000001cc7f0e8000 JavaThread "Sweeper thread" daemon [_thread_blocked, id=6388, stack(0x0000009640300000,0x0000009640400000)]
  0x000001cc7f090800 JavaThread "Common-Cleaner" daemon [_thread_blocked, id=14524, stack(0x0000009640400000,0x0000009640500000)]
  0x000001cc7fc84800 JavaThread "Monitor Ctrl-Break" daemon [_thread_in_native, id=16536, stack(0x0000009640600000,0x0000009640700000)]
  0x000001cc7fc85800 JavaThread "Service Thread" daemon [_thread_blocked, id=9960, stack(0x0000009640700000,0x0000009640800000)]

Other Threads:
  0x000001cc7f0a6800 VMThread "VM Thread" [stack: 0x000000963fc00000,0x000000963fd00000] [id=4212]
  0x000001cc7fc87000 WatcherThread [stack: 0x0000009640800000,0x0000009640900000] [id=3244]
  0x000001cc711ac000 GCTaskThread "GC Thread#0" [stack: 0x000000963f700000,0x000000963f800000] [id=15732]
  0x000001cc117fd000 GCTaskThread "GC Thread#1" [stack: 0x0000009640900000,0x0000009640a00000] [id=6812]
  0x000001cc117fd800 GCTaskThread "GC Thread#2" [stack: 0x0000009640a00000,0x0000009640b00000] [id=15352]
  0x000001cc711c0000 ConcurrentGCThread "G1 Main Marker" [stack: 0x000000963f800000,0x000000963f900000] [id=2644]
  0x000001cc711c1000 ConcurrentGCThread "G1 Conc#0" [stack: 0x000000963f900000,0x000000963fa00000] [id=1768]
  0x000001cc7123d000 ConcurrentGCThread "G1 Refine#0" [stack: 0x000000963fa00000,0x000000963fb00000] [id=11696]
  0x000001cc7123e800 ConcurrentGCThread "G1 Young RemSet Sampling" [stack: 0x000000963fb00000,0x000000963fc00000] [id=2508]

Threads with active compile tasks:

VM state:not at safepoint (normal execution)

VM Mutex/Monitor currently owned by a thread: None

Heap address: 0x0000000081a00000, size: 2022 MB, Compressed Oops mode: 32-bit
Narrow klass base: 0x0000000800000000, Narrow klass shift: 3
Compressed class space size: 1073741824 Address: 0x0000000800b40000

Heap:
 garbage-first heap   total 17408K, used 5410K [0x0000000081a00000, 0x0000000100000000)
  region size 1024K, 2 young (2048K), 1 survivors (1024K)
 Metaspace       used 3162K, capacity 5564K, committed 5760K, reserved 1056768K
  class space    used 264K, capacity 607K, committed 640K, reserved 1048576K
Heap Regions: E=young(eden), S=young(survivor), O=old, HS=humongous(starts), HC=humongous(continues), CS=collection set, F=free, A=archive, TAMS=top-at-mark-start (previous, next)
|   0|0x0000000081a00000, 0x0000000081affff8, 0x0000000081b00000| 99%| O|  |TAMS 0x0000000081a00000, 0x0000000081a00000| Untracked 
|   1|0x0000000081b00000, 0x0000000081bffff0, 0x0000000081c00000| 99%| O|  |TAMS 0x0000000081b00000, 0x0000000081b00000| Untracked 
|   2|0x0000000081c00000, 0x0000000081cffff0, 0x0000000081d00000| 99%| O|  |TAMS 0x0000000081c00000, 0x0000000081c00000| Untracked 
|   3|0x0000000081d00000, 0x0000000081dffff8, 0x0000000081e00000| 99%| O|  |TAMS 0x0000000081d00000, 0x0000000081d00000| Untracked 
|   4|0x0000000081e00000, 0x0000000081ea00b0, 0x0000000081f00000| 62%| O|  |TAMS 0x0000000081e00000, 0x0000000081e00000| Untracked 
|   5|0x0000000081f00000, 0x0000000081f00000, 0x0000000082000000|  0%| F|  |TAMS 0x0000000081f00000, 0x0000000081f00000| Untracked 
|   6|0x0000000082000000, 0x0000000082000000, 0x0000000082100000|  0%| F|  |TAMS 0x0000000082000000, 0x0000000082000000| Untracked 
|   7|0x0000000082100000, 0x0000000082100000, 0x0000000082200000|  0%| F|  |TAMS 0x0000000082100000, 0x0000000082100000| Untracked 
|   8|0x0000000082200000, 0x00000000822a8ae8, 0x0000000082300000| 65%| S|CS|TAMS 0x0000000082200000, 0x0000000082200000| Complete 
|   9|0x0000000082300000, 0x0000000082300000, 0x0000000082400000|  0%| F|  |TAMS 0x0000000082300000, 0x0000000082300000| Untracked 
|  10|0x0000000082400000, 0x0000000082400000, 0x0000000082500000|  0%| F|  |TAMS 0x0000000082400000, 0x0000000082400000| Untracked 
|  11|0x0000000082500000, 0x0000000082500000, 0x0000000082600000|  0%| F|  |TAMS 0x0000000082500000, 0x0000000082500000| Untracked 
|  12|0x0000000082600000, 0x0000000082600000, 0x0000000082700000|  0%| F|  |TAMS 0x0000000082600000, 0x0000000082600000| Untracked 
|  13|0x0000000082700000, 0x0000000082700000, 0x0000000082800000|  0%| F|  |TAMS 0x0000000082700000, 0x0000000082700000| Untracked 
|  14|0x0000000082800000, 0x0000000082800000, 0x0000000082900000|  0%| F|  |TAMS 0x0000000082800000, 0x0000000082800000| Untracked 
|  15|0x0000000082900000, 0x0000000082900000, 0x0000000082a00000|  0%| F|  |TAMS 0x0000000082900000, 0x0000000082900000| Untracked 
|  16|0x0000000082a00000, 0x0000000082a24050, 0x0000000082b00000| 14%| E|  |TAMS 0x0000000082a00000, 0x0000000082a00000| Complete 

Card table byte_map: [0x000001cc79eb0000,0x000001cc7a2b0000] _byte_map_base: 0x000001cc79aa3000

Marking Bits (Prev, Next): (CMBitMap*) 0x000001cc711acae8, (CMBitMap*) 0x000001cc711acb28
 Prev Bits: [0x000001cc7a6b0000, 0x000001cc7c648000)
 Next Bits: [0x000001cc7c650000, 0x000001cc7e5e8000)

Polling page: 0x000001cc70940000

Metaspace:

Usage:
  Non-class:      4.84 MB capacity,     2.83 MB ( 58%) used,     1.99 MB ( 41%) free+waste,    16.75 KB ( <1%) overhead. 
      Class:    607.00 KB capacity,   264.54 KB ( 44%) used,   332.65 KB ( 55%) free+waste,     9.81 KB (  2%) overhead. 
       Both:      5.43 MB capacity,     3.09 MB ( 57%) used,     2.32 MB ( 43%) free+waste,    26.56 KB ( <1%) overhead. 

Virtual space:
  Non-class space:        8.00 MB reserved,       5.00 MB ( 63%) committed 
      Class space:        1.00 GB reserved,     640.00 KB ( <1%) committed 
             Both:        1.01 GB reserved,       5.63 MB ( <1%) committed 

Chunk freelists:
   Non-Class:  0 bytes
       Class:  0 bytes
        Both:  0 bytes

MaxMetaspaceSize: 17179869184.00 GB
CompressedClassSpaceSize: 1.00 GB

CodeHeap 'non-profiled nmethods': size=120000Kb used=1640Kb max_used=1640Kb free=118359Kb
 bounds [0x000001cc07ad0000, 0x000001cc07d40000, 0x000001cc0f000000]
CodeHeap 'profiled nmethods': size=120000Kb used=5047Kb max_used=5047Kb free=114952Kb
 bounds [0x000001cc005a0000, 0x000001cc00a90000, 0x000001cc07ad0000]
CodeHeap 'non-nmethods': size=5760Kb used=1218Kb max_used=1298Kb free=4541Kb
 bounds [0x000001cc00000000, 0x000001cc00270000, 0x000001cc005a0000]
 total_blobs=3054 nmethods=1632 adapters=393
 compilation: enabled
              stopped_count=0, restarted_count=0
 full_count=0

Compilation events (20 events):
Event: 23.354 Thread 0x000001cc11921000 1622       4       java.lang.invoke.Invokers$Holder::linkToTargetMethod (9 bytes)
Event: 23.354 Thread 0x000001cc11921000 nmethod 1622 0x000001cc07c2e490 code [0x000001cc07c2e620, 0x000001cc07c2e6d8]
Event: 23.355 Thread 0x000001cc11921000 1623       4       java.lang.invoke.LambdaForm$MH/0x0000000800bc1040::invoke (25 bytes)
Event: 23.356 Thread 0x000001cc11921000 nmethod 1623 0x000001cc07c2e810 code [0x000001cc07c2e9a0, 0x000001cc07c2ea98]
Event: 23.356 Thread 0x000001cc11921000 1624       4       java.lang.StringConcatHelper::simpleConcat (62 bytes)
Event: 23.358 Thread 0x000001cc7f0de800 1627 %     3       gurobi.GRBModel::update @ 18 (1408 bytes)
Event: 23.363 Thread 0x000001cc11921000 nmethod 1624 0x000001cc07c2ec10 code [0x000001cc07c2ede0, 0x000001cc07c2f558]
Event: 23.363 Thread 0x000001cc11921000 1625       4       gurobi.GRBLinExpr::<init> (32 bytes)
Event: 23.365 Thread 0x000001cc7f0de800 nmethod 1627% 0x000001cc00a6b510 code [0x000001cc00a6c180, 0x000001cc00a74ff0]
Event: 23.365 Thread 0x000001cc11921000 nmethod 1625 0x000001cc07c2fa90 code [0x000001cc07c2fc20, 0x000001cc07c2ff18]
Event: 23.365 Thread 0x000001cc11921000 1626       4       java.lang.invoke.DirectMethodHandle$Holder::invokeStatic (15 bytes)
Event: 23.366 Thread 0x000001cc11921000 nmethod 1626 0x000001cc07c30010 code [0x000001cc07c301a0, 0x000001cc07c30248]
Event: 24.908 Thread 0x000001cc7f0de800 1628 %     3       optimisation.triangulations.TravellingSalesmanPreoptimisation::createTSPLinks @ 137 (648 bytes)
Event: 24.913 Thread 0x000001cc7f0de800 nmethod 1628% 0x000001cc00a78690 code [0x000001cc00a78ee0, 0x000001cc00a7e4b0]
Event: 24.934 Thread 0x000001cc7f0de800 1629       3       gurobi.GRBModel::update (1408 bytes)
Event: 24.941 Thread 0x000001cc7f0de800 nmethod 1629 0x000001cc00a80b10 code [0x000001cc00a81760, 0x000001cc00a8a2b0]
Event: 25.622 Thread 0x000001cc7f0d0000 nmethod 1620% 0x000001cc07c30390 code [0x000001cc07c30f80, 0x000001cc07c40c78]
Event: 25.850 Thread 0x000001cc7f0d0000 1630   !   4       optimisation.MultiTelescopesMTSPPolicy::findNextPaths (1978 bytes)
Event: 25.971 Thread 0x000001cc7f0de800 1632       3       java.io.PrintStream::print (9 bytes)
Event: 25.971 Thread 0x000001cc7f0de800 nmethod 1632 0x000001cc00a8d910 code [0x000001cc00a8dae0, 0x000001cc00a8de20]

GC Heap History (20 events):
Event: 24.789 GC heap before
{Heap before GC invocations=86 (full 17):
 garbage-first heap   total 20480K, used 14164K [0x0000000081a00000, 0x0000000100000000)
  region size 1024K, 10 young (10240K), 1 survivors (1024K)
 Metaspace       used 3162K, capacity 5564K, committed 5760K, reserved 1056768K
  class space    used 264K, capacity 607K, committed 640K, reserved 1048576K
}
Event: 24.790 GC heap after
{Heap after GC invocations=87 (full 17):
 garbage-first heap   total 20480K, used 5219K [0x0000000081a00000, 0x0000000100000000)
  region size 1024K, 1 young (1024K), 1 survivors (1024K)
 Metaspace       used 3162K, capacity 5564K, committed 5760K, reserved 1056768K
  class space    used 264K, capacity 607K, committed 640K, reserved 1048576K
}
Event: 24.799 GC heap before
{Heap before GC invocations=87 (full 17):
 garbage-first heap   total 20480K, used 5219K [0x0000000081a00000, 0x0000000100000000)
  region size 1024K, 2 young (2048K), 1 survivors (1024K)
 Metaspace       used 3162K, capacity 5564K, committed 5760K, reserved 1056768K
  class space    used 264K, capacity 607K, committed 640K, reserved 1048576K
}
Event: 24.807 GC heap after
{Heap after GC invocations=88 (full 18):
 garbage-first heap   total 17408K, used 4536K [0x0000000081a00000, 0x0000000100000000)
  region size 1024K, 0 young (0K), 0 survivors (0K)
 Metaspace       used 3162K, capacity 5564K, committed 5760K, reserved 1056768K
  class space    used 264K, capacity 607K, committed 640K, reserved 1048576K
}
Event: 24.908 GC heap before
{Heap before GC invocations=88 (full 18):
 garbage-first heap   total 17408K, used 12728K [0x0000000081a00000, 0x0000000100000000)
  region size 1024K, 8 young (8192K), 0 survivors (0K)
 Metaspace       used 3162K, capacity 5564K, committed 5760K, reserved 1056768K
  class space    used 264K, capacity 607K, committed 640K, reserved 1048576K
}
Event: 24.910 GC heap after
{Heap after GC invocations=89 (full 18):
 garbage-first heap   total 17408K, used 5044K [0x0000000081a00000, 0x0000000100000000)
  region size 1024K, 1 young (1024K), 1 survivors (1024K)
 Metaspace       used 3162K, capacity 5564K, committed 5760K, reserved 1056768K
  class space    used 264K, capacity 607K, committed 640K, reserved 1048576K
}
Event: 25.866 GC heap before
{Heap before GC invocations=89 (full 18):
 garbage-first heap   total 17408K, used 12212K [0x0000000081a00000, 0x0000000100000000)
  region size 1024K, 9 young (9216K), 1 survivors (1024K)
 Metaspace       used 3162K, capacity 5564K, committed 5760K, reserved 1056768K
  class space    used 264K, capacity 607K, committed 640K, reserved 1048576K
}
Event: 25.881 GC heap after
{Heap after GC invocations=90 (full 19):
 garbage-first heap   total 17408K, used 4723K [0x0000000081a00000, 0x0000000100000000)
  region size 1024K, 0 young (0K), 0 survivors (0K)
 Metaspace       used 3162K, capacity 5564K, committed 5760K, reserved 1056768K
  class space    used 264K, capacity 607K, committed 640K, reserved 1048576K
}
Event: 25.972 GC heap before
{Heap before GC invocations=90 (full 19):
 garbage-first heap   total 17408K, used 12915K [0x0000000081a00000, 0x0000000100000000)
  region size 1024K, 8 young (8192K), 0 survivors (0K)
 Metaspace       used 3162K, capacity 5564K, committed 5760K, reserved 1056768K
  class space    used 264K, capacity 607K, committed 640K, reserved 1048576K
}
Event: 25.973 GC heap after
{Heap after GC invocations=91 (full 19):
 garbage-first heap   total 17408K, used 5201K [0x0000000081a00000, 0x0000000100000000)
  region size 1024K, 1 young (1024K), 1 survivors (1024K)
 Metaspace       used 3162K, capacity 5564K, committed 5760K, reserved 1056768K
  class space    used 264K, capacity 607K, committed 640K, reserved 1048576K
}
Event: 27.067 GC heap before
{Heap before GC invocations=91 (full 19):
 garbage-first heap   total 17408K, used 13393K [0x0000000081a00000, 0x0000000100000000)
  region size 1024K, 9 young (9216K), 1 survivors (1024K)
 Metaspace       used 3162K, capacity 5564K, committed 5760K, reserved 1056768K
  class space    used 264K, capacity 607K, committed 640K, reserved 1048576K
}
Event: 27.068 GC heap after
{Heap after GC invocations=92 (full 19):
 garbage-first heap   total 17408K, used 5366K [0x0000000081a00000, 0x0000000100000000)
  region size 1024K, 1 young (1024K), 1 survivors (1024K)
 Metaspace       used 3162K, capacity 5564K, committed 5760K, reserved 1056768K
  class space    used 264K, capacity 607K, committed 640K, reserved 1048576K
}
Event: 27.109 GC heap before
{Heap before GC invocations=92 (full 19):
 garbage-first heap   total 17408K, used 7414K [0x0000000081a00000, 0x0000000100000000)
  region size 1024K, 4 young (4096K), 1 survivors (1024K)
 Metaspace       used 3162K, capacity 5564K, committed 5760K, reserved 1056768K
  class space    used 264K, capacity 607K, committed 640K, reserved 1048576K
}
Event: 27.123 GC heap after
{Heap after GC invocations=93 (full 20):
 garbage-first heap   total 17408K, used 4550K [0x0000000081a00000, 0x0000000100000000)
  region size 1024K, 0 young (0K), 0 survivors (0K)
 Metaspace       used 3162K, capacity 5564K, committed 5760K, reserved 1056768K
  class space    used 264K, capacity 607K, committed 640K, reserved 1048576K
}
Event: 27.164 GC heap before
{Heap before GC invocations=93 (full 20):
 garbage-first heap   total 17408K, used 12742K [0x0000000081a00000, 0x0000000100000000)
  region size 1024K, 8 young (8192K), 0 survivors (0K)
 Metaspace       used 3162K, capacity 5564K, committed 5760K, reserved 1056768K
  class space    used 264K, capacity 607K, committed 640K, reserved 1048576K
}
Event: 27.165 GC heap after
{Heap after GC invocations=94 (full 20):
 garbage-first heap   total 17408K, used 5216K [0x0000000081a00000, 0x0000000100000000)
  region size 1024K, 1 young (1024K), 1 survivors (1024K)
 Metaspace       used 3162K, capacity 5564K, committed 5760K, reserved 1056768K
  class space    used 264K, capacity 607K, committed 640K, reserved 1048576K
}
Event: 27.352 GC heap before
{Heap before GC invocations=94 (full 20):
 garbage-first heap   total 17408K, used 7264K [0x0000000081a00000, 0x0000000100000000)
  region size 1024K, 4 young (4096K), 1 survivors (1024K)
 Metaspace       used 3162K, capacity 5564K, committed 5760K, reserved 1056768K
  class space    used 264K, capacity 607K, committed 640K, reserved 1048576K
}
Event: 27.368 GC heap after
{Heap after GC invocations=95 (full 21):
 garbage-first heap   total 17408K, used 4736K [0x0000000081a00000, 0x0000000100000000)
  region size 1024K, 0 young (0K), 0 survivors (0K)
 Metaspace       used 3162K, capacity 5564K, committed 5760K, reserved 1056768K
  class space    used 264K, capacity 607K, committed 640K, reserved 1048576K
}
Event: 27.904 GC heap before
{Heap before GC invocations=95 (full 21):
 garbage-first heap   total 17408K, used 12928K [0x0000000081a00000, 0x0000000100000000)
  region size 1024K, 8 young (8192K), 0 survivors (0K)
 Metaspace       used 3162K, capacity 5564K, committed 5760K, reserved 1056768K
  class space    used 264K, capacity 607K, committed 640K, reserved 1048576K
}
Event: 27.906 GC heap after
{Heap after GC invocations=96 (full 21):
 garbage-first heap   total 17408K, used 5410K [0x0000000081a00000, 0x0000000100000000)
  region size 1024K, 1 young (1024K), 1 survivors (1024K)
 Metaspace       used 3162K, capacity 5564K, committed 5760K, reserved 1056768K
  class space    used 264K, capacity 607K, committed 640K, reserved 1048576K
}

Deoptimization events (20 events):
Event: 22.116 Thread 0x000001cc71168000 DEOPT PACKING pc=0x000001cc00a54838 sp=0x000000963f6ff1c0
Event: 22.117 Thread 0x000001cc71168000 DEOPT UNPACKING pc=0x000001cc0004964e sp=0x000000963f6fe738 mode 0
Event: 23.044 Thread 0x000001cc71168000 DEOPT PACKING pc=0x000001cc00a34b0e sp=0x000000963f6feb90
Event: 23.044 Thread 0x000001cc71168000 DEOPT UNPACKING pc=0x000001cc0004964e sp=0x000000963f6fe800 mode 0
Event: 23.353 Thread 0x000001cc71168000 DEOPT PACKING pc=0x000001cc00a32323 sp=0x000000963f6feb90
Event: 23.353 Thread 0x000001cc71168000 DEOPT UNPACKING pc=0x000001cc0004964e sp=0x000000963f6fe800 mode 0
Event: 23.354 Thread 0x000001cc71168000 DEOPT PACKING pc=0x000001cc0089b3c5 sp=0x000000963f6feb20
Event: 23.354 Thread 0x000001cc71168000 DEOPT UNPACKING pc=0x000001cc0004964e sp=0x000000963f6fe800 mode 0
Event: 24.907 Thread 0x000001cc71168000 DEOPT PACKING pc=0x000001cc00a54838 sp=0x000000963f6ff1c0
Event: 24.907 Thread 0x000001cc71168000 DEOPT UNPACKING pc=0x000001cc0004964e sp=0x000000963f6fe738 mode 0
Event: 24.927 Thread 0x000001cc71168000 DEOPT PACKING pc=0x000001cc00a32323 sp=0x000000963f6feb90
Event: 24.927 Thread 0x000001cc71168000 DEOPT UNPACKING pc=0x000001cc0004964e sp=0x000000963f6fe800 mode 0
Event: 24.929 Thread 0x000001cc71168000 DEOPT PACKING pc=0x000001cc0089b3c5 sp=0x000000963f6feb20
Event: 24.929 Thread 0x000001cc71168000 DEOPT UNPACKING pc=0x000001cc0004964e sp=0x000000963f6fe800 mode 0
Event: 24.935 Thread 0x000001cc71168000 DEOPT PACKING pc=0x000001cc00a73718 sp=0x000000963f6ff000
Event: 24.935 Thread 0x000001cc71168000 DEOPT UNPACKING pc=0x000001cc0004964e sp=0x000000963f6fe6c0 mode 0
Event: 25.985 Thread 0x000001cc71168000 DEOPT PACKING pc=0x000001cc00a88670 sp=0x000000963f6fefd0
Event: 25.985 Thread 0x000001cc71168000 DEOPT UNPACKING pc=0x000001cc0004964e sp=0x000000963f6fe680 mode 0
Event: 27.168 Thread 0x000001cc71168000 DEOPT PACKING pc=0x000001cc00a88670 sp=0x000000963f6fefd0
Event: 27.168 Thread 0x000001cc71168000 DEOPT UNPACKING pc=0x000001cc0004964e sp=0x000000963f6fe680 mode 0

Classes unloaded (0 events):
No events

Classes redefined (0 events):
No events

Internal exceptions (10 events):
Event: 0.201 Thread 0x000001cc71168000 Exception <a 'java/lang/NoSuchMethodError'{0x000000008960e2a0}: 'int java.lang.invoke.DirectMethodHandle$Holder.invokeSpecialIFC(java.lang.Object, java.lang.Object, int)'> (0x000000008960e2a0) 
thrown [t:/workspace/open/src/hotspot/share/interpreter/linkResolver.cpp, line 767]
Event: 16.938 Thread 0x000001cc71168000 Exception <a 'java/lang/NoSuchMethodError'{0x00000000872d0eb8}: 'java.lang.Object java.lang.invoke.DirectMethodHandle$Holder.invokeStatic(java.lang.Object, java.lang.Object, java.lang.Object, java.lang.Object, java.lang.Object, java.lang.Object, java.lang.Object, java.lang.Object, java.lang.Object, java.lang.Object, java.lang.Object, java.lang.Object, java.lang.Object, java.lang.Object, java.lang.Object)'> (0x00000000872d0eb8) 
thrown [t:/workspace/open/src/hotspot/share/interpreter/linkResolver.cpp, line 
Event: 16.939 Thread 0x000001cc71168000 Exception <a 'java/lang/NoSuchMethodError'{0x00000000872dce20}: 'java.lang.Object java.lang.invoke.DirectMethodHandle$Holder.invokeStatic(java.lang.Object, java.lang.Object, java.lang.Object, java.lang.Object, java.lang.Object, java.lang.Object, java.lang.Object, java.lang.Object, java.lang.Object, java.lang.Object, java.lang.Object, java.lang.Object, java.lang.Object, java.lang.Object, java.lang.Object, java.lang.Object)'> (0x00000000872dce20) 
thrown [t:/workspace/open/src/hotspot/share/interpreter/linkR
Event: 16.941 Thread 0x000001cc71168000 Exception <a 'java/lang/NoSuchMethodError'{0x00000000872e93c8}: 'java.lang.Object java.lang.invoke.DirectMethodHandle$Holder.invokeSpecial(java.lang.Object, java.lang.Object, long, int, int, int, int, int, int)'> (0x00000000872e93c8) 
thrown [t:/workspace/open/src/hotspot/share/interpreter/linkResolver.cpp, line 767]
Event: 16.941 Thread 0x000001cc71168000 Exception <a 'java/lang/NoSuchMethodError'{0x00000000872ec3e0}: 'java.lang.Object java.lang.invoke.DelegatingMethodHandle$Holder.reinvoke_L(java.lang.Object, long, int, int, int, int, int, int)'> (0x00000000872ec3e0) 
thrown [t:/workspace/open/src/hotspot/share/interpreter/linkResolver.cpp, line 767]
Event: 16.945 Thread 0x000001cc71168000 Exception <a 'java/lang/NoSuchMethodError'{0x0000000087127140}: 'java.lang.Object java.lang.invoke.Invokers$Holder.linkToTargetMethod(java.lang.Object, java.lang.Object, int, java.lang.Object, java.lang.Object)'> (0x0000000087127140) 
thrown [t:/workspace/open/src/hotspot/share/interpreter/linkResolver.cpp, line 767]
Event: 16.949 Thread 0x000001cc71168000 Implicit null exception at 0x000001cc07b615ec to 0x000001cc07b6165a
Event: 16.957 Thread 0x000001cc71168000 Exception <a 'java/lang/NoSuchMethodError'{0x0000000087191458}: 'java.lang.Object java.lang.invoke.Invokers$Holder.linkToTargetMethod(java.lang.Object, long, java.lang.Object)'> (0x0000000087191458) 
thrown [t:/workspace/open/src/hotspot/share/interpreter/linkResolver.cpp, line 767]
Event: 17.337 Thread 0x000001cc71168000 Exception <a 'java/lang/NoSuchMethodError'{0x0000000086d12c28}: 'java.lang.Object java.lang.invoke.DirectMethodHandle$Holder.invokeSpecial(java.lang.Object, java.lang.Object, long, int, int, int, int, int, int, int)'> (0x0000000086d12c28) 
thrown [t:/workspace/open/src/hotspot/share/interpreter/linkResolver.cpp, line 767]
Event: 17.338 Thread 0x000001cc71168000 Exception <a 'java/lang/NoSuchMethodError'{0x0000000086d15d00}: 'java.lang.Object java.lang.invoke.DelegatingMethodHandle$Holder.reinvoke_L(java.lang.Object, long, int, int, int, int, int, int, int)'> (0x0000000086d15d00) 
thrown [t:/workspace/open/src/hotspot/share/interpreter/linkResolver.cpp, line 767]

Events (20 events):
Event: 24.807 Executing VM operation: G1CollectFull done
Event: 24.908 Thread 0x000001cc11921000 Thread exited: 0x000001cc11921000
Event: 24.908 Executing VM operation: G1CollectForAllocation
Event: 24.910 Executing VM operation: G1CollectForAllocation done
Event: 25.866 Executing VM operation: G1CollectFull
Event: 25.881 Executing VM operation: G1CollectFull done
Event: 25.971 Executing VM operation: G1CollectForAllocation
Event: 25.973 Executing VM operation: G1CollectForAllocation done
Event: 27.067 Executing VM operation: G1CollectForAllocation
Event: 27.068 Executing VM operation: G1CollectForAllocation done
Event: 27.071 Executing VM operation: RevokeBias
Event: 27.071 Executing VM operation: RevokeBias done
Event: 27.109 Executing VM operation: G1CollectFull
Event: 27.123 Executing VM operation: G1CollectFull done
Event: 27.164 Executing VM operation: G1CollectForAllocation
Event: 27.165 Executing VM operation: G1CollectForAllocation done
Event: 27.352 Executing VM operation: G1CollectFull
Event: 27.368 Executing VM operation: G1CollectFull done
Event: 27.904 Executing VM operation: G1CollectForAllocation
Event: 27.906 Executing VM operation: G1CollectForAllocation done


Dynamic libraries:
0x00007ff79c590000 - 0x00007ff79c59f000 	C:\Program Files\Java\jdk-13.0.1\bin\java.exe
0x00007ffd9d290000 - 0x00007ffd9d488000 	C:\WINDOWS\SYSTEM32\ntdll.dll
0x00007ffd9ce60000 - 0x00007ffd9cf1f000 	C:\WINDOWS\System32\KERNEL32.DLL
0x00007ffd9b000000 - 0x00007ffd9b2d2000 	C:\WINDOWS\System32\KERNELBASE.dll
0x00007ffd9ab10000 - 0x00007ffd9ac10000 	C:\WINDOWS\System32\ucrtbase.dll
0x00007ffd8d550000 - 0x00007ffd8d568000 	C:\Program Files\Java\jdk-13.0.1\bin\jli.dll
0x00007ffd8d570000 - 0x00007ffd8d585000 	C:\Program Files\Java\jdk-13.0.1\bin\VCRUNTIME140.dll
0x00007ffd9b480000 - 0x00007ffd9b52e000 	C:\WINDOWS\System32\ADVAPI32.dll
0x00007ffd9cdb0000 - 0x00007ffd9ce4e000 	C:\WINDOWS\System32\msvcrt.dll
0x00007ffd9cd10000 - 0x00007ffd9cdac000 	C:\WINDOWS\System32\sechost.dll
0x00007ffd9c950000 - 0x00007ffd9ca75000 	C:\WINDOWS\System32\RPCRT4.dll
0x00007ffd9b2e0000 - 0x00007ffd9b47d000 	C:\WINDOWS\System32\USER32.dll
0x00007ffd9aa70000 - 0x00007ffd9aa92000 	C:\WINDOWS\System32\win32u.dll
0x00007ffd9ca80000 - 0x00007ffd9caab000 	C:\WINDOWS\System32\GDI32.dll
0x00007ffd88af0000 - 0x00007ffd88d8a000 	C:\WINDOWS\WinSxS\amd64_microsoft.windows.common-controls_6595b64144ccf1df_6.0.19041.1110_none_60b5254171f9507e\COMCTL32.dll
0x00007ffd9ac10000 - 0x00007ffd9ad1f000 	C:\WINDOWS\System32\gdi32full.dll
0x00007ffd9aeb0000 - 0x00007ffd9af4d000 	C:\WINDOWS\System32\msvcp_win.dll
0x00007ffd93770000 - 0x00007ffd9377a000 	C:\WINDOWS\SYSTEM32\VERSION.dll
0x00007ffd9d1f0000 - 0x00007ffd9d222000 	C:\WINDOWS\System32\IMM32.DLL
0x0000000058050000 - 0x000000005805b000 	D:\Program Files (x86)\360\360safe\safemon\SafeWrapper.dll
0x00007ffd8c570000 - 0x00007ffd8c60b000 	C:\Program Files\Java\jdk-13.0.1\bin\msvcp140.dll
0x00007ffd37050000 - 0x00007ffd37bb6000 	C:\Program Files\Java\jdk-13.0.1\bin\server\jvm.dll
0x00007ffd9c320000 - 0x00007ffd9c328000 	C:\WINDOWS\System32\PSAPI.DLL
0x00007ffd8ce40000 - 0x00007ffd8ce67000 	C:\WINDOWS\SYSTEM32\WINMM.dll
0x00007ffd990d0000 - 0x00007ffd990d9000 	C:\WINDOWS\SYSTEM32\WSOCK32.dll
0x00007ffd9bfe0000 - 0x00007ffd9c04b000 	C:\WINDOWS\System32\WS2_32.dll
0x00007ffd99230000 - 0x00007ffd99242000 	C:\WINDOWS\SYSTEM32\kernel.appcore.dll
0x00007ffd964b0000 - 0x00007ffd964c0000 	C:\Program Files\Java\jdk-13.0.1\bin\verify.dll
0x00007ffd98ec0000 - 0x00007ffd990a4000 	C:\WINDOWS\SYSTEM32\DBGHELP.DLL
0x00007ffd7e8f0000 - 0x00007ffd7e91c000 	C:\WINDOWS\SYSTEM32\dbgcore.DLL
0x00007ffd9a9e0000 - 0x00007ffd9aa62000 	C:\WINDOWS\System32\bcryptPrimitives.dll
0x00007ffd8c760000 - 0x00007ffd8c786000 	C:\Program Files\Java\jdk-13.0.1\bin\java.dll
0x00007ffd963a0000 - 0x00007ffd963ae000 	C:\Program Files\Java\jdk-13.0.1\bin\instrument.dll
0x00007ffd8c680000 - 0x00007ffd8c697000 	C:\Program Files\Java\jdk-13.0.1\bin\zip.dll
0x00007ffd96440000 - 0x00007ffd9644a000 	C:\Program Files\Java\jdk-13.0.1\bin\jimage.dll
0x00007ffd9b530000 - 0x00007ffd9bc73000 	C:\WINDOWS\System32\SHELL32.dll
0x00007ffd98660000 - 0x00007ffd98df2000 	C:\WINDOWS\SYSTEM32\windows.storage.dll
0x00007ffd9bc80000 - 0x00007ffd9bfd4000 	C:\WINDOWS\System32\combase.dll
0x00007ffd9a3f0000 - 0x00007ffd9a420000 	C:\WINDOWS\SYSTEM32\Wldp.dll
0x00007ffd9c180000 - 0x00007ffd9c22d000 	C:\WINDOWS\System32\SHCORE.dll
0x00007ffd9cf20000 - 0x00007ffd9cf75000 	C:\WINDOWS\System32\shlwapi.dll
0x00007ffd9a8d0000 - 0x00007ffd9a8ef000 	C:\WINDOWS\SYSTEM32\profapi.dll
0x00007ffd8c660000 - 0x00007ffd8c679000 	C:\Program Files\Java\jdk-13.0.1\bin\net.dll
0x00007ffd95690000 - 0x00007ffd9579c000 	C:\WINDOWS\SYSTEM32\WINHTTP.dll
0x00007ffd9a150000 - 0x00007ffd9a1ba000 	C:\WINDOWS\system32\mswsock.dll
0x00007ffd8c550000 - 0x00007ffd8c563000 	C:\Program Files\Java\jdk-13.0.1\bin\nio.dll
0x00007ffd87f70000 - 0x00007ffd87f8a000 	D:\Program Files\JetBrains\IntelliJ IDEA 2021.3.2\bin\breakgen64.dll
0x000000006f880000 - 0x000000006f8aa000 	G:\UOA_Courses\thesis\project\radiotelescopescheduling\norad\norad.dll
0x0000000061440000 - 0x000000006145a000 	D:\Program Files (x86)\mingw64\bin\libgcc_s_seh-1.dll
0x000000006fc40000 - 0x000000006fda3000 	D:\Program Files (x86)\mingw64\bin\libstdc++-6.dll
0x0000000064940000 - 0x0000000064955000 	D:\Program Files (x86)\mingw64\bin\libwinpthread-1.dll
0x0000000070980000 - 0x00000000709c4000 	G:\UOA_Courses\thesis\project\radiotelescopescheduling\novas\novas.dll
0x00007ffd85780000 - 0x00007ffd857b2000 	C:\gurobi952\win64\bin\GurobiJni95.dll
0x00007ffd121a0000 - 0x00007ffd142a0000 	C:\gurobi952\win64\bin\gurobi95.dll
0x00007ffd9ad20000 - 0x00007ffd9ae76000 	C:\WINDOWS\System32\CRYPT32.dll
0x00007ffd9d190000 - 0x00007ffd9d1e6000 	C:\WINDOWS\System32\WLDAP32.dll
0x00007ffd9ce50000 - 0x00007ffd9ce58000 	C:\WINDOWS\System32\Normaliz.dll
0x00007ffd9a880000 - 0x00007ffd9a8b2000 	C:\WINDOWS\SYSTEM32\SspiCli.dll

dbghelp: loaded successfully - version: 4.0.5 - missing functions: none
symbol engine: initialized successfully - sym options: 0x614 - pdb path: .;C:\Program Files\Java\jdk-13.0.1\bin;C:\WINDOWS\SYSTEM32;C:\WINDOWS\WinSxS\amd64_microsoft.windows.common-controls_6595b64144ccf1df_6.0.19041.1110_none_60b5254171f9507e;D:\Program Files (x86)\360\360safe\safemon;C:\Program Files\Java\jdk-13.0.1\bin\server;D:\Program Files\JetBrains\IntelliJ IDEA 2021.3.2\bin;G:\UOA_Courses\thesis\project\radiotelescopescheduling\norad;D:\Program Files (x86)\mingw64\bin;G:\UOA_Courses\thesis\project\radiotelescopescheduling\novas;C:\gurobi952\win64\bin

VM Arguments:
jvm_args: -Djava.library.path=G:\UOA_Courses\thesis\project\radiotelescopescheduling\norad;G:\UOA_Courses\thesis\project\radiotelescopescheduling\novas;C:\gurobi952\win64\lib;C:\gurobi952\win64\bin -javaagent:D:\Program Files\JetBrains\IntelliJ IDEA 2021.3.2\lib\idea_rt.jar=9470:D:\Program Files\JetBrains\IntelliJ IDEA 2021.3.2\bin -Dfile.encoding=UTF-8 
java_command: SchedulingMain
java_class_path (initial): G:\UOA_Courses\thesis\project\radiotelescopescheduling\out\production\radiotelescopescheduling;C:\Users\Han\.m2\repository\com\google\ortools\ortools-java\8.2.9025\ortools-java-8.2.9025.jar;C:\Users\Han\.m2\repository\com\google\ortools\ortools-linux-x86-64\8.2.9025\ortools-linux-x86-64-8.2.9025.jar;C:\Users\Han\.m2\repository\com\google\ortools\ortools-darwin-x86-64\8.2.9025\ortools-darwin-x86-64-8.2.9025.jar;C:\Users\Han\.m2\repository\com\google\ortools\ortools-win32-x86-64\8.2.9025\ortools-win32-x86-64-8.2.9025.jar;C:\Users\Han\.m2\repository\net\java\dev\jna\jna-platform\5.8.0\jna-platform-5.8.0.jar;C:\Users\Han\.m2\repository\net\java\dev\jna\jna\5.8.0\jna-5.8.0.jar;C:\Users\Han\.m2\repository\com\google\protobuf\protobuf-java\3.15.7\protobuf-java-3.15.7.jar;C:\Users\Han\.m2\repository\com\google\protobuf\protobuf-java\3.17.3\protobuf-java-3.17.3.jar;C:\Users\Han\.m2\repository\org\mongodb\bson\4.3.2\bson-4.3.2.jar;C:\Users\Han\.m2\repository\org\mongodb\mongo-java-driver\3.12.8\mongo-java-driver-3.12.8.jar;C:\Users\Han\.m2\repository\org\mongodb\mongodb-driver-core\4.2.3\mongodb-driver-core-4.2.3.jar;C:\Users\Han\.m2\repository\org\mongodb\bson\4.2.3\bson-4.2.3.jar;C:\gurobi952\win64\lib\gurobi.jar;C:\gurobi952\win64\lib\gurobi-javadoc.jar
Launcher Type: SUN_STANDARD

[Global flags]
     intx CICompilerCount                          = 4                                         {product} {ergonomic}
     uint ConcGCThreads                            = 2                                         {product} {ergonomic}
     uint G1ConcRefinementThreads                  = 8                                         {product} {ergonomic}
   size_t G1HeapRegionSize                         = 1048576                                   {product} {ergonomic}
    uintx GCDrainStackTargetSize                   = 64                                        {product} {ergonomic}
   size_t InitialHeapSize                          = 134217728                                 {product} {ergonomic}
   size_t MarkStackSize                            = 4194304                                   {product} {ergonomic}
   size_t MaxHeapSize                              = 2120220672                                {product} {ergonomic}
   size_t MaxNewSize                               = 1271922688                                {product} {ergonomic}
   size_t MinHeapDeltaBytes                        = 1048576                                   {product} {ergonomic}
   size_t MinHeapSize                              = 8388608                                   {product} {ergonomic}
    uintx NonNMethodCodeHeapSize                   = 5836300                                {pd product} {ergonomic}
    uintx NonProfiledCodeHeapSize                  = 122910970                              {pd product} {ergonomic}
    uintx ProfiledCodeHeapSize                     = 122910970                              {pd product} {ergonomic}
    uintx ReservedCodeCacheSize                    = 251658240                              {pd product} {ergonomic}
     bool SegmentedCodeCache                       = true                                      {product} {ergonomic}
   size_t SoftMaxHeapSize                          = 2120220672                             {manageable} {ergonomic}
     bool UseCompressedClassPointers               = true                                 {lp64_product} {ergonomic}
     bool UseCompressedOops                        = true                                 {lp64_product} {ergonomic}
     bool UseG1GC                                  = true                                      {product} {ergonomic}
     bool UseLargePagesIndividualAllocation        = false                                  {pd product} {ergonomic}

Logging:
Log output configuration:
 #0: stdout all=warning uptime,level,tags
 #1: stderr all=off uptime,level,tags

Environment Variables:
JAVA_HOME=C:\Program Files\Java\jdk-13.0.1
CLASSPATH=.;C:\Program Files\Java\jdk-13.0.1\lib\dt.jar;C:\Program Files\Java\jdk-13.0.1\lib\tools.jar;
PATH=C:\gurobi952\win64\bin;D:\Program Files\ImageMagick-7.1.0-Q16-HDRI;D:\CUDA\bin;D:\CUDA\libnvvp;C:\Program Files\Microsoft MPI\Bin\;C:\Program Files (x86)\Intel\iCLS Client\;C:\Program Files\Intel\iCLS Client\;C:\windows\system32;C:\windows;C:\windows\System32\Wbem;C:\windows\System32\WindowsPowerShell\v1.0\;C:\Program Files (x86)\Intel\Intel(R) Management Engine Components\DAL;C:\Program Files\Intel\Intel(R) Management Engine Components\DAL;C:\Program Files (x86)\Intel\Intel(R) Management Engine Components\IPT;C:\Program Files\Intel\Intel(R) Management Engine Components\IPT;C:\Program Files (x86)\NVIDIA Corporation\PhysX\Common;C:\WINDOWS\system32;C:\WINDOWS;C:\WINDOWS\System32\Wbem;C:\WINDOWS\System32\WindowsPowerShell\v1.0\;C:\Program Files (x86)\Windows Kits\8.1\Windows Performance Toolkit\;D:\Lingo\;C:\Program Files\Microsoft SQL Server\Client SDK\ODBC\130\Tools\Binn\;C:\Program Files (x86)\Microsoft SQL Server\140\Tools\Binn\;C:\Program Files\Microsoft SQL Server\140\Tools\Binn\;C:\Program Files (x86)\Microsoft SQL Server\140\DTS\Binn\;C:\Program Files\Microsoft SQL Server\140\DTS\Binn\;C:\WINDOWS\System32\OpenSSH\;C:\Program Files\Intel\WiFi\bin\;C:\Program Files\Common Files\Intel\WirelessCommon\;C:\Program Files\Java\jdk-13.0.1\bin;C:\Program Files\NVIDIA Corporation\Nsight Compute 2019.4.0\;C:\Program Files\NVIDIA Corporation\NVIDIA NvDLISR;D:\CUDA\lib\x64;C:\Program Files\dotnet\;D:\Microsoft Visual Studio\opencv\opencv\build\x64\vc15\bin;D:\Microsoft Visual Studio\opencv\opencv\build\x64\vc15\lib;C:\WINDOWS\system32;C:\WINDOWS;C:\WINDOWS\System32\Wbem;C:\WINDOWS\System32\WindowsPowerShell\v1.0\;C:\WINDOWS\System32\OpenSSH\;C:\Program Files\Git\cmd;D:\Program Files (x86)\mingw64\bin;C:\ProgramData\chocolatey\bin;D:\Program Files\MATLAB\R2022b\runtime\win64;D:\Program Files\MATLAB\R2022b\bin;C:\Users\Han\AppData\Local\Microsoft\WindowsApps;D:\altera\13.0sp1\modelsim_ase\win32aloem;D:\altera\13.0sp1\modelsim_ae\win32aloem;D:\Microsoft Visual Studio\opencv\
USERNAME=Han
LD_LIBRARY_PATH=C:\gurobi952\win64\lib
OS=Windows_NT
PROCESSOR_IDENTIFIER=Intel64 Family 6 Model 94 Stepping 3, GenuineIntel



---------------  S Y S T E M  ---------------

OS: Windows 10 , 64 bit Build 19041 (10.0.19041.2251)

CPU:total 8 (initial active 8) (4 cores per cpu, 2 threads per core) family 6 model 94 stepping 3, cmov, cx8, fxsr, mmx, sse, sse2, sse3, ssse3, sse4.1, sse4.2, popcnt, avx, avx2, aes, clmul, erms, rtm, 3dnowpref, lzcnt, ht, tsc, tscinvbit, bmi1, bmi2, adx, fma

Memory: 4k page, system-wide physical 8081M (1892M free)
TotalPageFile size 10743M (AvailPageFile size 2050M)
current process WorkingSet (physical memory assigned to process): 152M, peak: 197M
current process commit charge ("private bytes"): 193M, peak: 275M

vm_info: Java HotSpot(TM) 64-Bit Server VM (13.0.1+9) for windows-amd64 JRE (13.0.1+9), built on Oct  6 2019 12:37:49 by "mach5one" with unknown MS VC++:1916

END.
