#
# A fatal error has been detected by the Java Runtime Environment:
#
#  EXCEPTION_ACCESS_VIOLATION (0xc0000005) at pc=0x00007ffd2b9335ce, pid=14060, tid=14456
#
# JRE version: Java(TM) SE Runtime Environment (13.0.1+9) (build 13.0.1+9)
# Java VM: Java HotSpot(TM) 64-Bit Server VM (13.0.1+9, mixed mode, sharing, tiered, compressed oops, g1 gc, windows-amd64)
# Problematic frame:
# C  [gurobi95.dll+0x7e35ce]
#
# No core dump will be written. Minidumps are not enabled by default on client versions of Windows
#
# If you would like to submit a bug report, please visit:
#   http://bugreport.java.com/bugreport/crash.jsp
# The crash happened outside the Java Virtual Machine in native code.
# See problematic frame for where to report the bug.
#

---------------  S U M M A R Y ------------

Command Line: -Djava.library.path=G:\UOA_Courses\thesis\project\radiotelescopescheduling\norad;G:\UOA_Courses\thesis\project\radiotelescopescheduling\novas;C:\gurobi952\win64\lib;C:\gurobi952\win64\bin -javaagent:D:\Program Files\JetBrains\IntelliJ IDEA 2021.3.2\lib\idea_rt.jar=5635:D:\Program Files\JetBrains\IntelliJ IDEA 2021.3.2\bin -Dfile.encoding=UTF-8 SchedulingMain

Host: Intel(R) Core(TM) i7-6700HQ CPU @ 2.60GHz, 8 cores, 7G,  Windows 10 , 64 bit Build 19041 (10.0.19041.2251)
Time: Sat Nov 26 13:31:36 2022 W. Europe Standard Time elapsed time: 14 seconds (0d 0h 0m 14s)

---------------  T H R E A D  ---------------

Current thread (0x000001efec738800):  JavaThread "main" [_thread_in_native, id=14456, stack(0x000000e7ea000000,0x000000e7ea100000)]

Stack: [0x000000e7ea000000,0x000000e7ea100000],  sp=0x000000e7ea0feb00,  free space=1018k
Native frames: (J=compiled Java code, j=interpreted, Vv=VM code, C=native code)
C  [gurobi95.dll+0x7e35ce]

Java frames: (J=compiled Java code, j=interpreted, Vv=VM code)
J 948  gurobi.GurobiJni.getattrinfo(JLjava/lang/String;[I)I (0 bytes) @ 0x000001ef87b5403e [0x000001ef87b53fc0+0x000000000000007e]
J 1035 c2 gurobi.GRBVar.get(Lgurobi/GRB$DoubleAttr;)D (104 bytes) @ 0x000001ef87b71930 [0x000001ef87b71840+0x00000000000000f0]
J 1164 c2 optimisation.MultiTelescopesMTSPPolicy.findNextPaths([Lobservation/Pointable;)[Lobservation/Connection; (1691 bytes) @ 0x000001ef87bcf954 [0x000001ef87bca600+0x0000000000005354]
j  optimisation.DispatchPolicy.nextMoves()V+39
j  optimisation.Scheduler.buildSchedule(Ljava/util/Properties;)V+702
j  simulation.Simulation.run()V+8
j  SchedulingMain.runRepeats(I)V+34
j  SchedulingMain.main([Ljava/lang/String;)V+40
v  ~StubRoutines::call_stub

siginfo: EXCEPTION_ACCESS_VIOLATION (0xc0000005), reading address 0x0000000000000000


Register to memory mapping:

RIP=0x00007ffd2b9335ce gurobi95.dll
RAX=0x0 is NULL
RBX=0x000000e7ea0fee30 is pointing into the stack for thread: 0x000001efec738800
RCX=0x0000000000000001 is an unknown value
RDX=0x000000e7ea0feb20 is pointing into the stack for thread: 0x000001efec738800
RSP=0x000000e7ea0feb00 is pointing into the stack for thread: 0x000001efec738800
RBP=0x000000e7ea0fedc8 is pointing into the stack for thread: 0x000001efec738800
RSI=0x0000000082a0c818 is an oop: [I 
{0x0000000082a0c818} - klass: {type array int}
 - length: 1
RDI=0x0 is NULL
R8 =0x000001ef926e0460 points into unknown readable memory: 58 00 00 00 00 00 00 00
R9 =0x000000e7ea0feb20 is pointing into the stack for thread: 0x000001efec738800
R10=0x0000000000000001 is an unknown value
R11=0x0000000000000038 is an unknown value
R12=0x000001ef8ffc7fe0 points into unknown readable memory: 00 00 00 00 00 00 00 00
R13=0x000001ef926e0460 points into unknown readable memory: 58 00 00 00 00 00 00 00
R14=0x000000e7ea0fedc0 is pointing into the stack for thread: 0x000001efec738800
R15=0x000000e7ea0fedc4 is pointing into the stack for thread: 0x000001efec738800


Registers:
RAX=0x0000000000000000, RBX=0x000000e7ea0fee30, RCX=0x0000000000000001, RDX=0x000000e7ea0feb20
RSP=0x000000e7ea0feb00, RBP=0x000000e7ea0fedc8, RSI=0x0000000082a0c818, RDI=0x0000000000000000
R8 =0x000001ef926e0460, R9 =0x000000e7ea0feb20, R10=0x0000000000000001, R11=0x0000000000000038
R12=0x000001ef8ffc7fe0, R13=0x000001ef926e0460, R14=0x000000e7ea0fedc0, R15=0x000000e7ea0fedc4
RIP=0x00007ffd2b9335ce, EFLAGS=0x0000000000010202

Top of Stack: (sp=0x000000e7ea0feb00)
0x000000e7ea0feb00:   0000000000000000 0000000000000010
0x000000e7ea0feb10:   0000000000000002 0000000000000002
0x000000e7ea0feb20:   000001efec4b0058 000000e7ea0febe9
0x000000e7ea0feb30:   0000000000000001 00007ffd9d2bb3c7
0x000000e7ea0feb40:   000001efec680000 0000000000000003
0x000000e7ea0feb50:   0000000000000002 00007ffd00000000
0x000000e7ea0feb60:   0000000082a005b8 0000000000000000
0x000000e7ea0feb70:   00000002ec4d49a0 000000000000004c
0x000000e7ea0feb80:   00007ffd378b4b40 000001efec738800
0x000000e7ea0feb90:   00000008003a85d0 0000000000000000
0x000000e7ea0feba0:   000001000000008e 000001efec7390c8
0x000000e7ea0febb0:   0000000000000049 00007ffd37246bac
0x000000e7ea0febc0:   00000008003a8bd0 00007ffd3710a365
0x000000e7ea0febd0:   000000e7ea0feda0 0000000000000001
0x000000e7ea0febe0:   0000000000000000 0000000000000008
0x000000e7ea0febf0:   000001ef8ffc7fe0 000000e7ea0fee38 

Instructions: (pc=0x00007ffd2b9335ce)
0x00007ffd2b9334ce:   c3 90 cc cc cc cc cc cc cc cc cc cc cc cc cc cc
0x00007ffd2b9334de:   cc cc cc cc cc cc cc cc cc cc cc cc cc cc cc cc
0x00007ffd2b9334ee:   cc cc 41 56 41 57 55 48 81 ec 20 02 00 00 49 89
0x00007ffd2b9334fe:   cf 4c 89 c5 4d 89 ce 4d 8b 87 d8 02 00 00 4d 85
0x00007ffd2b93350e:   c0 74 38 49 83 38 00 74 32 48 85 d2 74 2d 48 89
0x00007ffd2b93351e:   d1 48 8d 54 24 20 e8 e4 04 82 ff 49 8b 87 d8 02
0x00007ffd2b93352e:   00 00 48 8d 54 24 20 48 8b 08 e8 c0 46 82 ff 48
0x00007ffd2b93353e:   63 c0 4d 8b 87 d8 02 00 00 eb 07 48 c7 c0 ff ff
0x00007ffd2b93354e:   ff ff 48 8d 14 c0 49 8b 40 10 48 89 6c d0 38 4c
0x00007ffd2b93355e:   89 74 d0 40 48 81 c4 20 02 00 00 5d 41 5f 41 5e
0x00007ffd2b93356e:   c3 90 cc cc cc cc cc cc cc cc cc cc cc cc cc cc
0x00007ffd2b93357e:   cc cc cc cc cc cc cc cc cc cc cc cc cc cc cc cc
0x00007ffd2b93358e:   cc cc 41 54 48 81 ec 20 02 00 00 49 89 cc 49 8b
0x00007ffd2b93359e:   84 24 d8 02 00 00 48 85 c0 74 37 48 83 38 00 74
0x00007ffd2b9335ae:   31 48 85 d2 74 2c 48 89 d1 48 8d 54 24 20 e8 4c
0x00007ffd2b9335be:   04 82 ff 49 8b 84 24 d8 02 00 00 48 8d 54 24 20
0x00007ffd2b9335ce:   48 8b 08 e8 27 46 82 ff 48 81 c4 20 02 00 00 41
0x00007ffd2b9335de:   5c c3 b8 ff ff ff ff 48 81 c4 20 02 00 00 41 5c
0x00007ffd2b9335ee:   c3 90 cc cc cc cc cc cc cc cc cc cc cc cc cc cc
0x00007ffd2b9335fe:   cc cc cc cc cc cc cc cc cc cc cc cc cc cc cc cc
0x00007ffd2b93360e:   cc cc 48 83 ec 28 49 89 c9 49 8b 81 d8 02 00 00
0x00007ffd2b93361e:   48 85 c0 0f 84 ae 00 00 00 44 8b 40 08 45 85 c0
0x00007ffd2b93362e:   0f 8e a1 00 00 00 44 89 c1 41 ba 01 00 00 00 33
0x00007ffd2b93363e:   d2 d1 e9 74 64 48 89 6c 24 20 45 33 d2 4c 8b 58
0x00007ffd2b93364e:   10 8d 2c 12 48 63 ed 48 8d 6c ed 00 41 83 7c eb
0x00007ffd2b93365e:   18 00 74 11 4d 89 54 eb 38 4d 89 54 eb 40 49 8b
0x00007ffd2b93366e:   81 d8 02 00 00 48 8b 40 10 83 7c e8 60 00 74 10
0x00007ffd2b93367e:   4c 89 94 e8 80 00 00 00 4c 89 94 e8 88 00 00 00
0x00007ffd2b93368e:   ff c2 3b d1 73 09 49 8b 81 d8 02 00 00 eb ae 48
0x00007ffd2b93369e:   8b 6c 24 20 44 8d 54 12 01 41 8d 42 ff 41 3b c0
0x00007ffd2b9336ae:   73 25 49 8b 81 d8 02 00 00 4d 63 d2 48 8b 50 10
0x00007ffd2b9336be:   4b 8d 0c d2 83 7c ca d0 00 74 0c 33 c0 48 89 44 


Stack slot to memory mapping:
stack at sp + 0 slots: 0x0 is NULL
stack at sp + 1 slots: 0x0000000000000010 is an unknown value
stack at sp + 2 slots: 0x0000000000000002 is an unknown value
stack at sp + 3 slots: 0x0000000000000002 is an unknown value
stack at sp + 4 slots: 0x000001efec4b0058 points into unknown readable memory: 00 00 00 00 00 00 00 00
stack at sp + 5 slots: 0x000000e7ea0febe9 is pointing into the stack for thread: 0x000001efec738800
stack at sp + 6 slots: 0x0000000000000001 is an unknown value
stack at sp + 7 slots: 0x00007ffd9d2bb3c7 ntdll.dll


---------------  P R O C E S S  ---------------

Threads class SMR info:
_java_thread_list=0x000001efff95be50, length=12, elements={
0x000001efec738800, 0x000001effe5f7800, 0x000001effe5fa800, 0x000001effe61f000,
0x000001effe620000, 0x000001effe621000, 0x000001effe62a000, 0x000001effe633000,
0x000001effe5df800, 0x000001efff1ee800, 0x000001efff1ef800, 0x000001ef92c68800
}

Java Threads: ( => current thread )
=>0x000001efec738800 JavaThread "main" [_thread_in_native, id=14456, stack(0x000000e7ea000000,0x000000e7ea100000)]
  0x000001effe5f7800 JavaThread "Reference Handler" daemon [_thread_blocked, id=17152, stack(0x000000e7ea700000,0x000000e7ea800000)]
  0x000001effe5fa800 JavaThread "Finalizer" daemon [_thread_blocked, id=5048, stack(0x000000e7ea800000,0x000000e7ea900000)]
  0x000001effe61f000 JavaThread "Signal Dispatcher" daemon [_thread_blocked, id=9032, stack(0x000000e7ea900000,0x000000e7eaa00000)]
  0x000001effe620000 JavaThread "Attach Listener" daemon [_thread_blocked, id=1728, stack(0x000000e7eaa00000,0x000000e7eab00000)]
  0x000001effe621000 JavaThread "C2 CompilerThread0" daemon [_thread_blocked, id=10504, stack(0x000000e7eab00000,0x000000e7eac00000)]
  0x000001effe62a000 JavaThread "C1 CompilerThread0" daemon [_thread_blocked, id=12184, stack(0x000000e7eac00000,0x000000e7ead00000)]
  0x000001effe633000 JavaThread "Sweeper thread" daemon [_thread_blocked, id=14728, stack(0x000000e7ead00000,0x000000e7eae00000)]
  0x000001effe5df800 JavaThread "Common-Cleaner" daemon [_thread_blocked, id=17060, stack(0x000000e7eae00000,0x000000e7eaf00000)]
  0x000001efff1ee800 JavaThread "Monitor Ctrl-Break" daemon [_thread_in_native, id=14588, stack(0x000000e7eaf00000,0x000000e7eb000000)]
  0x000001efff1ef800 JavaThread "Service Thread" daemon [_thread_blocked, id=1036, stack(0x000000e7eb000000,0x000000e7eb100000)]
  0x000001ef92c68800 JavaThread "C2 CompilerThread1" daemon [_thread_blocked, id=16388, stack(0x000000e7eb200000,0x000000e7eb300000)]

Other Threads:
  0x000001effe5f6000 VMThread "VM Thread" [stack: 0x000000e7ea600000,0x000000e7ea700000] [id=12708]
  0x000001efff1f3800 WatcherThread [stack: 0x000000e7eb100000,0x000000e7eb200000] [id=1564]
  0x000001efec77c800 GCTaskThread "GC Thread#0" [stack: 0x000000e7ea100000,0x000000e7ea200000] [id=11000]
  0x000001ef8f660000 GCTaskThread "GC Thread#1" [stack: 0x000000e7eb400000,0x000000e7eb500000] [id=2220]
  0x000001efff96a000 GCTaskThread "GC Thread#2" [stack: 0x000000e7eb500000,0x000000e7eb600000] [id=13620]
  0x000001efec78e000 ConcurrentGCThread "G1 Main Marker" [stack: 0x000000e7ea200000,0x000000e7ea300000] [id=13664]
  0x000001efec790000 ConcurrentGCThread "G1 Conc#0" [stack: 0x000000e7ea300000,0x000000e7ea400000] [id=11384]
  0x000001efec80e000 ConcurrentGCThread "G1 Refine#0" [stack: 0x000000e7ea400000,0x000000e7ea500000] [id=13716]
  0x000001effe476800 ConcurrentGCThread "G1 Young RemSet Sampling" [stack: 0x000000e7ea500000,0x000000e7ea600000] [id=9864]

Threads with active compile tasks:

VM state:not at safepoint (normal execution)

VM Mutex/Monitor currently owned by a thread: None

Heap address: 0x0000000081a00000, size: 2022 MB, Compressed Oops mode: 32-bit
Narrow klass base: 0x0000000800000000, Narrow klass shift: 3
Compressed class space size: 1073741824 Address: 0x0000000800b40000

Heap:
 garbage-first heap   total 17408K, used 5363K [0x0000000081a00000, 0x0000000100000000)
  region size 1024K, 2 young (2048K), 1 survivors (1024K)
 Metaspace       used 2635K, capacity 5349K, committed 5504K, reserved 1056768K
  class space    used 214K, capacity 531K, committed 640K, reserved 1048576K
Heap Regions: E=young(eden), S=young(survivor), O=old, HS=humongous(starts), HC=humongous(continues), CS=collection set, F=free, A=archive, TAMS=top-at-mark-start (previous, next)
|   0|0x0000000081a00000, 0x0000000081b00000, 0x0000000081b00000|100%| O|  |TAMS 0x0000000081a00000, 0x0000000081a00000| Untracked 
|   1|0x0000000081b00000, 0x0000000081bfffe0, 0x0000000081c00000| 99%| O|  |TAMS 0x0000000081b00000, 0x0000000081b00000| Untracked 
|   2|0x0000000081c00000, 0x0000000081cffff0, 0x0000000081d00000| 99%| O|  |TAMS 0x0000000081c00000, 0x0000000081c00000| Untracked 
|   3|0x0000000081d00000, 0x0000000081dfb838, 0x0000000081e00000| 98%| O|  |TAMS 0x0000000081d00000, 0x0000000081d00000| Untracked 
|   4|0x0000000081e00000, 0x0000000081e95588, 0x0000000081f00000| 58%| O|  |TAMS 0x0000000081e00000, 0x0000000081e00000| Untracked 
|   5|0x0000000081f00000, 0x0000000081f00000, 0x0000000082000000|  0%| F|  |TAMS 0x0000000081f00000, 0x0000000081f00000| Untracked 
|   6|0x0000000082000000, 0x0000000082000000, 0x0000000082100000|  0%| F|  |TAMS 0x0000000082000000, 0x0000000082000000| Untracked 
|   7|0x0000000082100000, 0x0000000082100000, 0x0000000082200000|  0%| F|  |TAMS 0x0000000082100000, 0x0000000082100000| Untracked 
|   8|0x0000000082200000, 0x00000000822ac008, 0x0000000082300000| 67%| S|CS|TAMS 0x0000000082200000, 0x0000000082200000| Complete 
|   9|0x0000000082300000, 0x0000000082300000, 0x0000000082400000|  0%| F|  |TAMS 0x0000000082300000, 0x0000000082300000| Untracked 
|  10|0x0000000082400000, 0x0000000082400000, 0x0000000082500000|  0%| F|  |TAMS 0x0000000082400000, 0x0000000082400000| Untracked 
|  11|0x0000000082500000, 0x0000000082500000, 0x0000000082600000|  0%| F|  |TAMS 0x0000000082500000, 0x0000000082500000| Untracked 
|  12|0x0000000082600000, 0x0000000082600000, 0x0000000082700000|  0%| F|  |TAMS 0x0000000082600000, 0x0000000082600000| Untracked 
|  13|0x0000000082700000, 0x0000000082700000, 0x0000000082800000|  0%| F|  |TAMS 0x0000000082700000, 0x0000000082700000| Untracked 
|  14|0x0000000082800000, 0x0000000082800000, 0x0000000082900000|  0%| F|  |TAMS 0x0000000082800000, 0x0000000082800000| Untracked 
|  15|0x0000000082900000, 0x0000000082900000, 0x0000000082a00000|  0%| F|  |TAMS 0x0000000082900000, 0x0000000082900000| Untracked 
|  16|0x0000000082a00000, 0x0000000082a24110, 0x0000000082b00000| 14%| E|  |TAMS 0x0000000082a00000, 0x0000000082a00000| Complete 

Card table byte_map: [0x000001eff73f0000,0x000001eff77f0000] _byte_map_base: 0x000001eff6fe3000

Marking Bits (Prev, Next): (CMBitMap*) 0x000001efec77d938, (CMBitMap*) 0x000001efec77d978
 Prev Bits: [0x000001eff7bf0000, 0x000001eff9b88000)
 Next Bits: [0x000001eff9b90000, 0x000001effbb28000)

Polling page: 0x000001efec810000

Metaspace:

Usage:
  Non-class:      4.71 MB capacity,     2.36 MB ( 50%) used,     2.33 MB ( 50%) free+waste,     8.44 KB ( <1%) overhead. 
      Class:    531.00 KB capacity,   214.98 KB ( 40%) used,   310.96 KB ( 59%) free+waste,     5.06 KB ( <1%) overhead. 
       Both:      5.22 MB capacity,     2.57 MB ( 49%) used,     2.64 MB ( 50%) free+waste,    13.50 KB ( <1%) overhead. 

Virtual space:
  Non-class space:        8.00 MB reserved,       4.75 MB ( 59%) committed 
      Class space:        1.00 GB reserved,     640.00 KB ( <1%) committed 
             Both:        1.01 GB reserved,       5.38 MB ( <1%) committed 

Chunk freelists:
   Non-Class:  46.00 KB
       Class:  0 bytes
        Both:  46.00 KB

MaxMetaspaceSize: 17179869184.00 GB
CompressedClassSpaceSize: 1.00 GB

CodeHeap 'non-profiled nmethods': size=120000Kb used=1126Kb max_used=1126Kb free=118873Kb
 bounds [0x000001ef87ad0000, 0x000001ef87d40000, 0x000001ef8f000000]
CodeHeap 'profiled nmethods': size=120000Kb used=3160Kb max_used=3160Kb free=116839Kb
 bounds [0x000001ef805a0000, 0x000001ef808c0000, 0x000001ef87ad0000]
CodeHeap 'non-nmethods': size=5760Kb used=1202Kb max_used=1266Kb free=4557Kb
 bounds [0x000001ef80000000, 0x000001ef80270000, 0x000001ef805a0000]
 total_blobs=2448 nmethods=1194 adapters=373
 compilation: enabled
              stopped_count=0, restarted_count=0
 full_count=0

Compilation events (20 events):
Event: 14.020 Thread 0x000001effe621000 nmethod 1188 0x000001ef87be7a90 code [0x000001ef87be7c20, 0x000001ef87be7cb8]
Event: 14.020 Thread 0x000001effe621000 1189       4       sun.util.calendar.ZoneInfo::getOffsets (8 bytes)
Event: 14.020 Thread 0x000001ef92c68800 1192       4       sun.util.calendar.BaseCalendar::isLeapYear (5 bytes)
Event: 14.021 Thread 0x000001ef92c68800 nmethod 1192 0x000001ef87be7d90 code [0x000001ef87be7f20, 0x000001ef87be7fd8]
Event: 14.021 Thread 0x000001ef92c68800 1190       4       sun.util.calendar.BaseCalendar$Date::hit (24 bytes)
Event: 14.021 Thread 0x000001ef92c68800 nmethod 1190 0x000001ef87be8090 code [0x000001ef87be8220, 0x000001ef87be82b8]
Event: 14.021 Thread 0x000001ef92c68800 1191       4       sun.util.calendar.BaseCalendar::getDayOfWeekFromFixedDate (26 bytes)
Event: 14.021 Thread 0x000001ef92c68800 nmethod 1191 0x000001ef87be8390 code [0x000001ef87be8520, 0x000001ef87be85b8]
Event: 14.023 Thread 0x000001effe62a000 nmethod 1182 0x000001ef808ab610 code [0x000001ef808abce0, 0x000001ef808b1840]
Event: 14.023 Thread 0x000001effe62a000 1185       3       sun.util.calendar.BaseCalendar::getCalendarDateFromFixedDate (305 bytes)
Event: 14.023 Thread 0x000001effe621000 nmethod 1189 0x000001ef87be8690 code [0x000001ef87be8820, 0x000001ef87be8af8]
Event: 14.023 Thread 0x000001ef92c68800 1193       4       sun.util.calendar.BaseCalendar$Date::setCache (20 bytes)
Event: 14.024 Thread 0x000001ef92c68800 nmethod 1193 0x000001ef87be8e90 code [0x000001ef87be9020, 0x000001ef87be9098]
Event: 14.024 Thread 0x000001effe62a000 nmethod 1185 0x000001ef808b3b90 code [0x000001ef808b3e40, 0x000001ef808b5710]
Event: 14.024 Thread 0x000001effe62a000 1186       3       sun.util.calendar.Gregorian$Date::setNormalizedYear (7 bytes)
Event: 14.024 Thread 0x000001effe62a000 nmethod 1186 0x000001ef808b5e90 code [0x000001ef808b6040, 0x000001ef808b62f8]
Event: 14.024 Thread 0x000001effe62a000 1187       1       sun.util.calendar.BaseCalendar$Date::getCachedYear (5 bytes)
Event: 14.024 Thread 0x000001effe62a000 nmethod 1187 0x000001ef87be9190 code [0x000001ef87be9320, 0x000001ef87be9458]
Event: 14.025 Thread 0x000001effe621000 1194       4       sun.util.calendar.BaseCalendar::getGregorianYearFromFixedDate (201 bytes)
Event: 14.025 Thread 0x000001effe621000 nmethod 1194 0x000001ef87be9510 code [0x000001ef87be96a0, 0x000001ef87be9858]

GC Heap History (20 events):
Event: 12.501 GC heap before
{Heap before GC invocations=67 (full 29):
 garbage-first heap   total 17408K, used 12671K [0x0000000081a00000, 0x0000000100000000)
  region size 1024K, 8 young (8192K), 0 survivors (0K)
 Metaspace       used 2634K, capacity 5349K, committed 5504K, reserved 1056768K
  class space    used 214K, capacity 531K, committed 640K, reserved 1048576K
}
Event: 12.503 GC heap after
{Heap after GC invocations=68 (full 29):
 garbage-first heap   total 74752K, used 4782K [0x0000000081a00000, 0x0000000100000000)
  region size 1024K, 1 young (1024K), 1 survivors (1024K)
 Metaspace       used 2634K, capacity 5349K, committed 5504K, reserved 1056768K
  class space    used 214K, capacity 531K, committed 640K, reserved 1048576K
}
Event: 12.795 GC heap before
{Heap before GC invocations=68 (full 29):
 garbage-first heap   total 74752K, used 20142K [0x0000000081a00000, 0x0000000100000000)
  region size 1024K, 17 young (17408K), 1 survivors (1024K)
 Metaspace       used 2634K, capacity 5349K, committed 5504K, reserved 1056768K
  class space    used 214K, capacity 531K, committed 640K, reserved 1048576K
}
Event: 12.804 GC heap after
{Heap after GC invocations=69 (full 30):
 garbage-first heap   total 20480K, used 4664K [0x0000000081a00000, 0x0000000100000000)
  region size 1024K, 0 young (0K), 0 survivors (0K)
 Metaspace       used 2634K, capacity 5349K, committed 5504K, reserved 1056768K
  class space    used 214K, capacity 531K, committed 640K, reserved 1048576K
}
Event: 12.906 GC heap before
{Heap before GC invocations=69 (full 30):
 garbage-first heap   total 20480K, used 13880K [0x0000000081a00000, 0x0000000100000000)
  region size 1024K, 9 young (9216K), 0 survivors (0K)
 Metaspace       used 2635K, capacity 5349K, committed 5504K, reserved 1056768K
  class space    used 214K, capacity 531K, committed 640K, reserved 1048576K
}
Event: 12.908 GC heap after
{Heap after GC invocations=70 (full 30):
 garbage-first heap   total 20480K, used 5094K [0x0000000081a00000, 0x0000000100000000)
  region size 1024K, 1 young (1024K), 1 survivors (1024K)
 Metaspace       used 2635K, capacity 5349K, committed 5504K, reserved 1056768K
  class space    used 214K, capacity 531K, committed 640K, reserved 1048576K
}
Event: 13.186 GC heap before
{Heap before GC invocations=70 (full 30):
 garbage-first heap   total 20480K, used 14310K [0x0000000081a00000, 0x0000000100000000)
  region size 1024K, 10 young (10240K), 1 survivors (1024K)
 Metaspace       used 2635K, capacity 5349K, committed 5504K, reserved 1056768K
  class space    used 214K, capacity 531K, committed 640K, reserved 1048576K
}
Event: 13.188 GC heap after
{Heap after GC invocations=71 (full 30):
 garbage-first heap   total 20480K, used 5256K [0x0000000081a00000, 0x0000000100000000)
  region size 1024K, 1 young (1024K), 1 survivors (1024K)
 Metaspace       used 2635K, capacity 5349K, committed 5504K, reserved 1056768K
  class space    used 214K, capacity 531K, committed 640K, reserved 1048576K
}
Event: 13.317 GC heap before
{Heap before GC invocations=71 (full 30):
 garbage-first heap   total 20480K, used 14472K [0x0000000081a00000, 0x0000000100000000)
  region size 1024K, 10 young (10240K), 1 survivors (1024K)
 Metaspace       used 2635K, capacity 5349K, committed 5504K, reserved 1056768K
  class space    used 214K, capacity 531K, committed 640K, reserved 1048576K
}
Event: 13.318 GC heap after
{Heap after GC invocations=72 (full 30):
 garbage-first heap   total 20480K, used 5139K [0x0000000081a00000, 0x0000000100000000)
  region size 1024K, 1 young (1024K), 1 survivors (1024K)
 Metaspace       used 2635K, capacity 5349K, committed 5504K, reserved 1056768K
  class space    used 214K, capacity 531K, committed 640K, reserved 1048576K
}
Event: 13.415 GC heap before
{Heap before GC invocations=72 (full 30):
 garbage-first heap   total 20480K, used 11283K [0x0000000081a00000, 0x0000000100000000)
  region size 1024K, 8 young (8192K), 1 survivors (1024K)
 Metaspace       used 2635K, capacity 5349K, committed 5504K, reserved 1056768K
  class space    used 214K, capacity 531K, committed 640K, reserved 1048576K
}
Event: 13.422 GC heap after
{Heap after GC invocations=73 (full 31):
 garbage-first heap   total 17408K, used 4490K [0x0000000081a00000, 0x0000000100000000)
  region size 1024K, 0 young (0K), 0 survivors (0K)
 Metaspace       used 2635K, capacity 5349K, committed 5504K, reserved 1056768K
  class space    used 214K, capacity 531K, committed 640K, reserved 1048576K
}
Event: 13.459 GC heap before
{Heap before GC invocations=73 (full 31):
 garbage-first heap   total 17408K, used 12682K [0x0000000081a00000, 0x0000000100000000)
  region size 1024K, 8 young (8192K), 0 survivors (0K)
 Metaspace       used 2635K, capacity 5349K, committed 5504K, reserved 1056768K
  class space    used 214K, capacity 531K, committed 640K, reserved 1048576K
}
Event: 13.461 GC heap after
{Heap after GC invocations=74 (full 31):
 garbage-first heap   total 17408K, used 5181K [0x0000000081a00000, 0x0000000100000000)
  region size 1024K, 1 young (1024K), 1 survivors (1024K)
 Metaspace       used 2635K, capacity 5349K, committed 5504K, reserved 1056768K
  class space    used 214K, capacity 531K, committed 640K, reserved 1048576K
}
Event: 13.965 GC heap before
{Heap before GC invocations=74 (full 31):
 garbage-first heap   total 17408K, used 12349K [0x0000000081a00000, 0x0000000100000000)
  region size 1024K, 8 young (8192K), 1 survivors (1024K)
 Metaspace       used 2635K, capacity 5349K, committed 5504K, reserved 1056768K
  class space    used 214K, capacity 531K, committed 640K, reserved 1048576K
}
Event: 13.967 GC heap after
{Heap after GC invocations=75 (full 31):
 garbage-first heap   total 74752K, used 5128K [0x0000000081a00000, 0x0000000100000000)
  region size 1024K, 1 young (1024K), 1 survivors (1024K)
 Metaspace       used 2635K, capacity 5349K, committed 5504K, reserved 1056768K
  class space    used 214K, capacity 531K, committed 640K, reserved 1048576K
}
Event: 13.989 GC heap before
{Heap before GC invocations=75 (full 31):
 garbage-first heap   total 74752K, used 6152K [0x0000000081a00000, 0x0000000100000000)
  region size 1024K, 3 young (3072K), 1 survivors (1024K)
 Metaspace       used 2635K, capacity 5349K, committed 5504K, reserved 1056768K
  class space    used 214K, capacity 531K, committed 640K, reserved 1048576K
}
Event: 13.998 GC heap after
{Heap after GC invocations=76 (full 32):
 garbage-first heap   total 17408K, used 4675K [0x0000000081a00000, 0x0000000100000000)
  region size 1024K, 0 young (0K), 0 survivors (0K)
 Metaspace       used 2635K, capacity 5349K, committed 5504K, reserved 1056768K
  class space    used 214K, capacity 531K, committed 640K, reserved 1048576K
}
Event: 14.193 GC heap before
{Heap before GC invocations=76 (full 32):
 garbage-first heap   total 17408K, used 12867K [0x0000000081a00000, 0x0000000100000000)
  region size 1024K, 8 young (8192K), 0 survivors (0K)
 Metaspace       used 2635K, capacity 5349K, committed 5504K, reserved 1056768K
  class space    used 214K, capacity 531K, committed 640K, reserved 1048576K
}
Event: 14.195 GC heap after
{Heap after GC invocations=77 (full 32):
 garbage-first heap   total 17408K, used 5363K [0x0000000081a00000, 0x0000000100000000)
  region size 1024K, 1 young (1024K), 1 survivors (1024K)
 Metaspace       used 2635K, capacity 5349K, committed 5504K, reserved 1056768K
  class space    used 214K, capacity 531K, committed 640K, reserved 1048576K
}

Deoptimization events (20 events):
Event: 10.474 Thread 0x000001efec738800 DEOPT PACKING pc=0x000001ef80848a1d sp=0x000000e7ea0fe950
Event: 10.474 Thread 0x000001efec738800 DEOPT UNPACKING pc=0x000001ef8004964e sp=0x000000e7ea0fe3e0 mode 0
Event: 10.692 Thread 0x000001efec738800 DEOPT PACKING pc=0x000001ef80848a1d sp=0x000000e7ea0fe950
Event: 10.692 Thread 0x000001efec738800 DEOPT UNPACKING pc=0x000001ef8004964e sp=0x000000e7ea0fe3e0 mode 0
Event: 10.989 Thread 0x000001efec738800 DEOPT PACKING pc=0x000001ef80848a1d sp=0x000000e7ea0fe950
Event: 10.989 Thread 0x000001efec738800 DEOPT UNPACKING pc=0x000001ef8004964e sp=0x000000e7ea0fe3e0 mode 0
Event: 11.212 Thread 0x000001efec738800 DEOPT PACKING pc=0x000001ef80848a1d sp=0x000000e7ea0fe950
Event: 11.212 Thread 0x000001efec738800 DEOPT UNPACKING pc=0x000001ef8004964e sp=0x000000e7ea0fe3e0 mode 0
Event: 14.018 Thread 0x000001efec738800 Uncommon trap: trap_request=0xffffff45 fr.pc=0x000001ef87b5973c relative=0x000000000000181c
Event: 14.018 Thread 0x000001efec738800 Uncommon trap: reason=unstable_if action=reinterpret pc=0x000001ef87b5973c method=sun.util.calendar.CalendarDate.setYear(I)Lsun/util/calendar/CalendarDate; @ 5 c2
Event: 14.018 Thread 0x000001efec738800 DEOPT PACKING pc=0x000001ef87b5973c sp=0x000000e7ea0fede0
Event: 14.018 Thread 0x000001efec738800 DEOPT UNPACKING pc=0x000001ef8004912f sp=0x000000e7ea0feb48 mode 2
Event: 14.019 Thread 0x000001efec738800 Uncommon trap: trap_request=0xffffff45 fr.pc=0x000001ef87b560b0 relative=0x0000000000000550
Event: 14.019 Thread 0x000001efec738800 Uncommon trap: reason=unstable_if action=reinterpret pc=0x000001ef87b560b0 method=sun.util.calendar.CalendarDate.setYear(I)Lsun/util/calendar/CalendarDate; @ 5 c2
Event: 14.019 Thread 0x000001efec738800 DEOPT PACKING pc=0x000001ef87b560b0 sp=0x000000e7ea0fecb0
Event: 14.019 Thread 0x000001efec738800 DEOPT UNPACKING pc=0x000001ef8004912f sp=0x000000e7ea0feb40 mode 2
Event: 14.019 Thread 0x000001efec738800 Uncommon trap: trap_request=0xffffff45 fr.pc=0x000001ef87b5bc14 relative=0x0000000000000074
Event: 14.019 Thread 0x000001efec738800 Uncommon trap: reason=unstable_if action=reinterpret pc=0x000001ef87b5bc14 method=sun.util.calendar.CalendarDate.setYear(I)Lsun/util/calendar/CalendarDate; @ 5 c2
Event: 14.019 Thread 0x000001efec738800 DEOPT PACKING pc=0x000001ef87b5bc14 sp=0x000000e7ea0fec10
Event: 14.019 Thread 0x000001efec738800 DEOPT UNPACKING pc=0x000001ef8004912f sp=0x000000e7ea0feb40 mode 2

Classes unloaded (0 events):
No events

Classes redefined (0 events):
No events

Internal exceptions (1 events):
Event: 0.322 Thread 0x000001efec738800 Exception <a 'java/lang/NoSuchMethodError'{0x000000008960e2b8}: 'int java.lang.invoke.DirectMethodHandle$Holder.invokeSpecialIFC(java.lang.Object, java.lang.Object, int)'> (0x000000008960e2b8) 
thrown [t:/workspace/open/src/hotspot/share/interpreter/linkResolver.cpp, line 767]

Events (20 events):
Event: 12.908 Executing VM operation: G1CollectForAllocation done
Event: 13.186 Executing VM operation: G1CollectForAllocation
Event: 13.188 Executing VM operation: G1CollectForAllocation done
Event: 13.188 Executing VM operation: RevokeBias
Event: 13.188 Executing VM operation: RevokeBias done
Event: 13.317 Executing VM operation: G1CollectForAllocation
Event: 13.318 Executing VM operation: G1CollectForAllocation done
Event: 13.414 Executing VM operation: G1CollectFull
Event: 13.422 Executing VM operation: G1CollectFull done
Event: 13.459 Executing VM operation: G1CollectForAllocation
Event: 13.461 Executing VM operation: G1CollectForAllocation done
Event: 13.965 Executing VM operation: G1CollectForAllocation
Event: 13.967 Executing VM operation: G1CollectForAllocation done
Event: 13.989 Executing VM operation: G1CollectFull
Event: 13.998 Executing VM operation: G1CollectFull done
Event: 14.020 Thread 0x000001ef92c68800 Thread added: 0x000001ef92c68800
Event: 14.193 Executing VM operation: G1CollectForAllocation
Event: 14.195 Executing VM operation: G1CollectForAllocation done
Event: 14.196 Executing VM operation: RevokeBias
Event: 14.196 Executing VM operation: RevokeBias done


Dynamic libraries:
0x00007ff79c590000 - 0x00007ff79c59f000 	C:\Program Files\Java\jdk-13.0.1\bin\java.exe
0x00007ffd9d290000 - 0x00007ffd9d488000 	C:\WINDOWS\SYSTEM32\ntdll.dll
0x00007ffd9ce60000 - 0x00007ffd9cf1f000 	C:\WINDOWS\System32\KERNEL32.DLL
0x00007ffd9b000000 - 0x00007ffd9b2d2000 	C:\WINDOWS\System32\KERNELBASE.dll
0x00007ffd9ab10000 - 0x00007ffd9ac10000 	C:\WINDOWS\System32\ucrtbase.dll
0x00007ffd8d550000 - 0x00007ffd8d568000 	C:\Program Files\Java\jdk-13.0.1\bin\jli.dll
0x00007ffd8d570000 - 0x00007ffd8d585000 	C:\Program Files\Java\jdk-13.0.1\bin\VCRUNTIME140.dll
0x00007ffd9b480000 - 0x00007ffd9b52e000 	C:\WINDOWS\System32\ADVAPI32.dll
0x00007ffd9cdb0000 - 0x00007ffd9ce4e000 	C:\WINDOWS\System32\msvcrt.dll
0x00007ffd9cd10000 - 0x00007ffd9cdac000 	C:\WINDOWS\System32\sechost.dll
0x00007ffd9c950000 - 0x00007ffd9ca75000 	C:\WINDOWS\System32\RPCRT4.dll
0x00007ffd9b2e0000 - 0x00007ffd9b47d000 	C:\WINDOWS\System32\USER32.dll
0x00007ffd9aa70000 - 0x00007ffd9aa92000 	C:\WINDOWS\System32\win32u.dll
0x00007ffd88af0000 - 0x00007ffd88d8a000 	C:\WINDOWS\WinSxS\amd64_microsoft.windows.common-controls_6595b64144ccf1df_6.0.19041.1110_none_60b5254171f9507e\COMCTL32.dll
0x00007ffd9ca80000 - 0x00007ffd9caab000 	C:\WINDOWS\System32\GDI32.dll
0x00007ffd9ac10000 - 0x00007ffd9ad1f000 	C:\WINDOWS\System32\gdi32full.dll
0x00007ffd9aeb0000 - 0x00007ffd9af4d000 	C:\WINDOWS\System32\msvcp_win.dll
0x00007ffd93770000 - 0x00007ffd9377a000 	C:\WINDOWS\SYSTEM32\VERSION.dll
0x00007ffd9d1f0000 - 0x00007ffd9d222000 	C:\WINDOWS\System32\IMM32.DLL
0x0000000058050000 - 0x000000005805b000 	D:\Program Files (x86)\360\360safe\safemon\SafeWrapper.dll
0x00007ffd7e3e0000 - 0x00007ffd7e47b000 	C:\Program Files\Java\jdk-13.0.1\bin\msvcp140.dll
0x00007ffd37050000 - 0x00007ffd37bb6000 	C:\Program Files\Java\jdk-13.0.1\bin\server\jvm.dll
0x00007ffd9c320000 - 0x00007ffd9c328000 	C:\WINDOWS\System32\PSAPI.DLL
0x00007ffd990d0000 - 0x00007ffd990d9000 	C:\WINDOWS\SYSTEM32\WSOCK32.dll
0x00007ffd8ce40000 - 0x00007ffd8ce67000 	C:\WINDOWS\SYSTEM32\WINMM.dll
0x00007ffd9bfe0000 - 0x00007ffd9c04b000 	C:\WINDOWS\System32\WS2_32.dll
0x00007ffd99230000 - 0x00007ffd99242000 	C:\WINDOWS\SYSTEM32\kernel.appcore.dll
0x00007ffd964b0000 - 0x00007ffd964c0000 	C:\Program Files\Java\jdk-13.0.1\bin\verify.dll
0x00007ffd98ec0000 - 0x00007ffd990a4000 	C:\WINDOWS\SYSTEM32\DBGHELP.DLL
0x00007ffd7e8f0000 - 0x00007ffd7e91c000 	C:\WINDOWS\SYSTEM32\dbgcore.DLL
0x00007ffd9a9e0000 - 0x00007ffd9aa62000 	C:\WINDOWS\System32\bcryptPrimitives.dll
0x00007ffd8c760000 - 0x00007ffd8c786000 	C:\Program Files\Java\jdk-13.0.1\bin\java.dll
0x00007ffd96440000 - 0x00007ffd9644e000 	C:\Program Files\Java\jdk-13.0.1\bin\instrument.dll
0x00007ffd8c580000 - 0x00007ffd8c597000 	C:\Program Files\Java\jdk-13.0.1\bin\zip.dll
0x00007ffd963a0000 - 0x00007ffd963aa000 	C:\Program Files\Java\jdk-13.0.1\bin\jimage.dll
0x00007ffd9b530000 - 0x00007ffd9bc73000 	C:\WINDOWS\System32\SHELL32.dll
0x00007ffd98660000 - 0x00007ffd98df2000 	C:\WINDOWS\SYSTEM32\windows.storage.dll
0x00007ffd9bc80000 - 0x00007ffd9bfd4000 	C:\WINDOWS\System32\combase.dll
0x00007ffd9a3f0000 - 0x00007ffd9a420000 	C:\WINDOWS\SYSTEM32\Wldp.dll
0x00007ffd9c180000 - 0x00007ffd9c22d000 	C:\WINDOWS\System32\SHCORE.dll
0x00007ffd9cf20000 - 0x00007ffd9cf75000 	C:\WINDOWS\System32\shlwapi.dll
0x00007ffd9a8d0000 - 0x00007ffd9a8ef000 	C:\WINDOWS\SYSTEM32\profapi.dll
0x00007ffd8c560000 - 0x00007ffd8c579000 	C:\Program Files\Java\jdk-13.0.1\bin\net.dll
0x00007ffd95690000 - 0x00007ffd9579c000 	C:\WINDOWS\SYSTEM32\WINHTTP.dll
0x00007ffd9a150000 - 0x00007ffd9a1ba000 	C:\WINDOWS\system32\mswsock.dll
0x00007ffd87f70000 - 0x00007ffd87f83000 	C:\Program Files\Java\jdk-13.0.1\bin\nio.dll
0x00007ffd87e60000 - 0x00007ffd87e7a000 	D:\Program Files\JetBrains\IntelliJ IDEA 2021.3.2\bin\breakgen64.dll
0x000000006f880000 - 0x000000006f8aa000 	G:\UOA_Courses\thesis\project\radiotelescopescheduling\norad\norad.dll
0x0000000061440000 - 0x000000006145a000 	D:\Program Files (x86)\mingw64\bin\libgcc_s_seh-1.dll
0x0000000064940000 - 0x0000000064955000 	D:\Program Files (x86)\mingw64\bin\libwinpthread-1.dll
0x000000006fc40000 - 0x000000006fda3000 	D:\Program Files (x86)\mingw64\bin\libstdc++-6.dll
0x0000000070980000 - 0x00000000709c4000 	G:\UOA_Courses\thesis\project\radiotelescopescheduling\novas\novas.dll
0x00007ffd87e20000 - 0x00007ffd87e52000 	C:\gurobi952\win64\bin\GurobiJni95.dll
0x00007ffd2b150000 - 0x00007ffd2d250000 	C:\gurobi952\win64\bin\gurobi95.dll
0x00007ffd9ad20000 - 0x00007ffd9ae76000 	C:\WINDOWS\System32\CRYPT32.dll
0x00007ffd9d190000 - 0x00007ffd9d1e6000 	C:\WINDOWS\System32\WLDAP32.dll
0x00007ffd9ce50000 - 0x00007ffd9ce58000 	C:\WINDOWS\System32\Normaliz.dll
0x00007ffd9a880000 - 0x00007ffd9a8b2000 	C:\WINDOWS\SYSTEM32\SspiCli.dll

dbghelp: loaded successfully - version: 4.0.5 - missing functions: none
symbol engine: initialized successfully - sym options: 0x614 - pdb path: .;C:\Program Files\Java\jdk-13.0.1\bin;C:\WINDOWS\SYSTEM32;C:\WINDOWS\WinSxS\amd64_microsoft.windows.common-controls_6595b64144ccf1df_6.0.19041.1110_none_60b5254171f9507e;D:\Program Files (x86)\360\360safe\safemon;C:\Program Files\Java\jdk-13.0.1\bin\server;D:\Program Files\JetBrains\IntelliJ IDEA 2021.3.2\bin;G:\UOA_Courses\thesis\project\radiotelescopescheduling\norad;D:\Program Files (x86)\mingw64\bin;G:\UOA_Courses\thesis\project\radiotelescopescheduling\novas;C:\gurobi952\win64\bin

VM Arguments:
jvm_args: -Djava.library.path=G:\UOA_Courses\thesis\project\radiotelescopescheduling\norad;G:\UOA_Courses\thesis\project\radiotelescopescheduling\novas;C:\gurobi952\win64\lib;C:\gurobi952\win64\bin -javaagent:D:\Program Files\JetBrains\IntelliJ IDEA 2021.3.2\lib\idea_rt.jar=5635:D:\Program Files\JetBrains\IntelliJ IDEA 2021.3.2\bin -Dfile.encoding=UTF-8 
java_command: SchedulingMain
java_class_path (initial): G:\UOA_Courses\thesis\project\radiotelescopescheduling\out\production\radiotelescopescheduling;C:\Users\Han\.m2\repository\com\google\ortools\ortools-java\8.2.9025\ortools-java-8.2.9025.jar;C:\Users\Han\.m2\repository\com\google\ortools\ortools-linux-x86-64\8.2.9025\ortools-linux-x86-64-8.2.9025.jar;C:\Users\Han\.m2\repository\com\google\ortools\ortools-darwin-x86-64\8.2.9025\ortools-darwin-x86-64-8.2.9025.jar;C:\Users\Han\.m2\repository\com\google\ortools\ortools-win32-x86-64\8.2.9025\ortools-win32-x86-64-8.2.9025.jar;C:\Users\Han\.m2\repository\net\java\dev\jna\jna-platform\5.8.0\jna-platform-5.8.0.jar;C:\Users\Han\.m2\repository\net\java\dev\jna\jna\5.8.0\jna-5.8.0.jar;C:\Users\Han\.m2\repository\com\google\protobuf\protobuf-java\3.15.7\protobuf-java-3.15.7.jar;C:\Users\Han\.m2\repository\com\google\protobuf\protobuf-java\3.17.3\protobuf-java-3.17.3.jar;C:\Users\Han\.m2\repository\org\mongodb\bson\4.3.2\bson-4.3.2.jar;C:\Users\Han\.m2\repository\org\mongodb\mongo-java-driver\3.12.8\mongo-java-driver-3.12.8.jar;C:\Users\Han\.m2\repository\org\mongodb\mongodb-driver-core\4.2.3\mongodb-driver-core-4.2.3.jar;C:\Users\Han\.m2\repository\org\mongodb\bson\4.2.3\bson-4.2.3.jar;C:\gurobi952\win64\lib\gurobi.jar;C:\gurobi952\win64\lib\gurobi-javadoc.jar
Launcher Type: SUN_STANDARD

[Global flags]
     intx CICompilerCount                          = 4                                         {product} {ergonomic}
     uint ConcGCThreads                            = 2                                         {product} {ergonomic}
     uint G1ConcRefinementThreads                  = 8                                         {product} {ergonomic}
   size_t G1HeapRegionSize                         = 1048576                                   {product} {ergonomic}
    uintx GCDrainStackTargetSize                   = 64                                        {product} {ergonomic}
   size_t InitialHeapSize                          = 134217728                                 {product} {ergonomic}
   size_t MarkStackSize                            = 4194304                                   {product} {ergonomic}
   size_t MaxHeapSize                              = 2120220672                                {product} {ergonomic}
   size_t MaxNewSize                               = 1271922688                                {product} {ergonomic}
   size_t MinHeapDeltaBytes                        = 1048576                                   {product} {ergonomic}
   size_t MinHeapSize                              = 8388608                                   {product} {ergonomic}
    uintx NonNMethodCodeHeapSize                   = 5836300                                {pd product} {ergonomic}
    uintx NonProfiledCodeHeapSize                  = 122910970                              {pd product} {ergonomic}
    uintx ProfiledCodeHeapSize                     = 122910970                              {pd product} {ergonomic}
    uintx ReservedCodeCacheSize                    = 251658240                              {pd product} {ergonomic}
     bool SegmentedCodeCache                       = true                                      {product} {ergonomic}
   size_t SoftMaxHeapSize                          = 2120220672                             {manageable} {ergonomic}
     bool UseCompressedClassPointers               = true                                 {lp64_product} {ergonomic}
     bool UseCompressedOops                        = true                                 {lp64_product} {ergonomic}
     bool UseG1GC                                  = true                                      {product} {ergonomic}
     bool UseLargePagesIndividualAllocation        = false                                  {pd product} {ergonomic}

Logging:
Log output configuration:
 #0: stdout all=warning uptime,level,tags
 #1: stderr all=off uptime,level,tags

Environment Variables:
JAVA_HOME=C:\Program Files\Java\jdk-13.0.1
CLASSPATH=.;C:\Program Files\Java\jdk-13.0.1\lib\dt.jar;C:\Program Files\Java\jdk-13.0.1\lib\tools.jar;
PATH=C:\gurobi952\win64\bin;D:\Program Files\ImageMagick-7.1.0-Q16-HDRI;D:\CUDA\bin;D:\CUDA\libnvvp;C:\Program Files\Microsoft MPI\Bin\;C:\Program Files (x86)\Intel\iCLS Client\;C:\Program Files\Intel\iCLS Client\;C:\windows\system32;C:\windows;C:\windows\System32\Wbem;C:\windows\System32\WindowsPowerShell\v1.0\;C:\Program Files (x86)\Intel\Intel(R) Management Engine Components\DAL;C:\Program Files\Intel\Intel(R) Management Engine Components\DAL;C:\Program Files (x86)\Intel\Intel(R) Management Engine Components\IPT;C:\Program Files\Intel\Intel(R) Management Engine Components\IPT;C:\Program Files (x86)\NVIDIA Corporation\PhysX\Common;C:\WINDOWS\system32;C:\WINDOWS;C:\WINDOWS\System32\Wbem;C:\WINDOWS\System32\WindowsPowerShell\v1.0\;C:\Program Files (x86)\Windows Kits\8.1\Windows Performance Toolkit\;D:\Lingo\;C:\Program Files\Microsoft SQL Server\Client SDK\ODBC\130\Tools\Binn\;C:\Program Files (x86)\Microsoft SQL Server\140\Tools\Binn\;C:\Program Files\Microsoft SQL Server\140\Tools\Binn\;C:\Program Files (x86)\Microsoft SQL Server\140\DTS\Binn\;C:\Program Files\Microsoft SQL Server\140\DTS\Binn\;C:\WINDOWS\System32\OpenSSH\;C:\Program Files\Intel\WiFi\bin\;C:\Program Files\Common Files\Intel\WirelessCommon\;C:\Program Files\Java\jdk-13.0.1\bin;C:\Program Files\NVIDIA Corporation\Nsight Compute 2019.4.0\;C:\Program Files\NVIDIA Corporation\NVIDIA NvDLISR;D:\CUDA\lib\x64;C:\Program Files\dotnet\;D:\Microsoft Visual Studio\opencv\opencv\build\x64\vc15\bin;D:\Microsoft Visual Studio\opencv\opencv\build\x64\vc15\lib;C:\WINDOWS\system32;C:\WINDOWS;C:\WINDOWS\System32\Wbem;C:\WINDOWS\System32\WindowsPowerShell\v1.0\;C:\WINDOWS\System32\OpenSSH\;C:\Program Files\Git\cmd;D:\Program Files (x86)\mingw64\bin;C:\ProgramData\chocolatey\bin;D:\Program Files\MATLAB\R2022b\runtime\win64;D:\Program Files\MATLAB\R2022b\bin;C:\Users\Han\AppData\Local\Microsoft\WindowsApps;D:\altera\13.0sp1\modelsim_ase\win32aloem;D:\altera\13.0sp1\modelsim_ae\win32aloem;D:\Microsoft Visual Studio\opencv\
USERNAME=Han
LD_LIBRARY_PATH=C:\gurobi952\win64\lib
OS=Windows_NT
PROCESSOR_IDENTIFIER=Intel64 Family 6 Model 94 Stepping 3, GenuineIntel



---------------  S Y S T E M  ---------------

OS: Windows 10 , 64 bit Build 19041 (10.0.19041.2251)

CPU:total 8 (initial active 8) (4 cores per cpu, 2 threads per core) family 6 model 94 stepping 3, cmov, cx8, fxsr, mmx, sse, sse2, sse3, ssse3, sse4.1, sse4.2, popcnt, avx, avx2, aes, clmul, erms, rtm, 3dnowpref, lzcnt, ht, tsc, tscinvbit, bmi1, bmi2, adx, fma

Memory: 4k page, system-wide physical 8081M (2813M free)
TotalPageFile size 9749M (AvailPageFile size 3114M)
current process WorkingSet (physical memory assigned to process): 122M, peak: 138M
current process commit charge ("private bytes"): 166M, peak: 278M

vm_info: Java HotSpot(TM) 64-Bit Server VM (13.0.1+9) for windows-amd64 JRE (13.0.1+9), built on Oct  6 2019 12:37:49 by "mach5one" with unknown MS VC++:1916

END.
