#
# A fatal error has been detected by the Java Runtime Environment:
#
#  EXCEPTION_ACCESS_VIOLATION (0xc0000005) at pc=0x00007ffd2b9335ce, pid=2980, tid=5496
#
# JRE version: Java(TM) SE Runtime Environment (13.0.1+9) (build 13.0.1+9)
# Java VM: Java HotSpot(TM) 64-Bit Server VM (13.0.1+9, mixed mode, sharing, tiered, compressed oops, g1 gc, windows-amd64)
# Problematic frame:
# C  [gurobi95.dll+0x7e35ce]
#
# No core dump will be written. Minidumps are not enabled by default on client versions of Windows
#
# If you would like to submit a bug report, please visit:
#   http://bugreport.java.com/bugreport/crash.jsp
# The crash happened outside the Java Virtual Machine in native code.
# See problematic frame for where to report the bug.
#

---------------  S U M M A R Y ------------

Command Line: -Djava.library.path=G:\UOA_Courses\thesis\project\radiotelescopescheduling\norad;G:\UOA_Courses\thesis\project\radiotelescopescheduling\novas;C:\gurobi952\win64\lib;C:\gurobi952\win64\bin -javaagent:D:\Program Files\JetBrains\IntelliJ IDEA 2021.3.2\lib\idea_rt.jar=5650:D:\Program Files\JetBrains\IntelliJ IDEA 2021.3.2\bin -Dfile.encoding=UTF-8 SchedulingMain

Host: Intel(R) Core(TM) i7-6700HQ CPU @ 2.60GHz, 8 cores, 7G,  Windows 10 , 64 bit Build 19041 (10.0.19041.2251)
Time: Sat Nov 26 13:35:51 2022 W. Europe Standard Time elapsed time: 150 seconds (0d 0h 2m 30s)

---------------  T H R E A D  ---------------

Current thread (0x000002d077658000):  JavaThread "main" [_thread_in_native, id=5496, stack(0x000000f357c00000,0x000000f357d00000)]

Stack: [0x000000f357c00000,0x000000f357d00000],  sp=0x000000f357cfec80,  free space=1019k
Native frames: (J=compiled Java code, j=interpreted, Vv=VM code, C=native code)
C  [gurobi95.dll+0x7e35ce]

Java frames: (J=compiled Java code, j=interpreted, Vv=VM code)
J 975  gurobi.GurobiJni.getdblattrlist(JLjava/lang/String;II[I[D)I (0 bytes) @ 0x000002d007b4ce64 [0x000002d007b4cdc0+0x00000000000000a4]
J 1070 c2 gurobi.GRBVar.get(Lgurobi/GRB$DoubleAttr;)D (104 bytes) @ 0x000002d007b74aa8 [0x000002d007b748c0+0x00000000000001e8]
J 1794 c2 optimisation.MultiTelescopesMTSPPolicy.findNextPaths([Lobservation/Pointable;)[Lobservation/Connection; (1691 bytes) @ 0x000002d007ca16a4 [0x000002d007c9c320+0x0000000000005384]
j  optimisation.DispatchPolicy.nextMoves()V+39
j  optimisation.Scheduler.buildSchedule(Ljava/util/Properties;)V+702
j  simulation.Simulation.run()V+8
j  SchedulingMain.runRepeats(I)V+34
j  SchedulingMain.main([Ljava/lang/String;)V+40
v  ~StubRoutines::call_stub

siginfo: EXCEPTION_ACCESS_VIOLATION (0xc0000005), reading address 0x0000000000000000


Register to memory mapping:

RIP=0x00007ffd2b9335ce gurobi95.dll
RAX=0x0 is NULL
RBX=0x0 is NULL
RCX=0x0000000000000001 is an unknown value
RDX=0x000000f357cfeca0 is pointing into the stack for thread: 0x000002d077658000
RSP=0x000000f357cfec80 is pointing into the stack for thread: 0x000002d077658000
RBP=0x000000f357cff060 is pointing into the stack for thread: 0x000002d077658000
RSI=0x0 is NULL
RDI=0x0 is NULL
R8 =0x000002d019e4b270 points into unknown readable memory: 58 00 32 36 31 00 00 00
R9 =0x000000f357cfeca0 is pointing into the stack for thread: 0x000002d077658000
R10=0x0000000000000001 is an unknown value
R11=0x0000000000000038 is an unknown value
R12=0x000002d01907eca0 points into unknown readable memory: 00 00 00 00 00 00 00 00
R13=0x000002d01907eca0 points into unknown readable memory: 00 00 00 00 00 00 00 00
R14=0x000002d019e4b270 points into unknown readable memory: 58 00 32 36 31 00 00 00
R15=0x00000000000009f1 is an unknown value


Registers:
RAX=0x0000000000000000, RBX=0x0000000000000000, RCX=0x0000000000000001, RDX=0x000000f357cfeca0
RSP=0x000000f357cfec80, RBP=0x000000f357cff060, RSI=0x0000000000000000, RDI=0x0000000000000000
R8 =0x000002d019e4b270, R9 =0x000000f357cfeca0, R10=0x0000000000000001, R11=0x0000000000000038
R12=0x000002d01907eca0, R13=0x000002d01907eca0, R14=0x000002d019e4b270, R15=0x00000000000009f1
RIP=0x00007ffd2b9335ce, EFLAGS=0x0000000000010206

Top of Stack: (sp=0x000000f357cfec80)
0x000000f357cfec80:   000002d01a72ed50 000002d0755b0000
0x000000f357cfec90:   000002d0755b02a4 00007ffd3735ba6e
0x000000f357cfeca0:   0000000000000058 000002d0755b0d50
0x000000f357cfecb0:   0000000000000000 0000000000000000
0x000000f357cfecc0:   0000000000000000 0000000000000010
0x000000f357cfecd0:   0000000000000002 0000000000000002
0x000000f357cfece0:   000002d0753e0000 000000f357cfeda9
0x000000f357cfecf0:   0000000000000001 00007ffd9d2bb3c7
0x000000f357cfed00:   000002d0755b0000 0000000000000003
0x000000f357cfed10:   0000000000000002 000000f300000000
0x000000f357cfed20:   0000000000000001 00007ffd9d2bb3c7
0x000000f357cfed30:   00000002755b0000 0000000000000003
0x000000f357cfed40:   0000000000000002 00007ffd00000000
0x000000f357cfed50:   00000000853005b8 0000000000000000
0x000000f357cfed60:   00000002754031d0 00000000000002e4
0x000000f357cfed70:   00007ffd378b4b40 000002d077658000 

Instructions: (pc=0x00007ffd2b9335ce)
0x00007ffd2b9334ce:   c3 90 cc cc cc cc cc cc cc cc cc cc cc cc cc cc
0x00007ffd2b9334de:   cc cc cc cc cc cc cc cc cc cc cc cc cc cc cc cc
0x00007ffd2b9334ee:   cc cc 41 56 41 57 55 48 81 ec 20 02 00 00 49 89
0x00007ffd2b9334fe:   cf 4c 89 c5 4d 89 ce 4d 8b 87 d8 02 00 00 4d 85
0x00007ffd2b93350e:   c0 74 38 49 83 38 00 74 32 48 85 d2 74 2d 48 89
0x00007ffd2b93351e:   d1 48 8d 54 24 20 e8 e4 04 82 ff 49 8b 87 d8 02
0x00007ffd2b93352e:   00 00 48 8d 54 24 20 48 8b 08 e8 c0 46 82 ff 48
0x00007ffd2b93353e:   63 c0 4d 8b 87 d8 02 00 00 eb 07 48 c7 c0 ff ff
0x00007ffd2b93354e:   ff ff 48 8d 14 c0 49 8b 40 10 48 89 6c d0 38 4c
0x00007ffd2b93355e:   89 74 d0 40 48 81 c4 20 02 00 00 5d 41 5f 41 5e
0x00007ffd2b93356e:   c3 90 cc cc cc cc cc cc cc cc cc cc cc cc cc cc
0x00007ffd2b93357e:   cc cc cc cc cc cc cc cc cc cc cc cc cc cc cc cc
0x00007ffd2b93358e:   cc cc 41 54 48 81 ec 20 02 00 00 49 89 cc 49 8b
0x00007ffd2b93359e:   84 24 d8 02 00 00 48 85 c0 74 37 48 83 38 00 74
0x00007ffd2b9335ae:   31 48 85 d2 74 2c 48 89 d1 48 8d 54 24 20 e8 4c
0x00007ffd2b9335be:   04 82 ff 49 8b 84 24 d8 02 00 00 48 8d 54 24 20
0x00007ffd2b9335ce:   48 8b 08 e8 27 46 82 ff 48 81 c4 20 02 00 00 41
0x00007ffd2b9335de:   5c c3 b8 ff ff ff ff 48 81 c4 20 02 00 00 41 5c
0x00007ffd2b9335ee:   c3 90 cc cc cc cc cc cc cc cc cc cc cc cc cc cc
0x00007ffd2b9335fe:   cc cc cc cc cc cc cc cc cc cc cc cc cc cc cc cc
0x00007ffd2b93360e:   cc cc 48 83 ec 28 49 89 c9 49 8b 81 d8 02 00 00
0x00007ffd2b93361e:   48 85 c0 0f 84 ae 00 00 00 44 8b 40 08 45 85 c0
0x00007ffd2b93362e:   0f 8e a1 00 00 00 44 89 c1 41 ba 01 00 00 00 33
0x00007ffd2b93363e:   d2 d1 e9 74 64 48 89 6c 24 20 45 33 d2 4c 8b 58
0x00007ffd2b93364e:   10 8d 2c 12 48 63 ed 48 8d 6c ed 00 41 83 7c eb
0x00007ffd2b93365e:   18 00 74 11 4d 89 54 eb 38 4d 89 54 eb 40 49 8b
0x00007ffd2b93366e:   81 d8 02 00 00 48 8b 40 10 83 7c e8 60 00 74 10
0x00007ffd2b93367e:   4c 89 94 e8 80 00 00 00 4c 89 94 e8 88 00 00 00
0x00007ffd2b93368e:   ff c2 3b d1 73 09 49 8b 81 d8 02 00 00 eb ae 48
0x00007ffd2b93369e:   8b 6c 24 20 44 8d 54 12 01 41 8d 42 ff 41 3b c0
0x00007ffd2b9336ae:   73 25 49 8b 81 d8 02 00 00 4d 63 d2 48 8b 50 10
0x00007ffd2b9336be:   4b 8d 0c d2 83 7c ca d0 00 74 0c 33 c0 48 89 44 


Stack slot to memory mapping:
stack at sp + 0 slots: 0x000002d01a72ed50 points into unknown readable memory: c0 36 5b 75 d0 02 00 00
stack at sp + 1 slots: 0x000002d0755b0000 points into unknown readable memory: 00 00 00 00 00 00 00 00
stack at sp + 2 slots: 0x000002d0755b02a4 points into unknown readable memory: 01 00 00 01
stack at sp + 3 slots: 0x00007ffd3735ba6e jvm.dll
stack at sp + 4 slots: 0x0000000000000058 is an unknown value
stack at sp + 5 slots: 0x000002d0755b0d50 points into unknown readable memory: 55 00 1e de 01 00 00 00
stack at sp + 6 slots: 0x0 is NULL
stack at sp + 7 slots: 0x0 is NULL


---------------  P R O C E S S  ---------------

Threads class SMR info:
_java_thread_list=0x000002d01a61f5e0, length=11, elements={
0x000002d077658000, 0x000002d016568800, 0x000002d01656b800, 0x000002d016590800,
0x000002d016591800, 0x000002d016593000, 0x000002d016594000, 0x000002d016598800,
0x000002d016f9c800, 0x000002d01719b000, 0x000002d01719b800
}

Java Threads: ( => current thread )
=>0x000002d077658000 JavaThread "main" [_thread_in_native, id=5496, stack(0x000000f357c00000,0x000000f357d00000)]
  0x000002d016568800 JavaThread "Reference Handler" daemon [_thread_blocked, id=8944, stack(0x000000f358300000,0x000000f358400000)]
  0x000002d01656b800 JavaThread "Finalizer" daemon [_thread_blocked, id=3364, stack(0x000000f358400000,0x000000f358500000)]
  0x000002d016590800 JavaThread "Signal Dispatcher" daemon [_thread_blocked, id=14508, stack(0x000000f358500000,0x000000f358600000)]
  0x000002d016591800 JavaThread "Attach Listener" daemon [_thread_blocked, id=1112, stack(0x000000f358600000,0x000000f358700000)]
  0x000002d016593000 JavaThread "C2 CompilerThread0" daemon [_thread_blocked, id=14344, stack(0x000000f358700000,0x000000f358800000)]
  0x000002d016594000 JavaThread "C1 CompilerThread0" daemon [_thread_blocked, id=16084, stack(0x000000f358800000,0x000000f358900000)]
  0x000002d016598800 JavaThread "Sweeper thread" daemon [_thread_blocked, id=7584, stack(0x000000f358900000,0x000000f358a00000)]
  0x000002d016f9c800 JavaThread "Common-Cleaner" daemon [_thread_blocked, id=7400, stack(0x000000f358a00000,0x000000f358b00000)]
  0x000002d01719b000 JavaThread "Monitor Ctrl-Break" daemon [_thread_in_native, id=6532, stack(0x000000f358c00000,0x000000f358d00000)]
  0x000002d01719b800 JavaThread "Service Thread" daemon [_thread_blocked, id=1140, stack(0x000000f358d00000,0x000000f358e00000)]

Other Threads:
  0x000002d016567800 VMThread "VM Thread" [stack: 0x000000f358200000,0x000000f358300000] [id=6980]
  0x000002d01719e000 WatcherThread [stack: 0x000000f358e00000,0x000000f358f00000] [id=16676]
  0x000002d07769b000 GCTaskThread "GC Thread#0" [stack: 0x000000f357d00000,0x000000f357e00000] [id=3056]
  0x000002d018430000 GCTaskThread "GC Thread#1" [stack: 0x000000f358b00000,0x000000f358c00000] [id=11164]
  0x000002d018431000 GCTaskThread "GC Thread#2" [stack: 0x000000f358f00000,0x000000f359000000] [id=5588]
  0x000002d0776ae000 ConcurrentGCThread "G1 Main Marker" [stack: 0x000000f357e00000,0x000000f357f00000] [id=11848]
  0x000002d0776b0000 ConcurrentGCThread "G1 Conc#0" [stack: 0x000000f357f00000,0x000000f358000000] [id=7812]
  0x000002d07772e000 ConcurrentGCThread "G1 Refine#0" [stack: 0x000000f358000000,0x000000f358100000] [id=10364]
  0x000002d0163e3800 ConcurrentGCThread "G1 Young RemSet Sampling" [stack: 0x000000f358100000,0x000000f358200000] [id=6268]

Threads with active compile tasks:

VM state:not at safepoint (normal execution)

VM Mutex/Monitor currently owned by a thread: None

Heap address: 0x0000000081a00000, size: 2022 MB, Compressed Oops mode: 32-bit
Narrow klass base: 0x0000000800000000, Narrow klass shift: 3
Compressed class space size: 1073741824 Address: 0x0000000800b40000

Heap:
 garbage-first heap   total 20480K, used 5299K [0x0000000081a00000, 0x0000000100000000)
  region size 1024K, 2 young (2048K), 1 survivors (1024K)
 Metaspace       used 3344K, capacity 5639K, committed 5760K, reserved 1056768K
  class space    used 264K, capacity 607K, committed 640K, reserved 1048576K
Heap Regions: E=young(eden), S=young(survivor), O=old, HS=humongous(starts), HC=humongous(continues), CS=collection set, F=free, A=archive, TAMS=top-at-mark-start (previous, next)
|   0|0x0000000081a00000, 0x0000000081b00000, 0x0000000081b00000|100%| O|  |TAMS 0x0000000081a00000, 0x0000000081a00000| Untracked 
|   1|0x0000000081b00000, 0x0000000081bffff8, 0x0000000081c00000| 99%| O|  |TAMS 0x0000000081b00000, 0x0000000081b00000| Untracked 
|   2|0x0000000081c00000, 0x0000000081cfffe8, 0x0000000081d00000| 99%| O|  |TAMS 0x0000000081c00000, 0x0000000081c00000| Untracked 
|   3|0x0000000081d00000, 0x0000000081e00000, 0x0000000081e00000|100%| O|  |TAMS 0x0000000081d00000, 0x0000000081d00000| Untracked 
|   4|0x0000000081e00000, 0x0000000081e53398, 0x0000000081f00000| 32%| O|  |TAMS 0x0000000081e00000, 0x0000000081e00000| Untracked 
|   5|0x0000000081f00000, 0x0000000081f00000, 0x0000000082000000|  0%| F|  |TAMS 0x0000000081f00000, 0x0000000081f00000| Untracked 
|   6|0x0000000082000000, 0x0000000082000000, 0x0000000082100000|  0%| F|  |TAMS 0x0000000082000000, 0x0000000082000000| Untracked 
|   7|0x0000000082100000, 0x0000000082100000, 0x0000000082200000|  0%| F|  |TAMS 0x0000000082100000, 0x0000000082100000| Untracked 
|   8|0x0000000082200000, 0x0000000082200000, 0x0000000082300000|  0%| F|  |TAMS 0x0000000082200000, 0x0000000082200000| Untracked 
|   9|0x0000000082300000, 0x0000000082397b90, 0x0000000082400000| 59%| S|CS|TAMS 0x0000000082300000, 0x0000000082300000| Complete 
|  10|0x0000000082400000, 0x0000000082400000, 0x0000000082500000|  0%| F|  |TAMS 0x0000000082400000, 0x0000000082400000| Untracked 
|  11|0x0000000082500000, 0x0000000082541f98, 0x0000000082600000| 25%| O|  |TAMS 0x0000000082500000, 0x0000000082500000| Untracked 
|  12|0x0000000082600000, 0x0000000082600000, 0x0000000082700000|  0%| F|  |TAMS 0x0000000082600000, 0x0000000082600000| Untracked 
|  13|0x0000000082700000, 0x0000000082700000, 0x0000000082800000|  0%| F|  |TAMS 0x0000000082700000, 0x0000000082700000| Untracked 
|  14|0x0000000082800000, 0x0000000082800000, 0x0000000082900000|  0%| F|  |TAMS 0x0000000082800000, 0x0000000082800000| Untracked 
|  15|0x0000000082900000, 0x0000000082900000, 0x0000000082a00000|  0%| F|  |TAMS 0x0000000082900000, 0x0000000082900000| Untracked 
|  16|0x0000000082a00000, 0x0000000082a00000, 0x0000000082b00000|  0%| F|  |TAMS 0x0000000082a00000, 0x0000000082a00000| Untracked 
|  17|0x0000000082b00000, 0x0000000082b00000, 0x0000000082c00000|  0%| F|  |TAMS 0x0000000082b00000, 0x0000000082b00000| Untracked 
|  18|0x0000000082c00000, 0x0000000082c00000, 0x0000000082d00000|  0%| F|  |TAMS 0x0000000082c00000, 0x0000000082c00000| Untracked 
|  57|0x0000000085300000, 0x000000008532cf30, 0x0000000085400000| 17%| E|  |TAMS 0x0000000085300000, 0x0000000085300000| Complete 

Card table byte_map: [0x000002d00f400000,0x000002d00f800000] _byte_map_base: 0x000002d00eff3000

Marking Bits (Prev, Next): (CMBitMap*) 0x000002d07769bc58, (CMBitMap*) 0x000002d07769bc98
 Prev Bits: [0x000002d00fc00000, 0x000002d011b98000)
 Next Bits: [0x000002d011ba0000, 0x000002d013b38000)

Polling page: 0x000002d075630000

Metaspace:

Usage:
  Non-class:      4.91 MB capacity,     3.01 MB ( 61%) used,     1.89 MB ( 38%) free+waste,    17.13 KB ( <1%) overhead. 
      Class:    607.00 KB capacity,   264.54 KB ( 44%) used,   332.65 KB ( 55%) free+waste,     9.81 KB (  2%) overhead. 
       Both:      5.51 MB capacity,     3.27 MB ( 59%) used,     2.21 MB ( 40%) free+waste,    26.94 KB ( <1%) overhead. 

Virtual space:
  Non-class space:        8.00 MB reserved,       5.00 MB ( 63%) committed 
      Class space:        1.00 GB reserved,     640.00 KB ( <1%) committed 
             Both:        1.01 GB reserved,       5.63 MB ( <1%) committed 

Chunk freelists:
   Non-Class:  24.00 KB
       Class:  0 bytes
        Both:  24.00 KB

MaxMetaspaceSize: 17179869184.00 GB
CompressedClassSpaceSize: 1.00 GB

CodeHeap 'non-profiled nmethods': size=120000Kb used=1871Kb max_used=1906Kb free=118128Kb
 bounds [0x000002d007ad0000, 0x000002d007d40000, 0x000002d00f000000]
CodeHeap 'profiled nmethods': size=120000Kb used=2395Kb max_used=4159Kb free=117604Kb
 bounds [0x000002d0005a0000, 0x000002d0009b0000, 0x000002d007ad0000]
CodeHeap 'non-nmethods': size=5760Kb used=1219Kb max_used=1281Kb free=4540Kb
 bounds [0x000002d000000000, 0x000002d000270000, 0x000002d0005a0000]
 total_blobs=3544 nmethods=1499 adapters=393
 compilation: enabled
              stopped_count=0, restarted_count=0
 full_count=0

Compilation events (20 events):
Event: 145.268 Thread 0x000002d016594000 1925       3       java.util.stream.FindOps$FindSink$OfInt::get (5 bytes)
Event: 145.268 Thread 0x000002d016594000 nmethod 1925 0x000002d0008bfd90 code [0x000002d0008bff60, 0x000002d0008c0458]
Event: 145.268 Thread 0x000002d016594000 1929       3       java.text.Format::<init> (5 bytes)
Event: 145.268 Thread 0x000002d016594000 nmethod 1929 0x000002d00063c710 code [0x000002d00063c8c0, 0x000002d00063ca98]
Event: 145.268 Thread 0x000002d016594000 1926       3       java.util.stream.FindOps$FindSink$OfInt::get (25 bytes)
Event: 145.269 Thread 0x000002d016594000 nmethod 1926 0x000002d0008bf590 code [0x000002d0008bf760, 0x000002d0008bfbf8]
Event: 145.269 Thread 0x000002d016594000 1927       3       java.util.OptionalInt::of (9 bytes)
Event: 145.269 Thread 0x000002d016594000 nmethod 1927 0x000002d000926610 code [0x000002d0009267c0, 0x000002d000926a38]
Event: 145.269 Thread 0x000002d016594000 1928       3       java.util.OptionalInt::<init> (15 bytes)
Event: 145.269 Thread 0x000002d016594000 nmethod 1928 0x000002d000923f10 code [0x000002d0009240c0, 0x000002d000924298]
Event: 149.823 Thread 0x000002d016594000 1930       3       java.util.LinkedHashMap::keySet (25 bytes)
Event: 149.824 Thread 0x000002d016594000 nmethod 1930 0x000002d000922e10 code [0x000002d000922fe0, 0x000002d000923438]
Event: 149.824 Thread 0x000002d016594000 1931       3       java.util.LinkedHashMap$LinkedKeySet::<init> (10 bytes)
Event: 149.824 Thread 0x000002d016594000 nmethod 1931 0x000002d0005d2010 code [0x000002d0005d21c0, 0x000002d0005d24b8]
Event: 150.188 Thread 0x000002d016594000 1932       3       java.util.Arrays::sort (47 bytes)
Event: 150.189 Thread 0x000002d016594000 nmethod 1932 0x000002d0006f2790 code [0x000002d0006f2980, 0x000002d0006f2d00]
Event: 150.189 Thread 0x000002d016594000 1933       3       java.util.Arrays::sort (32 bytes)
Event: 150.189 Thread 0x000002d016594000 nmethod 1933 0x000002d000922990 code [0x000002d000922b40, 0x000002d000922d40]
Event: 150.189 Thread 0x000002d016594000 1934       3       java.util.LinkedHashMap$LinkedKeySet::iterator (12 bytes)
Event: 150.189 Thread 0x000002d016594000 nmethod 1934 0x000002d000929710 code [0x000002d0009298e0, 0x000002d000929d18]

GC Heap History (20 events):
Event: 149.490 GC heap before
{Heap before GC invocations=731 (full 235):
 garbage-first heap   total 17408K, used 12196K [0x0000000081a00000, 0x0000000100000000)
  region size 1024K, 8 young (8192K), 1 survivors (1024K)
 Metaspace       used 3340K, capacity 5639K, committed 5760K, reserved 1056768K
  class space    used 264K, capacity 607K, committed 640K, reserved 1048576K
}
Event: 149.491 GC heap after
{Heap after GC invocations=732 (full 235):
 garbage-first heap   total 17408K, used 5016K [0x0000000081a00000, 0x0000000100000000)
  region size 1024K, 1 young (1024K), 1 survivors (1024K)
 Metaspace       used 3340K, capacity 5639K, committed 5760K, reserved 1056768K
  class space    used 264K, capacity 607K, committed 640K, reserved 1048576K
}
Event: 149.587 GC heap before
{Heap before GC invocations=732 (full 235):
 garbage-first heap   total 17408K, used 12184K [0x0000000081a00000, 0x0000000100000000)
  region size 1024K, 8 young (8192K), 1 survivors (1024K)
 Metaspace       used 3340K, capacity 5639K, committed 5760K, reserved 1056768K
  class space    used 264K, capacity 607K, committed 640K, reserved 1048576K
}
Event: 149.588 GC heap after
{Heap after GC invocations=733 (full 235):
 garbage-first heap   total 17408K, used 5011K [0x0000000081a00000, 0x0000000100000000)
  region size 1024K, 1 young (1024K), 1 survivors (1024K)
 Metaspace       used 3340K, capacity 5639K, committed 5760K, reserved 1056768K
  class space    used 264K, capacity 607K, committed 640K, reserved 1048576K
}
Event: 149.630 GC heap before
{Heap before GC invocations=733 (full 235):
 garbage-first heap   total 17408K, used 8083K [0x0000000081a00000, 0x0000000100000000)
  region size 1024K, 5 young (5120K), 1 survivors (1024K)
 Metaspace       used 3340K, capacity 5639K, committed 5760K, reserved 1056768K
  class space    used 264K, capacity 607K, committed 640K, reserved 1048576K
}
Event: 149.642 GC heap after
{Heap after GC invocations=734 (full 236):
 garbage-first heap   total 17408K, used 4522K [0x0000000081a00000, 0x0000000100000000)
  region size 1024K, 0 young (0K), 0 survivors (0K)
 Metaspace       used 3340K, capacity 5639K, committed 5760K, reserved 1056768K
  class space    used 264K, capacity 607K, committed 640K, reserved 1048576K
}
Event: 149.689 GC heap before
{Heap before GC invocations=734 (full 236):
 garbage-first heap   total 17408K, used 7594K [0x0000000081a00000, 0x0000000100000000)
  region size 1024K, 4 young (4096K), 0 survivors (0K)
 Metaspace       used 3340K, capacity 5639K, committed 5760K, reserved 1056768K
  class space    used 264K, capacity 607K, committed 640K, reserved 1048576K
}
Event: 149.702 GC heap after
{Heap after GC invocations=735 (full 237):
 garbage-first heap   total 17408K, used 4546K [0x0000000081a00000, 0x0000000100000000)
  region size 1024K, 0 young (0K), 0 survivors (0K)
 Metaspace       used 3340K, capacity 5639K, committed 5760K, reserved 1056768K
  class space    used 264K, capacity 607K, committed 640K, reserved 1048576K
}
Event: 149.766 GC heap before
{Heap before GC invocations=735 (full 237):
 garbage-first heap   total 17408K, used 8642K [0x0000000081a00000, 0x0000000100000000)
  region size 1024K, 5 young (5120K), 0 survivors (0K)
 Metaspace       used 3340K, capacity 5639K, committed 5760K, reserved 1056768K
  class space    used 264K, capacity 607K, committed 640K, reserved 1048576K
}
Event: 149.779 GC heap after
{Heap after GC invocations=736 (full 238):
 garbage-first heap   total 17408K, used 4541K [0x0000000081a00000, 0x0000000100000000)
  region size 1024K, 0 young (0K), 0 survivors (0K)
 Metaspace       used 3340K, capacity 5639K, committed 5760K, reserved 1056768K
  class space    used 264K, capacity 607K, committed 640K, reserved 1048576K
}
Event: 149.810 GC heap before
{Heap before GC invocations=736 (full 238):
 garbage-first heap   total 17408K, used 6589K [0x0000000081a00000, 0x0000000100000000)
  region size 1024K, 3 young (3072K), 0 survivors (0K)
 Metaspace       used 3340K, capacity 5639K, committed 5760K, reserved 1056768K
  class space    used 264K, capacity 607K, committed 640K, reserved 1048576K
}
Event: 149.823 GC heap after
{Heap after GC invocations=737 (full 239):
 garbage-first heap   total 17408K, used 4546K [0x0000000081a00000, 0x0000000100000000)
  region size 1024K, 0 young (0K), 0 survivors (0K)
 Metaspace       used 3340K, capacity 5639K, committed 5760K, reserved 1056768K
  class space    used 264K, capacity 607K, committed 640K, reserved 1048576K
}
Event: 149.944 GC heap before
{Heap before GC invocations=737 (full 239):
 garbage-first heap   total 17408K, used 12738K [0x0000000081a00000, 0x0000000100000000)
  region size 1024K, 8 young (8192K), 0 survivors (0K)
 Metaspace       used 3341K, capacity 5639K, committed 5760K, reserved 1056768K
  class space    used 264K, capacity 607K, committed 640K, reserved 1048576K
}
Event: 149.946 GC heap after
{Heap after GC invocations=738 (full 239):
 garbage-first heap   total 74752K, used 4769K [0x0000000081a00000, 0x0000000100000000)
  region size 1024K, 1 young (1024K), 1 survivors (1024K)
 Metaspace       used 3341K, capacity 5639K, committed 5760K, reserved 1056768K
  class space    used 264K, capacity 607K, committed 640K, reserved 1048576K
}
Event: 150.178 GC heap before
{Heap before GC invocations=738 (full 239):
 garbage-first heap   total 74752K, used 21153K [0x0000000081a00000, 0x0000000100000000)
  region size 1024K, 18 young (18432K), 1 survivors (1024K)
 Metaspace       used 3341K, capacity 5639K, committed 5760K, reserved 1056768K
  class space    used 264K, capacity 607K, committed 640K, reserved 1048576K
}
Event: 150.187 GC heap after
{Heap after GC invocations=739 (full 240):
 garbage-first heap   total 20480K, used 4529K [0x0000000081a00000, 0x0000000100000000)
  region size 1024K, 0 young (0K), 0 survivors (0K)
 Metaspace       used 3341K, capacity 5639K, committed 5760K, reserved 1056768K
  class space    used 264K, capacity 607K, committed 640K, reserved 1048576K
}
Event: 150.357 GC heap before
{Heap before GC invocations=739 (full 240):
 garbage-first heap   total 20480K, used 12721K [0x0000000081a00000, 0x0000000100000000)
  region size 1024K, 9 young (9216K), 0 survivors (0K)
 Metaspace       used 3344K, capacity 5639K, committed 5760K, reserved 1056768K
  class space    used 264K, capacity 607K, committed 640K, reserved 1048576K
}
Event: 150.366 GC heap after
{Heap after GC invocations=740 (full 241):
 garbage-first heap   total 20480K, used 4692K [0x0000000081a00000, 0x0000000100000000)
  region size 1024K, 0 young (0K), 0 survivors (0K)
 Metaspace       used 3344K, capacity 5639K, committed 5760K, reserved 1056768K
  class space    used 264K, capacity 607K, committed 640K, reserved 1048576K
}
Event: 150.567 GC heap before
{Heap before GC invocations=740 (full 241):
 garbage-first heap   total 20480K, used 13908K [0x0000000081a00000, 0x0000000100000000)
  region size 1024K, 9 young (9216K), 0 survivors (0K)
 Metaspace       used 3344K, capacity 5639K, committed 5760K, reserved 1056768K
  class space    used 264K, capacity 607K, committed 640K, reserved 1048576K
}
Event: 150.569 GC heap after
{Heap after GC invocations=741 (full 241):
 garbage-first heap   total 20480K, used 5299K [0x0000000081a00000, 0x0000000100000000)
  region size 1024K, 1 young (1024K), 1 survivors (1024K)
 Metaspace       used 3344K, capacity 5639K, committed 5760K, reserved 1056768K
  class space    used 264K, capacity 607K, committed 640K, reserved 1048576K
}

Deoptimization events (20 events):
Event: 87.337 Thread 0x000002d077658000 DEOPT PACKING pc=0x000002d000758512 sp=0x000000f357cff040
Event: 87.337 Thread 0x000002d077658000 DEOPT UNPACKING pc=0x000002d00004964e sp=0x000000f357cfe6d0 mode 0
Event: 91.146 Thread 0x000002d077658000 DEOPT PACKING pc=0x000002d000913a02 sp=0x000000f357cff0a0
Event: 91.146 Thread 0x000002d077658000 DEOPT UNPACKING pc=0x000002d00004964e sp=0x000000f357cfe6d0 mode 0
Event: 91.538 Thread 0x000002d077658000 Uncommon trap: trap_request=0xffffffbe fr.pc=0x000002d007c21954 relative=0x0000000000004674
Event: 91.538 Thread 0x000002d077658000 Uncommon trap: reason=profile_predicate action=maybe_recompile pc=0x000002d007c21954 method=astrometrics.Conversions.degreesToRadians(Ljava/lang/String;)D @ 31 c2
Event: 91.538 Thread 0x000002d077658000 DEOPT PACKING pc=0x000002d007c21954 sp=0x000000f357cff1e0
Event: 91.538 Thread 0x000002d077658000 DEOPT UNPACKING pc=0x000002d00004912f sp=0x000000f357cff120 mode 2
Event: 114.675 Thread 0x000002d077658000 DEOPT PACKING pc=0x000002d000913b0f sp=0x000000f357cff0a0
Event: 114.675 Thread 0x000002d077658000 DEOPT UNPACKING pc=0x000002d00004964e sp=0x000000f357cfe6d0 mode 0
Event: 119.556 Thread 0x000002d077658000 Uncommon trap: trap_request=0xffffffbe fr.pc=0x000002d007c21954 relative=0x0000000000004674
Event: 119.556 Thread 0x000002d077658000 Uncommon trap: reason=profile_predicate action=maybe_recompile pc=0x000002d007c21954 method=astrometrics.Conversions.degreesToRadians(Ljava/lang/String;)D @ 31 c2
Event: 119.556 Thread 0x000002d077658000 DEOPT PACKING pc=0x000002d007c21954 sp=0x000000f357cff1e0
Event: 119.556 Thread 0x000002d077658000 DEOPT UNPACKING pc=0x000002d00004912f sp=0x000000f357cff120 mode 2
Event: 128.340 Thread 0x000002d077658000 DEOPT PACKING pc=0x000002d0008844cc sp=0x000000f357cfee20
Event: 128.340 Thread 0x000002d077658000 DEOPT UNPACKING pc=0x000002d00004964e sp=0x000000f357cfe2d8 mode 0
Event: 145.207 Thread 0x000002d077658000 Uncommon trap: trap_request=0xffffff45 fr.pc=0x000002d007bb8860 relative=0x0000000000000b40
Event: 145.207 Thread 0x000002d077658000 Uncommon trap: reason=unstable_if action=reinterpret pc=0x000002d007bb8860 method=jdk.internal.math.FloatingDecimal$BinaryToASCIIBuffer.dtoa(IJIZ)V @ 978 c2
Event: 145.207 Thread 0x000002d077658000 DEOPT PACKING pc=0x000002d007bb8860 sp=0x000000f357cff060
Event: 145.207 Thread 0x000002d077658000 DEOPT UNPACKING pc=0x000002d00004912f sp=0x000000f357cfef28 mode 2

Classes unloaded (0 events):
No events

Classes redefined (0 events):
No events

Internal exceptions (10 events):
Event: 0.233 Thread 0x000002d077658000 Exception <a 'java/lang/NoSuchMethodError'{0x000000008960e2a0}: 'int java.lang.invoke.DirectMethodHandle$Holder.invokeSpecialIFC(java.lang.Object, java.lang.Object, int)'> (0x000000008960e2a0) 
thrown [t:/workspace/open/src/hotspot/share/interpreter/linkResolver.cpp, line 767]
Event: 25.986 Thread 0x000002d077658000 Exception <a 'java/lang/NoSuchMethodError'{0x0000000087f4d9a8}: 'java.lang.Object java.lang.invoke.DirectMethodHandle$Holder.invokeStatic(java.lang.Object, java.lang.Object, java.lang.Object, java.lang.Object, java.lang.Object, java.lang.Object, java.lang.Object, java.lang.Object, java.lang.Object, java.lang.Object, java.lang.Object, java.lang.Object, java.lang.Object, java.lang.Object, java.lang.Object)'> (0x0000000087f4d9a8) 
thrown [t:/workspace/open/src/hotspot/share/interpreter/linkResolver.cpp, line 
Event: 25.987 Thread 0x000002d077658000 Exception <a 'java/lang/NoSuchMethodError'{0x0000000087f59910}: 'java.lang.Object java.lang.invoke.DirectMethodHandle$Holder.invokeStatic(java.lang.Object, java.lang.Object, java.lang.Object, java.lang.Object, java.lang.Object, java.lang.Object, java.lang.Object, java.lang.Object, java.lang.Object, java.lang.Object, java.lang.Object, java.lang.Object, java.lang.Object, java.lang.Object, java.lang.Object, java.lang.Object)'> (0x0000000087f59910) 
thrown [t:/workspace/open/src/hotspot/share/interpreter/linkR
Event: 25.988 Thread 0x000002d077658000 Exception <a 'java/lang/NoSuchMethodError'{0x0000000087f65eb8}: 'java.lang.Object java.lang.invoke.DirectMethodHandle$Holder.invokeSpecial(java.lang.Object, java.lang.Object, long, int, int, int, int, int, int)'> (0x0000000087f65eb8) 
thrown [t:/workspace/open/src/hotspot/share/interpreter/linkResolver.cpp, line 767]
Event: 25.989 Thread 0x000002d077658000 Exception <a 'java/lang/NoSuchMethodError'{0x0000000087f68ed0}: 'java.lang.Object java.lang.invoke.DelegatingMethodHandle$Holder.reinvoke_L(java.lang.Object, long, int, int, int, int, int, int)'> (0x0000000087f68ed0) 
thrown [t:/workspace/open/src/hotspot/share/interpreter/linkResolver.cpp, line 767]
Event: 25.993 Thread 0x000002d077658000 Exception <a 'java/lang/NoSuchMethodError'{0x0000000087fc6178}: 'java.lang.Object java.lang.invoke.Invokers$Holder.linkToTargetMethod(java.lang.Object, java.lang.Object, int, java.lang.Object, java.lang.Object)'> (0x0000000087fc6178) 
thrown [t:/workspace/open/src/hotspot/share/interpreter/linkResolver.cpp, line 767]
Event: 25.997 Thread 0x000002d077658000 Implicit null exception at 0x000002d007b5e16c to 0x000002d007b5e1da
Event: 26.003 Thread 0x000002d077658000 Exception <a 'java/lang/NoSuchMethodError'{0x0000000087e306c0}: 'java.lang.Object java.lang.invoke.Invokers$Holder.linkToTargetMethod(java.lang.Object, long, java.lang.Object)'> (0x0000000087e306c0) 
thrown [t:/workspace/open/src/hotspot/share/interpreter/linkResolver.cpp, line 767]
Event: 26.384 Thread 0x000002d077658000 Exception <a 'java/lang/NoSuchMethodError'{0x0000000087cfa728}: 'java.lang.Object java.lang.invoke.DirectMethodHandle$Holder.invokeSpecial(java.lang.Object, java.lang.Object, long, int, int, int, int, int, int, int)'> (0x0000000087cfa728) 
thrown [t:/workspace/open/src/hotspot/share/interpreter/linkResolver.cpp, line 767]
Event: 26.384 Thread 0x000002d077658000 Exception <a 'java/lang/NoSuchMethodError'{0x0000000087cfd800}: 'java.lang.Object java.lang.invoke.DelegatingMethodHandle$Holder.reinvoke_L(java.lang.Object, long, int, int, int, int, int, int, int)'> (0x0000000087cfd800) 
thrown [t:/workspace/open/src/hotspot/share/interpreter/linkResolver.cpp, line 767]

Events (20 events):
Event: 149.490 Executing VM operation: G1CollectForAllocation
Event: 149.491 Executing VM operation: G1CollectForAllocation done
Event: 149.587 Executing VM operation: G1CollectForAllocation
Event: 149.588 Executing VM operation: G1CollectForAllocation done
Event: 149.629 Executing VM operation: G1CollectFull
Event: 149.642 Executing VM operation: G1CollectFull done
Event: 149.689 Executing VM operation: G1CollectFull
Event: 149.702 Executing VM operation: G1CollectFull done
Event: 149.766 Executing VM operation: G1CollectFull
Event: 149.779 Executing VM operation: G1CollectFull done
Event: 149.810 Executing VM operation: G1CollectFull
Event: 149.823 Executing VM operation: G1CollectFull done
Event: 149.944 Executing VM operation: G1CollectForAllocation
Event: 149.946 Executing VM operation: G1CollectForAllocation done
Event: 150.178 Executing VM operation: G1CollectFull
Event: 150.187 Executing VM operation: G1CollectFull done
Event: 150.357 Executing VM operation: G1CollectFull
Event: 150.366 Executing VM operation: G1CollectFull done
Event: 150.567 Executing VM operation: G1CollectForAllocation
Event: 150.569 Executing VM operation: G1CollectForAllocation done


Dynamic libraries:
0x00007ff79c590000 - 0x00007ff79c59f000 	C:\Program Files\Java\jdk-13.0.1\bin\java.exe
0x00007ffd9d290000 - 0x00007ffd9d488000 	C:\WINDOWS\SYSTEM32\ntdll.dll
0x00007ffd9ce60000 - 0x00007ffd9cf1f000 	C:\WINDOWS\System32\KERNEL32.DLL
0x00007ffd9b000000 - 0x00007ffd9b2d2000 	C:\WINDOWS\System32\KERNELBASE.dll
0x00007ffd9ab10000 - 0x00007ffd9ac10000 	C:\WINDOWS\System32\ucrtbase.dll
0x00007ffd8d570000 - 0x00007ffd8d588000 	C:\Program Files\Java\jdk-13.0.1\bin\jli.dll
0x00007ffd8d550000 - 0x00007ffd8d565000 	C:\Program Files\Java\jdk-13.0.1\bin\VCRUNTIME140.dll
0x00007ffd9b480000 - 0x00007ffd9b52e000 	C:\WINDOWS\System32\ADVAPI32.dll
0x00007ffd9cdb0000 - 0x00007ffd9ce4e000 	C:\WINDOWS\System32\msvcrt.dll
0x00007ffd9cd10000 - 0x00007ffd9cdac000 	C:\WINDOWS\System32\sechost.dll
0x00007ffd9c950000 - 0x00007ffd9ca75000 	C:\WINDOWS\System32\RPCRT4.dll
0x00007ffd9b2e0000 - 0x00007ffd9b47d000 	C:\WINDOWS\System32\USER32.dll
0x00007ffd9aa70000 - 0x00007ffd9aa92000 	C:\WINDOWS\System32\win32u.dll
0x00007ffd9ca80000 - 0x00007ffd9caab000 	C:\WINDOWS\System32\GDI32.dll
0x00007ffd88af0000 - 0x00007ffd88d8a000 	C:\WINDOWS\WinSxS\amd64_microsoft.windows.common-controls_6595b64144ccf1df_6.0.19041.1110_none_60b5254171f9507e\COMCTL32.dll
0x00007ffd9ac10000 - 0x00007ffd9ad1f000 	C:\WINDOWS\System32\gdi32full.dll
0x00007ffd9aeb0000 - 0x00007ffd9af4d000 	C:\WINDOWS\System32\msvcp_win.dll
0x00007ffd93770000 - 0x00007ffd9377a000 	C:\WINDOWS\SYSTEM32\VERSION.dll
0x00007ffd9d1f0000 - 0x00007ffd9d222000 	C:\WINDOWS\System32\IMM32.DLL
0x0000000058050000 - 0x000000005805b000 	D:\Program Files (x86)\360\360safe\safemon\SafeWrapper.dll
0x00007ffd8c570000 - 0x00007ffd8c60b000 	C:\Program Files\Java\jdk-13.0.1\bin\msvcp140.dll
0x00007ffd37050000 - 0x00007ffd37bb6000 	C:\Program Files\Java\jdk-13.0.1\bin\server\jvm.dll
0x00007ffd9c320000 - 0x00007ffd9c328000 	C:\WINDOWS\System32\PSAPI.DLL
0x00007ffd990d0000 - 0x00007ffd990d9000 	C:\WINDOWS\SYSTEM32\WSOCK32.dll
0x00007ffd8ce40000 - 0x00007ffd8ce67000 	C:\WINDOWS\SYSTEM32\WINMM.dll
0x00007ffd9bfe0000 - 0x00007ffd9c04b000 	C:\WINDOWS\System32\WS2_32.dll
0x00007ffd99230000 - 0x00007ffd99242000 	C:\WINDOWS\SYSTEM32\kernel.appcore.dll
0x00007ffd964b0000 - 0x00007ffd964c0000 	C:\Program Files\Java\jdk-13.0.1\bin\verify.dll
0x00007ffd98ec0000 - 0x00007ffd990a4000 	C:\WINDOWS\SYSTEM32\DBGHELP.DLL
0x00007ffd7e8f0000 - 0x00007ffd7e91c000 	C:\WINDOWS\SYSTEM32\dbgcore.DLL
0x00007ffd9a9e0000 - 0x00007ffd9aa62000 	C:\WINDOWS\System32\bcryptPrimitives.dll
0x00007ffd8c760000 - 0x00007ffd8c786000 	C:\Program Files\Java\jdk-13.0.1\bin\java.dll
0x00007ffd963a0000 - 0x00007ffd963ae000 	C:\Program Files\Java\jdk-13.0.1\bin\instrument.dll
0x00007ffd8c680000 - 0x00007ffd8c697000 	C:\Program Files\Java\jdk-13.0.1\bin\zip.dll
0x00007ffd96440000 - 0x00007ffd9644a000 	C:\Program Files\Java\jdk-13.0.1\bin\jimage.dll
0x00007ffd9b530000 - 0x00007ffd9bc73000 	C:\WINDOWS\System32\SHELL32.dll
0x00007ffd98660000 - 0x00007ffd98df2000 	C:\WINDOWS\SYSTEM32\windows.storage.dll
0x00007ffd9bc80000 - 0x00007ffd9bfd4000 	C:\WINDOWS\System32\combase.dll
0x00007ffd9a3f0000 - 0x00007ffd9a420000 	C:\WINDOWS\SYSTEM32\Wldp.dll
0x00007ffd9c180000 - 0x00007ffd9c22d000 	C:\WINDOWS\System32\SHCORE.dll
0x00007ffd9cf20000 - 0x00007ffd9cf75000 	C:\WINDOWS\System32\shlwapi.dll
0x00007ffd9a8d0000 - 0x00007ffd9a8ef000 	C:\WINDOWS\SYSTEM32\profapi.dll
0x00007ffd8c660000 - 0x00007ffd8c679000 	C:\Program Files\Java\jdk-13.0.1\bin\net.dll
0x00007ffd95690000 - 0x00007ffd9579c000 	C:\WINDOWS\SYSTEM32\WINHTTP.dll
0x00007ffd9a150000 - 0x00007ffd9a1ba000 	C:\WINDOWS\system32\mswsock.dll
0x00007ffd8c550000 - 0x00007ffd8c563000 	C:\Program Files\Java\jdk-13.0.1\bin\nio.dll
0x00007ffd87f70000 - 0x00007ffd87f8a000 	D:\Program Files\JetBrains\IntelliJ IDEA 2021.3.2\bin\breakgen64.dll
0x000000006f880000 - 0x000000006f8aa000 	G:\UOA_Courses\thesis\project\radiotelescopescheduling\norad\norad.dll
0x000000006fc40000 - 0x000000006fda3000 	D:\Program Files (x86)\mingw64\bin\libstdc++-6.dll
0x0000000061440000 - 0x000000006145a000 	D:\Program Files (x86)\mingw64\bin\libgcc_s_seh-1.dll
0x0000000064940000 - 0x0000000064955000 	D:\Program Files (x86)\mingw64\bin\libwinpthread-1.dll
0x0000000070980000 - 0x00000000709c4000 	G:\UOA_Courses\thesis\project\radiotelescopescheduling\novas\novas.dll
0x00007ffd87e40000 - 0x00007ffd87e72000 	C:\gurobi952\win64\bin\GurobiJni95.dll
0x00007ffd2b150000 - 0x00007ffd2d250000 	C:\gurobi952\win64\bin\gurobi95.dll
0x00007ffd9ad20000 - 0x00007ffd9ae76000 	C:\WINDOWS\System32\CRYPT32.dll
0x00007ffd9d190000 - 0x00007ffd9d1e6000 	C:\WINDOWS\System32\WLDAP32.dll
0x00007ffd9ce50000 - 0x00007ffd9ce58000 	C:\WINDOWS\System32\Normaliz.dll
0x00007ffd9a880000 - 0x00007ffd9a8b2000 	C:\WINDOWS\SYSTEM32\SspiCli.dll

dbghelp: loaded successfully - version: 4.0.5 - missing functions: none
symbol engine: initialized successfully - sym options: 0x614 - pdb path: .;C:\Program Files\Java\jdk-13.0.1\bin;C:\WINDOWS\SYSTEM32;C:\WINDOWS\WinSxS\amd64_microsoft.windows.common-controls_6595b64144ccf1df_6.0.19041.1110_none_60b5254171f9507e;D:\Program Files (x86)\360\360safe\safemon;C:\Program Files\Java\jdk-13.0.1\bin\server;D:\Program Files\JetBrains\IntelliJ IDEA 2021.3.2\bin;G:\UOA_Courses\thesis\project\radiotelescopescheduling\norad;D:\Program Files (x86)\mingw64\bin;G:\UOA_Courses\thesis\project\radiotelescopescheduling\novas;C:\gurobi952\win64\bin

VM Arguments:
jvm_args: -Djava.library.path=G:\UOA_Courses\thesis\project\radiotelescopescheduling\norad;G:\UOA_Courses\thesis\project\radiotelescopescheduling\novas;C:\gurobi952\win64\lib;C:\gurobi952\win64\bin -javaagent:D:\Program Files\JetBrains\IntelliJ IDEA 2021.3.2\lib\idea_rt.jar=5650:D:\Program Files\JetBrains\IntelliJ IDEA 2021.3.2\bin -Dfile.encoding=UTF-8 
java_command: SchedulingMain
java_class_path (initial): G:\UOA_Courses\thesis\project\radiotelescopescheduling\out\production\radiotelescopescheduling;C:\Users\Han\.m2\repository\com\google\ortools\ortools-java\8.2.9025\ortools-java-8.2.9025.jar;C:\Users\Han\.m2\repository\com\google\ortools\ortools-linux-x86-64\8.2.9025\ortools-linux-x86-64-8.2.9025.jar;C:\Users\Han\.m2\repository\com\google\ortools\ortools-darwin-x86-64\8.2.9025\ortools-darwin-x86-64-8.2.9025.jar;C:\Users\Han\.m2\repository\com\google\ortools\ortools-win32-x86-64\8.2.9025\ortools-win32-x86-64-8.2.9025.jar;C:\Users\Han\.m2\repository\net\java\dev\jna\jna-platform\5.8.0\jna-platform-5.8.0.jar;C:\Users\Han\.m2\repository\net\java\dev\jna\jna\5.8.0\jna-5.8.0.jar;C:\Users\Han\.m2\repository\com\google\protobuf\protobuf-java\3.15.7\protobuf-java-3.15.7.jar;C:\Users\Han\.m2\repository\com\google\protobuf\protobuf-java\3.17.3\protobuf-java-3.17.3.jar;C:\Users\Han\.m2\repository\org\mongodb\bson\4.3.2\bson-4.3.2.jar;C:\Users\Han\.m2\repository\org\mongodb\mongo-java-driver\3.12.8\mongo-java-driver-3.12.8.jar;C:\Users\Han\.m2\repository\org\mongodb\mongodb-driver-core\4.2.3\mongodb-driver-core-4.2.3.jar;C:\Users\Han\.m2\repository\org\mongodb\bson\4.2.3\bson-4.2.3.jar;C:\gurobi952\win64\lib\gurobi.jar;C:\gurobi952\win64\lib\gurobi-javadoc.jar
Launcher Type: SUN_STANDARD

[Global flags]
     intx CICompilerCount                          = 4                                         {product} {ergonomic}
     uint ConcGCThreads                            = 2                                         {product} {ergonomic}
     uint G1ConcRefinementThreads                  = 8                                         {product} {ergonomic}
   size_t G1HeapRegionSize                         = 1048576                                   {product} {ergonomic}
    uintx GCDrainStackTargetSize                   = 64                                        {product} {ergonomic}
   size_t InitialHeapSize                          = 134217728                                 {product} {ergonomic}
   size_t MarkStackSize                            = 4194304                                   {product} {ergonomic}
   size_t MaxHeapSize                              = 2120220672                                {product} {ergonomic}
   size_t MaxNewSize                               = 1271922688                                {product} {ergonomic}
   size_t MinHeapDeltaBytes                        = 1048576                                   {product} {ergonomic}
   size_t MinHeapSize                              = 8388608                                   {product} {ergonomic}
    uintx NonNMethodCodeHeapSize                   = 5836300                                {pd product} {ergonomic}
    uintx NonProfiledCodeHeapSize                  = 122910970                              {pd product} {ergonomic}
    uintx ProfiledCodeHeapSize                     = 122910970                              {pd product} {ergonomic}
    uintx ReservedCodeCacheSize                    = 251658240                              {pd product} {ergonomic}
     bool SegmentedCodeCache                       = true                                      {product} {ergonomic}
   size_t SoftMaxHeapSize                          = 2120220672                             {manageable} {ergonomic}
     bool UseCompressedClassPointers               = true                                 {lp64_product} {ergonomic}
     bool UseCompressedOops                        = true                                 {lp64_product} {ergonomic}
     bool UseG1GC                                  = true                                      {product} {ergonomic}
     bool UseLargePagesIndividualAllocation        = false                                  {pd product} {ergonomic}

Logging:
Log output configuration:
 #0: stdout all=warning uptime,level,tags
 #1: stderr all=off uptime,level,tags

Environment Variables:
JAVA_HOME=C:\Program Files\Java\jdk-13.0.1
CLASSPATH=.;C:\Program Files\Java\jdk-13.0.1\lib\dt.jar;C:\Program Files\Java\jdk-13.0.1\lib\tools.jar;
PATH=C:\gurobi952\win64\bin;D:\Program Files\ImageMagick-7.1.0-Q16-HDRI;D:\CUDA\bin;D:\CUDA\libnvvp;C:\Program Files\Microsoft MPI\Bin\;C:\Program Files (x86)\Intel\iCLS Client\;C:\Program Files\Intel\iCLS Client\;C:\windows\system32;C:\windows;C:\windows\System32\Wbem;C:\windows\System32\WindowsPowerShell\v1.0\;C:\Program Files (x86)\Intel\Intel(R) Management Engine Components\DAL;C:\Program Files\Intel\Intel(R) Management Engine Components\DAL;C:\Program Files (x86)\Intel\Intel(R) Management Engine Components\IPT;C:\Program Files\Intel\Intel(R) Management Engine Components\IPT;C:\Program Files (x86)\NVIDIA Corporation\PhysX\Common;C:\WINDOWS\system32;C:\WINDOWS;C:\WINDOWS\System32\Wbem;C:\WINDOWS\System32\WindowsPowerShell\v1.0\;C:\Program Files (x86)\Windows Kits\8.1\Windows Performance Toolkit\;D:\Lingo\;C:\Program Files\Microsoft SQL Server\Client SDK\ODBC\130\Tools\Binn\;C:\Program Files (x86)\Microsoft SQL Server\140\Tools\Binn\;C:\Program Files\Microsoft SQL Server\140\Tools\Binn\;C:\Program Files (x86)\Microsoft SQL Server\140\DTS\Binn\;C:\Program Files\Microsoft SQL Server\140\DTS\Binn\;C:\WINDOWS\System32\OpenSSH\;C:\Program Files\Intel\WiFi\bin\;C:\Program Files\Common Files\Intel\WirelessCommon\;C:\Program Files\Java\jdk-13.0.1\bin;C:\Program Files\NVIDIA Corporation\Nsight Compute 2019.4.0\;C:\Program Files\NVIDIA Corporation\NVIDIA NvDLISR;D:\CUDA\lib\x64;C:\Program Files\dotnet\;D:\Microsoft Visual Studio\opencv\opencv\build\x64\vc15\bin;D:\Microsoft Visual Studio\opencv\opencv\build\x64\vc15\lib;C:\WINDOWS\system32;C:\WINDOWS;C:\WINDOWS\System32\Wbem;C:\WINDOWS\System32\WindowsPowerShell\v1.0\;C:\WINDOWS\System32\OpenSSH\;C:\Program Files\Git\cmd;D:\Program Files (x86)\mingw64\bin;C:\ProgramData\chocolatey\bin;D:\Program Files\MATLAB\R2022b\runtime\win64;D:\Program Files\MATLAB\R2022b\bin;C:\Users\Han\AppData\Local\Microsoft\WindowsApps;D:\altera\13.0sp1\modelsim_ase\win32aloem;D:\altera\13.0sp1\modelsim_ae\win32aloem;D:\Microsoft Visual Studio\opencv\
USERNAME=Han
LD_LIBRARY_PATH=C:\gurobi952\win64\lib
OS=Windows_NT
PROCESSOR_IDENTIFIER=Intel64 Family 6 Model 94 Stepping 3, GenuineIntel



---------------  S Y S T E M  ---------------

OS: Windows 10 , 64 bit Build 19041 (10.0.19041.2251)

CPU:total 8 (initial active 8) (4 cores per cpu, 2 threads per core) family 6 model 94 stepping 3, cmov, cx8, fxsr, mmx, sse, sse2, sse3, ssse3, sse4.1, sse4.2, popcnt, avx, avx2, aes, clmul, erms, rtm, 3dnowpref, lzcnt, ht, tsc, tscinvbit, bmi1, bmi2, adx, fma

Memory: 4k page, system-wide physical 8081M (2843M free)
TotalPageFile size 9749M (AvailPageFile size 3145M)
current process WorkingSet (physical memory assigned to process): 132M, peak: 231M
current process commit charge ("private bytes"): 174M, peak: 298M

vm_info: Java HotSpot(TM) 64-Bit Server VM (13.0.1+9) for windows-amd64 JRE (13.0.1+9), built on Oct  6 2019 12:37:49 by "mach5one" with unknown MS VC++:1916

END.
