#
# A fatal error has been detected by the Java Runtime Environment:
#
#  EXCEPTION_ACCESS_VIOLATION (0xc0000005) at pc=0x00007ffd2b84e5bb, pid=11592, tid=7740
#
# JRE version: Java(TM) SE Runtime Environment (13.0.1+9) (build 13.0.1+9)
# Java VM: Java HotSpot(TM) 64-Bit Server VM (13.0.1+9, mixed mode, sharing, tiered, compressed oops, g1 gc, windows-amd64)
# Problematic frame:
# C  [gurobi95.dll+0x6fe5bb]
#
# No core dump will be written. Minidumps are not enabled by default on client versions of Windows
#
# If you would like to submit a bug report, please visit:
#   http://bugreport.java.com/bugreport/crash.jsp
# The crash happened outside the Java Virtual Machine in native code.
# See problematic frame for where to report the bug.
#

---------------  S U M M A R Y ------------

Command Line: -Djava.library.path=G:\UOA_Courses\thesis\project\radiotelescopescheduling\norad;G:\UOA_Courses\thesis\project\radiotelescopescheduling\novas;C:\gurobi952\win64\lib;C:\gurobi952\win64\bin -javaagent:D:\Program Files\JetBrains\IntelliJ IDEA 2021.3.2\lib\idea_rt.jar=5732:D:\Program Files\JetBrains\IntelliJ IDEA 2021.3.2\bin -Dfile.encoding=UTF-8 SchedulingMain

Host: Intel(R) Core(TM) i7-6700HQ CPU @ 2.60GHz, 8 cores, 7G,  Windows 10 , 64 bit Build 19041 (10.0.19041.2251)
Time: Sat Nov 26 13:44:42 2022 W. Europe Standard Time elapsed time: 14 seconds (0d 0h 0m 14s)

---------------  T H R E A D  ---------------

Current thread (0x0000020823ccb800):  JavaThread "main" [_thread_in_native, id=7740, stack(0x00000097b8800000,0x00000097b8900000)]

Stack: [0x00000097b8800000,0x00000097b8900000],  sp=0x00000097b88fee60,  free space=1019k
Native frames: (J=compiled Java code, j=interpreted, Vv=VM code, C=native code)
C  [gurobi95.dll+0x6fe5bb]

Java frames: (J=compiled Java code, j=interpreted, Vv=VM code)
J 968  gurobi.GurobiJni.getdblattrlist(JLjava/lang/String;II[I[D)I (0 bytes) @ 0x0000020833d233e4 [0x0000020833d23340+0x00000000000000a4]
J 1048 c2 gurobi.GRBVar.get(Lgurobi/GRB$DoubleAttr;)D (104 bytes) @ 0x0000020833d3e5a8 [0x0000020833d3e3c0+0x00000000000001e8]
J 1144 c2 optimisation.MultiTelescopesMTSPPolicy.findNextPaths([Lobservation/Pointable;)[Lobservation/Connection; (1691 bytes) @ 0x0000020833d71df4 [0x0000020833d6cb00+0x00000000000052f4]
j  optimisation.DispatchPolicy.nextMoves()V+39
j  optimisation.Scheduler.buildSchedule(Ljava/util/Properties;)V+702
j  simulation.Simulation.run()V+8
j  SchedulingMain.runRepeats(I)V+34
j  SchedulingMain.main([Ljava/lang/String;)V+40
v  ~StubRoutines::call_stub

siginfo: EXCEPTION_ACCESS_VIOLATION (0xc0000005), reading address 0x0000000000001ac4


Register to memory mapping:

RIP=0x00007ffd2b84e5bb gurobi95.dll
RAX=0x000000000000005f is an unknown value
RBX=0x0 is NULL
RCX=0x00000097b88fec50 is pointing into the stack for thread: 0x0000020823ccb800
RDX=0x0000000000000100 is an unknown value
RSP=0x00000097b88fee60 is pointing into the stack for thread: 0x0000020823ccb800
RBP=0x0000020845301ba0 points into unknown readable memory: 50 1a 30 45 08 02 00 00
RSI=0x0000000000001ab8 is an unknown value
RDI=0x0 is NULL
R8 =0x0000020843b5f920 points into unknown readable memory: 00 00 00 00 00 00 00 00
R9 =0x00000097b88fec52 is pointing into the stack for thread: 0x0000020823ccb800
R10=0x0000000000000357 is an unknown value
R11=0x0000000000000038 is an unknown value
R12=0x00000097b88fef50 is pointing into the stack for thread: 0x0000020823ccb800
R13=0x0000020847a167c0 points into unknown readable memory: 00 00 00 00 00 00 00 00
R14=0x0000020845fe72e0 points into unknown readable memory: 58 00 00 00 00 00 00 00
R15=0x0000000000000c18 is an unknown value


Registers:
RAX=0x000000000000005f, RBX=0x0000000000000000, RCX=0x00000097b88fec50, RDX=0x0000000000000100
RSP=0x00000097b88fee60, RBP=0x0000020845301ba0, RSI=0x0000000000001ab8, RDI=0x0000000000000000
R8 =0x0000020843b5f920, R9 =0x00000097b88fec52, R10=0x0000000000000357, R11=0x0000000000000038
R12=0x00000097b88fef50, R13=0x0000020847a167c0, R14=0x0000020845fe72e0, R15=0x0000000000000c18
RIP=0x00007ffd2b84e5bb, EFLAGS=0x0000000000010207

Top of Stack: (sp=0x00000097b88fee60)
0x00000097b88fee60:   0000000081bfedf0 00007ffd37415111
0x00000097b88fee70:   0000020845fe72e0 0000020823ccb800
0x00000097b88fee80:   0000020845fe72e0 00007ffd9d2b47b1
0x00000097b88fee90:   0000020823ccb800 0000000000000000
0x00000097b88feea0:   0000020823ccbb10 0000000000000000
0x00000097b88feeb0:   0000000000000000 0000000000000000
0x00000097b88feec0:   00000097b88ff010 0000020823ccb800
0x00000097b88feed0:   00000097b88ff000 0000020847a167c0
0x00000097b88feee0:   00000097b88fefd8 0000000000000000
0x00000097b88feef0:   0000020823ccbb10 00007ffd87e42315
0x00000097b88fef00:   0000000000000000 00000097b88ff010
0x00000097b88fef10:   0000020823ccbb10 0000020845fe71a0
0x00000097b88fef20:   00000097b88fefd0 00007ffd87e410ae
0x00000097b88fef30:   00000097b88fefd0 0000009700000000
0x00000097b88fef40:   0000000085e0e490 0000020845fe72e0
0x00000097b88fef50:   00000097b88fef60 0000020823ccb800 

Instructions: (pc=0x00007ffd2b84e5bb)
0x00007ffd2b84e4bb:   cc cc cc cc cc cc cc cc cc cc cc cc cc cc cc cc
0x00007ffd2b84e4cb:   cc cc cc cc cc cc cc cc cc cc cc cc cc cc cc cc
0x00007ffd2b84e4db:   cc cc cc cc cc cc cc cc cc cc cc cc cc cc cc cc
0x00007ffd2b84e4eb:   cc cc cc cc cc 56 57 41 54 41 55 41 56 41 57 55
0x00007ffd2b84e4fb:   48 83 ec 60 4d 89 cc 45 89 c7 49 89 d6 49 89 cd
0x00007ffd2b84e50b:   4d 85 e4 0f 84 3a 03 00 00 4d 85 ed 74 64 41 83
0x00007ffd2b84e51b:   7d 40 00 7e 5d 48 89 e0 4c 89 e9 4c 89 f2 41 b8
0x00007ffd2b84e52b:   02 00 00 00 45 89 f9 c7 40 20 01 00 00 00 48 c7
0x00007ffd2b84e53b:   40 28 00 00 00 00 4c 89 60 30 e8 fc 7f 90 ff 89
0x00007ffd2b84e54b:   c7 85 ff 74 1b 48 89 e5 4c 89 e9 89 fa 45 33 c0
0x00007ffd2b84e55b:   4c 8d 0d 62 80 6f 01 4c 89 75 20 e8 07 5e 90 ff
0x00007ffd2b84e56b:   89 f8 48 83 c4 60 5d 41 5f 41 5e 41 5d 41 5c 5f
0x00007ffd2b84e57b:   5e c3 4c 89 e9 33 f6 e8 f6 b6 90 ff 89 c7 85 ff
0x00007ffd2b84e58b:   0f 85 f4 00 00 00 4c 89 e9 4c 89 f2 e8 1f 65 90
0x00007ffd2b84e59b:   ff 83 f8 ff 0f 84 7e 02 00 00 49 8b ad d8 02 00
0x00007ffd2b84e5ab:   00 48 63 c0 48 8b 75 10 4c 8d 14 c0 4a 8d 34 d6
0x00007ffd2b84e5bb:   83 7e 0c 02 0f 84 97 00 00 00 48 8d 15 74 7e 6f
0x00007ffd2b84e5cb:   01 48 8d 6c 24 40 48 89 e9 e8 c3 65 90 ff 8b 46
0x00007ffd2b84e5db:   0c 85 c0 0f 84 cc 01 00 00 83 f8 01 74 30 83 f8
0x00007ffd2b84e5eb:   02 75 13 48 8d 15 4b 7e 6f 01 48 8d 4c 24 4a e8
0x00007ffd2b84e5fb:   9d 65 90 ff eb 29 83 f8 03 75 24 48 8d 15 3f 7e
0x00007ffd2b84e60b:   6f 01 48 8d 4c 24 4a e8 85 65 90 ff eb 11 48 8d
0x00007ffd2b84e61b:   15 1c 7e 6f 01 48 8d 4c 24 4a e8 72 65 90 ff 49
0x00007ffd2b84e62b:   89 e2 bf 14 27 00 00 4c 89 e9 89 fa 41 b8 01 00
0x00007ffd2b84e63b:   00 00 4c 8d 0d 14 7e 6f 01 49 89 6a 20 48 8d 6c
0x00007ffd2b84e64b:   24 4a 4d 89 72 28 49 89 6a 30 e8 18 5d 90 ff eb
0x00007ffd2b84e65b:   29 83 7e 10 00 75 23 48 89 e5 bf 14 27 00 00 4c
0x00007ffd2b84e66b:   89 e9 89 fa 41 b8 01 00 00 00 4c 8d 0d 54 7e 6f
0x00007ffd2b84e67b:   01 4c 89 75 20 e8 ed 5c 90 ff 85 ff 0f 85 de fe
0x00007ffd2b84e68b:   ff ff 8b 6e 10 ff cd 83 fd 04 0f 87 cc 00 00 00
0x00007ffd2b84e69b:   48 8d 3d 5e 19 90 ff 0f b6 84 2f 2c 63 df 01 48
0x00007ffd2b84e6ab:   8d 84 07 b4 e6 6f 00 ff e0 49 8b 85 d8 00 00 00 


Stack slot to memory mapping:
stack at sp + 0 slots: 0x0000000081bfedf0 is an oop: java.lang.String 
{0x0000000081bfedf0} - klass: 'java/lang/String'
stack at sp + 1 slots: 0x00007ffd37415111 jvm.dll
stack at sp + 2 slots: 0x0000020845fe72e0 points into unknown readable memory: 58 00 00 00 00 00 00 00
stack at sp + 3 slots: 0x0000020823ccb800 is a thread
stack at sp + 4 slots: 0x0000020845fe72e0 points into unknown readable memory: 58 00 00 00 00 00 00 00
stack at sp + 5 slots: 0x00007ffd9d2b47b1 ntdll.dll
stack at sp + 6 slots: 0x0000020823ccb800 is a thread
stack at sp + 7 slots: 0x0 is NULL


---------------  P R O C E S S  ---------------

Threads class SMR info:
_java_thread_list=0x0000020845301bd0, length=11, elements={
0x0000020823ccb800, 0x0000020842c09800, 0x0000020842c0d000, 0x0000020842c31800,
0x0000020842c32800, 0x0000020842c33800, 0x0000020842c40000, 0x0000020842c41000,
0x0000020842bf2000, 0x00000208437da000, 0x00000208437da800
}

Java Threads: ( => current thread )
=>0x0000020823ccb800 JavaThread "main" [_thread_in_native, id=7740, stack(0x00000097b8800000,0x00000097b8900000)]
  0x0000020842c09800 JavaThread "Reference Handler" daemon [_thread_blocked, id=16804, stack(0x00000097b8f00000,0x00000097b9000000)]
  0x0000020842c0d000 JavaThread "Finalizer" daemon [_thread_blocked, id=17304, stack(0x00000097b9000000,0x00000097b9100000)]
  0x0000020842c31800 JavaThread "Signal Dispatcher" daemon [_thread_blocked, id=16388, stack(0x00000097b9100000,0x00000097b9200000)]
  0x0000020842c32800 JavaThread "Attach Listener" daemon [_thread_blocked, id=10672, stack(0x00000097b9200000,0x00000097b9300000)]
  0x0000020842c33800 JavaThread "C2 CompilerThread0" daemon [_thread_blocked, id=6664, stack(0x00000097b9300000,0x00000097b9400000)]
  0x0000020842c40000 JavaThread "C1 CompilerThread0" daemon [_thread_blocked, id=10840, stack(0x00000097b9400000,0x00000097b9500000)]
  0x0000020842c41000 JavaThread "Sweeper thread" daemon [_thread_blocked, id=14448, stack(0x00000097b9500000,0x00000097b9600000)]
  0x0000020842bf2000 JavaThread "Common-Cleaner" daemon [_thread_blocked, id=3276, stack(0x00000097b9600000,0x00000097b9700000)]
  0x00000208437da000 JavaThread "Monitor Ctrl-Break" daemon [_thread_in_native, id=17152, stack(0x00000097b9800000,0x00000097b9900000)]
  0x00000208437da800 JavaThread "Service Thread" daemon [_thread_blocked, id=15120, stack(0x00000097b9900000,0x00000097b9a00000)]

Other Threads:
  0x0000020842c08800 VMThread "VM Thread" [stack: 0x00000097b8e00000,0x00000097b8f00000] [id=15544]
  0x00000208437dd800 WatcherThread [stack: 0x00000097b9a00000,0x00000097b9b00000] [id=684]
  0x0000020823d0d800 GCTaskThread "GC Thread#0" [stack: 0x00000097b8900000,0x00000097b8a00000] [id=13540]
  0x0000020844a19800 GCTaskThread "GC Thread#1" [stack: 0x00000097b9700000,0x00000097b9800000] [id=16480]
  0x0000020844012800 GCTaskThread "GC Thread#2" [stack: 0x00000097b9b00000,0x00000097b9c00000] [id=1572]
  0x0000020823d20800 ConcurrentGCThread "G1 Main Marker" [stack: 0x00000097b8a00000,0x00000097b8b00000] [id=17092]
  0x0000020823d23000 ConcurrentGCThread "G1 Conc#0" [stack: 0x00000097b8b00000,0x00000097b8c00000] [id=4836]
  0x0000020842a86800 ConcurrentGCThread "G1 Refine#0" [stack: 0x00000097b8c00000,0x00000097b8d00000] [id=10084]
  0x0000020842a88800 ConcurrentGCThread "G1 Young RemSet Sampling" [stack: 0x00000097b8d00000,0x00000097b8e00000] [id=7416]

Threads with active compile tasks:

VM state:not at safepoint (normal execution)

VM Mutex/Monitor currently owned by a thread: None

Heap address: 0x0000000081a00000, size: 2022 MB, Compressed Oops mode: 32-bit
Narrow klass base: 0x0000000800000000, Narrow klass shift: 3
Compressed class space size: 1073741824 Address: 0x0000000800b40000

Heap:
 garbage-first heap   total 20480K, used 5059K [0x0000000081a00000, 0x0000000100000000)
  region size 1024K, 2 young (2048K), 1 survivors (1024K)
 Metaspace       used 2631K, capacity 5349K, committed 5504K, reserved 1056768K
  class space    used 214K, capacity 531K, committed 640K, reserved 1048576K
Heap Regions: E=young(eden), S=young(survivor), O=old, HS=humongous(starts), HC=humongous(continues), CS=collection set, F=free, A=archive, TAMS=top-at-mark-start (previous, next)
|   0|0x0000000081a00000, 0x0000000081af6928, 0x0000000081b00000| 96%| O|  |TAMS 0x0000000081a00000, 0x0000000081a00000| Untracked 
|   1|0x0000000081b00000, 0x0000000081bffff0, 0x0000000081c00000| 99%| O|  |TAMS 0x0000000081b00000, 0x0000000081b00000| Untracked 
|   2|0x0000000081c00000, 0x0000000081cffff0, 0x0000000081d00000| 99%| O|  |TAMS 0x0000000081c00000, 0x0000000081c00000| Untracked 
|   3|0x0000000081d00000, 0x0000000081dffff0, 0x0000000081e00000| 99%| O|  |TAMS 0x0000000081d00000, 0x0000000081d00000| Untracked 
|   4|0x0000000081e00000, 0x0000000081e53b40, 0x0000000081f00000| 32%| O|  |TAMS 0x0000000081e00000, 0x0000000081e00000| Untracked 
|   5|0x0000000081f00000, 0x0000000081f00000, 0x0000000082000000|  0%| F|  |TAMS 0x0000000081f00000, 0x0000000081f00000| Untracked 
|   6|0x0000000082000000, 0x0000000082000000, 0x0000000082100000|  0%| F|  |TAMS 0x0000000082000000, 0x0000000082000000| Untracked 
|   7|0x0000000082100000, 0x0000000082100000, 0x0000000082200000|  0%| F|  |TAMS 0x0000000082100000, 0x0000000082100000| Untracked 
|   8|0x0000000082200000, 0x0000000082293540, 0x0000000082300000| 57%| S|CS|TAMS 0x0000000082200000, 0x0000000082200000| Complete 
|   9|0x0000000082300000, 0x0000000082300000, 0x0000000082400000|  0%| F|  |TAMS 0x0000000082300000, 0x0000000082300000| Untracked 
|  10|0x0000000082400000, 0x0000000082400000, 0x0000000082500000|  0%| F|  |TAMS 0x0000000082400000, 0x0000000082400000| Untracked 
|  11|0x0000000082500000, 0x0000000082500000, 0x0000000082600000|  0%| F|  |TAMS 0x0000000082500000, 0x0000000082500000| Untracked 
|  12|0x0000000082600000, 0x00000000826132f0, 0x0000000082700000|  7%| O|  |TAMS 0x0000000082600000, 0x0000000082600000| Untracked 
|  13|0x0000000082700000, 0x0000000082700000, 0x0000000082800000|  0%| F|  |TAMS 0x0000000082700000, 0x0000000082700000| Untracked 
|  14|0x0000000082800000, 0x0000000082800000, 0x0000000082900000|  0%| F|  |TAMS 0x0000000082800000, 0x0000000082800000| Untracked 
|  15|0x0000000082900000, 0x0000000082900000, 0x0000000082a00000|  0%| F|  |TAMS 0x0000000082900000, 0x0000000082900000| Untracked 
|  16|0x0000000082a00000, 0x0000000082a00000, 0x0000000082b00000|  0%| F|  |TAMS 0x0000000082a00000, 0x0000000082a00000| Untracked 
|  17|0x0000000082b00000, 0x0000000082b00000, 0x0000000082c00000|  0%| F|  |TAMS 0x0000000082b00000, 0x0000000082b00000| Untracked 
|  18|0x0000000082c00000, 0x0000000082c00000, 0x0000000082d00000|  0%| F|  |TAMS 0x0000000082c00000, 0x0000000082c00000| Untracked 
|  68|0x0000000085e00000, 0x0000000085e2d4b0, 0x0000000085f00000| 17%| E|  |TAMS 0x0000000085e00000, 0x0000000085e00000| Complete 

Card table byte_map: [0x000002083ba10000,0x000002083be10000] _byte_map_base: 0x000002083b603000

Marking Bits (Prev, Next): (CMBitMap*) 0x0000020823d0e678, (CMBitMap*) 0x0000020823d0e6b8
 Prev Bits: [0x000002083c210000, 0x000002083e1a8000)
 Next Bits: [0x000002083e1b0000, 0x0000020840148000)

Polling page: 0x00000208234a0000

Metaspace:

Usage:
  Non-class:      4.71 MB capacity,     2.36 MB ( 50%) used,     2.34 MB ( 50%) free+waste,     8.44 KB ( <1%) overhead. 
      Class:    531.00 KB capacity,   214.98 KB ( 40%) used,   310.96 KB ( 59%) free+waste,     5.06 KB ( <1%) overhead. 
       Both:      5.22 MB capacity,     2.57 MB ( 49%) used,     2.64 MB ( 51%) free+waste,    13.50 KB ( <1%) overhead. 

Virtual space:
  Non-class space:        8.00 MB reserved,       4.75 MB ( 59%) committed 
      Class space:        1.00 GB reserved,     640.00 KB ( <1%) committed 
             Both:        1.01 GB reserved,       5.38 MB ( <1%) committed 

Chunk freelists:
   Non-Class:  46.00 KB
       Class:  0 bytes
        Both:  46.00 KB

MaxMetaspaceSize: 17179869184.00 GB
CompressedClassSpaceSize: 1.00 GB

CodeHeap 'non-profiled nmethods': size=120000Kb used=1006Kb max_used=1006Kb free=118993Kb
 bounds [0x0000020833ca0000, 0x0000020833f10000, 0x000002083b1d0000]
CodeHeap 'profiled nmethods': size=120000Kb used=3029Kb max_used=3029Kb free=116970Kb
 bounds [0x000002082c770000, 0x000002082ca70000, 0x0000020833ca0000]
CodeHeap 'non-nmethods': size=5760Kb used=1201Kb max_used=1264Kb free=4558Kb
 bounds [0x000002082c1d0000, 0x000002082c440000, 0x000002082c770000]
 total_blobs=2441 nmethods=1197 adapters=373
 compilation: enabled
              stopped_count=0, restarted_count=0
 full_count=0

Compilation events (20 events):
Event: 13.080 Thread 0x0000020842c33800 1189       4       java.util.HashMap::get (23 bytes)
Event: 13.087 Thread 0x0000020842c33800 nmethod 1189 0x0000020833d95810 code [0x0000020833d959e0, 0x0000020833d96078]
Event: 13.402 Thread 0x0000020842c40000 1190       1       observation.Connection::setFinalSlewTime (6 bytes)
Event: 13.402 Thread 0x0000020842c40000 nmethod 1190 0x0000020833d96490 code [0x0000020833d96620, 0x0000020833d96758]
Event: 13.402 Thread 0x0000020842c40000 1191       1       observation.Pulsar::getAttempts (5 bytes)
Event: 13.402 Thread 0x0000020842c40000 nmethod 1191 0x0000020833d96810 code [0x0000020833d969a0, 0x0000020833d96ad8]
Event: 13.403 Thread 0x0000020842c40000 1192       3       java.util.GregorianCalendar::computeFields (1585 bytes)
Event: 13.407 Thread 0x0000020842c40000 nmethod 1192 0x000002082ca5cf90 code [0x000002082ca5d660, 0x000002082ca631c0]
Event: 13.409 Thread 0x0000020842c40000 1193       1       observation.live.ObservationState::getLinkToHere (5 bytes)
Event: 13.409 Thread 0x0000020842c40000 nmethod 1193 0x0000020833d96b90 code [0x0000020833d96d20, 0x0000020833d96e58]
Event: 13.409 Thread 0x0000020842c40000 1194       1       observation.Pulsar::getExpectedIntegrationTime (5 bytes)
Event: 13.409 Thread 0x0000020842c40000 nmethod 1194 0x0000020833d96f10 code [0x0000020833d970a0, 0x0000020833d971d8]
Event: 13.412 Thread 0x0000020842c33800 1195       4       java.util.GregorianCalendar::computeFields (1585 bytes)
Event: 13.442 Thread 0x0000020842c33800 nmethod 1195 0x0000020833d97290 code [0x0000020833d97500, 0x0000020833d99060]
Event: 13.671 Thread 0x0000020842c33800 1196       4       java.nio.CharBuffer::arrayOffset (35 bytes)
Event: 13.672 Thread 0x0000020842c33800 nmethod 1196 0x0000020833d9ab90 code [0x0000020833d9ad20, 0x0000020833d9add8]
Event: 13.673 Thread 0x0000020842c33800 1197       4       java.nio.Buffer::<init> (99 bytes)
Event: 13.676 Thread 0x0000020842c33800 nmethod 1197 0x0000020833d9ae90 code [0x0000020833d9b040, 0x0000020833d9b258]
Event: 13.882 Thread 0x0000020842c33800 1198       4       java.lang.Long::valueOf (40 bytes)
Event: 13.883 Thread 0x0000020842c33800 nmethod 1198 0x0000020833d9b510 code [0x0000020833d9b6a0, 0x0000020833d9b7b8]

GC Heap History (20 events):
Event: 12.404 GC heap before
{Heap before GC invocations=63 (full 22):
 garbage-first heap   total 17408K, used 9414K [0x0000000081a00000, 0x0000000100000000)
  region size 1024K, 6 young (6144K), 1 survivors (1024K)
 Metaspace       used 2630K, capacity 5349K, committed 5504K, reserved 1056768K
  class space    used 214K, capacity 531K, committed 640K, reserved 1048576K
}
Event: 12.417 GC heap after
{Heap after GC invocations=64 (full 23):
 garbage-first heap   total 17408K, used 4451K [0x0000000081a00000, 0x0000000100000000)
  region size 1024K, 0 young (0K), 0 survivors (0K)
 Metaspace       used 2630K, capacity 5349K, committed 5504K, reserved 1056768K
  class space    used 214K, capacity 531K, committed 640K, reserved 1048576K
}
Event: 12.532 GC heap before
{Heap before GC invocations=64 (full 23):
 garbage-first heap   total 17408K, used 12643K [0x0000000081a00000, 0x0000000100000000)
  region size 1024K, 8 young (8192K), 0 survivors (0K)
 Metaspace       used 2630K, capacity 5349K, committed 5504K, reserved 1056768K
  class space    used 214K, capacity 531K, committed 640K, reserved 1048576K
}
Event: 12.533 GC heap after
{Heap after GC invocations=65 (full 23):
 garbage-first heap   total 17408K, used 4664K [0x0000000081a00000, 0x0000000100000000)
  region size 1024K, 1 young (1024K), 1 survivors (1024K)
 Metaspace       used 2630K, capacity 5349K, committed 5504K, reserved 1056768K
  class space    used 214K, capacity 531K, committed 640K, reserved 1048576K
}
Event: 12.635 GC heap before
{Heap before GC invocations=65 (full 23):
 garbage-first heap   total 17408K, used 11832K [0x0000000081a00000, 0x0000000100000000)
  region size 1024K, 8 young (8192K), 1 survivors (1024K)
 Metaspace       used 2630K, capacity 5349K, committed 5504K, reserved 1056768K
  class space    used 214K, capacity 531K, committed 640K, reserved 1048576K
}
Event: 12.636 GC heap after
{Heap after GC invocations=66 (full 23):
 garbage-first heap   total 17408K, used 4731K [0x0000000081a00000, 0x0000000100000000)
  region size 1024K, 1 young (1024K), 1 survivors (1024K)
 Metaspace       used 2630K, capacity 5349K, committed 5504K, reserved 1056768K
  class space    used 214K, capacity 531K, committed 640K, reserved 1048576K
}
Event: 12.710 GC heap before
{Heap before GC invocations=66 (full 23):
 garbage-first heap   total 17408K, used 11899K [0x0000000081a00000, 0x0000000100000000)
  region size 1024K, 8 young (8192K), 1 survivors (1024K)
 Metaspace       used 2630K, capacity 5349K, committed 5504K, reserved 1056768K
  class space    used 214K, capacity 531K, committed 640K, reserved 1048576K
}
Event: 12.712 GC heap after
{Heap after GC invocations=67 (full 23):
 garbage-first heap   total 74752K, used 4871K [0x0000000081a00000, 0x0000000100000000)
  region size 1024K, 1 young (1024K), 1 survivors (1024K)
 Metaspace       used 2630K, capacity 5349K, committed 5504K, reserved 1056768K
  class space    used 214K, capacity 531K, committed 640K, reserved 1048576K
}
Event: 12.970 GC heap before
{Heap before GC invocations=67 (full 23):
 garbage-first heap   total 74752K, used 9991K [0x0000000081a00000, 0x0000000100000000)
  region size 1024K, 7 young (7168K), 1 survivors (1024K)
 Metaspace       used 2630K, capacity 5349K, committed 5504K, reserved 1056768K
  class space    used 214K, capacity 531K, committed 640K, reserved 1048576K
}
Event: 12.980 GC heap after
{Heap after GC invocations=68 (full 24):
 garbage-first heap   total 20480K, used 4636K [0x0000000081a00000, 0x0000000100000000)
  region size 1024K, 0 young (0K), 0 survivors (0K)
 Metaspace       used 2630K, capacity 5349K, committed 5504K, reserved 1056768K
  class space    used 214K, capacity 531K, committed 640K, reserved 1048576K
}
Event: 13.082 GC heap before
{Heap before GC invocations=68 (full 24):
 garbage-first heap   total 20480K, used 13852K [0x0000000081a00000, 0x0000000100000000)
  region size 1024K, 9 young (9216K), 0 survivors (0K)
 Metaspace       used 2631K, capacity 5349K, committed 5504K, reserved 1056768K
  class space    used 214K, capacity 531K, committed 640K, reserved 1048576K
}
Event: 13.084 GC heap after
{Heap after GC invocations=69 (full 24):
 garbage-first heap   total 20480K, used 5083K [0x0000000081a00000, 0x0000000100000000)
  region size 1024K, 1 young (1024K), 1 survivors (1024K)
 Metaspace       used 2631K, capacity 5349K, committed 5504K, reserved 1056768K
  class space    used 214K, capacity 531K, committed 640K, reserved 1048576K
}
Event: 13.393 GC heap before
{Heap before GC invocations=69 (full 24):
 garbage-first heap   total 20480K, used 13275K [0x0000000081a00000, 0x0000000100000000)
  region size 1024K, 10 young (10240K), 1 survivors (1024K)
 Metaspace       used 2631K, capacity 5349K, committed 5504K, reserved 1056768K
  class space    used 214K, capacity 531K, committed 640K, reserved 1048576K
}
Event: 13.401 GC heap after
{Heap after GC invocations=70 (full 25):
 garbage-first heap   total 20480K, used 4642K [0x0000000081a00000, 0x0000000100000000)
  region size 1024K, 0 young (0K), 0 survivors (0K)
 Metaspace       used 2631K, capacity 5349K, committed 5504K, reserved 1056768K
  class space    used 214K, capacity 531K, committed 640K, reserved 1048576K
}
Event: 13.715 GC heap before
{Heap before GC invocations=70 (full 25):
 garbage-first heap   total 20480K, used 14882K [0x0000000081a00000, 0x0000000100000000)
  region size 1024K, 10 young (10240K), 0 survivors (0K)
 Metaspace       used 2631K, capacity 5349K, committed 5504K, reserved 1056768K
  class space    used 214K, capacity 531K, committed 640K, reserved 1048576K
}
Event: 13.717 GC heap after
{Heap after GC invocations=71 (full 25):
 garbage-first heap   total 20480K, used 5140K [0x0000000081a00000, 0x0000000100000000)
  region size 1024K, 1 young (1024K), 1 survivors (1024K)
 Metaspace       used 2631K, capacity 5349K, committed 5504K, reserved 1056768K
  class space    used 214K, capacity 531K, committed 640K, reserved 1048576K
}
Event: 13.827 GC heap before
{Heap before GC invocations=71 (full 25):
 garbage-first heap   total 20480K, used 13332K [0x0000000081a00000, 0x0000000100000000)
  region size 1024K, 10 young (10240K), 1 survivors (1024K)
 Metaspace       used 2631K, capacity 5349K, committed 5504K, reserved 1056768K
  class space    used 214K, capacity 531K, committed 640K, reserved 1048576K
}
Event: 13.835 GC heap after
{Heap after GC invocations=72 (full 26):
 garbage-first heap   total 20480K, used 4469K [0x0000000081a00000, 0x0000000100000000)
  region size 1024K, 0 young (0K), 0 survivors (0K)
 Metaspace       used 2631K, capacity 5349K, committed 5504K, reserved 1056768K
  class space    used 214K, capacity 531K, committed 640K, reserved 1048576K
}
Event: 14.182 GC heap before
{Heap before GC invocations=72 (full 26):
 garbage-first heap   total 20480K, used 14709K [0x0000000081a00000, 0x0000000100000000)
  region size 1024K, 10 young (10240K), 0 survivors (0K)
 Metaspace       used 2631K, capacity 5349K, committed 5504K, reserved 1056768K
  class space    used 214K, capacity 531K, committed 640K, reserved 1048576K
}
Event: 14.183 GC heap after
{Heap after GC invocations=73 (full 26):
 garbage-first heap   total 20480K, used 5059K [0x0000000081a00000, 0x0000000100000000)
  region size 1024K, 1 young (1024K), 1 survivors (1024K)
 Metaspace       used 2631K, capacity 5349K, committed 5504K, reserved 1056768K
  class space    used 214K, capacity 531K, committed 640K, reserved 1048576K
}

Deoptimization events (20 events):
Event: 10.123 Thread 0x0000020823ccb800 DEOPT PACKING pc=0x000002082ca3ee1f sp=0x00000097b88fed40
Event: 10.123 Thread 0x0000020823ccb800 DEOPT UNPACKING pc=0x000002082c21964e sp=0x00000097b88fe3f0 mode 0
Event: 10.605 Thread 0x0000020823ccb800 DEOPT PACKING pc=0x000002082ca09637 sp=0x00000097b88fefd0
Event: 10.605 Thread 0x0000020823ccb800 DEOPT UNPACKING pc=0x000002082c21964e sp=0x00000097b88fe488 mode 0
Event: 12.703 Thread 0x0000020823ccb800 Uncommon trap: trap_request=0xffffff45 fr.pc=0x0000020833d2891c relative=0x000000000000177c
Event: 12.703 Thread 0x0000020823ccb800 Uncommon trap: reason=unstable_if action=reinterpret pc=0x0000020833d2891c method=sun.util.calendar.CalendarDate.setYear(I)Lsun/util/calendar/CalendarDate; @ 5 c2
Event: 12.703 Thread 0x0000020823ccb800 DEOPT PACKING pc=0x0000020833d2891c sp=0x00000097b88fef80
Event: 12.703 Thread 0x0000020823ccb800 DEOPT UNPACKING pc=0x000002082c21912f sp=0x00000097b88fece8 mode 2
Event: 12.704 Thread 0x0000020823ccb800 Uncommon trap: trap_request=0xffffff45 fr.pc=0x0000020833d24fb0 relative=0x0000000000000550
Event: 12.704 Thread 0x0000020823ccb800 Uncommon trap: reason=unstable_if action=reinterpret pc=0x0000020833d24fb0 method=sun.util.calendar.CalendarDate.setYear(I)Lsun/util/calendar/CalendarDate; @ 5 c2
Event: 12.704 Thread 0x0000020823ccb800 DEOPT PACKING pc=0x0000020833d24fb0 sp=0x00000097b88fee50
Event: 12.704 Thread 0x0000020823ccb800 DEOPT UNPACKING pc=0x000002082c21912f sp=0x00000097b88fece0 mode 2
Event: 12.704 Thread 0x0000020823ccb800 Uncommon trap: trap_request=0xffffff45 fr.pc=0x0000020833d2aa14 relative=0x0000000000000074
Event: 12.704 Thread 0x0000020823ccb800 Uncommon trap: reason=unstable_if action=reinterpret pc=0x0000020833d2aa14 method=sun.util.calendar.CalendarDate.setYear(I)Lsun/util/calendar/CalendarDate; @ 5 c2
Event: 12.704 Thread 0x0000020823ccb800 DEOPT PACKING pc=0x0000020833d2aa14 sp=0x00000097b88fedb0
Event: 12.704 Thread 0x0000020823ccb800 DEOPT UNPACKING pc=0x000002082c21912f sp=0x00000097b88fece0 mode 2
Event: 13.402 Thread 0x0000020823ccb800 Uncommon trap: trap_request=0xffffff45 fr.pc=0x0000020833d92ffc relative=0x00000000000014fc
Event: 13.402 Thread 0x0000020823ccb800 Uncommon trap: reason=unstable_if action=reinterpret pc=0x0000020833d92ffc method=java.util.GregorianCalendar.computeFields(II)I @ 201 c2
Event: 13.402 Thread 0x0000020823ccb800 DEOPT PACKING pc=0x0000020833d92ffc sp=0x00000097b88ff030
Event: 13.402 Thread 0x0000020823ccb800 DEOPT UNPACKING pc=0x000002082c21912f sp=0x00000097b88fef50 mode 2

Classes unloaded (0 events):
No events

Classes redefined (0 events):
No events

Internal exceptions (1 events):
Event: 0.234 Thread 0x0000020823ccb800 Exception <a 'java/lang/NoSuchMethodError'{0x000000008960e2a0}: 'int java.lang.invoke.DirectMethodHandle$Holder.invokeSpecialIFC(java.lang.Object, java.lang.Object, int)'> (0x000000008960e2a0) 
thrown [t:/workspace/open/src/hotspot/share/interpreter/linkResolver.cpp, line 767]

Events (20 events):
Event: 12.635 Executing VM operation: G1CollectForAllocation
Event: 12.636 Executing VM operation: G1CollectForAllocation done
Event: 12.705 Thread 0x0000020846956000 Thread added: 0x0000020846956000
Event: 12.710 Executing VM operation: G1CollectForAllocation
Event: 12.712 Executing VM operation: G1CollectForAllocation done
Event: 12.954 Thread 0x0000020846956000 Thread exited: 0x0000020846956000
Event: 12.970 Executing VM operation: G1CollectFull
Event: 12.981 Executing VM operation: G1CollectFull done
Event: 13.082 Executing VM operation: G1CollectForAllocation
Event: 13.084 Executing VM operation: G1CollectForAllocation done
Event: 13.393 Executing VM operation: G1CollectFull
Event: 13.402 Executing VM operation: G1CollectFull done
Event: 13.714 Executing VM operation: G1CollectForAllocation
Event: 13.717 Executing VM operation: G1CollectForAllocation done
Event: 13.718 Executing VM operation: RevokeBias
Event: 13.718 Executing VM operation: RevokeBias done
Event: 13.827 Executing VM operation: G1CollectFull
Event: 13.835 Executing VM operation: G1CollectFull done
Event: 14.181 Executing VM operation: G1CollectForAllocation
Event: 14.183 Executing VM operation: G1CollectForAllocation done


Dynamic libraries:
0x00007ff79c590000 - 0x00007ff79c59f000 	C:\Program Files\Java\jdk-13.0.1\bin\java.exe
0x00007ffd9d290000 - 0x00007ffd9d488000 	C:\WINDOWS\SYSTEM32\ntdll.dll
0x00007ffd9ce60000 - 0x00007ffd9cf1f000 	C:\WINDOWS\System32\KERNEL32.DLL
0x00007ffd9b000000 - 0x00007ffd9b2d2000 	C:\WINDOWS\System32\KERNELBASE.dll
0x00007ffd9ab10000 - 0x00007ffd9ac10000 	C:\WINDOWS\System32\ucrtbase.dll
0x00007ffd8d550000 - 0x00007ffd8d568000 	C:\Program Files\Java\jdk-13.0.1\bin\jli.dll
0x00007ffd8d570000 - 0x00007ffd8d585000 	C:\Program Files\Java\jdk-13.0.1\bin\VCRUNTIME140.dll
0x00007ffd9b480000 - 0x00007ffd9b52e000 	C:\WINDOWS\System32\ADVAPI32.dll
0x00007ffd9cdb0000 - 0x00007ffd9ce4e000 	C:\WINDOWS\System32\msvcrt.dll
0x00007ffd9cd10000 - 0x00007ffd9cdac000 	C:\WINDOWS\System32\sechost.dll
0x00007ffd9c950000 - 0x00007ffd9ca75000 	C:\WINDOWS\System32\RPCRT4.dll
0x00007ffd9b2e0000 - 0x00007ffd9b47d000 	C:\WINDOWS\System32\USER32.dll
0x00007ffd9aa70000 - 0x00007ffd9aa92000 	C:\WINDOWS\System32\win32u.dll
0x00007ffd9ca80000 - 0x00007ffd9caab000 	C:\WINDOWS\System32\GDI32.dll
0x00007ffd88af0000 - 0x00007ffd88d8a000 	C:\WINDOWS\WinSxS\amd64_microsoft.windows.common-controls_6595b64144ccf1df_6.0.19041.1110_none_60b5254171f9507e\COMCTL32.dll
0x00007ffd9ac10000 - 0x00007ffd9ad1f000 	C:\WINDOWS\System32\gdi32full.dll
0x00007ffd9aeb0000 - 0x00007ffd9af4d000 	C:\WINDOWS\System32\msvcp_win.dll
0x00007ffd93770000 - 0x00007ffd9377a000 	C:\WINDOWS\SYSTEM32\VERSION.dll
0x00007ffd9d1f0000 - 0x00007ffd9d222000 	C:\WINDOWS\System32\IMM32.DLL
0x0000000058050000 - 0x000000005805b000 	D:\Program Files (x86)\360\360safe\safemon\SafeWrapper.dll
0x00007ffd8c570000 - 0x00007ffd8c60b000 	C:\Program Files\Java\jdk-13.0.1\bin\msvcp140.dll
0x00007ffd37050000 - 0x00007ffd37bb6000 	C:\Program Files\Java\jdk-13.0.1\bin\server\jvm.dll
0x00007ffd9c320000 - 0x00007ffd9c328000 	C:\WINDOWS\System32\PSAPI.DLL
0x00007ffd990d0000 - 0x00007ffd990d9000 	C:\WINDOWS\SYSTEM32\WSOCK32.dll
0x00007ffd8ce40000 - 0x00007ffd8ce67000 	C:\WINDOWS\SYSTEM32\WINMM.dll
0x00007ffd9bfe0000 - 0x00007ffd9c04b000 	C:\WINDOWS\System32\WS2_32.dll
0x00007ffd99230000 - 0x00007ffd99242000 	C:\WINDOWS\SYSTEM32\kernel.appcore.dll
0x00007ffd964b0000 - 0x00007ffd964c0000 	C:\Program Files\Java\jdk-13.0.1\bin\verify.dll
0x00007ffd98ec0000 - 0x00007ffd990a4000 	C:\WINDOWS\SYSTEM32\DBGHELP.DLL
0x00007ffd7e8f0000 - 0x00007ffd7e91c000 	C:\WINDOWS\SYSTEM32\dbgcore.DLL
0x00007ffd9a9e0000 - 0x00007ffd9aa62000 	C:\WINDOWS\System32\bcryptPrimitives.dll
0x00007ffd8c760000 - 0x00007ffd8c786000 	C:\Program Files\Java\jdk-13.0.1\bin\java.dll
0x00007ffd963a0000 - 0x00007ffd963ae000 	C:\Program Files\Java\jdk-13.0.1\bin\instrument.dll
0x00007ffd8c680000 - 0x00007ffd8c697000 	C:\Program Files\Java\jdk-13.0.1\bin\zip.dll
0x00007ffd96440000 - 0x00007ffd9644a000 	C:\Program Files\Java\jdk-13.0.1\bin\jimage.dll
0x00007ffd9b530000 - 0x00007ffd9bc73000 	C:\WINDOWS\System32\SHELL32.dll
0x00007ffd98660000 - 0x00007ffd98df2000 	C:\WINDOWS\SYSTEM32\windows.storage.dll
0x00007ffd9bc80000 - 0x00007ffd9bfd4000 	C:\WINDOWS\System32\combase.dll
0x00007ffd9a3f0000 - 0x00007ffd9a420000 	C:\WINDOWS\SYSTEM32\Wldp.dll
0x00007ffd9c180000 - 0x00007ffd9c22d000 	C:\WINDOWS\System32\SHCORE.dll
0x00007ffd9cf20000 - 0x00007ffd9cf75000 	C:\WINDOWS\System32\shlwapi.dll
0x00007ffd9a8d0000 - 0x00007ffd9a8ef000 	C:\WINDOWS\SYSTEM32\profapi.dll
0x00007ffd8c660000 - 0x00007ffd8c679000 	C:\Program Files\Java\jdk-13.0.1\bin\net.dll
0x00007ffd95690000 - 0x00007ffd9579c000 	C:\WINDOWS\SYSTEM32\WINHTTP.dll
0x00007ffd9a150000 - 0x00007ffd9a1ba000 	C:\WINDOWS\system32\mswsock.dll
0x00007ffd8c550000 - 0x00007ffd8c563000 	C:\Program Files\Java\jdk-13.0.1\bin\nio.dll
0x00007ffd87ff0000 - 0x00007ffd8800a000 	D:\Program Files\JetBrains\IntelliJ IDEA 2021.3.2\bin\breakgen64.dll
0x000000006f880000 - 0x000000006f8aa000 	G:\UOA_Courses\thesis\project\radiotelescopescheduling\norad\norad.dll
0x000000006fc40000 - 0x000000006fda3000 	D:\Program Files (x86)\mingw64\bin\libstdc++-6.dll
0x0000000061440000 - 0x000000006145a000 	D:\Program Files (x86)\mingw64\bin\libgcc_s_seh-1.dll
0x0000000064940000 - 0x0000000064955000 	D:\Program Files (x86)\mingw64\bin\libwinpthread-1.dll
0x0000000070980000 - 0x00000000709c4000 	G:\UOA_Courses\thesis\project\radiotelescopescheduling\novas\novas.dll
0x00007ffd87e40000 - 0x00007ffd87e72000 	C:\gurobi952\win64\bin\GurobiJni95.dll
0x00007ffd2b150000 - 0x00007ffd2d250000 	C:\gurobi952\win64\bin\gurobi95.dll
0x00007ffd9ad20000 - 0x00007ffd9ae76000 	C:\WINDOWS\System32\CRYPT32.dll
0x00007ffd9d190000 - 0x00007ffd9d1e6000 	C:\WINDOWS\System32\WLDAP32.dll
0x00007ffd9ce50000 - 0x00007ffd9ce58000 	C:\WINDOWS\System32\Normaliz.dll
0x00007ffd9a880000 - 0x00007ffd9a8b2000 	C:\WINDOWS\SYSTEM32\SspiCli.dll

dbghelp: loaded successfully - version: 4.0.5 - missing functions: none
symbol engine: initialized successfully - sym options: 0x614 - pdb path: .;C:\Program Files\Java\jdk-13.0.1\bin;C:\WINDOWS\SYSTEM32;C:\WINDOWS\WinSxS\amd64_microsoft.windows.common-controls_6595b64144ccf1df_6.0.19041.1110_none_60b5254171f9507e;D:\Program Files (x86)\360\360safe\safemon;C:\Program Files\Java\jdk-13.0.1\bin\server;D:\Program Files\JetBrains\IntelliJ IDEA 2021.3.2\bin;G:\UOA_Courses\thesis\project\radiotelescopescheduling\norad;D:\Program Files (x86)\mingw64\bin;G:\UOA_Courses\thesis\project\radiotelescopescheduling\novas;C:\gurobi952\win64\bin

VM Arguments:
jvm_args: -Djava.library.path=G:\UOA_Courses\thesis\project\radiotelescopescheduling\norad;G:\UOA_Courses\thesis\project\radiotelescopescheduling\novas;C:\gurobi952\win64\lib;C:\gurobi952\win64\bin -javaagent:D:\Program Files\JetBrains\IntelliJ IDEA 2021.3.2\lib\idea_rt.jar=5732:D:\Program Files\JetBrains\IntelliJ IDEA 2021.3.2\bin -Dfile.encoding=UTF-8 
java_command: SchedulingMain
java_class_path (initial): G:\UOA_Courses\thesis\project\radiotelescopescheduling\out\production\radiotelescopescheduling;C:\Users\Han\.m2\repository\com\google\ortools\ortools-java\8.2.9025\ortools-java-8.2.9025.jar;C:\Users\Han\.m2\repository\com\google\ortools\ortools-linux-x86-64\8.2.9025\ortools-linux-x86-64-8.2.9025.jar;C:\Users\Han\.m2\repository\com\google\ortools\ortools-darwin-x86-64\8.2.9025\ortools-darwin-x86-64-8.2.9025.jar;C:\Users\Han\.m2\repository\com\google\ortools\ortools-win32-x86-64\8.2.9025\ortools-win32-x86-64-8.2.9025.jar;C:\Users\Han\.m2\repository\net\java\dev\jna\jna-platform\5.8.0\jna-platform-5.8.0.jar;C:\Users\Han\.m2\repository\net\java\dev\jna\jna\5.8.0\jna-5.8.0.jar;C:\Users\Han\.m2\repository\com\google\protobuf\protobuf-java\3.15.7\protobuf-java-3.15.7.jar;C:\Users\Han\.m2\repository\com\google\protobuf\protobuf-java\3.17.3\protobuf-java-3.17.3.jar;C:\Users\Han\.m2\repository\org\mongodb\bson\4.3.2\bson-4.3.2.jar;C:\Users\Han\.m2\repository\org\mongodb\mongo-java-driver\3.12.8\mongo-java-driver-3.12.8.jar;C:\Users\Han\.m2\repository\org\mongodb\mongodb-driver-core\4.2.3\mongodb-driver-core-4.2.3.jar;C:\Users\Han\.m2\repository\org\mongodb\bson\4.2.3\bson-4.2.3.jar;C:\gurobi952\win64\lib\gurobi.jar;C:\gurobi952\win64\lib\gurobi-javadoc.jar
Launcher Type: SUN_STANDARD

[Global flags]
     intx CICompilerCount                          = 4                                         {product} {ergonomic}
     uint ConcGCThreads                            = 2                                         {product} {ergonomic}
     uint G1ConcRefinementThreads                  = 8                                         {product} {ergonomic}
   size_t G1HeapRegionSize                         = 1048576                                   {product} {ergonomic}
    uintx GCDrainStackTargetSize                   = 64                                        {product} {ergonomic}
   size_t InitialHeapSize                          = 134217728                                 {product} {ergonomic}
   size_t MarkStackSize                            = 4194304                                   {product} {ergonomic}
   size_t MaxHeapSize                              = 2120220672                                {product} {ergonomic}
   size_t MaxNewSize                               = 1271922688                                {product} {ergonomic}
   size_t MinHeapDeltaBytes                        = 1048576                                   {product} {ergonomic}
   size_t MinHeapSize                              = 8388608                                   {product} {ergonomic}
    uintx NonNMethodCodeHeapSize                   = 5836300                                {pd product} {ergonomic}
    uintx NonProfiledCodeHeapSize                  = 122910970                              {pd product} {ergonomic}
    uintx ProfiledCodeHeapSize                     = 122910970                              {pd product} {ergonomic}
    uintx ReservedCodeCacheSize                    = 251658240                              {pd product} {ergonomic}
     bool SegmentedCodeCache                       = true                                      {product} {ergonomic}
   size_t SoftMaxHeapSize                          = 2120220672                             {manageable} {ergonomic}
     bool UseCompressedClassPointers               = true                                 {lp64_product} {ergonomic}
     bool UseCompressedOops                        = true                                 {lp64_product} {ergonomic}
     bool UseG1GC                                  = true                                      {product} {ergonomic}
     bool UseLargePagesIndividualAllocation        = false                                  {pd product} {ergonomic}

Logging:
Log output configuration:
 #0: stdout all=warning uptime,level,tags
 #1: stderr all=off uptime,level,tags

Environment Variables:
JAVA_HOME=C:\Program Files\Java\jdk-13.0.1
CLASSPATH=.;C:\Program Files\Java\jdk-13.0.1\lib\dt.jar;C:\Program Files\Java\jdk-13.0.1\lib\tools.jar;
PATH=C:\gurobi952\win64\bin;D:\Program Files\ImageMagick-7.1.0-Q16-HDRI;D:\CUDA\bin;D:\CUDA\libnvvp;C:\Program Files\Microsoft MPI\Bin\;C:\Program Files (x86)\Intel\iCLS Client\;C:\Program Files\Intel\iCLS Client\;C:\windows\system32;C:\windows;C:\windows\System32\Wbem;C:\windows\System32\WindowsPowerShell\v1.0\;C:\Program Files (x86)\Intel\Intel(R) Management Engine Components\DAL;C:\Program Files\Intel\Intel(R) Management Engine Components\DAL;C:\Program Files (x86)\Intel\Intel(R) Management Engine Components\IPT;C:\Program Files\Intel\Intel(R) Management Engine Components\IPT;C:\Program Files (x86)\NVIDIA Corporation\PhysX\Common;C:\WINDOWS\system32;C:\WINDOWS;C:\WINDOWS\System32\Wbem;C:\WINDOWS\System32\WindowsPowerShell\v1.0\;C:\Program Files (x86)\Windows Kits\8.1\Windows Performance Toolkit\;D:\Lingo\;C:\Program Files\Microsoft SQL Server\Client SDK\ODBC\130\Tools\Binn\;C:\Program Files (x86)\Microsoft SQL Server\140\Tools\Binn\;C:\Program Files\Microsoft SQL Server\140\Tools\Binn\;C:\Program Files (x86)\Microsoft SQL Server\140\DTS\Binn\;C:\Program Files\Microsoft SQL Server\140\DTS\Binn\;C:\WINDOWS\System32\OpenSSH\;C:\Program Files\Intel\WiFi\bin\;C:\Program Files\Common Files\Intel\WirelessCommon\;C:\Program Files\Java\jdk-13.0.1\bin;C:\Program Files\NVIDIA Corporation\Nsight Compute 2019.4.0\;C:\Program Files\NVIDIA Corporation\NVIDIA NvDLISR;D:\CUDA\lib\x64;C:\Program Files\dotnet\;D:\Microsoft Visual Studio\opencv\opencv\build\x64\vc15\bin;D:\Microsoft Visual Studio\opencv\opencv\build\x64\vc15\lib;C:\WINDOWS\system32;C:\WINDOWS;C:\WINDOWS\System32\Wbem;C:\WINDOWS\System32\WindowsPowerShell\v1.0\;C:\WINDOWS\System32\OpenSSH\;C:\Program Files\Git\cmd;D:\Program Files (x86)\mingw64\bin;C:\ProgramData\chocolatey\bin;D:\Program Files\MATLAB\R2022b\runtime\win64;D:\Program Files\MATLAB\R2022b\bin;C:\Users\Han\AppData\Local\Microsoft\WindowsApps;D:\altera\13.0sp1\modelsim_ase\win32aloem;D:\altera\13.0sp1\modelsim_ae\win32aloem;D:\Microsoft Visual Studio\opencv\
USERNAME=Han
LD_LIBRARY_PATH=C:\gurobi952\win64\lib
OS=Windows_NT
PROCESSOR_IDENTIFIER=Intel64 Family 6 Model 94 Stepping 3, GenuineIntel



---------------  S Y S T E M  ---------------

OS: Windows 10 , 64 bit Build 19041 (10.0.19041.2251)

CPU:total 8 (initial active 8) (4 cores per cpu, 2 threads per core) family 6 model 94 stepping 3, cmov, cx8, fxsr, mmx, sse, sse2, sse3, ssse3, sse4.1, sse4.2, popcnt, avx, avx2, aes, clmul, erms, rtm, 3dnowpref, lzcnt, ht, tsc, tscinvbit, bmi1, bmi2, adx, fma

Memory: 4k page, system-wide physical 8081M (2952M free)
TotalPageFile size 9749M (AvailPageFile size 3170M)
current process WorkingSet (physical memory assigned to process): 105M, peak: 136M
current process commit charge ("private bytes"): 155M, peak: 274M

vm_info: Java HotSpot(TM) 64-Bit Server VM (13.0.1+9) for windows-amd64 JRE (13.0.1+9), built on Oct  6 2019 12:37:49 by "mach5one" with unknown MS VC++:1916

END.
