#
# A fatal error has been detected by the Java Runtime Environment:
#
#  EXCEPTION_ACCESS_VIOLATION (0xc0000005) at pc=0x00007ffd1289a03c, pid=13432, tid=17024
#
# JRE version: Java(TM) SE Runtime Environment (13.0.1+9) (build 13.0.1+9)
# Java VM: Java HotSpot(TM) 64-Bit Server VM (13.0.1+9, mixed mode, sharing, tiered, compressed oops, g1 gc, windows-amd64)
# Problematic frame:
# C  [gurobi95.dll+0x6fa03c]
#
# No core dump will be written. Minidumps are not enabled by default on client versions of Windows
#
# If you would like to submit a bug report, please visit:
#   http://bugreport.java.com/bugreport/crash.jsp
# The crash happened outside the Java Virtual Machine in native code.
# See problematic frame for where to report the bug.
#

---------------  S U M M A R Y ------------

Command Line: -Djava.library.path=G:\UOA_Courses\thesis\project\radiotelescopescheduling\norad;G:\UOA_Courses\thesis\project\radiotelescopescheduling\novas;C:\gurobi952\win64\lib;C:\gurobi952\win64\bin -javaagent:D:\Program Files\JetBrains\IntelliJ IDEA 2021.3.2\lib\idea_rt.jar=10196:D:\Program Files\JetBrains\IntelliJ IDEA 2021.3.2\bin -Dfile.encoding=UTF-8 SchedulingMain

Host: Intel(R) Core(TM) i7-6700HQ CPU @ 2.60GHz, 8 cores, 7G,  Windows 10 , 64 bit Build 19041 (10.0.19041.2251)
Time: Sun Nov 27 01:29:54 2022 W. Europe Standard Time elapsed time: 206 seconds (0d 0h 3m 26s)

---------------  T H R E A D  ---------------

Current thread (0x000002ad1718a000):  JavaThread "main" [_thread_in_native, id=17024, stack(0x000000e842c00000,0x000000e842d00000)]

Stack: [0x000000e842c00000,0x000000e842d00000],  sp=0x000000e842cfeef0,  free space=1019k
Native frames: (J=compiled Java code, j=interpreted, Vv=VM code, C=native code)
C  [gurobi95.dll+0x6fa03c]

Java frames: (J=compiled Java code, j=interpreted, Vv=VM code)
J 951  gurobi.GurobiJni.getattrinfo(JLjava/lang/String;[I)I (0 bytes) @ 0x000002ad271e353e [0x000002ad271e34c0+0x000000000000007e]
J 1046 c2 gurobi.GRBVar.get(Lgurobi/GRB$DoubleAttr;)D (104 bytes) @ 0x000002ad27206230 [0x000002ad27206140+0x00000000000000f0]
J 1704 c2 optimisation.MultiTelescopesMTSPPolicy.findNextPaths([Lobservation/Pointable;)[Lobservation/Connection; (1883 bytes) @ 0x000002ad27329e84 [0x000002ad273242e0+0x0000000000005ba4]
j  optimisation.DispatchPolicy.nextMoves()V+39
j  optimisation.Scheduler.buildSchedule(Ljava/util/Properties;)V+702
j  simulation.Simulation.run()V+8
j  SchedulingMain.runRepeats(I)V+34
j  SchedulingMain.main([Ljava/lang/String;)V+40
v  ~StubRoutines::call_stub

siginfo: EXCEPTION_ACCESS_VIOLATION (0xc0000005), reading address 0x0000000000001ac4


Register to memory mapping:

RIP=0x00007ffd1289a03c gurobi95.dll
RAX=0x0 is NULL
RBX=0x000000e842cfeff0 is pointing into the stack for thread: 0x000002ad1718a000
RCX=0x0 is NULL
RDX=0x000002ad39e31c10 points into unknown readable memory: 20 15 e3 39 ad 02 00 00
RSP=0x000000e842cfeef0 is pointing into the stack for thread: 0x000002ad1718a000
RBP=0x000000e842cfef88 is pointing into the stack for thread: 0x000002ad1718a000
RSI=0x0000000082d0ecc0 is an oop: [I 
{0x0000000082d0ecc0} - klass: {type array int}
 - length: 1
RDI=0x0 is NULL
R8 =0x0000000000000357 is an unknown value
R9 =0x000000e842cfece2 is pointing into the stack for thread: 0x000002ad1718a000
R10=0x000000000000014d is an unknown value
R11=0x0000000000000038 is an unknown value
R12=0x000002ad379ff4e0 points into unknown readable memory: 00 00 00 00 00 00 00 00
R13=0x000002ad37666d40 points into unknown readable memory: 58 00 00 00 00 00 00 00
R14=0x000000e842cfef80 is pointing into the stack for thread: 0x000002ad1718a000
R15=0x000000e842cfef84 is pointing into the stack for thread: 0x000002ad1718a000


Registers:
RAX=0x0000000000000000, RBX=0x000000e842cfeff0, RCX=0x0000000000000000, RDX=0x000002ad39e31c10
RSP=0x000000e842cfeef0, RBP=0x000000e842cfef88, RSI=0x0000000082d0ecc0, RDI=0x0000000000000000
R8 =0x0000000000000357, R9 =0x000000e842cfece2, R10=0x000000000000014d, R11=0x0000000000000038
R12=0x000002ad379ff4e0, R13=0x000002ad37666d40, R14=0x000000e842cfef80, R15=0x000000e842cfef84
RIP=0x00007ffd1289a03c, EFLAGS=0x0000000000010202

Top of Stack: (sp=0x000000e842cfeef0)
0x000000e842cfeef0:   0000000000000000 000002ad1718a310
0x000000e842cfef00:   0000000000000000 0000000000000000
0x000000e842cfef10:   0000000000000000 0000000000000000
0x000000e842cfef20:   000000e842cff030 000002ad379ff4e0
0x000000e842cfef30:   000002ad37666d40 000002ad1718a310
0x000000e842cfef40:   0000000000000000 00007ffd7add1068
0x000000e842cfef50:   000000e842cfeff0 000000e842cff030
0x000000e842cfef60:   0000000082d0ecc0 000002ad37666cc0
0x000000e842cfef70:   000000e842cfef88 0000000000000003
0x000000e842cfef80:   ffffffffffffffff 00000000ffffffff
0x000000e842cfef90:   0000000000000000 000002ad1718a000
0x000000e842cfefa0:   000000e842cff018 000000000000000c
0x000000e842cfefb0:   0000000081e19040 000002ad271e35de
0x000000e842cfefc0:   0000000081dcc901 000002ad1718a000
0x000000e842cfefd0:   000000000000090a 0000000000000000
0x000000e842cfefe0:   000000e842cfeff8 000000e842cff018 

Instructions: (pc=0x00007ffd1289a03c)
0x00007ffd12899f3c:   cc cc cc cc cc cc cc cc cc cc cc cc cc cc cc cc
0x00007ffd12899f4c:   cc cc cc cc cc cc cc cc cc cc cc cc cc cc cc cc
0x00007ffd12899f5c:   cc cc cc cc cc cc cc cc cc cc cc cc cc cc cc cc
0x00007ffd12899f6c:   cc cc cc cc cc cc cc cc cc cc cc cc cc cc cc cc
0x00007ffd12899f7c:   cc cc cc cc cc cc cc cc cc cc cc cc cc cc cc cc
0x00007ffd12899f8c:   cc cc cc cc cc cc cc cc cc cc cc cc cc cc cc cc
0x00007ffd12899f9c:   cc cc cc cc cc cc cc cc cc cc cc cc cc cc cc cc
0x00007ffd12899fac:   cc cc cc cc 41 54 41 55 41 56 41 57 55 48 83 ec
0x00007ffd12899fbc:   30 4d 89 cf 4d 89 c6 49 89 d5 49 89 cc e8 af fc
0x00007ffd12899fcc:   90 ff 85 c0 0f 85 88 00 00 00 4d 85 f6 74 07 41
0x00007ffd12899fdc:   c7 06 ff ff ff ff 4d 85 ff 74 07 41 c7 07 ff ff
0x00007ffd12899fec:   ff ff 48 8b ac 24 80 00 00 00 48 85 ed 74 07 c7
0x00007ffd12899ffc:   45 00 ff ff ff ff 4c 89 e1 e8 73 fc 90 ff 85 c0
0x00007ffd1289a00c:   0f 85 80 00 00 00 4c 89 e1 4c 89 ea e8 9e aa 90
0x00007ffd1289a01c:   ff 83 f8 ff 74 4a 48 63 c0 49 8b 94 24 d8 02 00
0x00007ffd1289a02c:   00 48 8b 4a 10 4c 8d 04 c0 33 c0 4d 85 f6 74 08
0x00007ffd1289a03c:   42 8b 54 c1 0c 41 89 16 4d 85 ff 74 08 42 8b 54
0x00007ffd1289a04c:   c1 10 41 89 17 48 85 ed 74 08 42 8b 54 c1 14 89
0x00007ffd1289a05c:   55 00 48 83 c4 30 5d 41 5f 41 5e 41 5d 41 5c c3
0x00007ffd1289a06c:   48 89 e0 4c 89 e1 ba 14 27 00 00 41 b8 01 00 00
0x00007ffd1289a07c:   00 4c 8d 0d 90 c3 6f 01 4c 89 68 20 e8 e5 a2 90
0x00007ffd1289a08c:   ff b8 14 27 00 00 48 83 c4 30 5d 41 5f 41 5e 41
0x00007ffd1289a09c:   5d 41 5c c3 cc cc cc cc cc cc cc cc cc cc cc cc
0x00007ffd1289a0ac:   cc cc cc cc cc cc cc cc cc cc cc cc cc cc cc cc
0x00007ffd1289a0bc:   cc cc cc cc cc cc cc cc cc cc cc cc cc cc cc cc
0x00007ffd1289a0cc:   cc cc cc cc cc cc cc cc cc cc cc cc cc cc cc cc
0x00007ffd1289a0dc:   cc cc cc cc 57 41 54 41 55 48 83 ec 40 49 89 d4
0x00007ffd1289a0ec:   48 89 cf e8 89 fb 90 ff 85 c0 0f 85 c5 00 00 00
0x00007ffd1289a0fc:   48 85 ff 74 1b 83 7f 40 00 7e 15 48 89 f9 4c 89
0x00007ffd1289a10c:   e2 e8 d6 90 90 ff 48 83 c4 40 41 5d 41 5c 5f c3
0x00007ffd1289a11c:   48 89 f9 e8 59 fb 90 ff 85 c0 0f 85 61 01 00 00
0x00007ffd1289a12c:   48 89 f9 4c 89 e2 e8 84 a9 90 ff 83 f8 ff 0f 84 


Stack slot to memory mapping:
stack at sp + 0 slots: 0x0 is NULL
stack at sp + 1 slots: 0x000002ad1718a310 points into unknown readable memory: 50 e8 a4 37 fd 7f 00 00
stack at sp + 2 slots: 0x0 is NULL
stack at sp + 3 slots: 0x0 is NULL
stack at sp + 4 slots: 0x0 is NULL
stack at sp + 5 slots: 0x0 is NULL
stack at sp + 6 slots: 0x000000e842cff030 is pointing into the stack for thread: 0x000002ad1718a000
stack at sp + 7 slots: 0x000002ad379ff4e0 points into unknown readable memory: 00 00 00 00 00 00 00 00


---------------  P R O C E S S  ---------------

Threads class SMR info:
_java_thread_list=0x000002ad38ca4f40, length=11, elements={
0x000002ad1718a000, 0x000002ad360c9800, 0x000002ad360cc800, 0x000002ad360f1800,
0x000002ad360f4800, 0x000002ad360f6000, 0x000002ad36107800, 0x000002ad360fb000,
0x000002ad360b1800, 0x000002ad36cee800, 0x000002ad36cef800
}

Java Threads: ( => current thread )
=>0x000002ad1718a000 JavaThread "main" [_thread_in_native, id=17024, stack(0x000000e842c00000,0x000000e842d00000)]
  0x000002ad360c9800 JavaThread "Reference Handler" daemon [_thread_blocked, id=2324, stack(0x000000e843300000,0x000000e843400000)]
  0x000002ad360cc800 JavaThread "Finalizer" daemon [_thread_blocked, id=10892, stack(0x000000e843400000,0x000000e843500000)]
  0x000002ad360f1800 JavaThread "Signal Dispatcher" daemon [_thread_blocked, id=14436, stack(0x000000e843500000,0x000000e843600000)]
  0x000002ad360f4800 JavaThread "Attach Listener" daemon [_thread_blocked, id=3580, stack(0x000000e843600000,0x000000e843700000)]
  0x000002ad360f6000 JavaThread "C2 CompilerThread0" daemon [_thread_blocked, id=8588, stack(0x000000e843700000,0x000000e843800000)]
  0x000002ad36107800 JavaThread "C1 CompilerThread0" daemon [_thread_blocked, id=14272, stack(0x000000e843800000,0x000000e843900000)]
  0x000002ad360fb000 JavaThread "Sweeper thread" daemon [_thread_blocked, id=16008, stack(0x000000e843900000,0x000000e843a00000)]
  0x000002ad360b1800 JavaThread "Common-Cleaner" daemon [_thread_blocked, id=16100, stack(0x000000e843a00000,0x000000e843b00000)]
  0x000002ad36cee800 JavaThread "Monitor Ctrl-Break" daemon [_thread_in_native, id=15188, stack(0x000000e843c00000,0x000000e843d00000)]
  0x000002ad36cef800 JavaThread "Service Thread" daemon [_thread_blocked, id=6448, stack(0x000000e843d00000,0x000000e843e00000)]

Other Threads:
  0x000002ad360c8000 VMThread "VM Thread" [stack: 0x000000e843200000,0x000000e843300000] [id=14384]
  0x000002ad36cf4000 WatcherThread [stack: 0x000000e843e00000,0x000000e843f00000] [id=7404]
  0x000002ad171cd800 GCTaskThread "GC Thread#0" [stack: 0x000000e842d00000,0x000000e842e00000] [id=10276]
  0x000002ad37c5a800 GCTaskThread "GC Thread#1" [stack: 0x000000e843f00000,0x000000e844000000] [id=8500]
  0x000002ad37b8e800 GCTaskThread "GC Thread#2" [stack: 0x000000e844000000,0x000000e844100000] [id=6264]
  0x000002ad171de800 ConcurrentGCThread "G1 Main Marker" [stack: 0x000000e842e00000,0x000000e842f00000] [id=14816]
  0x000002ad171e3800 ConcurrentGCThread "G1 Conc#0" [stack: 0x000000e842f00000,0x000000e843000000] [id=10088]
  0x000002ad1725e800 ConcurrentGCThread "G1 Refine#0" [stack: 0x000000e843000000,0x000000e843100000] [id=5116]
  0x000002ad35f47800 ConcurrentGCThread "G1 Young RemSet Sampling" [stack: 0x000000e843100000,0x000000e843200000] [id=15544]

Threads with active compile tasks:

VM state:not at safepoint (normal execution)

VM Mutex/Monitor currently owned by a thread: None

Heap address: 0x0000000081a00000, size: 2022 MB, Compressed Oops mode: 32-bit
Narrow klass base: 0x0000000800000000, Narrow klass shift: 3
Compressed class space size: 1073741824 Address: 0x0000000800b40000

Heap:
 garbage-first heap   total 20480K, used 5436K [0x0000000081a00000, 0x0000000100000000)
  region size 1024K, 2 young (2048K), 1 survivors (1024K)
 Metaspace       used 3363K, capacity 5639K, committed 5760K, reserved 1056768K
  class space    used 264K, capacity 607K, committed 640K, reserved 1048576K
Heap Regions: E=young(eden), S=young(survivor), O=old, HS=humongous(starts), HC=humongous(continues), CS=collection set, F=free, A=archive, TAMS=top-at-mark-start (previous, next)
|   0|0x0000000081a00000, 0x0000000081affff8, 0x0000000081b00000| 99%| O|  |TAMS 0x0000000081a00000, 0x0000000081a00000| Untracked 
|   1|0x0000000081b00000, 0x0000000081bffff8, 0x0000000081c00000| 99%| O|  |TAMS 0x0000000081b00000, 0x0000000081b00000| Untracked 
|   2|0x0000000081c00000, 0x0000000081d00000, 0x0000000081d00000|100%| O|  |TAMS 0x0000000081c00000, 0x0000000081c00000| Untracked 
|   3|0x0000000081d00000, 0x0000000081dffff8, 0x0000000081e00000| 99%| O|  |TAMS 0x0000000081d00000, 0x0000000081d00000| Untracked 
|   4|0x0000000081e00000, 0x0000000081e66808, 0x0000000081f00000| 40%| O|  |TAMS 0x0000000081e00000, 0x0000000081e00000| Untracked 
|   5|0x0000000081f00000, 0x0000000081f43f78, 0x0000000082000000| 26%| O|  |TAMS 0x0000000081f00000, 0x0000000081f00000| Untracked 
|   6|0x0000000082000000, 0x0000000082000000, 0x0000000082100000|  0%| F|  |TAMS 0x0000000082000000, 0x0000000082000000| Untracked 
|   7|0x0000000082100000, 0x0000000082100000, 0x0000000082200000|  0%| F|  |TAMS 0x0000000082100000, 0x0000000082100000| Untracked 
|   8|0x0000000082200000, 0x0000000082200000, 0x0000000082300000|  0%| F|  |TAMS 0x0000000082200000, 0x0000000082200000| Untracked 
|   9|0x0000000082300000, 0x00000000823a4b00, 0x0000000082400000| 64%| S|CS|TAMS 0x0000000082300000, 0x0000000082300000| Complete 
|  10|0x0000000082400000, 0x0000000082400000, 0x0000000082500000|  0%| F|  |TAMS 0x0000000082400000, 0x0000000082400000| Untracked 
|  11|0x0000000082500000, 0x0000000082500000, 0x0000000082600000|  0%| F|  |TAMS 0x0000000082500000, 0x0000000082500000| Untracked 
|  12|0x0000000082600000, 0x0000000082600000, 0x0000000082700000|  0%| F|  |TAMS 0x0000000082600000, 0x0000000082600000| Untracked 
|  13|0x0000000082700000, 0x0000000082700000, 0x0000000082800000|  0%| F|  |TAMS 0x0000000082700000, 0x0000000082700000| Untracked 
|  14|0x0000000082800000, 0x0000000082800000, 0x0000000082900000|  0%| F|  |TAMS 0x0000000082800000, 0x0000000082800000| Untracked 
|  15|0x0000000082900000, 0x0000000082900000, 0x0000000082a00000|  0%| F|  |TAMS 0x0000000082900000, 0x0000000082900000| Untracked 
|  16|0x0000000082a00000, 0x0000000082a00000, 0x0000000082b00000|  0%| F|  |TAMS 0x0000000082a00000, 0x0000000082a00000| Untracked 
|  17|0x0000000082b00000, 0x0000000082b00000, 0x0000000082c00000|  0%| F|  |TAMS 0x0000000082b00000, 0x0000000082b00000| Untracked 
|  18|0x0000000082c00000, 0x0000000082c00000, 0x0000000082d00000|  0%| F|  |TAMS 0x0000000082c00000, 0x0000000082c00000| Untracked 
|  19|0x0000000082d00000, 0x0000000082d2d588, 0x0000000082e00000| 17%| E|  |TAMS 0x0000000082d00000, 0x0000000082d00000| Complete 

Card table byte_map: [0x000002ad2eed0000,0x000002ad2f2d0000] _byte_map_base: 0x000002ad2eac3000

Marking Bits (Prev, Next): (CMBitMap*) 0x000002ad171ce058, (CMBitMap*) 0x000002ad171ce098
 Prev Bits: [0x000002ad2f6d0000, 0x000002ad31668000)
 Next Bits: [0x000002ad31670000, 0x000002ad33608000)

Polling page: 0x000002ad150b0000

Metaspace:

Usage:
  Non-class:      4.91 MB capacity,     3.03 MB ( 62%) used,     1.87 MB ( 38%) free+waste,    17.13 KB ( <1%) overhead. 
      Class:    607.00 KB capacity,   264.54 KB ( 44%) used,   332.65 KB ( 55%) free+waste,     9.81 KB (  2%) overhead. 
       Both:      5.51 MB capacity,     3.28 MB ( 60%) used,     2.20 MB ( 40%) free+waste,    26.94 KB ( <1%) overhead. 

Virtual space:
  Non-class space:        8.00 MB reserved,       5.00 MB ( 63%) committed 
      Class space:        1.00 GB reserved,     640.00 KB ( <1%) committed 
             Both:        1.01 GB reserved,       5.63 MB ( <1%) committed 

Chunk freelists:
   Non-Class:  24.00 KB
       Class:  0 bytes
        Both:  24.00 KB

MaxMetaspaceSize: 17179869184.00 GB
CompressedClassSpaceSize: 1.00 GB

CodeHeap 'non-profiled nmethods': size=120000Kb used=1803Kb max_used=1829Kb free=118196Kb
 bounds [0x000002ad27160000, 0x000002ad273d0000, 0x000002ad2e690000]
CodeHeap 'profiled nmethods': size=120000Kb used=2761Kb max_used=4436Kb free=117238Kb
 bounds [0x000002ad1fc30000, 0x000002ad20090000, 0x000002ad27160000]
CodeHeap 'non-nmethods': size=5760Kb used=1217Kb max_used=1288Kb free=4542Kb
 bounds [0x000002ad1f690000, 0x000002ad1f900000, 0x000002ad1fc30000]
 total_blobs=3576 nmethods=1506 adapters=393
 compilation: enabled
              stopped_count=0, restarted_count=0
 full_count=0

Compilation events (20 events):
Event: 191.466 Thread 0x000002ad36107800 1944       3       sun.nio.ch.Util::isBufferTooLarge (8 bytes)
Event: 191.466 Thread 0x000002ad36107800 nmethod 1944 0x000002ad1fd6aa10 code [0x000002ad1fd6abc0, 0x000002ad1fd6add8]
Event: 191.466 Thread 0x000002ad36107800 1945       3       sun.nio.ch.Util$BufferCache::offerFirst (73 bytes)
Event: 191.466 Thread 0x000002ad36107800 nmethod 1945 0x000002ad1ff5a110 code [0x000002ad1ff5a2c0, 0x000002ad1ff5a698]
Event: 191.466 Thread 0x000002ad36107800 1936       1       java.text.DecimalFormat::getPositivePrefix (5 bytes)
Event: 191.466 Thread 0x000002ad36107800 nmethod 1936 0x000002ad272bfc90 code [0x000002ad272bfe20, 0x000002ad272bff58]
Event: 191.466 Thread 0x000002ad36107800 1937       1       java.text.DecimalFormat::getNegativePrefix (5 bytes)
Event: 191.466 Thread 0x000002ad36107800 nmethod 1937 0x000002ad272bf910 code [0x000002ad272bfaa0, 0x000002ad272bfbd8]
Event: 191.466 Thread 0x000002ad36107800 1938       1       java.text.DecimalFormat::getPositiveSuffix (5 bytes)
Event: 191.466 Thread 0x000002ad36107800 nmethod 1938 0x000002ad272bf590 code [0x000002ad272bf720, 0x000002ad272bf858]
Event: 191.466 Thread 0x000002ad36107800 1939       1       java.text.DecimalFormat::getNegativeSuffix (5 bytes)
Event: 191.466 Thread 0x000002ad36107800 nmethod 1939 0x000002ad272bf210 code [0x000002ad272bf3a0, 0x000002ad272bf4d8]
Event: 192.112 Thread 0x000002ad360f6000 1946       4       java.lang.Double::parseDouble (5 bytes)
Event: 192.113 Thread 0x000002ad36107800 1947       3       java.text.DecimalFormat::applyPattern (1645 bytes)
Event: 192.113 Thread 0x000002ad360f6000 nmethod 1946 0x000002ad272bee90 code [0x000002ad272bf040, 0x000002ad272bf0f8]
Event: 192.122 Thread 0x000002ad36107800 nmethod 1947 0x000002ad1ff96810 code [0x000002ad1ff97820, 0x000002ad1ffa2b30]
Event: 192.122 Thread 0x000002ad36107800 1948       3       sun.nio.ch.Util::offerFirstTemporaryDirectBuffer (53 bytes)
Event: 192.123 Thread 0x000002ad36107800 nmethod 1948 0x000002ad1ff95890 code [0x000002ad1ff95ae0, 0x000002ad1ff96540]
Event: 192.757 Thread 0x000002ad36107800 1949       3       jdk.internal.ref.PhantomCleanable::clean (16 bytes)
Event: 192.758 Thread 0x000002ad36107800 nmethod 1949 0x000002ad1ff59b10 code [0x000002ad1ff59ce0, 0x000002ad1ff5a020]

GC Heap History (20 events):
Event: 203.371 GC heap before
{Heap before GC invocations=824 (full 211):
 garbage-first heap   total 75776K, used 11503K [0x0000000081a00000, 0x0000000100000000)
  region size 1024K, 8 young (8192K), 1 survivors (1024K)
 Metaspace       used 3363K, capacity 5639K, committed 5760K, reserved 1056768K
  class space    used 264K, capacity 607K, committed 640K, reserved 1048576K
}
Event: 203.380 GC heap after
{Heap after GC invocations=825 (full 212):
 garbage-first heap   total 20480K, used 4573K [0x0000000081a00000, 0x0000000100000000)
  region size 1024K, 0 young (0K), 0 survivors (0K)
 Metaspace       used 3363K, capacity 5639K, committed 5760K, reserved 1056768K
  class space    used 264K, capacity 607K, committed 640K, reserved 1048576K
}
Event: 203.448 GC heap before
{Heap before GC invocations=825 (full 212):
 garbage-first heap   total 20480K, used 14813K [0x0000000081a00000, 0x0000000100000000)
  region size 1024K, 10 young (10240K), 0 survivors (0K)
 Metaspace       used 3363K, capacity 5639K, committed 5760K, reserved 1056768K
  class space    used 264K, capacity 607K, committed 640K, reserved 1048576K
}
Event: 203.449 GC heap after
{Heap after GC invocations=826 (full 212):
 garbage-first heap   total 20480K, used 5280K [0x0000000081a00000, 0x0000000100000000)
  region size 1024K, 1 young (1024K), 1 survivors (1024K)
 Metaspace       used 3363K, capacity 5639K, committed 5760K, reserved 1056768K
  class space    used 264K, capacity 607K, committed 640K, reserved 1048576K
}
Event: 204.488 GC heap before
{Heap before GC invocations=826 (full 212):
 garbage-first heap   total 20480K, used 9376K [0x0000000081a00000, 0x0000000100000000)
  region size 1024K, 6 young (6144K), 1 survivors (1024K)
 Metaspace       used 3363K, capacity 5639K, committed 5760K, reserved 1056768K
  class space    used 264K, capacity 607K, committed 640K, reserved 1048576K
}
Event: 204.496 GC heap after
{Heap after GC invocations=827 (full 213):
 garbage-first heap   total 20480K, used 4759K [0x0000000081a00000, 0x0000000100000000)
  region size 1024K, 0 young (0K), 0 survivors (0K)
 Metaspace       used 3363K, capacity 5639K, committed 5760K, reserved 1056768K
  class space    used 264K, capacity 607K, committed 640K, reserved 1048576K
}
Event: 204.556 GC heap before
{Heap before GC invocations=827 (full 213):
 garbage-first heap   total 20480K, used 14999K [0x0000000081a00000, 0x0000000100000000)
  region size 1024K, 10 young (10240K), 0 survivors (0K)
 Metaspace       used 3363K, capacity 5639K, committed 5760K, reserved 1056768K
  class space    used 264K, capacity 607K, committed 640K, reserved 1048576K
}
Event: 204.557 GC heap after
{Heap after GC invocations=828 (full 213):
 garbage-first heap   total 20480K, used 5466K [0x0000000081a00000, 0x0000000100000000)
  region size 1024K, 1 young (1024K), 1 survivors (1024K)
 Metaspace       used 3363K, capacity 5639K, committed 5760K, reserved 1056768K
  class space    used 264K, capacity 607K, committed 640K, reserved 1048576K
}
Event: 205.817 GC heap before
{Heap before GC invocations=828 (full 213):
 garbage-first heap   total 20480K, used 11610K [0x0000000081a00000, 0x0000000100000000)
  region size 1024K, 8 young (8192K), 1 survivors (1024K)
 Metaspace       used 3363K, capacity 5639K, committed 5760K, reserved 1056768K
  class space    used 264K, capacity 607K, committed 640K, reserved 1048576K
}
Event: 205.826 GC heap after
{Heap after GC invocations=829 (full 214):
 garbage-first heap   total 20480K, used 4765K [0x0000000081a00000, 0x0000000100000000)
  region size 1024K, 0 young (0K), 0 survivors (0K)
 Metaspace       used 3363K, capacity 5639K, committed 5760K, reserved 1056768K
  class space    used 264K, capacity 607K, committed 640K, reserved 1048576K
}
Event: 205.965 GC heap before
{Heap before GC invocations=829 (full 214):
 garbage-first heap   total 20480K, used 15005K [0x0000000081a00000, 0x0000000100000000)
  region size 1024K, 10 young (10240K), 0 survivors (0K)
 Metaspace       used 3363K, capacity 5639K, committed 5760K, reserved 1056768K
  class space    used 264K, capacity 607K, committed 640K, reserved 1048576K
}
Event: 205.966 GC heap after
{Heap after GC invocations=830 (full 214):
 garbage-first heap   total 20480K, used 5081K [0x0000000081a00000, 0x0000000100000000)
  region size 1024K, 1 young (1024K), 1 survivors (1024K)
 Metaspace       used 3363K, capacity 5639K, committed 5760K, reserved 1056768K
  class space    used 264K, capacity 607K, committed 640K, reserved 1048576K
}
Event: 206.056 GC heap before
{Heap before GC invocations=830 (full 214):
 garbage-first heap   total 20480K, used 14297K [0x0000000081a00000, 0x0000000100000000)
  region size 1024K, 10 young (10240K), 1 survivors (1024K)
 Metaspace       used 3363K, capacity 5639K, committed 5760K, reserved 1056768K
  class space    used 264K, capacity 607K, committed 640K, reserved 1048576K
}
Event: 206.057 GC heap after
{Heap after GC invocations=831 (full 214):
 garbage-first heap   total 20480K, used 5227K [0x0000000081a00000, 0x0000000100000000)
  region size 1024K, 1 young (1024K), 1 survivors (1024K)
 Metaspace       used 3363K, capacity 5639K, committed 5760K, reserved 1056768K
  class space    used 264K, capacity 607K, committed 640K, reserved 1048576K
}
Event: 206.286 GC heap before
{Heap before GC invocations=831 (full 214):
 garbage-first heap   total 20480K, used 10347K [0x0000000081a00000, 0x0000000100000000)
  region size 1024K, 7 young (7168K), 1 survivors (1024K)
 Metaspace       used 3363K, capacity 5639K, committed 5760K, reserved 1056768K
  class space    used 264K, capacity 607K, committed 640K, reserved 1048576K
}
Event: 206.295 GC heap after
{Heap after GC invocations=832 (full 215):
 garbage-first heap   total 20480K, used 4772K [0x0000000081a00000, 0x0000000100000000)
  region size 1024K, 0 young (0K), 0 survivors (0K)
 Metaspace       used 3363K, capacity 5639K, committed 5760K, reserved 1056768K
  class space    used 264K, capacity 607K, committed 640K, reserved 1048576K
}
Event: 206.650 GC heap before
{Heap before GC invocations=832 (full 215):
 garbage-first heap   total 20480K, used 12964K [0x0000000081a00000, 0x0000000100000000)
  region size 1024K, 9 young (9216K), 0 survivors (0K)
 Metaspace       used 3363K, capacity 5639K, committed 5760K, reserved 1056768K
  class space    used 264K, capacity 607K, committed 640K, reserved 1048576K
}
Event: 206.659 GC heap after
{Heap after GC invocations=833 (full 216):
 garbage-first heap   total 20480K, used 4777K [0x0000000081a00000, 0x0000000100000000)
  region size 1024K, 0 young (0K), 0 survivors (0K)
 Metaspace       used 3363K, capacity 5639K, committed 5760K, reserved 1056768K
  class space    used 264K, capacity 607K, committed 640K, reserved 1048576K
}
Event: 206.910 GC heap before
{Heap before GC invocations=833 (full 216):
 garbage-first heap   total 20480K, used 15017K [0x0000000081a00000, 0x0000000100000000)
  region size 1024K, 10 young (10240K), 0 survivors (0K)
 Metaspace       used 3363K, capacity 5639K, committed 5760K, reserved 1056768K
  class space    used 264K, capacity 607K, committed 640K, reserved 1048576K
}
Event: 206.912 GC heap after
{Heap after GC invocations=834 (full 216):
 garbage-first heap   total 20480K, used 5436K [0x0000000081a00000, 0x0000000100000000)
  region size 1024K, 1 young (1024K), 1 survivors (1024K)
 Metaspace       used 3363K, capacity 5639K, committed 5760K, reserved 1056768K
  class space    used 264K, capacity 607K, committed 640K, reserved 1048576K
}

Deoptimization events (20 events):
Event: 185.771 Thread 0x000002ad1718a000 DEOPT PACKING pc=0x000002ad1ff4e460 sp=0x000000e842cfefd0
Event: 185.771 Thread 0x000002ad1718a000 DEOPT UNPACKING pc=0x000002ad1f6d964e sp=0x000000e842cfe548 mode 0
Event: 185.776 Thread 0x000002ad1718a000 DEOPT PACKING pc=0x000002ad1ff4e460 sp=0x000000e842cfefd0
Event: 185.776 Thread 0x000002ad1718a000 DEOPT UNPACKING pc=0x000002ad1f6d964e sp=0x000000e842cfe548 mode 0
Event: 185.781 Thread 0x000002ad1718a000 DEOPT PACKING pc=0x000002ad1ff4e460 sp=0x000000e842cfefd0
Event: 185.781 Thread 0x000002ad1718a000 DEOPT UNPACKING pc=0x000002ad1f6d964e sp=0x000000e842cfe548 mode 0
Event: 185.786 Thread 0x000002ad1718a000 DEOPT PACKING pc=0x000002ad1ff4e460 sp=0x000000e842cfefd0
Event: 185.786 Thread 0x000002ad1718a000 DEOPT UNPACKING pc=0x000002ad1f6d964e sp=0x000000e842cfe548 mode 0
Event: 185.791 Thread 0x000002ad1718a000 DEOPT PACKING pc=0x000002ad1ff4e460 sp=0x000000e842cfefd0
Event: 185.791 Thread 0x000002ad1718a000 DEOPT UNPACKING pc=0x000002ad1f6d964e sp=0x000000e842cfe548 mode 0
Event: 185.795 Thread 0x000002ad1718a000 DEOPT PACKING pc=0x000002ad1ff4e460 sp=0x000000e842cfefd0
Event: 185.795 Thread 0x000002ad1718a000 DEOPT UNPACKING pc=0x000002ad1f6d964e sp=0x000000e842cfe548 mode 0
Event: 185.803 Thread 0x000002ad1718a000 DEOPT PACKING pc=0x000002ad1ff4e460 sp=0x000000e842cfefd0
Event: 185.803 Thread 0x000002ad1718a000 DEOPT UNPACKING pc=0x000002ad1f6d964e sp=0x000000e842cfe548 mode 0
Event: 185.810 Thread 0x000002ad1718a000 DEOPT PACKING pc=0x000002ad1ff4e460 sp=0x000000e842cfefd0
Event: 185.810 Thread 0x000002ad1718a000 DEOPT UNPACKING pc=0x000002ad1f6d964e sp=0x000000e842cfe548 mode 0
Event: 185.816 Thread 0x000002ad1718a000 DEOPT PACKING pc=0x000002ad1ff4e460 sp=0x000000e842cfefd0
Event: 185.816 Thread 0x000002ad1718a000 DEOPT UNPACKING pc=0x000002ad1f6d964e sp=0x000000e842cfe548 mode 0
Event: 185.821 Thread 0x000002ad1718a000 DEOPT PACKING pc=0x000002ad1ff4e460 sp=0x000000e842cfefd0
Event: 185.821 Thread 0x000002ad1718a000 DEOPT UNPACKING pc=0x000002ad1f6d964e sp=0x000000e842cfe548 mode 0

Classes unloaded (0 events):
No events

Classes redefined (0 events):
No events

Internal exceptions (10 events):
Event: 0.210 Thread 0x000002ad1718a000 Exception <a 'java/lang/NoSuchMethodError'{0x000000008960e2a0}: 'int java.lang.invoke.DirectMethodHandle$Holder.invokeSpecialIFC(java.lang.Object, java.lang.Object, int)'> (0x000000008960e2a0) 
thrown [t:/workspace/open/src/hotspot/share/interpreter/linkResolver.cpp, line 767]
Event: 30.083 Thread 0x000002ad1718a000 Exception <a 'java/lang/NoSuchMethodError'{0x00000000882cfaa0}: 'java.lang.Object java.lang.invoke.DirectMethodHandle$Holder.invokeStatic(java.lang.Object, java.lang.Object, java.lang.Object, java.lang.Object, java.lang.Object, java.lang.Object, java.lang.Object, java.lang.Object, java.lang.Object, java.lang.Object, java.lang.Object, java.lang.Object, java.lang.Object, java.lang.Object, java.lang.Object)'> (0x00000000882cfaa0) 
thrown [t:/workspace/open/src/hotspot/share/interpreter/linkResolver.cpp, line 
Event: 30.084 Thread 0x000002ad1718a000 Exception <a 'java/lang/NoSuchMethodError'{0x00000000882dba08}: 'java.lang.Object java.lang.invoke.DirectMethodHandle$Holder.invokeStatic(java.lang.Object, java.lang.Object, java.lang.Object, java.lang.Object, java.lang.Object, java.lang.Object, java.lang.Object, java.lang.Object, java.lang.Object, java.lang.Object, java.lang.Object, java.lang.Object, java.lang.Object, java.lang.Object, java.lang.Object, java.lang.Object)'> (0x00000000882dba08) 
thrown [t:/workspace/open/src/hotspot/share/interpreter/linkR
Event: 30.085 Thread 0x000002ad1718a000 Exception <a 'java/lang/NoSuchMethodError'{0x00000000882e7fb0}: 'java.lang.Object java.lang.invoke.DirectMethodHandle$Holder.invokeSpecial(java.lang.Object, java.lang.Object, long, int, int, int, int, int, int)'> (0x00000000882e7fb0) 
thrown [t:/workspace/open/src/hotspot/share/interpreter/linkResolver.cpp, line 767]
Event: 30.085 Thread 0x000002ad1718a000 Exception <a 'java/lang/NoSuchMethodError'{0x00000000882eafc8}: 'java.lang.Object java.lang.invoke.DelegatingMethodHandle$Holder.reinvoke_L(java.lang.Object, long, int, int, int, int, int, int)'> (0x00000000882eafc8) 
thrown [t:/workspace/open/src/hotspot/share/interpreter/linkResolver.cpp, line 767]
Event: 30.089 Thread 0x000002ad1718a000 Exception <a 'java/lang/NoSuchMethodError'{0x0000000088125d38}: 'java.lang.Object java.lang.invoke.Invokers$Holder.linkToTargetMethod(java.lang.Object, java.lang.Object, int, java.lang.Object, java.lang.Object)'> (0x0000000088125d38) 
thrown [t:/workspace/open/src/hotspot/share/interpreter/linkResolver.cpp, line 767]
Event: 30.093 Thread 0x000002ad1718a000 Implicit null exception at 0x000002ad271fa6ee to 0x000002ad271fa75f
Event: 30.100 Thread 0x000002ad1718a000 Exception <a 'java/lang/NoSuchMethodError'{0x0000000088190028}: 'java.lang.Object java.lang.invoke.Invokers$Holder.linkToTargetMethod(java.lang.Object, long, java.lang.Object)'> (0x0000000088190028) 
thrown [t:/workspace/open/src/hotspot/share/interpreter/linkResolver.cpp, line 767]
Event: 30.474 Thread 0x000002ad1718a000 Exception <a 'java/lang/NoSuchMethodError'{0x0000000087e64a08}: 'java.lang.Object java.lang.invoke.DirectMethodHandle$Holder.invokeSpecial(java.lang.Object, java.lang.Object, long, int, int, int, int, int, int, int)'> (0x0000000087e64a08) 
thrown [t:/workspace/open/src/hotspot/share/interpreter/linkResolver.cpp, line 767]
Event: 30.474 Thread 0x000002ad1718a000 Exception <a 'java/lang/NoSuchMethodError'{0x0000000087e67ae0}: 'java.lang.Object java.lang.invoke.DelegatingMethodHandle$Holder.reinvoke_L(java.lang.Object, long, int, int, int, int, int, int, int)'> (0x0000000087e67ae0) 
thrown [t:/workspace/open/src/hotspot/share/interpreter/linkResolver.cpp, line 767]

Events (20 events):
Event: 203.371 Executing VM operation: G1CollectFull
Event: 203.380 Executing VM operation: G1CollectFull done
Event: 203.448 Executing VM operation: G1CollectForAllocation
Event: 203.449 Executing VM operation: G1CollectForAllocation done
Event: 204.488 Executing VM operation: G1CollectFull
Event: 204.496 Executing VM operation: G1CollectFull done
Event: 204.555 Executing VM operation: G1CollectForAllocation
Event: 204.557 Executing VM operation: G1CollectForAllocation done
Event: 205.817 Executing VM operation: G1CollectFull
Event: 205.826 Executing VM operation: G1CollectFull done
Event: 205.965 Executing VM operation: G1CollectForAllocation
Event: 205.966 Executing VM operation: G1CollectForAllocation done
Event: 206.056 Executing VM operation: G1CollectForAllocation
Event: 206.057 Executing VM operation: G1CollectForAllocation done
Event: 206.286 Executing VM operation: G1CollectFull
Event: 206.295 Executing VM operation: G1CollectFull done
Event: 206.650 Executing VM operation: G1CollectFull
Event: 206.659 Executing VM operation: G1CollectFull done
Event: 206.910 Executing VM operation: G1CollectForAllocation
Event: 206.912 Executing VM operation: G1CollectForAllocation done


Dynamic libraries:
0x00007ff79c590000 - 0x00007ff79c59f000 	C:\Program Files\Java\jdk-13.0.1\bin\java.exe
0x00007ffd9d290000 - 0x00007ffd9d488000 	C:\WINDOWS\SYSTEM32\ntdll.dll
0x00007ffd9ce60000 - 0x00007ffd9cf1f000 	C:\WINDOWS\System32\KERNEL32.DLL
0x00007ffd9b000000 - 0x00007ffd9b2d2000 	C:\WINDOWS\System32\KERNELBASE.dll
0x00007ffd9ab10000 - 0x00007ffd9ac10000 	C:\WINDOWS\System32\ucrtbase.dll
0x00007ffd8d570000 - 0x00007ffd8d585000 	C:\Program Files\Java\jdk-13.0.1\bin\VCRUNTIME140.dll
0x00007ffd8d550000 - 0x00007ffd8d568000 	C:\Program Files\Java\jdk-13.0.1\bin\jli.dll
0x00007ffd9b480000 - 0x00007ffd9b52e000 	C:\WINDOWS\System32\ADVAPI32.dll
0x00007ffd9cdb0000 - 0x00007ffd9ce4e000 	C:\WINDOWS\System32\msvcrt.dll
0x00007ffd9cd10000 - 0x00007ffd9cdac000 	C:\WINDOWS\System32\sechost.dll
0x00007ffd9c950000 - 0x00007ffd9ca75000 	C:\WINDOWS\System32\RPCRT4.dll
0x00007ffd9b2e0000 - 0x00007ffd9b47d000 	C:\WINDOWS\System32\USER32.dll
0x00007ffd9aa70000 - 0x00007ffd9aa92000 	C:\WINDOWS\System32\win32u.dll
0x00007ffd9ca80000 - 0x00007ffd9caab000 	C:\WINDOWS\System32\GDI32.dll
0x00007ffd88af0000 - 0x00007ffd88d8a000 	C:\WINDOWS\WinSxS\amd64_microsoft.windows.common-controls_6595b64144ccf1df_6.0.19041.1110_none_60b5254171f9507e\COMCTL32.dll
0x00007ffd9ac10000 - 0x00007ffd9ad1f000 	C:\WINDOWS\System32\gdi32full.dll
0x00007ffd9aeb0000 - 0x00007ffd9af4d000 	C:\WINDOWS\System32\msvcp_win.dll
0x00007ffd93770000 - 0x00007ffd9377a000 	C:\WINDOWS\SYSTEM32\VERSION.dll
0x00007ffd9d1f0000 - 0x00007ffd9d222000 	C:\WINDOWS\System32\IMM32.DLL
0x0000000058050000 - 0x000000005805b000 	D:\Program Files (x86)\360\360safe\safemon\SafeWrapper.dll
0x00007ffd8c570000 - 0x00007ffd8c60b000 	C:\Program Files\Java\jdk-13.0.1\bin\msvcp140.dll
0x00007ffd37050000 - 0x00007ffd37bb6000 	C:\Program Files\Java\jdk-13.0.1\bin\server\jvm.dll
0x00007ffd9c320000 - 0x00007ffd9c328000 	C:\WINDOWS\System32\PSAPI.DLL
0x00007ffd990d0000 - 0x00007ffd990d9000 	C:\WINDOWS\SYSTEM32\WSOCK32.dll
0x00007ffd8ce40000 - 0x00007ffd8ce67000 	C:\WINDOWS\SYSTEM32\WINMM.dll
0x00007ffd9bfe0000 - 0x00007ffd9c04b000 	C:\WINDOWS\System32\WS2_32.dll
0x00007ffd99230000 - 0x00007ffd99242000 	C:\WINDOWS\SYSTEM32\kernel.appcore.dll
0x00007ffd964b0000 - 0x00007ffd964c0000 	C:\Program Files\Java\jdk-13.0.1\bin\verify.dll
0x00007ffd98ec0000 - 0x00007ffd990a4000 	C:\WINDOWS\SYSTEM32\DBGHELP.DLL
0x00007ffd7e8f0000 - 0x00007ffd7e91c000 	C:\WINDOWS\SYSTEM32\dbgcore.DLL
0x00007ffd9a9e0000 - 0x00007ffd9aa62000 	C:\WINDOWS\System32\bcryptPrimitives.dll
0x00007ffd8c760000 - 0x00007ffd8c786000 	C:\Program Files\Java\jdk-13.0.1\bin\java.dll
0x00007ffd963a0000 - 0x00007ffd963ae000 	C:\Program Files\Java\jdk-13.0.1\bin\instrument.dll
0x00007ffd8c680000 - 0x00007ffd8c697000 	C:\Program Files\Java\jdk-13.0.1\bin\zip.dll
0x00007ffd96440000 - 0x00007ffd9644a000 	C:\Program Files\Java\jdk-13.0.1\bin\jimage.dll
0x00007ffd9b530000 - 0x00007ffd9bc73000 	C:\WINDOWS\System32\SHELL32.dll
0x00007ffd98660000 - 0x00007ffd98df2000 	C:\WINDOWS\SYSTEM32\windows.storage.dll
0x00007ffd9bc80000 - 0x00007ffd9bfd4000 	C:\WINDOWS\System32\combase.dll
0x00007ffd9a3f0000 - 0x00007ffd9a420000 	C:\WINDOWS\SYSTEM32\Wldp.dll
0x00007ffd9c180000 - 0x00007ffd9c22d000 	C:\WINDOWS\System32\SHCORE.dll
0x00007ffd9cf20000 - 0x00007ffd9cf75000 	C:\WINDOWS\System32\shlwapi.dll
0x00007ffd9a8d0000 - 0x00007ffd9a8ef000 	C:\WINDOWS\SYSTEM32\profapi.dll
0x00007ffd8c660000 - 0x00007ffd8c679000 	C:\Program Files\Java\jdk-13.0.1\bin\net.dll
0x00007ffd95690000 - 0x00007ffd9579c000 	C:\WINDOWS\SYSTEM32\WINHTTP.dll
0x00007ffd9a150000 - 0x00007ffd9a1ba000 	C:\WINDOWS\system32\mswsock.dll
0x00007ffd8c550000 - 0x00007ffd8c563000 	C:\Program Files\Java\jdk-13.0.1\bin\nio.dll
0x00007ffd87f70000 - 0x00007ffd87f8a000 	D:\Program Files\JetBrains\IntelliJ IDEA 2021.3.2\bin\breakgen64.dll
0x000000006f880000 - 0x000000006f8aa000 	G:\UOA_Courses\thesis\project\radiotelescopescheduling\norad\norad.dll
0x000000006fc40000 - 0x000000006fda3000 	D:\Program Files (x86)\mingw64\bin\libstdc++-6.dll
0x0000000061440000 - 0x000000006145a000 	D:\Program Files (x86)\mingw64\bin\libgcc_s_seh-1.dll
0x0000000064940000 - 0x0000000064955000 	D:\Program Files (x86)\mingw64\bin\libwinpthread-1.dll
0x0000000070980000 - 0x00000000709c4000 	G:\UOA_Courses\thesis\project\radiotelescopescheduling\novas\novas.dll
0x00007ffd7add0000 - 0x00007ffd7ae02000 	C:\gurobi952\win64\bin\GurobiJni95.dll
0x00007ffd121a0000 - 0x00007ffd142a0000 	C:\gurobi952\win64\bin\gurobi95.dll
0x00007ffd9ad20000 - 0x00007ffd9ae76000 	C:\WINDOWS\System32\CRYPT32.dll
0x00007ffd9d190000 - 0x00007ffd9d1e6000 	C:\WINDOWS\System32\WLDAP32.dll
0x00007ffd9ce50000 - 0x00007ffd9ce58000 	C:\WINDOWS\System32\Normaliz.dll
0x00007ffd9a880000 - 0x00007ffd9a8b2000 	C:\WINDOWS\SYSTEM32\SspiCli.dll

dbghelp: loaded successfully - version: 4.0.5 - missing functions: none
symbol engine: initialized successfully - sym options: 0x614 - pdb path: .;C:\Program Files\Java\jdk-13.0.1\bin;C:\WINDOWS\SYSTEM32;C:\WINDOWS\WinSxS\amd64_microsoft.windows.common-controls_6595b64144ccf1df_6.0.19041.1110_none_60b5254171f9507e;D:\Program Files (x86)\360\360safe\safemon;C:\Program Files\Java\jdk-13.0.1\bin\server;D:\Program Files\JetBrains\IntelliJ IDEA 2021.3.2\bin;G:\UOA_Courses\thesis\project\radiotelescopescheduling\norad;D:\Program Files (x86)\mingw64\bin;G:\UOA_Courses\thesis\project\radiotelescopescheduling\novas;C:\gurobi952\win64\bin

VM Arguments:
jvm_args: -Djava.library.path=G:\UOA_Courses\thesis\project\radiotelescopescheduling\norad;G:\UOA_Courses\thesis\project\radiotelescopescheduling\novas;C:\gurobi952\win64\lib;C:\gurobi952\win64\bin -javaagent:D:\Program Files\JetBrains\IntelliJ IDEA 2021.3.2\lib\idea_rt.jar=10196:D:\Program Files\JetBrains\IntelliJ IDEA 2021.3.2\bin -Dfile.encoding=UTF-8 
java_command: SchedulingMain
java_class_path (initial): G:\UOA_Courses\thesis\project\radiotelescopescheduling\out\production\radiotelescopescheduling;C:\Users\Han\.m2\repository\com\google\ortools\ortools-java\8.2.9025\ortools-java-8.2.9025.jar;C:\Users\Han\.m2\repository\com\google\ortools\ortools-linux-x86-64\8.2.9025\ortools-linux-x86-64-8.2.9025.jar;C:\Users\Han\.m2\repository\com\google\ortools\ortools-darwin-x86-64\8.2.9025\ortools-darwin-x86-64-8.2.9025.jar;C:\Users\Han\.m2\repository\com\google\ortools\ortools-win32-x86-64\8.2.9025\ortools-win32-x86-64-8.2.9025.jar;C:\Users\Han\.m2\repository\net\java\dev\jna\jna-platform\5.8.0\jna-platform-5.8.0.jar;C:\Users\Han\.m2\repository\net\java\dev\jna\jna\5.8.0\jna-5.8.0.jar;C:\Users\Han\.m2\repository\com\google\protobuf\protobuf-java\3.15.7\protobuf-java-3.15.7.jar;C:\Users\Han\.m2\repository\com\google\protobuf\protobuf-java\3.17.3\protobuf-java-3.17.3.jar;C:\Users\Han\.m2\repository\org\mongodb\bson\4.3.2\bson-4.3.2.jar;C:\Users\Han\.m2\repository\org\mongodb\mongo-java-driver\3.12.8\mongo-java-driver-3.12.8.jar;C:\Users\Han\.m2\repository\org\mongodb\mongodb-driver-core\4.2.3\mongodb-driver-core-4.2.3.jar;C:\Users\Han\.m2\repository\org\mongodb\bson\4.2.3\bson-4.2.3.jar;C:\gurobi952\win64\lib\gurobi.jar;C:\gurobi952\win64\lib\gurobi-javadoc.jar
Launcher Type: SUN_STANDARD

[Global flags]
     intx CICompilerCount                          = 4                                         {product} {ergonomic}
     uint ConcGCThreads                            = 2                                         {product} {ergonomic}
     uint G1ConcRefinementThreads                  = 8                                         {product} {ergonomic}
   size_t G1HeapRegionSize                         = 1048576                                   {product} {ergonomic}
    uintx GCDrainStackTargetSize                   = 64                                        {product} {ergonomic}
   size_t InitialHeapSize                          = 134217728                                 {product} {ergonomic}
   size_t MarkStackSize                            = 4194304                                   {product} {ergonomic}
   size_t MaxHeapSize                              = 2120220672                                {product} {ergonomic}
   size_t MaxNewSize                               = 1271922688                                {product} {ergonomic}
   size_t MinHeapDeltaBytes                        = 1048576                                   {product} {ergonomic}
   size_t MinHeapSize                              = 8388608                                   {product} {ergonomic}
    uintx NonNMethodCodeHeapSize                   = 5836300                                {pd product} {ergonomic}
    uintx NonProfiledCodeHeapSize                  = 122910970                              {pd product} {ergonomic}
    uintx ProfiledCodeHeapSize                     = 122910970                              {pd product} {ergonomic}
    uintx ReservedCodeCacheSize                    = 251658240                              {pd product} {ergonomic}
     bool SegmentedCodeCache                       = true                                      {product} {ergonomic}
   size_t SoftMaxHeapSize                          = 2120220672                             {manageable} {ergonomic}
     bool UseCompressedClassPointers               = true                                 {lp64_product} {ergonomic}
     bool UseCompressedOops                        = true                                 {lp64_product} {ergonomic}
     bool UseG1GC                                  = true                                      {product} {ergonomic}
     bool UseLargePagesIndividualAllocation        = false                                  {pd product} {ergonomic}

Logging:
Log output configuration:
 #0: stdout all=warning uptime,level,tags
 #1: stderr all=off uptime,level,tags

Environment Variables:
JAVA_HOME=C:\Program Files\Java\jdk-13.0.1
CLASSPATH=.;C:\Program Files\Java\jdk-13.0.1\lib\dt.jar;C:\Program Files\Java\jdk-13.0.1\lib\tools.jar;
PATH=C:\gurobi952\win64\bin;D:\Program Files\ImageMagick-7.1.0-Q16-HDRI;D:\CUDA\bin;D:\CUDA\libnvvp;C:\Program Files\Microsoft MPI\Bin\;C:\Program Files (x86)\Intel\iCLS Client\;C:\Program Files\Intel\iCLS Client\;C:\windows\system32;C:\windows;C:\windows\System32\Wbem;C:\windows\System32\WindowsPowerShell\v1.0\;C:\Program Files (x86)\Intel\Intel(R) Management Engine Components\DAL;C:\Program Files\Intel\Intel(R) Management Engine Components\DAL;C:\Program Files (x86)\Intel\Intel(R) Management Engine Components\IPT;C:\Program Files\Intel\Intel(R) Management Engine Components\IPT;C:\Program Files (x86)\NVIDIA Corporation\PhysX\Common;C:\WINDOWS\system32;C:\WINDOWS;C:\WINDOWS\System32\Wbem;C:\WINDOWS\System32\WindowsPowerShell\v1.0\;C:\Program Files (x86)\Windows Kits\8.1\Windows Performance Toolkit\;D:\Lingo\;C:\Program Files\Microsoft SQL Server\Client SDK\ODBC\130\Tools\Binn\;C:\Program Files (x86)\Microsoft SQL Server\140\Tools\Binn\;C:\Program Files\Microsoft SQL Server\140\Tools\Binn\;C:\Program Files (x86)\Microsoft SQL Server\140\DTS\Binn\;C:\Program Files\Microsoft SQL Server\140\DTS\Binn\;C:\WINDOWS\System32\OpenSSH\;C:\Program Files\Intel\WiFi\bin\;C:\Program Files\Common Files\Intel\WirelessCommon\;C:\Program Files\Java\jdk-13.0.1\bin;C:\Program Files\NVIDIA Corporation\Nsight Compute 2019.4.0\;C:\Program Files\NVIDIA Corporation\NVIDIA NvDLISR;D:\CUDA\lib\x64;C:\Program Files\dotnet\;D:\Microsoft Visual Studio\opencv\opencv\build\x64\vc15\bin;D:\Microsoft Visual Studio\opencv\opencv\build\x64\vc15\lib;C:\WINDOWS\system32;C:\WINDOWS;C:\WINDOWS\System32\Wbem;C:\WINDOWS\System32\WindowsPowerShell\v1.0\;C:\WINDOWS\System32\OpenSSH\;C:\Program Files\Git\cmd;D:\Program Files (x86)\mingw64\bin;C:\ProgramData\chocolatey\bin;D:\Program Files\MATLAB\R2022b\runtime\win64;D:\Program Files\MATLAB\R2022b\bin;C:\Users\Han\AppData\Local\Microsoft\WindowsApps;D:\altera\13.0sp1\modelsim_ase\win32aloem;D:\altera\13.0sp1\modelsim_ae\win32aloem;D:\Microsoft Visual Studio\opencv\
USERNAME=Han
LD_LIBRARY_PATH=C:\gurobi952\win64\lib
OS=Windows_NT
PROCESSOR_IDENTIFIER=Intel64 Family 6 Model 94 Stepping 3, GenuineIntel



---------------  S Y S T E M  ---------------

OS: Windows 10 , 64 bit Build 19041 (10.0.19041.2251)

CPU:total 8 (initial active 8) (4 cores per cpu, 2 threads per core) family 6 model 94 stepping 3, cmov, cx8, fxsr, mmx, sse, sse2, sse3, ssse3, sse4.1, sse4.2, popcnt, avx, avx2, aes, clmul, erms, rtm, 3dnowpref, lzcnt, ht, tsc, tscinvbit, bmi1, bmi2, adx, fma

Memory: 4k page, system-wide physical 8081M (1814M free)
TotalPageFile size 10743M (AvailPageFile size 1604M)
current process WorkingSet (physical memory assigned to process): 131M, peak: 234M
current process commit charge ("private bytes"): 183M, peak: 294M

vm_info: Java HotSpot(TM) 64-Bit Server VM (13.0.1+9) for windows-amd64 JRE (13.0.1+9), built on Oct  6 2019 12:37:49 by "mach5one" with unknown MS VC++:1916

END.
