#
# A fatal error has been detected by the Java Runtime Environment:
#
#  EXCEPTION_ACCESS_VIOLATION (0xc0000005) at pc=0x00007ffd2b84a03c, pid=5192, tid=17032
#
# JRE version: Java(TM) SE Runtime Environment (13.0.1+9) (build 13.0.1+9)
# Java VM: Java HotSpot(TM) 64-Bit Server VM (13.0.1+9, mixed mode, sharing, tiered, compressed oops, g1 gc, windows-amd64)
# Problematic frame:
# C  [gurobi95.dll+0x6fa03c]
#
# No core dump will be written. Minidumps are not enabled by default on client versions of Windows
#
# If you would like to submit a bug report, please visit:
#   http://bugreport.java.com/bugreport/crash.jsp
# The crash happened outside the Java Virtual Machine in native code.
# See problematic frame for where to report the bug.
#

---------------  S U M M A R Y ------------

Command Line: -Djava.library.path=G:\UOA_Courses\thesis\project\radiotelescopescheduling\norad;G:\UOA_Courses\thesis\project\radiotelescopescheduling\novas;C:\gurobi952\win64\lib;C:\gurobi952\win64\bin -javaagent:D:\Program Files\JetBrains\IntelliJ IDEA 2021.3.2\lib\idea_rt.jar=5727:D:\Program Files\JetBrains\IntelliJ IDEA 2021.3.2\bin -Dfile.encoding=UTF-8 SchedulingMain

Host: Intel(R) Core(TM) i7-6700HQ CPU @ 2.60GHz, 8 cores, 7G,  Windows 10 , 64 bit Build 19041 (10.0.19041.2251)
Time: Sat Nov 26 13:44:19 2022 W. Europe Standard Time elapsed time: 6 seconds (0d 0h 0m 6s)

---------------  T H R E A D  ---------------

Current thread (0x000001c76661a000):  JavaThread "main" [_thread_in_native, id=17032, stack(0x0000000f15a00000,0x0000000f15b00000)]

Stack: [0x0000000f15a00000,0x0000000f15b00000],  sp=0x0000000f15afe9d0,  free space=1018k
Native frames: (J=compiled Java code, j=interpreted, Vv=VM code, C=native code)
C  [gurobi95.dll+0x6fa03c]

Java frames: (J=compiled Java code, j=interpreted, Vv=VM code)
J 949  gurobi.GurobiJni.getattrinfo(JLjava/lang/String;[I)I (0 bytes) @ 0x000001c7766736be [0x000001c776673640+0x000000000000007e]
J 1037 c2 gurobi.GRBVar.get(Lgurobi/GRB$DoubleAttr;)D (104 bytes) @ 0x000001c77668f4b0 [0x000001c77668f3c0+0x00000000000000f0]
J 1067% c1 optimisation.MultiTelescopesMTSPPolicy.findNextPaths([Lobservation/Pointable;)[Lobservation/Connection; (1691 bytes) @ 0x000001c76f2cc0f4 [0x000001c76f2bab60+0x0000000000011594]
j  optimisation.DispatchPolicy.nextMoves()V+39
j  optimisation.Scheduler.buildSchedule(Ljava/util/Properties;)V+702
j  simulation.Simulation.run()V+8
j  SchedulingMain.runRepeats(I)V+34
j  SchedulingMain.main([Ljava/lang/String;)V+40
v  ~StubRoutines::call_stub

siginfo: EXCEPTION_ACCESS_VIOLATION (0xc0000005), reading address 0x0000000000001ac4


Register to memory mapping:

RIP=0x00007ffd2b84a03c gurobi95.dll
RAX=0x0 is NULL
RBX=0x0000000f15afead0 is pointing into the stack for thread: 0x000001c76661a000
RCX=0x0 is NULL
RDX=0x000001c70962e530 points into unknown readable memory: 10 ea 62 09 c7 01 00 00
RSP=0x0000000f15afe9d0 is pointing into the stack for thread: 0x000001c76661a000
RBP=0x0000000f15afea68 is pointing into the stack for thread: 0x000001c76661a000
RSI=0x0000000082291670 is an oop: gurobi.GRBVar 
{0x0000000082291670} - klass: 'gurobi/GRBVar'
RDI=0x0000000082291670 is an oop: gurobi.GRBVar 
{0x0000000082291670} - klass: 'gurobi/GRBVar'
R8 =0x0000000000000357 is an unknown value
R9 =0x0000000f15afe7c2 is pointing into the stack for thread: 0x000001c76661a000
R10=0x000000000000014d is an unknown value
R11=0x0000000000000038 is an unknown value
R12=0x000001c706578850 points into unknown readable memory: 00 00 00 00 00 00 00 00
R13=0x000001c709687ea0 points into unknown readable memory: 58 00 00 00 00 00 00 00
R14=0x0000000f15afea60 is pointing into the stack for thread: 0x000001c76661a000
R15=0x0000000f15afea64 is pointing into the stack for thread: 0x000001c76661a000


Registers:
RAX=0x0000000000000000, RBX=0x0000000f15afead0, RCX=0x0000000000000000, RDX=0x000001c70962e530
RSP=0x0000000f15afe9d0, RBP=0x0000000f15afea68, RSI=0x0000000082291670, RDI=0x0000000082291670
R8 =0x0000000000000357, R9 =0x0000000f15afe7c2, R10=0x000000000000014d, R11=0x0000000000000038
R12=0x000001c706578850, R13=0x000001c709687ea0, R14=0x0000000f15afea60, R15=0x0000000f15afea64
RIP=0x00007ffd2b84a03c, EFLAGS=0x0000000000010206

Top of Stack: (sp=0x0000000f15afe9d0)
0x0000000f15afe9d0:   0000000000000000 000001c76661a310
0x0000000f15afe9e0:   0000000000000000 0000000000000000
0x0000000f15afe9f0:   0000000000000000 0000000000000000
0x0000000f15afea00:   0000000f15afeb10 000001c706578850
0x0000000f15afea10:   000001c709687ea0 000001c76661a310
0x0000000f15afea20:   0000000000000000 00007ffd87e41068
0x0000000f15afea30:   0000000f15afead0 0000000f15afeb10
0x0000000f15afea40:   0000000082291670 000001c709687e70
0x0000000f15afea50:   0000000f15afea68 0000000000000003
0x0000000f15afea60:   ffffffffffffffff 00000000ffffffff
0x0000000f15afea70:   0000000000000000 000001c76661a000
0x0000000f15afea80:   0000000f15afeaf8 0000000000000002
0x0000000f15afea90:   000001c77fa7a0d8 000001c77667375e
0x0000000f15afeaa0:   000001c764330000 000001c76661a000
0x0000000f15afeab0:   0000000000000af7 0000000000000000
0x0000000f15afeac0:   0000000f15afead8 0000000f15afeaf8 

Instructions: (pc=0x00007ffd2b84a03c)
0x00007ffd2b849f3c:   cc cc cc cc cc cc cc cc cc cc cc cc cc cc cc cc
0x00007ffd2b849f4c:   cc cc cc cc cc cc cc cc cc cc cc cc cc cc cc cc
0x00007ffd2b849f5c:   cc cc cc cc cc cc cc cc cc cc cc cc cc cc cc cc
0x00007ffd2b849f6c:   cc cc cc cc cc cc cc cc cc cc cc cc cc cc cc cc
0x00007ffd2b849f7c:   cc cc cc cc cc cc cc cc cc cc cc cc cc cc cc cc
0x00007ffd2b849f8c:   cc cc cc cc cc cc cc cc cc cc cc cc cc cc cc cc
0x00007ffd2b849f9c:   cc cc cc cc cc cc cc cc cc cc cc cc cc cc cc cc
0x00007ffd2b849fac:   cc cc cc cc 41 54 41 55 41 56 41 57 55 48 83 ec
0x00007ffd2b849fbc:   30 4d 89 cf 4d 89 c6 49 89 d5 49 89 cc e8 af fc
0x00007ffd2b849fcc:   90 ff 85 c0 0f 85 88 00 00 00 4d 85 f6 74 07 41
0x00007ffd2b849fdc:   c7 06 ff ff ff ff 4d 85 ff 74 07 41 c7 07 ff ff
0x00007ffd2b849fec:   ff ff 48 8b ac 24 80 00 00 00 48 85 ed 74 07 c7
0x00007ffd2b849ffc:   45 00 ff ff ff ff 4c 89 e1 e8 73 fc 90 ff 85 c0
0x00007ffd2b84a00c:   0f 85 80 00 00 00 4c 89 e1 4c 89 ea e8 9e aa 90
0x00007ffd2b84a01c:   ff 83 f8 ff 74 4a 48 63 c0 49 8b 94 24 d8 02 00
0x00007ffd2b84a02c:   00 48 8b 4a 10 4c 8d 04 c0 33 c0 4d 85 f6 74 08
0x00007ffd2b84a03c:   42 8b 54 c1 0c 41 89 16 4d 85 ff 74 08 42 8b 54
0x00007ffd2b84a04c:   c1 10 41 89 17 48 85 ed 74 08 42 8b 54 c1 14 89
0x00007ffd2b84a05c:   55 00 48 83 c4 30 5d 41 5f 41 5e 41 5d 41 5c c3
0x00007ffd2b84a06c:   48 89 e0 4c 89 e1 ba 14 27 00 00 41 b8 01 00 00
0x00007ffd2b84a07c:   00 4c 8d 0d 90 c3 6f 01 4c 89 68 20 e8 e5 a2 90
0x00007ffd2b84a08c:   ff b8 14 27 00 00 48 83 c4 30 5d 41 5f 41 5e 41
0x00007ffd2b84a09c:   5d 41 5c c3 cc cc cc cc cc cc cc cc cc cc cc cc
0x00007ffd2b84a0ac:   cc cc cc cc cc cc cc cc cc cc cc cc cc cc cc cc
0x00007ffd2b84a0bc:   cc cc cc cc cc cc cc cc cc cc cc cc cc cc cc cc
0x00007ffd2b84a0cc:   cc cc cc cc cc cc cc cc cc cc cc cc cc cc cc cc
0x00007ffd2b84a0dc:   cc cc cc cc 57 41 54 41 55 48 83 ec 40 49 89 d4
0x00007ffd2b84a0ec:   48 89 cf e8 89 fb 90 ff 85 c0 0f 85 c5 00 00 00
0x00007ffd2b84a0fc:   48 85 ff 74 1b 83 7f 40 00 7e 15 48 89 f9 4c 89
0x00007ffd2b84a10c:   e2 e8 d6 90 90 ff 48 83 c4 40 41 5d 41 5c 5f c3
0x00007ffd2b84a11c:   48 89 f9 e8 59 fb 90 ff 85 c0 0f 85 61 01 00 00
0x00007ffd2b84a12c:   48 89 f9 4c 89 e2 e8 84 a9 90 ff 83 f8 ff 0f 84 


Stack slot to memory mapping:
stack at sp + 0 slots: 0x0 is NULL
stack at sp + 1 slots: 0x000001c76661a310 points into unknown readable memory: 50 e8 a4 37 fd 7f 00 00
stack at sp + 2 slots: 0x0 is NULL
stack at sp + 3 slots: 0x0 is NULL
stack at sp + 4 slots: 0x0 is NULL
stack at sp + 5 slots: 0x0 is NULL
stack at sp + 6 slots: 0x0000000f15afeb10 is pointing into the stack for thread: 0x000001c76661a000
stack at sp + 7 slots: 0x000001c706578850 points into unknown readable memory: 00 00 00 00 00 00 00 00


---------------  P R O C E S S  ---------------

Threads class SMR info:
_java_thread_list=0x000001c70627ea60, length=11, elements={
0x000001c76661a000, 0x000001c77f58e000, 0x000001c77f58f000, 0x000001c77f5b4800,
0x000001c77f5b5800, 0x000001c77f5b7000, 0x000001c77f5b8000, 0x000001c77f5bc800,
0x000001c706032800, 0x000001c706232000, 0x000001c706234800
}

Java Threads: ( => current thread )
=>0x000001c76661a000 JavaThread "main" [_thread_in_native, id=17032, stack(0x0000000f15a00000,0x0000000f15b00000)]
  0x000001c77f58e000 JavaThread "Reference Handler" daemon [_thread_blocked, id=2608, stack(0x0000000f16100000,0x0000000f16200000)]
  0x000001c77f58f000 JavaThread "Finalizer" daemon [_thread_blocked, id=17088, stack(0x0000000f16200000,0x0000000f16300000)]
  0x000001c77f5b4800 JavaThread "Signal Dispatcher" daemon [_thread_blocked, id=8528, stack(0x0000000f16300000,0x0000000f16400000)]
  0x000001c77f5b5800 JavaThread "Attach Listener" daemon [_thread_blocked, id=17208, stack(0x0000000f16400000,0x0000000f16500000)]
  0x000001c77f5b7000 JavaThread "C2 CompilerThread0" daemon [_thread_in_native, id=13288, stack(0x0000000f16500000,0x0000000f16600000)]
  0x000001c77f5b8000 JavaThread "C1 CompilerThread0" daemon [_thread_blocked, id=11816, stack(0x0000000f16600000,0x0000000f16700000)]
  0x000001c77f5bc800 JavaThread "Sweeper thread" daemon [_thread_blocked, id=15032, stack(0x0000000f16700000,0x0000000f16800000)]
  0x000001c706032800 JavaThread "Common-Cleaner" daemon [_thread_blocked, id=9640, stack(0x0000000f16800000,0x0000000f16900000)]
  0x000001c706232000 JavaThread "Monitor Ctrl-Break" daemon [_thread_in_native, id=15232, stack(0x0000000f16a00000,0x0000000f16b00000)]
  0x000001c706234800 JavaThread "Service Thread" daemon [_thread_blocked, id=16656, stack(0x0000000f16b00000,0x0000000f16c00000)]

Other Threads:
  0x000001c77f587000 VMThread "VM Thread" [stack: 0x0000000f16000000,0x0000000f16100000] [id=8460]
  0x000001c706239800 WatcherThread [stack: 0x0000000f16c00000,0x0000000f16d00000] [id=9452]
  0x000001c76665d800 GCTaskThread "GC Thread#0" [stack: 0x0000000f15b00000,0x0000000f15c00000] [id=5060]
  0x000001c706654800 GCTaskThread "GC Thread#1" [stack: 0x0000000f16900000,0x0000000f16a00000] [id=7360]
  0x000001c706655000 GCTaskThread "GC Thread#2" [stack: 0x0000000f16d00000,0x0000000f16e00000] [id=13928]
  0x000001c76666f000 ConcurrentGCThread "G1 Main Marker" [stack: 0x0000000f15c00000,0x0000000f15d00000] [id=3600]
  0x000001c766672800 ConcurrentGCThread "G1 Conc#0" [stack: 0x0000000f15d00000,0x0000000f15e00000] [id=2400]
  0x000001c7666ed800 ConcurrentGCThread "G1 Refine#0" [stack: 0x0000000f15e00000,0x0000000f15f00000] [id=6976]
  0x000001c77f404800 ConcurrentGCThread "G1 Young RemSet Sampling" [stack: 0x0000000f15f00000,0x0000000f16000000] [id=15176]

Threads with active compile tasks:
C2 CompilerThread0     6269 1109 % !   4       optimisation.MultiTelescopesMTSPPolicy::findNextPaths @ 1259 (1691 bytes)

VM state:not at safepoint (normal execution)

VM Mutex/Monitor currently owned by a thread: None

Heap address: 0x0000000081a00000, size: 2022 MB, Compressed Oops mode: 32-bit
Narrow klass base: 0x0000000800000000, Narrow klass shift: 3
Compressed class space size: 1073741824 Address: 0x0000000800b40000

Heap:
 garbage-first heap   total 17408K, used 5076K [0x0000000081a00000, 0x0000000100000000)
  region size 1024K, 2 young (2048K), 1 survivors (1024K)
 Metaspace       used 2612K, capacity 5285K, committed 5504K, reserved 1056768K
  class space    used 214K, capacity 531K, committed 640K, reserved 1048576K
Heap Regions: E=young(eden), S=young(survivor), O=old, HS=humongous(starts), HC=humongous(continues), CS=collection set, F=free, A=archive, TAMS=top-at-mark-start (previous, next)
|   0|0x0000000081a00000, 0x0000000081afffc8, 0x0000000081b00000| 99%| O|  |TAMS 0x0000000081a00000, 0x0000000081a00000| Untracked 
|   1|0x0000000081b00000, 0x0000000081bffff8, 0x0000000081c00000| 99%| O|  |TAMS 0x0000000081b00000, 0x0000000081b00000| Untracked 
|   2|0x0000000081c00000, 0x0000000081d00000, 0x0000000081d00000|100%| O|  |TAMS 0x0000000081c00000, 0x0000000081c00000| Untracked 
|   3|0x0000000081d00000, 0x0000000081dffff0, 0x0000000081e00000| 99%| O|  |TAMS 0x0000000081d00000, 0x0000000081d00000| Untracked 
|   4|0x0000000081e00000, 0x0000000081e421d0, 0x0000000081f00000| 25%| O|  |TAMS 0x0000000081e00000, 0x0000000081e00000| Untracked 
|   5|0x0000000081f00000, 0x0000000081f00000, 0x0000000082000000|  0%| F|  |TAMS 0x0000000081f00000, 0x0000000081f00000| Untracked 
|   6|0x0000000082000000, 0x0000000082000000, 0x0000000082100000|  0%| F|  |TAMS 0x0000000082000000, 0x0000000082000000| Untracked 
|   7|0x0000000082100000, 0x0000000082100000, 0x0000000082200000|  0%| F|  |TAMS 0x0000000082100000, 0x0000000082100000| Untracked 
|   8|0x0000000082200000, 0x00000000822b3108, 0x0000000082300000| 69%| S|CS|TAMS 0x0000000082200000, 0x0000000082200000| Complete 
|   9|0x0000000082300000, 0x0000000082300000, 0x0000000082400000|  0%| F|  |TAMS 0x0000000082300000, 0x0000000082300000| Untracked 
|  10|0x0000000082400000, 0x0000000082400000, 0x0000000082500000|  0%| F|  |TAMS 0x0000000082400000, 0x0000000082400000| Untracked 
|  11|0x0000000082500000, 0x0000000082500000, 0x0000000082600000|  0%| F|  |TAMS 0x0000000082500000, 0x0000000082500000| Untracked 
|  12|0x0000000082600000, 0x0000000082600000, 0x0000000082700000|  0%| F|  |TAMS 0x0000000082600000, 0x0000000082600000| Untracked 
|  13|0x0000000082700000, 0x0000000082700000, 0x0000000082800000|  0%| F|  |TAMS 0x0000000082700000, 0x0000000082700000| Untracked 
|  14|0x0000000082800000, 0x0000000082800000, 0x0000000082900000|  0%| F|  |TAMS 0x0000000082800000, 0x0000000082800000| Untracked 
|  15|0x0000000082900000, 0x0000000082900000, 0x0000000082a00000|  0%| F|  |TAMS 0x0000000082900000, 0x0000000082900000| Untracked 
|  16|0x0000000082a00000, 0x0000000082a23ff8, 0x0000000082b00000| 14%| E|  |TAMS 0x0000000082a00000, 0x0000000082a00000| Complete 

Card table byte_map: [0x000001c77e360000,0x000001c77e760000] _byte_map_base: 0x000001c77df53000

Marking Bits (Prev, Next): (CMBitMap*) 0x000001c76665e528, (CMBitMap*) 0x000001c76665e568
 Prev Bits: [0x000001c700000000, 0x000001c701f98000)
 Next Bits: [0x000001c701fa0000, 0x000001c703f38000)

Polling page: 0x000001c7645b0000

Metaspace:

Usage:
  Non-class:      4.64 MB capacity,     2.34 MB ( 50%) used,     2.29 MB ( 49%) free+waste,     8.38 KB ( <1%) overhead. 
      Class:    531.00 KB capacity,   214.98 KB ( 40%) used,   310.96 KB ( 59%) free+waste,     5.06 KB ( <1%) overhead. 
       Both:      5.16 MB capacity,     2.55 MB ( 49%) used,     2.60 MB ( 50%) free+waste,    13.44 KB ( <1%) overhead. 

Virtual space:
  Non-class space:        8.00 MB reserved,       4.75 MB ( 59%) committed 
      Class space:        1.00 GB reserved,     640.00 KB ( <1%) committed 
             Both:        1.01 GB reserved,       5.38 MB ( <1%) committed 

Chunk freelists:
   Non-Class:  0 bytes
       Class:  0 bytes
        Both:  0 bytes

MaxMetaspaceSize: 17179869184.00 GB
CompressedClassSpaceSize: 1.00 GB

CodeHeap 'non-profiled nmethods': size=120000Kb used=740Kb max_used=740Kb free=119259Kb
 bounds [0x000001c7765f0000, 0x000001c776860000, 0x000001c77db20000]
CodeHeap 'profiled nmethods': size=120000Kb used=2677Kb max_used=2677Kb free=117322Kb
 bounds [0x000001c76f0c0000, 0x000001c76f360000, 0x000001c7765f0000]
CodeHeap 'non-nmethods': size=5760Kb used=1201Kb max_used=1232Kb free=4558Kb
 bounds [0x000001c76eb20000, 0x000001c76ed90000, 0x000001c76f0c0000]
 total_blobs=2268 nmethods=1108 adapters=373
 compilation: enabled
              stopped_count=0, restarted_count=0
 full_count=0

Compilation events (20 events):
Event: 5.921 Thread 0x000001c77f5b8000 1100   !   3       java.nio.charset.CharsetEncoder::encode (285 bytes)
Event: 5.922 Thread 0x000001c77f5b8000 nmethod 1100 0x000001c76f358310 code [0x000001c76f358620, 0x000001c76f3598e0]
Event: 5.922 Thread 0x000001c77f5b8000 1105       3       sun.nio.cs.StreamEncoder::implWrite (137 bytes)
Event: 5.923 Thread 0x000001c77f5b8000 nmethod 1105 0x000001c76f359f10 code [0x000001c76f35a160, 0x000001c76f35a9d0]
Event: 5.923 Thread 0x000001c77f5b8000 1101       3       sun.nio.cs.StreamEncoder::implFlushBuffer (15 bytes)
Event: 5.923 Thread 0x000001c77f5b8000 nmethod 1101 0x000001c76f35ac90 code [0x000001c76f35ae40, 0x000001c76f35b050]
Event: 5.923 Thread 0x000001c77f5b8000 1102       3       sun.nio.cs.StreamEncoder::writeBytes (132 bytes)
Event: 5.923 Thread 0x000001c77f5b8000 nmethod 1102 0x000001c76f35b110 code [0x000001c76f35b380, 0x000001c76f35bd80]
Event: 5.923 Thread 0x000001c77f5b8000 1103       3       sun.nio.cs.UTF_8$Encoder::encodeLoop (28 bytes)
Event: 5.924 Thread 0x000001c77f5b8000 nmethod 1103 0x000001c76f35c090 code [0x000001c76f35c280, 0x000001c76f35c6e0]
Event: 5.924 Thread 0x000001c77f5b8000 1104       3       sun.nio.cs.StreamEncoder::isOpen (13 bytes)
Event: 5.924 Thread 0x000001c77f5b8000 nmethod 1104 0x000001c76f35c810 code [0x000001c76f35c9c0, 0x000001c76f35cb98]
Event: 6.099 Thread 0x000001c77f5b7000 nmethod 1099% 0x000001c77669d910 code [0x000001c77669df60, 0x000001c7766a49a8]
Event: 6.099 Thread 0x000001c77f5b7000 1106       4       java.util.Arrays::copyOf (10 bytes)
Event: 6.100 Thread 0x000001c77f5b7000 nmethod 1106 0x000001c7766a8c10 code [0x000001c7766a8da0, 0x000001c7766a8f98]
Event: 6.100 Thread 0x000001c77f5b7000 1107       4       jdk.internal.util.ArraysSupport::newLength (23 bytes)
Event: 6.101 Thread 0x000001c77f5b7000 nmethod 1107 0x000001c7766a9090 code [0x000001c7766a9220, 0x000001c7766a9298]
Event: 6.187 Thread 0x000001c77f5b8000 1108   !   3       sun.nio.cs.StreamEncoder::flushBuffer (42 bytes)
Event: 6.190 Thread 0x000001c77f5b8000 nmethod 1108 0x000001c76f35cc10 code [0x000001c76f35ce00, 0x000001c76f35d440]
Event: 6.190 Thread 0x000001c77f5b7000 1109 % !   4       optimisation.MultiTelescopesMTSPPolicy::findNextPaths @ 1259 (1691 bytes)

GC Heap History (20 events):
Event: 4.965 GC heap before
{Heap before GC invocations=14 (full 3):
 garbage-first heap   total 17408K, used 12004K [0x0000000081a00000, 0x0000000100000000)
  region size 1024K, 8 young (8192K), 1 survivors (1024K)
 Metaspace       used 2592K, capacity 5285K, committed 5504K, reserved 1056768K
  class space    used 214K, capacity 531K, committed 640K, reserved 1048576K
}
Event: 4.966 GC heap after
{Heap after GC invocations=15 (full 3):
 garbage-first heap   total 17408K, used 4805K [0x0000000081a00000, 0x0000000100000000)
  region size 1024K, 1 young (1024K), 1 survivors (1024K)
 Metaspace       used 2592K, capacity 5285K, committed 5504K, reserved 1056768K
  class space    used 214K, capacity 531K, committed 640K, reserved 1048576K
}
Event: 5.067 GC heap before
{Heap before GC invocations=15 (full 3):
 garbage-first heap   total 17408K, used 11973K [0x0000000081a00000, 0x0000000100000000)
  region size 1024K, 8 young (8192K), 1 survivors (1024K)
 Metaspace       used 2592K, capacity 5285K, committed 5504K, reserved 1056768K
  class space    used 214K, capacity 531K, committed 640K, reserved 1048576K
}
Event: 5.068 GC heap after
{Heap after GC invocations=16 (full 3):
 garbage-first heap   total 17408K, used 4842K [0x0000000081a00000, 0x0000000100000000)
  region size 1024K, 1 young (1024K), 1 survivors (1024K)
 Metaspace       used 2592K, capacity 5285K, committed 5504K, reserved 1056768K
  class space    used 214K, capacity 531K, committed 640K, reserved 1048576K
}
Event: 5.083 GC heap before
{Heap before GC invocations=16 (full 3):
 garbage-first heap   total 17408K, used 5866K [0x0000000081a00000, 0x0000000100000000)
  region size 1024K, 3 young (3072K), 1 survivors (1024K)
 Metaspace       used 2592K, capacity 5285K, committed 5504K, reserved 1056768K
  class space    used 214K, capacity 531K, committed 640K, reserved 1048576K
}
Event: 5.094 GC heap after
{Heap after GC invocations=17 (full 4):
 garbage-first heap   total 17408K, used 4346K [0x0000000081a00000, 0x0000000100000000)
  region size 1024K, 0 young (0K), 0 survivors (0K)
 Metaspace       used 2592K, capacity 5285K, committed 5504K, reserved 1056768K
  class space    used 214K, capacity 531K, committed 640K, reserved 1048576K
}
Event: 5.191 GC heap before
{Heap before GC invocations=17 (full 4):
 garbage-first heap   total 17408K, used 11514K [0x0000000081a00000, 0x0000000100000000)
  region size 1024K, 7 young (7168K), 0 survivors (0K)
 Metaspace       used 2593K, capacity 5285K, committed 5504K, reserved 1056768K
  class space    used 214K, capacity 531K, committed 640K, reserved 1048576K
}
Event: 5.193 GC heap after
{Heap after GC invocations=18 (full 4):
 garbage-first heap   total 74752K, used 4888K [0x0000000081a00000, 0x0000000100000000)
  region size 1024K, 1 young (1024K), 1 survivors (1024K)
 Metaspace       used 2593K, capacity 5285K, committed 5504K, reserved 1056768K
  class space    used 214K, capacity 531K, committed 640K, reserved 1048576K
}
Event: 5.524 GC heap before
{Heap before GC invocations=18 (full 4):
 garbage-first heap   total 74752K, used 27416K [0x0000000081a00000, 0x0000000100000000)
  region size 1024K, 24 young (24576K), 1 survivors (1024K)
 Metaspace       used 2595K, capacity 5285K, committed 5504K, reserved 1056768K
  class space    used 214K, capacity 531K, committed 640K, reserved 1048576K
}
Event: 5.533 GC heap after
{Heap after GC invocations=19 (full 5):
 garbage-first heap   total 20480K, used 4350K [0x0000000081a00000, 0x0000000100000000)
  region size 1024K, 0 young (0K), 0 survivors (0K)
 Metaspace       used 2595K, capacity 5285K, committed 5504K, reserved 1056768K
  class space    used 214K, capacity 531K, committed 640K, reserved 1048576K
}
Event: 5.596 GC heap before
{Heap before GC invocations=19 (full 5):
 garbage-first heap   total 20480K, used 8446K [0x0000000081a00000, 0x0000000100000000)
  region size 1024K, 5 young (5120K), 0 survivors (0K)
 Metaspace       used 2601K, capacity 5285K, committed 5504K, reserved 1056768K
  class space    used 214K, capacity 531K, committed 640K, reserved 1048576K
}
Event: 5.604 GC heap after
{Heap after GC invocations=20 (full 6):
 garbage-first heap   total 20480K, used 4397K [0x0000000081a00000, 0x0000000100000000)
  region size 1024K, 0 young (0K), 0 survivors (0K)
 Metaspace       used 2601K, capacity 5285K, committed 5504K, reserved 1056768K
  class space    used 214K, capacity 531K, committed 640K, reserved 1048576K
}
Event: 5.733 GC heap before
{Heap before GC invocations=20 (full 6):
 garbage-first heap   total 20480K, used 13613K [0x0000000081a00000, 0x0000000100000000)
  region size 1024K, 9 young (9216K), 0 survivors (0K)
 Metaspace       used 2601K, capacity 5285K, committed 5504K, reserved 1056768K
  class space    used 214K, capacity 531K, committed 640K, reserved 1048576K
}
Event: 5.734 GC heap after
{Heap after GC invocations=21 (full 6):
 garbage-first heap   total 20480K, used 4730K [0x0000000081a00000, 0x0000000100000000)
  region size 1024K, 1 young (1024K), 1 survivors (1024K)
 Metaspace       used 2601K, capacity 5285K, committed 5504K, reserved 1056768K
  class space    used 214K, capacity 531K, committed 640K, reserved 1048576K
}
Event: 5.943 GC heap before
{Heap before GC invocations=21 (full 6):
 garbage-first heap   total 20480K, used 12922K [0x0000000081a00000, 0x0000000100000000)
  region size 1024K, 9 young (9216K), 1 survivors (1024K)
 Metaspace       used 2612K, capacity 5285K, committed 5504K, reserved 1056768K
  class space    used 214K, capacity 531K, committed 640K, reserved 1048576K
}
Event: 5.945 GC heap after
{Heap after GC invocations=22 (full 6):
 garbage-first heap   total 20480K, used 5057K [0x0000000081a00000, 0x0000000100000000)
  region size 1024K, 1 young (1024K), 1 survivors (1024K)
 Metaspace       used 2612K, capacity 5285K, committed 5504K, reserved 1056768K
  class space    used 214K, capacity 531K, committed 640K, reserved 1048576K
}
Event: 5.979 GC heap before
{Heap before GC invocations=22 (full 6):
 garbage-first heap   total 20480K, used 7105K [0x0000000081a00000, 0x0000000100000000)
  region size 1024K, 4 young (4096K), 1 survivors (1024K)
 Metaspace       used 2612K, capacity 5285K, committed 5504K, reserved 1056768K
  class space    used 214K, capacity 531K, committed 640K, reserved 1048576K
}
Event: 5.987 GC heap after
{Heap after GC invocations=23 (full 7):
 garbage-first heap   total 17408K, used 4360K [0x0000000081a00000, 0x0000000100000000)
  region size 1024K, 0 young (0K), 0 survivors (0K)
 Metaspace       used 2612K, capacity 5285K, committed 5504K, reserved 1056768K
  class space    used 214K, capacity 531K, committed 640K, reserved 1048576K
}
Event: 6.188 GC heap before
{Heap before GC invocations=23 (full 7):
 garbage-first heap   total 17408K, used 12552K [0x0000000081a00000, 0x0000000100000000)
  region size 1024K, 8 young (8192K), 0 survivors (0K)
 Metaspace       used 2612K, capacity 5285K, committed 5504K, reserved 1056768K
  class space    used 214K, capacity 531K, committed 640K, reserved 1048576K
}
Event: 6.190 GC heap after
{Heap after GC invocations=24 (full 7):
 garbage-first heap   total 17408K, used 5076K [0x0000000081a00000, 0x0000000100000000)
  region size 1024K, 1 young (1024K), 1 survivors (1024K)
 Metaspace       used 2612K, capacity 5285K, committed 5504K, reserved 1056768K
  class space    used 214K, capacity 531K, committed 640K, reserved 1048576K
}

Deoptimization events (20 events):
Event: 3.232 Thread 0x000001c76661a000 Uncommon trap: trap_request=0xffffffde fr.pc=0x000001c77666f048 relative=0x0000000000000128
Event: 3.232 Thread 0x000001c76661a000 Uncommon trap: reason=class_check action=maybe_recompile pc=0x000001c77666f048 method=jdk.internal.misc.Unsafe.allocateUninitializedArray(Ljava/lang/Class;I)Ljava/lang/Object; @ 48 c2
Event: 3.232 Thread 0x000001c76661a000 DEOPT PACKING pc=0x000001c77666f048 sp=0x0000000f15afde70
Event: 3.232 Thread 0x000001c76661a000 DEOPT UNPACKING pc=0x000001c76eb6912f sp=0x0000000f15afddf8 mode 2
Event: 3.308 Thread 0x000001c76661a000 Uncommon trap: trap_request=0xffffffde fr.pc=0x000001c77664ca44 relative=0x00000000000012a4
Event: 3.308 Thread 0x000001c76661a000 Uncommon trap: reason=class_check action=maybe_recompile pc=0x000001c77664ca44 method=java.util.HashMap.putVal(ILjava/lang/Object;Ljava/lang/Object;ZZ)Ljava/lang/Object; @ 253 c2
Event: 3.308 Thread 0x000001c76661a000 DEOPT PACKING pc=0x000001c77664ca44 sp=0x0000000f15aff090
Event: 3.308 Thread 0x000001c76661a000 DEOPT UNPACKING pc=0x000001c76eb6912f sp=0x0000000f15aff040 mode 2
Event: 4.593 Thread 0x000001c76661a000 Uncommon trap: trap_request=0xffffff45 fr.pc=0x000001c776696454 relative=0x00000000000003f4
Event: 4.593 Thread 0x000001c76661a000 Uncommon trap: reason=unstable_if action=reinterpret pc=0x000001c776696454 method=java.util.GregorianCalendar.add(II)V @ 1 c2
Event: 4.593 Thread 0x000001c76661a000 DEOPT PACKING pc=0x000001c776696454 sp=0x0000000f15aff180
Event: 4.593 Thread 0x000001c76661a000 DEOPT UNPACKING pc=0x000001c76eb6912f sp=0x0000000f15aff0e8 mode 2
Event: 5.501 Thread 0x000001c76661a000 DEOPT PACKING pc=0x000001c76f34fa94 sp=0x0000000f15aff0e0
Event: 5.501 Thread 0x000001c76661a000 DEOPT UNPACKING pc=0x000001c76eb6964e sp=0x0000000f15afe618 mode 0
Event: 5.731 Thread 0x000001c76661a000 DEOPT PACKING pc=0x000001c76f3512b0 sp=0x0000000f15aff160
Event: 5.731 Thread 0x000001c76661a000 DEOPT UNPACKING pc=0x000001c76eb6964e sp=0x0000000f15afe618 mode 0
Event: 6.011 Thread 0x000001c76661a000 DEOPT PACKING pc=0x000001c76f339383 sp=0x0000000f15afec60
Event: 6.011 Thread 0x000001c76661a000 DEOPT UNPACKING pc=0x000001c76eb6964e sp=0x0000000f15afe6f0 mode 0
Event: 6.190 Thread 0x000001c76661a000 DEOPT PACKING pc=0x000001c76f30a1e1 sp=0x0000000f15afeb70
Event: 6.190 Thread 0x000001c76661a000 DEOPT UNPACKING pc=0x000001c76eb6964e sp=0x0000000f15afe6f0 mode 0

Classes unloaded (0 events):
No events

Classes redefined (0 events):
No events

Internal exceptions (1 events):
Event: 0.210 Thread 0x000001c76661a000 Exception <a 'java/lang/NoSuchMethodError'{0x000000008960e2a0}: 'int java.lang.invoke.DirectMethodHandle$Holder.invokeSpecialIFC(java.lang.Object, java.lang.Object, int)'> (0x000000008960e2a0) 
thrown [t:/workspace/open/src/hotspot/share/interpreter/linkResolver.cpp, line 767]

Events (20 events):
Event: 5.524 Executing VM operation: G1CollectFull
Event: 5.533 Executing VM operation: G1CollectFull done
Event: 5.596 Executing VM operation: G1CollectFull
Event: 5.604 Executing VM operation: G1CollectFull done
Event: 5.626 Loaded shared library C:\Program Files\Java\jdk-13.0.1\bin\java.dll
Event: 5.628 Loaded shared library C:\Program Files\Java\jdk-13.0.1\bin\java.dll
Event: 5.629 Loaded shared library C:\Program Files\Java\jdk-13.0.1\bin\java.dll
Event: 5.631 Loaded shared library C:\Program Files\Java\jdk-13.0.1\bin\java.dll
Event: 5.732 Executing VM operation: G1CollectForAllocation
Event: 5.734 Executing VM operation: G1CollectForAllocation done
Event: 5.943 Executing VM operation: G1CollectForAllocation
Event: 5.945 Executing VM operation: G1CollectForAllocation done
Event: 5.945 Executing VM operation: RevokeBias
Event: 5.945 Executing VM operation: RevokeBias done
Event: 5.978 Executing VM operation: G1CollectFull
Event: 5.987 Executing VM operation: G1CollectFull done
Event: 6.188 Executing VM operation: G1CollectForAllocation
Event: 6.190 Executing VM operation: G1CollectForAllocation done
Event: 6.190 Executing VM operation: RevokeBias
Event: 6.190 Executing VM operation: RevokeBias done


Dynamic libraries:
0x00007ff79c590000 - 0x00007ff79c59f000 	C:\Program Files\Java\jdk-13.0.1\bin\java.exe
0x00007ffd9d290000 - 0x00007ffd9d488000 	C:\WINDOWS\SYSTEM32\ntdll.dll
0x00007ffd9ce60000 - 0x00007ffd9cf1f000 	C:\WINDOWS\System32\KERNEL32.DLL
0x00007ffd9b000000 - 0x00007ffd9b2d2000 	C:\WINDOWS\System32\KERNELBASE.dll
0x00007ffd9ab10000 - 0x00007ffd9ac10000 	C:\WINDOWS\System32\ucrtbase.dll
0x00007ffd8d570000 - 0x00007ffd8d585000 	C:\Program Files\Java\jdk-13.0.1\bin\VCRUNTIME140.dll
0x00007ffd8d550000 - 0x00007ffd8d568000 	C:\Program Files\Java\jdk-13.0.1\bin\jli.dll
0x00007ffd9b480000 - 0x00007ffd9b52e000 	C:\WINDOWS\System32\ADVAPI32.dll
0x00007ffd9cdb0000 - 0x00007ffd9ce4e000 	C:\WINDOWS\System32\msvcrt.dll
0x00007ffd9cd10000 - 0x00007ffd9cdac000 	C:\WINDOWS\System32\sechost.dll
0x00007ffd9c950000 - 0x00007ffd9ca75000 	C:\WINDOWS\System32\RPCRT4.dll
0x00007ffd9b2e0000 - 0x00007ffd9b47d000 	C:\WINDOWS\System32\USER32.dll
0x00007ffd9aa70000 - 0x00007ffd9aa92000 	C:\WINDOWS\System32\win32u.dll
0x00007ffd9ca80000 - 0x00007ffd9caab000 	C:\WINDOWS\System32\GDI32.dll
0x00007ffd88af0000 - 0x00007ffd88d8a000 	C:\WINDOWS\WinSxS\amd64_microsoft.windows.common-controls_6595b64144ccf1df_6.0.19041.1110_none_60b5254171f9507e\COMCTL32.dll
0x00007ffd9ac10000 - 0x00007ffd9ad1f000 	C:\WINDOWS\System32\gdi32full.dll
0x00007ffd9aeb0000 - 0x00007ffd9af4d000 	C:\WINDOWS\System32\msvcp_win.dll
0x00007ffd93770000 - 0x00007ffd9377a000 	C:\WINDOWS\SYSTEM32\VERSION.dll
0x00007ffd9d1f0000 - 0x00007ffd9d222000 	C:\WINDOWS\System32\IMM32.DLL
0x0000000058050000 - 0x000000005805b000 	D:\Program Files (x86)\360\360safe\safemon\SafeWrapper.dll
0x00007ffd8c570000 - 0x00007ffd8c60b000 	C:\Program Files\Java\jdk-13.0.1\bin\msvcp140.dll
0x00007ffd37050000 - 0x00007ffd37bb6000 	C:\Program Files\Java\jdk-13.0.1\bin\server\jvm.dll
0x00007ffd9c320000 - 0x00007ffd9c328000 	C:\WINDOWS\System32\PSAPI.DLL
0x00007ffd8ce40000 - 0x00007ffd8ce67000 	C:\WINDOWS\SYSTEM32\WINMM.dll
0x00007ffd990d0000 - 0x00007ffd990d9000 	C:\WINDOWS\SYSTEM32\WSOCK32.dll
0x00007ffd9bfe0000 - 0x00007ffd9c04b000 	C:\WINDOWS\System32\WS2_32.dll
0x00007ffd99230000 - 0x00007ffd99242000 	C:\WINDOWS\SYSTEM32\kernel.appcore.dll
0x00007ffd964b0000 - 0x00007ffd964c0000 	C:\Program Files\Java\jdk-13.0.1\bin\verify.dll
0x00007ffd98ec0000 - 0x00007ffd990a4000 	C:\WINDOWS\SYSTEM32\DBGHELP.DLL
0x00007ffd7e8f0000 - 0x00007ffd7e91c000 	C:\WINDOWS\SYSTEM32\dbgcore.DLL
0x00007ffd9a9e0000 - 0x00007ffd9aa62000 	C:\WINDOWS\System32\bcryptPrimitives.dll
0x00007ffd8c760000 - 0x00007ffd8c786000 	C:\Program Files\Java\jdk-13.0.1\bin\java.dll
0x00007ffd963a0000 - 0x00007ffd963ae000 	C:\Program Files\Java\jdk-13.0.1\bin\instrument.dll
0x00007ffd8c680000 - 0x00007ffd8c697000 	C:\Program Files\Java\jdk-13.0.1\bin\zip.dll
0x00007ffd96440000 - 0x00007ffd9644a000 	C:\Program Files\Java\jdk-13.0.1\bin\jimage.dll
0x00007ffd9b530000 - 0x00007ffd9bc73000 	C:\WINDOWS\System32\SHELL32.dll
0x00007ffd98660000 - 0x00007ffd98df2000 	C:\WINDOWS\SYSTEM32\windows.storage.dll
0x00007ffd9bc80000 - 0x00007ffd9bfd4000 	C:\WINDOWS\System32\combase.dll
0x00007ffd9a3f0000 - 0x00007ffd9a420000 	C:\WINDOWS\SYSTEM32\Wldp.dll
0x00007ffd9c180000 - 0x00007ffd9c22d000 	C:\WINDOWS\System32\SHCORE.dll
0x00007ffd9cf20000 - 0x00007ffd9cf75000 	C:\WINDOWS\System32\shlwapi.dll
0x00007ffd9a8d0000 - 0x00007ffd9a8ef000 	C:\WINDOWS\SYSTEM32\profapi.dll
0x00007ffd8c660000 - 0x00007ffd8c679000 	C:\Program Files\Java\jdk-13.0.1\bin\net.dll
0x00007ffd95690000 - 0x00007ffd9579c000 	C:\WINDOWS\SYSTEM32\WINHTTP.dll
0x00007ffd9a150000 - 0x00007ffd9a1ba000 	C:\WINDOWS\system32\mswsock.dll
0x00007ffd8c550000 - 0x00007ffd8c563000 	C:\Program Files\Java\jdk-13.0.1\bin\nio.dll
0x00007ffd87ff0000 - 0x00007ffd8800a000 	D:\Program Files\JetBrains\IntelliJ IDEA 2021.3.2\bin\breakgen64.dll
0x000000006f880000 - 0x000000006f8aa000 	G:\UOA_Courses\thesis\project\radiotelescopescheduling\norad\norad.dll
0x000000006fc40000 - 0x000000006fda3000 	D:\Program Files (x86)\mingw64\bin\libstdc++-6.dll
0x0000000061440000 - 0x000000006145a000 	D:\Program Files (x86)\mingw64\bin\libgcc_s_seh-1.dll
0x0000000064940000 - 0x0000000064955000 	D:\Program Files (x86)\mingw64\bin\libwinpthread-1.dll
0x0000000070980000 - 0x00000000709c4000 	G:\UOA_Courses\thesis\project\radiotelescopescheduling\novas\novas.dll
0x00007ffd87e40000 - 0x00007ffd87e72000 	C:\gurobi952\win64\bin\GurobiJni95.dll
0x00007ffd2b150000 - 0x00007ffd2d250000 	C:\gurobi952\win64\bin\gurobi95.dll
0x00007ffd9ad20000 - 0x00007ffd9ae76000 	C:\WINDOWS\System32\CRYPT32.dll
0x00007ffd9d190000 - 0x00007ffd9d1e6000 	C:\WINDOWS\System32\WLDAP32.dll
0x00007ffd9ce50000 - 0x00007ffd9ce58000 	C:\WINDOWS\System32\Normaliz.dll
0x00007ffd9a880000 - 0x00007ffd9a8b2000 	C:\WINDOWS\SYSTEM32\SspiCli.dll

dbghelp: loaded successfully - version: 4.0.5 - missing functions: none
symbol engine: initialized successfully - sym options: 0x614 - pdb path: .;C:\Program Files\Java\jdk-13.0.1\bin;C:\WINDOWS\SYSTEM32;C:\WINDOWS\WinSxS\amd64_microsoft.windows.common-controls_6595b64144ccf1df_6.0.19041.1110_none_60b5254171f9507e;D:\Program Files (x86)\360\360safe\safemon;C:\Program Files\Java\jdk-13.0.1\bin\server;D:\Program Files\JetBrains\IntelliJ IDEA 2021.3.2\bin;G:\UOA_Courses\thesis\project\radiotelescopescheduling\norad;D:\Program Files (x86)\mingw64\bin;G:\UOA_Courses\thesis\project\radiotelescopescheduling\novas;C:\gurobi952\win64\bin

VM Arguments:
jvm_args: -Djava.library.path=G:\UOA_Courses\thesis\project\radiotelescopescheduling\norad;G:\UOA_Courses\thesis\project\radiotelescopescheduling\novas;C:\gurobi952\win64\lib;C:\gurobi952\win64\bin -javaagent:D:\Program Files\JetBrains\IntelliJ IDEA 2021.3.2\lib\idea_rt.jar=5727:D:\Program Files\JetBrains\IntelliJ IDEA 2021.3.2\bin -Dfile.encoding=UTF-8 
java_command: SchedulingMain
java_class_path (initial): G:\UOA_Courses\thesis\project\radiotelescopescheduling\out\production\radiotelescopescheduling;C:\Users\Han\.m2\repository\com\google\ortools\ortools-java\8.2.9025\ortools-java-8.2.9025.jar;C:\Users\Han\.m2\repository\com\google\ortools\ortools-linux-x86-64\8.2.9025\ortools-linux-x86-64-8.2.9025.jar;C:\Users\Han\.m2\repository\com\google\ortools\ortools-darwin-x86-64\8.2.9025\ortools-darwin-x86-64-8.2.9025.jar;C:\Users\Han\.m2\repository\com\google\ortools\ortools-win32-x86-64\8.2.9025\ortools-win32-x86-64-8.2.9025.jar;C:\Users\Han\.m2\repository\net\java\dev\jna\jna-platform\5.8.0\jna-platform-5.8.0.jar;C:\Users\Han\.m2\repository\net\java\dev\jna\jna\5.8.0\jna-5.8.0.jar;C:\Users\Han\.m2\repository\com\google\protobuf\protobuf-java\3.15.7\protobuf-java-3.15.7.jar;C:\Users\Han\.m2\repository\com\google\protobuf\protobuf-java\3.17.3\protobuf-java-3.17.3.jar;C:\Users\Han\.m2\repository\org\mongodb\bson\4.3.2\bson-4.3.2.jar;C:\Users\Han\.m2\repository\org\mongodb\mongo-java-driver\3.12.8\mongo-java-driver-3.12.8.jar;C:\Users\Han\.m2\repository\org\mongodb\mongodb-driver-core\4.2.3\mongodb-driver-core-4.2.3.jar;C:\Users\Han\.m2\repository\org\mongodb\bson\4.2.3\bson-4.2.3.jar;C:\gurobi952\win64\lib\gurobi.jar;C:\gurobi952\win64\lib\gurobi-javadoc.jar
Launcher Type: SUN_STANDARD

[Global flags]
     intx CICompilerCount                          = 4                                         {product} {ergonomic}
     uint ConcGCThreads                            = 2                                         {product} {ergonomic}
     uint G1ConcRefinementThreads                  = 8                                         {product} {ergonomic}
   size_t G1HeapRegionSize                         = 1048576                                   {product} {ergonomic}
    uintx GCDrainStackTargetSize                   = 64                                        {product} {ergonomic}
   size_t InitialHeapSize                          = 134217728                                 {product} {ergonomic}
   size_t MarkStackSize                            = 4194304                                   {product} {ergonomic}
   size_t MaxHeapSize                              = 2120220672                                {product} {ergonomic}
   size_t MaxNewSize                               = 1271922688                                {product} {ergonomic}
   size_t MinHeapDeltaBytes                        = 1048576                                   {product} {ergonomic}
   size_t MinHeapSize                              = 8388608                                   {product} {ergonomic}
    uintx NonNMethodCodeHeapSize                   = 5836300                                {pd product} {ergonomic}
    uintx NonProfiledCodeHeapSize                  = 122910970                              {pd product} {ergonomic}
    uintx ProfiledCodeHeapSize                     = 122910970                              {pd product} {ergonomic}
    uintx ReservedCodeCacheSize                    = 251658240                              {pd product} {ergonomic}
     bool SegmentedCodeCache                       = true                                      {product} {ergonomic}
   size_t SoftMaxHeapSize                          = 2120220672                             {manageable} {ergonomic}
     bool UseCompressedClassPointers               = true                                 {lp64_product} {ergonomic}
     bool UseCompressedOops                        = true                                 {lp64_product} {ergonomic}
     bool UseG1GC                                  = true                                      {product} {ergonomic}
     bool UseLargePagesIndividualAllocation        = false                                  {pd product} {ergonomic}

Logging:
Log output configuration:
 #0: stdout all=warning uptime,level,tags
 #1: stderr all=off uptime,level,tags

Environment Variables:
JAVA_HOME=C:\Program Files\Java\jdk-13.0.1
CLASSPATH=.;C:\Program Files\Java\jdk-13.0.1\lib\dt.jar;C:\Program Files\Java\jdk-13.0.1\lib\tools.jar;
PATH=C:\gurobi952\win64\bin;D:\Program Files\ImageMagick-7.1.0-Q16-HDRI;D:\CUDA\bin;D:\CUDA\libnvvp;C:\Program Files\Microsoft MPI\Bin\;C:\Program Files (x86)\Intel\iCLS Client\;C:\Program Files\Intel\iCLS Client\;C:\windows\system32;C:\windows;C:\windows\System32\Wbem;C:\windows\System32\WindowsPowerShell\v1.0\;C:\Program Files (x86)\Intel\Intel(R) Management Engine Components\DAL;C:\Program Files\Intel\Intel(R) Management Engine Components\DAL;C:\Program Files (x86)\Intel\Intel(R) Management Engine Components\IPT;C:\Program Files\Intel\Intel(R) Management Engine Components\IPT;C:\Program Files (x86)\NVIDIA Corporation\PhysX\Common;C:\WINDOWS\system32;C:\WINDOWS;C:\WINDOWS\System32\Wbem;C:\WINDOWS\System32\WindowsPowerShell\v1.0\;C:\Program Files (x86)\Windows Kits\8.1\Windows Performance Toolkit\;D:\Lingo\;C:\Program Files\Microsoft SQL Server\Client SDK\ODBC\130\Tools\Binn\;C:\Program Files (x86)\Microsoft SQL Server\140\Tools\Binn\;C:\Program Files\Microsoft SQL Server\140\Tools\Binn\;C:\Program Files (x86)\Microsoft SQL Server\140\DTS\Binn\;C:\Program Files\Microsoft SQL Server\140\DTS\Binn\;C:\WINDOWS\System32\OpenSSH\;C:\Program Files\Intel\WiFi\bin\;C:\Program Files\Common Files\Intel\WirelessCommon\;C:\Program Files\Java\jdk-13.0.1\bin;C:\Program Files\NVIDIA Corporation\Nsight Compute 2019.4.0\;C:\Program Files\NVIDIA Corporation\NVIDIA NvDLISR;D:\CUDA\lib\x64;C:\Program Files\dotnet\;D:\Microsoft Visual Studio\opencv\opencv\build\x64\vc15\bin;D:\Microsoft Visual Studio\opencv\opencv\build\x64\vc15\lib;C:\WINDOWS\system32;C:\WINDOWS;C:\WINDOWS\System32\Wbem;C:\WINDOWS\System32\WindowsPowerShell\v1.0\;C:\WINDOWS\System32\OpenSSH\;C:\Program Files\Git\cmd;D:\Program Files (x86)\mingw64\bin;C:\ProgramData\chocolatey\bin;D:\Program Files\MATLAB\R2022b\runtime\win64;D:\Program Files\MATLAB\R2022b\bin;C:\Users\Han\AppData\Local\Microsoft\WindowsApps;D:\altera\13.0sp1\modelsim_ase\win32aloem;D:\altera\13.0sp1\modelsim_ae\win32aloem;D:\Microsoft Visual Studio\opencv\
USERNAME=Han
LD_LIBRARY_PATH=C:\gurobi952\win64\lib
OS=Windows_NT
PROCESSOR_IDENTIFIER=Intel64 Family 6 Model 94 Stepping 3, GenuineIntel



---------------  S Y S T E M  ---------------

OS: Windows 10 , 64 bit Build 19041 (10.0.19041.2251)

CPU:total 8 (initial active 8) (4 cores per cpu, 2 threads per core) family 6 model 94 stepping 3, cmov, cx8, fxsr, mmx, sse, sse2, sse3, ssse3, sse4.1, sse4.2, popcnt, avx, avx2, aes, clmul, erms, rtm, 3dnowpref, lzcnt, ht, tsc, tscinvbit, bmi1, bmi2, adx, fma

Memory: 4k page, system-wide physical 8081M (2910M free)
TotalPageFile size 9749M (AvailPageFile size 3196M)
current process WorkingSet (physical memory assigned to process): 89M, peak: 122M
current process commit charge ("private bytes"): 132M, peak: 274M

vm_info: Java HotSpot(TM) 64-Bit Server VM (13.0.1+9) for windows-amd64 JRE (13.0.1+9), built on Oct  6 2019 12:37:49 by "mach5one" with unknown MS VC++:1916

END.
