#
# A fatal error has been detected by the Java Runtime Environment:
#
#  EXCEPTION_ACCESS_VIOLATION (0xc0000005) at pc=0x00007ffa253bc476, pid=2928, tid=4352
#
# JRE version: OpenJDK Runtime Environment Temurin-16.0.2+7 (16.0.2+7) (build 16.0.2+7)
# Java VM: OpenJDK 64-Bit Server VM Temurin-16.0.2+7 (16.0.2+7, mixed mode, sharing, tiered, compressed oops, compressed class ptrs, g1 gc, windows-amd64)
# Problematic frame:
# V  [jvm.dll+0x3dc476]
#
# No core dump will be written. Minidumps are not enabled by default on client versions of Windows
#
# If you would like to submit a bug report, please visit:
#   https://github.com/adoptium/adoptium-support/issues
# The crash happened outside the Java Virtual Machine in native code.
# See problematic frame for where to report the bug.
#

---------------  S U M M A R Y ------------

Command Line: -Djava.library.path=D:\Repos\radiotelescopescheduling\norad;D:\Repos\radiotelescopescheduling\novas -javaagent:C:\Program Files\JetBrains\IntelliJ IDEA 2021.1.2\lib\idea_rt.jar=58202:C:\Program Files\JetBrains\IntelliJ IDEA 2021.1.2\bin -Dfile.encoding=UTF-8 SchedulingMain

Host: Intel(R) Core(TM) i5-8250U CPU @ 1.60GHz, 8 cores, 7G,  Windows 10 , 64 bit Build 19041 (10.0.19041.1202)
Time: Fri Sep 24 02:10:32 2021 New Zealand Standard Time elapsed time: 611.908207 seconds (0d 0h 10m 11s)

---------------  T H R E A D  ---------------

Current thread (0x0000025625a191f0):  JavaThread "Finalizer" daemon [_thread_in_native, id=4352, stack(0x00000068c6600000,0x00000068c6700000)]

Stack: [0x00000068c6600000,0x00000068c6700000],  sp=0x00000068c66ff060,  free space=1020k
Native frames: (J=compiled Java code, j=interpreted, Vv=VM code, C=native code)
V  [jvm.dll+0x3dc476]
C  [jniortools.dll+0x57e29]

Java frames: (J=compiled Java code, j=interpreted, Vv=VM code)
J 1981  com.google.ortools.constraintsolver.mainJNI.delete_RoutingModel(J)V (0 bytes) @ 0x0000025616e01bf1 [0x0000025616e01ba0+0x0000000000000051]
J 1979 c1 com.google.ortools.constraintsolver.RoutingModel.finalize()V (5 bytes) @ 0x000002560fad4f44 [0x000002560fad4dc0+0x0000000000000184]
J 2283 c2 java.lang.ref.Finalizer.runFinalizer(Ljdk/internal/access/JavaLangAccess;)V java.base@16.0.2 (131 bytes) @ 0x0000025616e92084 [0x0000025616e91dc0+0x00000000000002c4]
j  java.lang.ref.Finalizer$FinalizerThread.run()V+46 java.base@16.0.2
v  ~StubRoutines::call_stub

siginfo: EXCEPTION_ACCESS_VIOLATION (0xc0000005), reading address 0x0000000000000000


Register to memory mapping:

RIP=0x00007ffa253bc476 jvm.dll
RAX=0x0000000000000025 is an unknown value
RBX=0x00000256067f34f0 is a thread
RCX=0x0 is NULL
RDX=0x0000000000100000 is an unknown value
RSP=0x00000068c66ff060 is pointing into the stack for thread: 0x0000025625a191f0
RBP=0x0 is NULL
RSI=0x0000025627885ba0 points into unknown readable memory: 0x00007ffa24af09a0 | a0 09 af 24 fa 7f 00 00
RDI=0x00000068c5efe520 is pointing into the stack for thread: 0x00000256067f34f0
R8 =0x0000025606804170 points into unknown readable memory: 0x0000025625a012b0 | b0 12 a0 25 56 02 00 00
R9 =0x0000000000000001 is an unknown value
R10=0x0000000000008000 is an unknown value
R11=0x00000068c66ff080 is pointing into the stack for thread: 0x0000025625a191f0
R12=0x00007ffa24ae7e50 jniortools.dll
R13=0x00000068c66ff378 is pointing into the stack for thread: 0x0000025625a191f0
R14=0x00007ffa24ae7e50 jniortools.dll
R15=0x0 is NULL


Registers:
RAX=0x0000000000000025, RBX=0x00000256067f34f0, RCX=0x0000000000000000, RDX=0x0000000000100000
RSP=0x00000068c66ff060, RBP=0x0000000000000000, RSI=0x0000025627885ba0, RDI=0x00000068c5efe520
R8 =0x0000025606804170, R9 =0x0000000000000001, R10=0x0000000000008000, R11=0x00000068c66ff080
R12=0x00007ffa24ae7e50, R13=0x00000068c66ff378, R14=0x00007ffa24ae7e50, R15=0x0000000000000000
RIP=0x00007ffa253bc476, EFLAGS=0x0000000000010206

Top of Stack: (sp=0x00000068c66ff060)
0x00000068c66ff060:   000002562d9e6ad0 00000256278b5650
0x00000068c66ff070:   000002562790a4a0 00007ffa9fc947b1
0x00000068c66ff080:   00000000ffffffff 00007ffa234a7e29
0x00000068c66ff090:   0000025626eb7060 00007ffa24ae7e50
0x00000068c66ff0a0:   0000025627885280 00007ffa9fc947b1
0x00000068c66ff0b0:   0000000000000000 00007ffa234a6d0d
0x00000068c66ff0c0:   00000068c66ff199 0000000000000000
0x00000068c66ff0d0:   0000000000000000 0000025600000003
0x00000068c66ff0e0:   0000025627885be0 00007ffa237ae985
0x00000068c66ff0f0:   0000025627885ba0 0000000000000000
0x00000068c66ff100:   0000025628e29600 00007ffa00000002
0x00000068c66ff110:   0000000000000000 00007ffa237b0aed
0x00000068c66ff120:   00000068c66ff199 0000025628e28d20
0x00000068c66ff130:   0000000000000000 0000025628e28390
0x00000068c66ff140:   00007ffa24ae7e50 0000000000000000
0x00000068c66ff150:   0000000000000000 0000000000000000 

Instructions: (pc=0x00007ffa253bc476)
0x00007ffa253bc376:   08 48 89 48 10 48 8b 4b 08 48 8b 43 18 48 89 41
0x00007ffa253bc386:   18 48 8b 4b 08 48 8b 43 20 48 89 41 20 c7 87 80
0x00007ffa253bc396:   03 00 00 07 00 00 00 e8 8e e1 28 00 48 8b 87 18
0x00007ffa253bc3a6:   01 00 00 48 8b 5c 24 50 a8 01 74 08 48 8b cf e8
0x00007ffa253bc3b6:   e6 e5 2f 00 48 8b c6 c7 87 80 03 00 00 04 00 00
0x00007ffa253bc3c6:   00 48 8b 74 24 60 48 83 c4 40 5f c3 cc cc cc cc
0x00007ffa253bc3d6:   cc cc cc cc cc cc cc cc cc cc 48 89 5c 24 08 57
0x00007ffa253bc3e6:   48 83 ec 20 8b 81 88 00 00 00 48 8d 99 f0 fc ff
0x00007ffa253bc3f6:   ff 05 55 21 ff ff 48 8b fa 83 f8 01 76 0a 48 8b
0x00007ffa253bc406:   cb e8 94 e2 3f 00 33 db c7 83 80 03 00 00 05 00
0x00007ffa253bc416:   00 00 e8 13 e1 28 00 48 8b 03 48 8b cb ff 50 38
0x00007ffa253bc426:   84 c0 74 0b 48 8b 83 18 01 00 00 24 01 eb 0b 8b
0x00007ffa253bc436:   05 45 94 79 00 85 c0 0f 95 c0 84 c0 75 0d 8b 83
0x00007ffa253bc446:   e8 00 00 00 a9 0c 00 00 20 74 08 48 8b cb e8 17
0x00007ffa253bc456:   e8 3f 00 48 8b cf c7 83 80 03 00 00 06 00 00 00
0x00007ffa253bc466:   e8 45 59 03 00 48 8b bb 00 01 00 00 48 8b 4f 10
0x00007ffa253bc476:   48 83 39 00 74 0c 48 8b cf e8 3c 2b f7 ff 48 8b
0x00007ffa253bc486:   4f 10 48 8b 47 08 48 89 48 10 48 8b 4f 08 48 8b
0x00007ffa253bc496:   47 18 48 89 41 18 48 8b 4f 08 48 8b 47 20 48 89
0x00007ffa253bc4a6:   41 20 c7 83 80 03 00 00 07 00 00 00 e8 79 e0 28
0x00007ffa253bc4b6:   00 48 8b 83 18 01 00 00 a8 01 74 08 48 8b cb e8
0x00007ffa253bc4c6:   d6 e4 2f 00 c7 83 80 03 00 00 04 00 00 00 48 8b
0x00007ffa253bc4d6:   5c 24 30 48 83 c4 20 5f c3 cc 48 89 5c 24 08 57
0x00007ffa253bc4e6:   48 83 ec 20 8b 81 88 00 00 00 48 8d 99 f0 fc ff
0x00007ffa253bc4f6:   ff 05 55 21 ff ff 48 8b fa 83 f8 01 76 0a 48 8b
0x00007ffa253bc506:   cb e8 94 e1 3f 00 33 db c7 83 80 03 00 00 05 00
0x00007ffa253bc516:   00 00 e8 13 e0 28 00 48 8b 03 48 8b cb ff 50 38
0x00007ffa253bc526:   84 c0 74 0b 48 8b 83 18 01 00 00 24 01 eb 0b 8b
0x00007ffa253bc536:   05 45 93 79 00 85 c0 0f 95 c0 84 c0 75 0d 8b 83
0x00007ffa253bc546:   e8 00 00 00 a9 0c 00 00 20 74 08 48 8b cb e8 17
0x00007ffa253bc556:   e7 3f 00 c7 83 80 03 00 00 06 00 00 00 48 85 ff
0x00007ffa253bc566:   74 0b 33 d2 48 8b cf ff 15 b5 47 71 00 48 8b bb 


Stack slot to memory mapping:
stack at sp + 0 slots: 0x000002562d9e6ad0 points into unknown readable memory: 0x0000000000000000 | 00 00 00 00 00 00 00 00
stack at sp + 1 slots: 0x00000256278b5650 points into unknown readable memory: 0x0000025626e9cf30 | 30 cf e9 26 56 02 00 00
stack at sp + 2 slots: 0x000002562790a4a0 points into unknown readable memory: 0x000002562b5b9960 | 60 99 5b 2b 56 02 00 00
stack at sp + 3 slots: 0x00007ffa9fc947b1 ntdll.dll
stack at sp + 4 slots: 0x00000000ffffffff is an unallocated location in the heap
stack at sp + 5 slots: 0x00007ffa234a7e29 jniortools.dll
stack at sp + 6 slots: 0x0000025626eb7060 points into unknown readable memory: 0x00007ffa24aef808 | 08 f8 ae 24 fa 7f 00 00
stack at sp + 7 slots: 0x00007ffa24ae7e50 jniortools.dll


---------------  P R O C E S S  ---------------

Threads class SMR info:
_java_thread_list=0x000002562cdaff60, length=13, elements={
0x00000256067f34f0, 0x0000025625a15470, 0x0000025625a191f0, 0x0000025625a22790,
0x0000025625a231a0, 0x0000025625a270d0, 0x0000025625a27b20, 0x0000025625a350f0,
0x0000025625a40b20, 0x0000025625a4b080, 0x0000025625a29b00, 0x0000025625a28070,
0x0000025625a285c0
}

Java Threads: ( => current thread )
  0x00000256067f34f0 JavaThread "main" [_thread_in_native, id=10628, stack(0x00000068c5e00000,0x00000068c5f00000)]
  0x0000025625a15470 JavaThread "Reference Handler" daemon [_thread_blocked, id=10576, stack(0x00000068c6500000,0x00000068c6600000)]
=>0x0000025625a191f0 JavaThread "Finalizer" daemon [_thread_in_native, id=4352, stack(0x00000068c6600000,0x00000068c6700000)]
  0x0000025625a22790 JavaThread "Signal Dispatcher" daemon [_thread_blocked, id=13720, stack(0x00000068c6700000,0x00000068c6800000)]
  0x0000025625a231a0 JavaThread "Attach Listener" daemon [_thread_blocked, id=6456, stack(0x00000068c6800000,0x00000068c6900000)]
  0x0000025625a270d0 JavaThread "Service Thread" daemon [_thread_blocked, id=19964, stack(0x00000068c6900000,0x00000068c6a00000)]
  0x0000025625a27b20 JavaThread "Monitor Deflation Thread" daemon [_thread_blocked, id=3124, stack(0x00000068c6a00000,0x00000068c6b00000)]
  0x0000025625a350f0 JavaThread "C2 CompilerThread0" daemon [_thread_blocked, id=10420, stack(0x00000068c6b00000,0x00000068c6c00000)]
  0x0000025625a40b20 JavaThread "C1 CompilerThread0" daemon [_thread_blocked, id=1192, stack(0x00000068c6c00000,0x00000068c6d00000)]
  0x0000025625a4b080 JavaThread "Sweeper thread" daemon [_thread_blocked, id=22052, stack(0x00000068c6d00000,0x00000068c6e00000)]
  0x0000025625a29b00 JavaThread "Common-Cleaner" daemon [_thread_blocked, id=18692, stack(0x00000068c6e00000,0x00000068c6f00000)]
  0x0000025625a28070 JavaThread "Monitor Ctrl-Break" daemon [_thread_in_native, id=22560, stack(0x00000068c6f00000,0x00000068c7000000)]
  0x0000025625a285c0 JavaThread "Notification Thread" daemon [_thread_blocked, id=22240, stack(0x00000068c7000000,0x00000068c7100000)]

Other Threads:
  0x0000025625a0f410 VMThread "VM Thread" [stack: 0x00000068c6400000,0x00000068c6500000] [id=1428]
  0x00000256067f44f0 WatcherThread [stack: 0x00000068c7100000,0x00000068c7200000] [id=4236]
  0x00000256046be760 GCTaskThread "GC Thread#0" [stack: 0x00000068c5f00000,0x00000068c6000000] [id=14424]
  0x000002562783e950 GCTaskThread "GC Thread#1" [stack: 0x00000068c7300000,0x00000068c7400000] [id=3956]
  0x000002562783ec60 GCTaskThread "GC Thread#2" [stack: 0x00000068c7400000,0x00000068c7500000] [id=9048]
  0x00000256268f97a0 GCTaskThread "GC Thread#3" [stack: 0x00000068c7500000,0x00000068c7600000] [id=3596]
  0x00000256268f9ab0 GCTaskThread "GC Thread#4" [stack: 0x00000068c7600000,0x00000068c7700000] [id=15724]
  0x0000025626a66ce0 GCTaskThread "GC Thread#5" [stack: 0x00000068c7800000,0x00000068c7900000] [id=22676]
  0x0000025626a663b0 GCTaskThread "GC Thread#6" [stack: 0x00000068c7900000,0x00000068c7a00000] [id=9312]
  0x0000025626a666c0 GCTaskThread "GC Thread#7" [stack: 0x00000068c7a00000,0x00000068c7b00000] [id=17916]
  0x00000256068431a0 ConcurrentGCThread "G1 Main Marker" [stack: 0x00000068c6000000,0x00000068c6100000] [id=15040]
  0x00000256068441c0 ConcurrentGCThread "G1 Conc#0" [stack: 0x00000068c6100000,0x00000068c6200000] [id=10168]
  0x00000256258c0080 ConcurrentGCThread "G1 Refine#0" [stack: 0x00000068c6200000,0x00000068c6300000] [id=12304]
  0x00000256258c0910 ConcurrentGCThread "G1 Service" [stack: 0x00000068c6300000,0x00000068c6400000] [id=21464]

Threads with active compile tasks:

VM state: not at safepoint (normal execution)

VM Mutex/Monitor currently owned by a thread: None

Heap address: 0x0000000081400000, size: 2028 MB, Compressed Oops mode: 32-bit

CDS archive(s) mapped at: [0x0000000800000000-0x0000000800bf0000-0x0000000800bf0000), size 12517376, SharedBaseAddress: 0x0000000800000000, ArchiveRelocationMode: 0.
Compressed class space mapped at: 0x0000000800c00000-0x0000000840c00000, reserved size: 1073741824
Narrow klass base: 0x0000000800000000, Narrow klass shift: 3, Narrow klass range: 0x100000000

GC Precious Log:
 CPUs: 8 total, 8 available
 Memory: 8108M
 Large Page Support: Disabled
 NUMA Support: Disabled
 Compressed Oops: Enabled (32-bit)
 Heap Region Size: 1M
 Heap Min Capacity: 8M
 Heap Initial Capacity: 128M
 Heap Max Capacity: 2028M
 Pre-touch: Disabled
 Parallel Workers: 8
 Concurrent Workers: 2
 Concurrent Refinement Workers: 8
 Periodic GC: Disabled

Heap:
 garbage-first heap   total 339968K, used 26100K [0x0000000081400000, 0x0000000100000000)
  region size 1024K, 6 young (6144K), 1 survivors (1024K)
 Metaspace       used 5880K, committed 6080K, reserved 1056768K
  class space    used 426K, committed 512K, reserved 1048576K

Heap Regions: E=young(eden), S=young(survivor), O=old, HS=humongous(starts), HC=humongous(continues), CS=collection set, F=free, OA=open archive, CA=closed archive, TAMS=top-at-mark-start (previous, next)
|   0|0x0000000081400000, 0x0000000081500000, 0x0000000081500000|100%| O|  |TAMS 0x0000000081400000, 0x0000000081400000| Untracked 
|   1|0x0000000081500000, 0x0000000081600000, 0x0000000081600000|100%| O|  |TAMS 0x0000000081500000, 0x0000000081500000| Untracked 
|   2|0x0000000081600000, 0x0000000081700000, 0x0000000081700000|100%| O|  |TAMS 0x0000000081600000, 0x0000000081600000| Untracked 
|   3|0x0000000081700000, 0x0000000081800000, 0x0000000081800000|100%| O|  |TAMS 0x0000000081700000, 0x0000000081700000| Untracked 
|   4|0x0000000081800000, 0x0000000081900000, 0x0000000081900000|100%| O|  |TAMS 0x0000000081800000, 0x0000000081800000| Untracked 
|   5|0x0000000081900000, 0x0000000081a00000, 0x0000000081a00000|100%| O|  |TAMS 0x0000000081900000, 0x0000000081900000| Untracked 
|   6|0x0000000081a00000, 0x0000000081b00000, 0x0000000081b00000|100%| O|  |TAMS 0x0000000081a00000, 0x0000000081a00000| Untracked 
|   7|0x0000000081b00000, 0x0000000081c00000, 0x0000000081c00000|100%| O|  |TAMS 0x0000000081b00000, 0x0000000081b00000| Untracked 
|   8|0x0000000081c00000, 0x0000000081d00000, 0x0000000081d00000|100%| O|  |TAMS 0x0000000081c00000, 0x0000000081c00000| Untracked 
|   9|0x0000000081d00000, 0x0000000081e00000, 0x0000000081e00000|100%| O|  |TAMS 0x0000000081d00000, 0x0000000081d00000| Untracked 
|  10|0x0000000081e00000, 0x0000000081f00000, 0x0000000081f00000|100%| O|  |TAMS 0x0000000081e00000, 0x0000000081e00000| Untracked 
|  11|0x0000000081f00000, 0x0000000082000000, 0x0000000082000000|100%| O|  |TAMS 0x0000000081f00000, 0x0000000081f00000| Untracked 
|  12|0x0000000082000000, 0x0000000082100000, 0x0000000082100000|100%| O|  |TAMS 0x0000000082000000, 0x0000000082000000| Untracked 
|  13|0x0000000082100000, 0x0000000082200000, 0x0000000082200000|100%| O|  |TAMS 0x0000000082100000, 0x0000000082100000| Untracked 
|  14|0x0000000082200000, 0x0000000082300000, 0x0000000082300000|100%| O|  |TAMS 0x0000000082200000, 0x0000000082200000| Untracked 
|  15|0x0000000082300000, 0x0000000082400000, 0x0000000082400000|100%| O|  |TAMS 0x0000000082300000, 0x0000000082300000| Untracked 
|  16|0x0000000082400000, 0x0000000082500000, 0x0000000082500000|100%| O|  |TAMS 0x0000000082400000, 0x0000000082400000| Untracked 
|  17|0x0000000082500000, 0x0000000082600000, 0x0000000082600000|100%| O|  |TAMS 0x0000000082500000, 0x0000000082500000| Untracked 
|  18|0x0000000082600000, 0x0000000082700000, 0x0000000082700000|100%| O|  |TAMS 0x0000000082600000, 0x0000000082600000| Untracked 
|  19|0x0000000082700000, 0x0000000082800000, 0x0000000082800000|100%| O|  |TAMS 0x0000000082700000, 0x0000000082700000| Untracked 
|  20|0x0000000082800000, 0x00000000828a1200, 0x0000000082900000| 62%| O|  |TAMS 0x0000000082800000, 0x0000000082800000| Untracked 
|  21|0x0000000082900000, 0x0000000082900000, 0x0000000082a00000|  0%| F|  |TAMS 0x0000000082900000, 0x0000000082900000| Untracked 
|  22|0x0000000082a00000, 0x0000000082a00000, 0x0000000082b00000|  0%| F|  |TAMS 0x0000000082a00000, 0x0000000082a00000| Untracked 
|  23|0x0000000082b00000, 0x0000000082b00000, 0x0000000082c00000|  0%| F|  |TAMS 0x0000000082b00000, 0x0000000082b00000| Untracked 
|  24|0x0000000082c00000, 0x0000000082c00000, 0x0000000082d00000|  0%| F|  |TAMS 0x0000000082c00000, 0x0000000082c00000| Untracked 
|  25|0x0000000082d00000, 0x0000000082d00000, 0x0000000082e00000|  0%| F|  |TAMS 0x0000000082d00000, 0x0000000082d00000| Untracked 
|  26|0x0000000082e00000, 0x0000000082e00000, 0x0000000082f00000|  0%| F|  |TAMS 0x0000000082e00000, 0x0000000082e00000| Untracked 
|  27|0x0000000082f00000, 0x0000000082f00000, 0x0000000083000000|  0%| F|  |TAMS 0x0000000082f00000, 0x0000000082f00000| Untracked 
|  28|0x0000000083000000, 0x0000000083000000, 0x0000000083100000|  0%| F|  |TAMS 0x0000000083000000, 0x0000000083000000| Untracked 
|  29|0x0000000083100000, 0x0000000083100000, 0x0000000083200000|  0%| F|  |TAMS 0x0000000083100000, 0x0000000083100000| Untracked 
|  30|0x0000000083200000, 0x0000000083200000, 0x0000000083300000|  0%| F|  |TAMS 0x0000000083200000, 0x0000000083200000| Untracked 
|  31|0x0000000083300000, 0x0000000083300000, 0x0000000083400000|  0%| F|  |TAMS 0x0000000083300000, 0x0000000083300000| Untracked 
|  32|0x0000000083400000, 0x0000000083400000, 0x0000000083500000|  0%| F|  |TAMS 0x0000000083400000, 0x0000000083400000| Untracked 
|  33|0x0000000083500000, 0x0000000083500000, 0x0000000083600000|  0%| F|  |TAMS 0x0000000083500000, 0x0000000083500000| Untracked 
|  34|0x0000000083600000, 0x0000000083600000, 0x0000000083700000|  0%| F|  |TAMS 0x0000000083600000, 0x0000000083600000| Untracked 
|  35|0x0000000083700000, 0x0000000083700000, 0x0000000083800000|  0%| F|  |TAMS 0x0000000083700000, 0x0000000083700000| Untracked 
|  36|0x0000000083800000, 0x0000000083800000, 0x0000000083900000|  0%| F|  |TAMS 0x0000000083800000, 0x0000000083800000| Untracked 
|  37|0x0000000083900000, 0x0000000083900000, 0x0000000083a00000|  0%| F|  |TAMS 0x0000000083900000, 0x0000000083900000| Untracked 
|  38|0x0000000083a00000, 0x0000000083a00000, 0x0000000083b00000|  0%| F|  |TAMS 0x0000000083a00000, 0x0000000083a00000| Untracked 
|  39|0x0000000083b00000, 0x0000000083b00000, 0x0000000083c00000|  0%| F|  |TAMS 0x0000000083b00000, 0x0000000083b00000| Untracked 
|  40|0x0000000083c00000, 0x0000000083c00000, 0x0000000083d00000|  0%| F|  |TAMS 0x0000000083c00000, 0x0000000083c00000| Untracked 
|  41|0x0000000083d00000, 0x0000000083d00000, 0x0000000083e00000|  0%| F|  |TAMS 0x0000000083d00000, 0x0000000083d00000| Untracked 
|  42|0x0000000083e00000, 0x0000000083e00000, 0x0000000083f00000|  0%| F|  |TAMS 0x0000000083e00000, 0x0000000083e00000| Untracked 
|  43|0x0000000083f00000, 0x0000000083f00000, 0x0000000084000000|  0%| F|  |TAMS 0x0000000083f00000, 0x0000000083f00000| Untracked 
|  44|0x0000000084000000, 0x0000000084000000, 0x0000000084100000|  0%| F|  |TAMS 0x0000000084000000, 0x0000000084000000| Untracked 
|  45|0x0000000084100000, 0x0000000084100000, 0x0000000084200000|  0%| F|  |TAMS 0x0000000084100000, 0x0000000084100000| Untracked 
|  46|0x0000000084200000, 0x0000000084200000, 0x0000000084300000|  0%| F|  |TAMS 0x0000000084200000, 0x0000000084200000| Untracked 
|  47|0x0000000084300000, 0x0000000084300000, 0x0000000084400000|  0%| F|  |TAMS 0x0000000084300000, 0x0000000084300000| Untracked 
|  48|0x0000000084400000, 0x0000000084400000, 0x0000000084500000|  0%| F|  |TAMS 0x0000000084400000, 0x0000000084400000| Untracked 
|  49|0x0000000084500000, 0x0000000084500000, 0x0000000084600000|  0%| F|  |TAMS 0x0000000084500000, 0x0000000084500000| Untracked 
|  50|0x0000000084600000, 0x0000000084600000, 0x0000000084700000|  0%| F|  |TAMS 0x0000000084600000, 0x0000000084600000| Untracked 
|  51|0x0000000084700000, 0x0000000084700000, 0x0000000084800000|  0%| F|  |TAMS 0x0000000084700000, 0x0000000084700000| Untracked 
|  52|0x0000000084800000, 0x0000000084800000, 0x0000000084900000|  0%| F|  |TAMS 0x0000000084800000, 0x0000000084800000| Untracked 
|  53|0x0000000084900000, 0x0000000084900000, 0x0000000084a00000|  0%| F|  |TAMS 0x0000000084900000, 0x0000000084900000| Untracked 
|  54|0x0000000084a00000, 0x0000000084a00000, 0x0000000084b00000|  0%| F|  |TAMS 0x0000000084a00000, 0x0000000084a00000| Untracked 
|  55|0x0000000084b00000, 0x0000000084b00000, 0x0000000084c00000|  0%| F|  |TAMS 0x0000000084b00000, 0x0000000084b00000| Untracked 
|  56|0x0000000084c00000, 0x0000000084c00000, 0x0000000084d00000|  0%| F|  |TAMS 0x0000000084c00000, 0x0000000084c00000| Untracked 
|  57|0x0000000084d00000, 0x0000000084d00000, 0x0000000084e00000|  0%| F|  |TAMS 0x0000000084d00000, 0x0000000084d00000| Untracked 
|  58|0x0000000084e00000, 0x0000000084e00000, 0x0000000084f00000|  0%| F|  |TAMS 0x0000000084e00000, 0x0000000084e00000| Untracked 
|  59|0x0000000084f00000, 0x0000000084f00000, 0x0000000085000000|  0%| F|  |TAMS 0x0000000084f00000, 0x0000000084f00000| Untracked 
|  60|0x0000000085000000, 0x0000000085000000, 0x0000000085100000|  0%| F|  |TAMS 0x0000000085000000, 0x0000000085000000| Untracked 
|  61|0x0000000085100000, 0x0000000085100000, 0x0000000085200000|  0%| F|  |TAMS 0x0000000085100000, 0x0000000085100000| Untracked 
|  62|0x0000000085200000, 0x0000000085200000, 0x0000000085300000|  0%| F|  |TAMS 0x0000000085200000, 0x0000000085200000| Untracked 
|  63|0x0000000085300000, 0x0000000085300000, 0x0000000085400000|  0%| F|  |TAMS 0x0000000085300000, 0x0000000085300000| Untracked 
|  64|0x0000000085400000, 0x0000000085400000, 0x0000000085500000|  0%| F|  |TAMS 0x0000000085400000, 0x0000000085400000| Untracked 
|  65|0x0000000085500000, 0x0000000085500000, 0x0000000085600000|  0%| F|  |TAMS 0x0000000085500000, 0x0000000085500000| Untracked 
|  66|0x0000000085600000, 0x0000000085600000, 0x0000000085700000|  0%| F|  |TAMS 0x0000000085600000, 0x0000000085600000| Untracked 
|  67|0x0000000085700000, 0x0000000085700000, 0x0000000085800000|  0%| F|  |TAMS 0x0000000085700000, 0x0000000085700000| Untracked 
|  68|0x0000000085800000, 0x0000000085800000, 0x0000000085900000|  0%| F|  |TAMS 0x0000000085800000, 0x0000000085800000| Untracked 
|  69|0x0000000085900000, 0x0000000085900000, 0x0000000085a00000|  0%| F|  |TAMS 0x0000000085900000, 0x0000000085900000| Untracked 
|  70|0x0000000085a00000, 0x0000000085a00000, 0x0000000085b00000|  0%| F|  |TAMS 0x0000000085a00000, 0x0000000085a00000| Untracked 
|  71|0x0000000085b00000, 0x0000000085b00000, 0x0000000085c00000|  0%| F|  |TAMS 0x0000000085b00000, 0x0000000085b00000| Untracked 
|  72|0x0000000085c00000, 0x0000000085c00000, 0x0000000085d00000|  0%| F|  |TAMS 0x0000000085c00000, 0x0000000085c00000| Untracked 
|  73|0x0000000085d00000, 0x0000000085d00000, 0x0000000085e00000|  0%| F|  |TAMS 0x0000000085d00000, 0x0000000085d00000| Untracked 
|  74|0x0000000085e00000, 0x0000000085e00000, 0x0000000085f00000|  0%| F|  |TAMS 0x0000000085e00000, 0x0000000085e00000| Untracked 
|  75|0x0000000085f00000, 0x0000000085f00000, 0x0000000086000000|  0%| F|  |TAMS 0x0000000085f00000, 0x0000000085f00000| Untracked 
|  76|0x0000000086000000, 0x0000000086000000, 0x0000000086100000|  0%| F|  |TAMS 0x0000000086000000, 0x0000000086000000| Untracked 
|  77|0x0000000086100000, 0x0000000086100000, 0x0000000086200000|  0%| F|  |TAMS 0x0000000086100000, 0x0000000086100000| Untracked 
|  78|0x0000000086200000, 0x0000000086200000, 0x0000000086300000|  0%| F|  |TAMS 0x0000000086200000, 0x0000000086200000| Untracked 
|  79|0x0000000086300000, 0x0000000086300000, 0x0000000086400000|  0%| F|  |TAMS 0x0000000086300000, 0x0000000086300000| Untracked 
|  80|0x0000000086400000, 0x0000000086400000, 0x0000000086500000|  0%| F|  |TAMS 0x0000000086400000, 0x0000000086400000| Untracked 
|  81|0x0000000086500000, 0x0000000086500000, 0x0000000086600000|  0%| F|  |TAMS 0x0000000086500000, 0x0000000086500000| Untracked 
|  82|0x0000000086600000, 0x0000000086600000, 0x0000000086700000|  0%| F|  |TAMS 0x0000000086600000, 0x0000000086600000| Untracked 
|  83|0x0000000086700000, 0x0000000086700000, 0x0000000086800000|  0%| F|  |TAMS 0x0000000086700000, 0x0000000086700000| Untracked 
|  84|0x0000000086800000, 0x0000000086800000, 0x0000000086900000|  0%| F|  |TAMS 0x0000000086800000, 0x0000000086800000| Untracked 
|  85|0x0000000086900000, 0x0000000086900000, 0x0000000086a00000|  0%| F|  |TAMS 0x0000000086900000, 0x0000000086900000| Untracked 
|  86|0x0000000086a00000, 0x0000000086a00000, 0x0000000086b00000|  0%| F|  |TAMS 0x0000000086a00000, 0x0000000086a00000| Untracked 
|  87|0x0000000086b00000, 0x0000000086b00000, 0x0000000086c00000|  0%| F|  |TAMS 0x0000000086b00000, 0x0000000086b00000| Untracked 
|  88|0x0000000086c00000, 0x0000000086c00000, 0x0000000086d00000|  0%| F|  |TAMS 0x0000000086c00000, 0x0000000086c00000| Untracked 
|  89|0x0000000086d00000, 0x0000000086d00000, 0x0000000086e00000|  0%| F|  |TAMS 0x0000000086d00000, 0x0000000086d00000| Untracked 
|  90|0x0000000086e00000, 0x0000000086e00000, 0x0000000086f00000|  0%| F|  |TAMS 0x0000000086e00000, 0x0000000086e00000| Untracked 
|  91|0x0000000086f00000, 0x0000000086f00000, 0x0000000087000000|  0%| F|  |TAMS 0x0000000086f00000, 0x0000000086f00000| Untracked 
|  92|0x0000000087000000, 0x0000000087000000, 0x0000000087100000|  0%| F|  |TAMS 0x0000000087000000, 0x0000000087000000| Untracked 
|  93|0x0000000087100000, 0x0000000087100000, 0x0000000087200000|  0%| F|  |TAMS 0x0000000087100000, 0x0000000087100000| Untracked 
|  94|0x0000000087200000, 0x0000000087200000, 0x0000000087300000|  0%| F|  |TAMS 0x0000000087200000, 0x0000000087200000| Untracked 
|  95|0x0000000087300000, 0x0000000087300000, 0x0000000087400000|  0%| F|  |TAMS 0x0000000087300000, 0x0000000087300000| Untracked 
|  96|0x0000000087400000, 0x0000000087400000, 0x0000000087500000|  0%| F|  |TAMS 0x0000000087400000, 0x0000000087400000| Untracked 
|  97|0x0000000087500000, 0x0000000087500000, 0x0000000087600000|  0%| F|  |TAMS 0x0000000087500000, 0x0000000087500000| Untracked 
|  98|0x0000000087600000, 0x0000000087600000, 0x0000000087700000|  0%| F|  |TAMS 0x0000000087600000, 0x0000000087600000| Untracked 
|  99|0x0000000087700000, 0x0000000087700000, 0x0000000087800000|  0%| F|  |TAMS 0x0000000087700000, 0x0000000087700000| Untracked 
| 100|0x0000000087800000, 0x0000000087800000, 0x0000000087900000|  0%| F|  |TAMS 0x0000000087800000, 0x0000000087800000| Untracked 
| 101|0x0000000087900000, 0x0000000087900000, 0x0000000087a00000|  0%| F|  |TAMS 0x0000000087900000, 0x0000000087900000| Untracked 
| 102|0x0000000087a00000, 0x0000000087a00000, 0x0000000087b00000|  0%| F|  |TAMS 0x0000000087a00000, 0x0000000087a00000| Untracked 
| 103|0x0000000087b00000, 0x0000000087b00000, 0x0000000087c00000|  0%| F|  |TAMS 0x0000000087b00000, 0x0000000087b00000| Untracked 
| 104|0x0000000087c00000, 0x0000000087c00000, 0x0000000087d00000|  0%| F|  |TAMS 0x0000000087c00000, 0x0000000087c00000| Untracked 
| 105|0x0000000087d00000, 0x0000000087d00000, 0x0000000087e00000|  0%| F|  |TAMS 0x0000000087d00000, 0x0000000087d00000| Untracked 
| 106|0x0000000087e00000, 0x0000000087e00000, 0x0000000087f00000|  0%| F|  |TAMS 0x0000000087e00000, 0x0000000087e00000| Untracked 
| 107|0x0000000087f00000, 0x0000000087f00000, 0x0000000088000000|  0%| F|  |TAMS 0x0000000087f00000, 0x0000000087f00000| Untracked 
| 108|0x0000000088000000, 0x0000000088000000, 0x0000000088100000|  0%| F|  |TAMS 0x0000000088000000, 0x0000000088000000| Untracked 
| 109|0x0000000088100000, 0x0000000088100000, 0x0000000088200000|  0%| F|  |TAMS 0x0000000088100000, 0x0000000088100000| Untracked 
| 110|0x0000000088200000, 0x0000000088200000, 0x0000000088300000|  0%| F|  |TAMS 0x0000000088200000, 0x0000000088200000| Untracked 
| 111|0x0000000088300000, 0x0000000088300000, 0x0000000088400000|  0%| F|  |TAMS 0x0000000088300000, 0x0000000088300000| Untracked 
| 112|0x0000000088400000, 0x0000000088400000, 0x0000000088500000|  0%| F|  |TAMS 0x0000000088400000, 0x0000000088400000| Untracked 
| 113|0x0000000088500000, 0x0000000088500000, 0x0000000088600000|  0%| F|  |TAMS 0x0000000088500000, 0x0000000088500000| Untracked 
| 114|0x0000000088600000, 0x0000000088600000, 0x0000000088700000|  0%| F|  |TAMS 0x0000000088600000, 0x0000000088600000| Untracked 
| 115|0x0000000088700000, 0x0000000088700000, 0x0000000088800000|  0%| F|  |TAMS 0x0000000088700000, 0x0000000088700000| Untracked 
| 116|0x0000000088800000, 0x0000000088800000, 0x0000000088900000|  0%| F|  |TAMS 0x0000000088800000, 0x0000000088800000| Untracked 
| 117|0x0000000088900000, 0x0000000088900000, 0x0000000088a00000|  0%| F|  |TAMS 0x0000000088900000, 0x0000000088900000| Untracked 
| 118|0x0000000088a00000, 0x0000000088a00000, 0x0000000088b00000|  0%| F|  |TAMS 0x0000000088a00000, 0x0000000088a00000| Untracked 
| 119|0x0000000088b00000, 0x0000000088b00000, 0x0000000088c00000|  0%| F|  |TAMS 0x0000000088b00000, 0x0000000088b00000| Untracked 
| 120|0x0000000088c00000, 0x0000000088c00000, 0x0000000088d00000|  0%| F|  |TAMS 0x0000000088c00000, 0x0000000088c00000| Untracked 
| 121|0x0000000088d00000, 0x0000000088d00000, 0x0000000088e00000|  0%| F|  |TAMS 0x0000000088d00000, 0x0000000088d00000| Untracked 
| 122|0x0000000088e00000, 0x0000000088e00000, 0x0000000088f00000|  0%| F|  |TAMS 0x0000000088e00000, 0x0000000088e00000| Untracked 
| 123|0x0000000088f00000, 0x0000000088f00000, 0x0000000089000000|  0%| F|  |TAMS 0x0000000088f00000, 0x0000000088f00000| Untracked 
| 124|0x0000000089000000, 0x0000000089000000, 0x0000000089100000|  0%| F|  |TAMS 0x0000000089000000, 0x0000000089000000| Untracked 
| 125|0x0000000089100000, 0x0000000089100000, 0x0000000089200000|  0%| F|  |TAMS 0x0000000089100000, 0x0000000089100000| Untracked 
| 126|0x0000000089200000, 0x0000000089200000, 0x0000000089300000|  0%| F|  |TAMS 0x0000000089200000, 0x0000000089200000| Untracked 
| 127|0x0000000089300000, 0x0000000089300000, 0x0000000089400000|  0%| F|  |TAMS 0x0000000089300000, 0x0000000089300000| Untracked 
| 128|0x0000000089400000, 0x0000000089400000, 0x0000000089500000|  0%| F|  |TAMS 0x0000000089400000, 0x0000000089400000| Untracked 
| 129|0x0000000089500000, 0x0000000089500000, 0x0000000089600000|  0%| F|  |TAMS 0x0000000089500000, 0x0000000089500000| Untracked 
| 130|0x0000000089600000, 0x0000000089600000, 0x0000000089700000|  0%| F|  |TAMS 0x0000000089600000, 0x0000000089600000| Untracked 
| 131|0x0000000089700000, 0x0000000089700000, 0x0000000089800000|  0%| F|  |TAMS 0x0000000089700000, 0x0000000089700000| Untracked 
| 132|0x0000000089800000, 0x00000000898dbef8, 0x0000000089900000| 85%| S|CS|TAMS 0x0000000089800000, 0x0000000089800000| Complete 
| 133|0x0000000089900000, 0x0000000089900000, 0x0000000089a00000|  0%| F|  |TAMS 0x0000000089900000, 0x0000000089900000| Untracked 
| 134|0x0000000089a00000, 0x0000000089a00000, 0x0000000089b00000|  0%| F|  |TAMS 0x0000000089a00000, 0x0000000089a00000| Untracked 
| 135|0x0000000089b00000, 0x0000000089b00000, 0x0000000089c00000|  0%| F|  |TAMS 0x0000000089b00000, 0x0000000089b00000| Untracked 
| 136|0x0000000089c00000, 0x0000000089c00000, 0x0000000089d00000|  0%| F|  |TAMS 0x0000000089c00000, 0x0000000089c00000| Untracked 
| 137|0x0000000089d00000, 0x0000000089d00000, 0x0000000089e00000|  0%| F|  |TAMS 0x0000000089d00000, 0x0000000089d00000| Untracked 
| 138|0x0000000089e00000, 0x0000000089e00000, 0x0000000089f00000|  0%| F|  |TAMS 0x0000000089e00000, 0x0000000089e00000| Untracked 
| 139|0x0000000089f00000, 0x0000000089f00000, 0x000000008a000000|  0%| F|  |TAMS 0x0000000089f00000, 0x0000000089f00000| Untracked 
| 140|0x000000008a000000, 0x000000008a000000, 0x000000008a100000|  0%| F|  |TAMS 0x000000008a000000, 0x000000008a000000| Untracked 
| 141|0x000000008a100000, 0x000000008a100000, 0x000000008a200000|  0%| F|  |TAMS 0x000000008a100000, 0x000000008a100000| Untracked 
| 142|0x000000008a200000, 0x000000008a200000, 0x000000008a300000|  0%| F|  |TAMS 0x000000008a200000, 0x000000008a200000| Untracked 
| 143|0x000000008a300000, 0x000000008a300000, 0x000000008a400000|  0%| F|  |TAMS 0x000000008a300000, 0x000000008a300000| Untracked 
| 144|0x000000008a400000, 0x000000008a400000, 0x000000008a500000|  0%| F|  |TAMS 0x000000008a400000, 0x000000008a400000| Untracked 
| 145|0x000000008a500000, 0x000000008a500000, 0x000000008a600000|  0%| F|  |TAMS 0x000000008a500000, 0x000000008a500000| Untracked 
| 146|0x000000008a600000, 0x000000008a600000, 0x000000008a700000|  0%| F|  |TAMS 0x000000008a600000, 0x000000008a600000| Untracked 
| 147|0x000000008a700000, 0x000000008a700000, 0x000000008a800000|  0%| F|  |TAMS 0x000000008a700000, 0x000000008a700000| Untracked 
| 148|0x000000008a800000, 0x000000008a800000, 0x000000008a900000|  0%| F|  |TAMS 0x000000008a800000, 0x000000008a800000| Untracked 
| 149|0x000000008a900000, 0x000000008a900000, 0x000000008aa00000|  0%| F|  |TAMS 0x000000008a900000, 0x000000008a900000| Untracked 
| 150|0x000000008aa00000, 0x000000008aa00000, 0x000000008ab00000|  0%| F|  |TAMS 0x000000008aa00000, 0x000000008aa00000| Untracked 
| 151|0x000000008ab00000, 0x000000008ab00000, 0x000000008ac00000|  0%| F|  |TAMS 0x000000008ab00000, 0x000000008ab00000| Untracked 
| 152|0x000000008ac00000, 0x000000008ac00000, 0x000000008ad00000|  0%| F|  |TAMS 0x000000008ac00000, 0x000000008ac00000| Untracked 
| 153|0x000000008ad00000, 0x000000008ad00000, 0x000000008ae00000|  0%| F|  |TAMS 0x000000008ad00000, 0x000000008ad00000| Untracked 
| 154|0x000000008ae00000, 0x000000008ae00000, 0x000000008af00000|  0%| F|  |TAMS 0x000000008ae00000, 0x000000008ae00000| Untracked 
| 155|0x000000008af00000, 0x000000008af00000, 0x000000008b000000|  0%| F|  |TAMS 0x000000008af00000, 0x000000008af00000| Untracked 
| 156|0x000000008b000000, 0x000000008b000000, 0x000000008b100000|  0%| F|  |TAMS 0x000000008b000000, 0x000000008b000000| Untracked 
| 157|0x000000008b100000, 0x000000008b100000, 0x000000008b200000|  0%| F|  |TAMS 0x000000008b100000, 0x000000008b100000| Untracked 
| 158|0x000000008b200000, 0x000000008b200000, 0x000000008b300000|  0%| F|  |TAMS 0x000000008b200000, 0x000000008b200000| Untracked 
| 159|0x000000008b300000, 0x000000008b300000, 0x000000008b400000|  0%| F|  |TAMS 0x000000008b300000, 0x000000008b300000| Untracked 
| 160|0x000000008b400000, 0x000000008b400000, 0x000000008b500000|  0%| F|  |TAMS 0x000000008b400000, 0x000000008b400000| Untracked 
| 161|0x000000008b500000, 0x000000008b500000, 0x000000008b600000|  0%| F|  |TAMS 0x000000008b500000, 0x000000008b500000| Untracked 
| 162|0x000000008b600000, 0x000000008b600000, 0x000000008b700000|  0%| F|  |TAMS 0x000000008b600000, 0x000000008b600000| Untracked 
| 163|0x000000008b700000, 0x000000008b700000, 0x000000008b800000|  0%| F|  |TAMS 0x000000008b700000, 0x000000008b700000| Untracked 
| 164|0x000000008b800000, 0x000000008b800000, 0x000000008b900000|  0%| F|  |TAMS 0x000000008b800000, 0x000000008b800000| Untracked 
| 165|0x000000008b900000, 0x000000008b900000, 0x000000008ba00000|  0%| F|  |TAMS 0x000000008b900000, 0x000000008b900000| Untracked 
| 166|0x000000008ba00000, 0x000000008ba00000, 0x000000008bb00000|  0%| F|  |TAMS 0x000000008ba00000, 0x000000008ba00000| Untracked 
| 167|0x000000008bb00000, 0x000000008bb00000, 0x000000008bc00000|  0%| F|  |TAMS 0x000000008bb00000, 0x000000008bb00000| Untracked 
| 168|0x000000008bc00000, 0x000000008bc00000, 0x000000008bd00000|  0%| F|  |TAMS 0x000000008bc00000, 0x000000008bc00000| Untracked 
| 169|0x000000008bd00000, 0x000000008bd00000, 0x000000008be00000|  0%| F|  |TAMS 0x000000008bd00000, 0x000000008bd00000| Untracked 
| 170|0x000000008be00000, 0x000000008be00000, 0x000000008bf00000|  0%| F|  |TAMS 0x000000008be00000, 0x000000008be00000| Untracked 
| 171|0x000000008bf00000, 0x000000008bf00000, 0x000000008c000000|  0%| F|  |TAMS 0x000000008bf00000, 0x000000008bf00000| Untracked 
| 172|0x000000008c000000, 0x000000008c000000, 0x000000008c100000|  0%| F|  |TAMS 0x000000008c000000, 0x000000008c000000| Untracked 
| 173|0x000000008c100000, 0x000000008c100000, 0x000000008c200000|  0%| F|  |TAMS 0x000000008c100000, 0x000000008c100000| Untracked 
| 174|0x000000008c200000, 0x000000008c200000, 0x000000008c300000|  0%| F|  |TAMS 0x000000008c200000, 0x000000008c200000| Untracked 
| 175|0x000000008c300000, 0x000000008c300000, 0x000000008c400000|  0%| F|  |TAMS 0x000000008c300000, 0x000000008c300000| Untracked 
| 176|0x000000008c400000, 0x000000008c400000, 0x000000008c500000|  0%| F|  |TAMS 0x000000008c400000, 0x000000008c400000| Untracked 
| 177|0x000000008c500000, 0x000000008c500000, 0x000000008c600000|  0%| F|  |TAMS 0x000000008c500000, 0x000000008c500000| Untracked 
| 178|0x000000008c600000, 0x000000008c600000, 0x000000008c700000|  0%| F|  |TAMS 0x000000008c600000, 0x000000008c600000| Untracked 
| 179|0x000000008c700000, 0x000000008c700000, 0x000000008c800000|  0%| F|  |TAMS 0x000000008c700000, 0x000000008c700000| Untracked 
| 180|0x000000008c800000, 0x000000008c800000, 0x000000008c900000|  0%| F|  |TAMS 0x000000008c800000, 0x000000008c800000| Untracked 
| 181|0x000000008c900000, 0x000000008c900000, 0x000000008ca00000|  0%| F|  |TAMS 0x000000008c900000, 0x000000008c900000| Untracked 
| 182|0x000000008ca00000, 0x000000008ca00000, 0x000000008cb00000|  0%| F|  |TAMS 0x000000008ca00000, 0x000000008ca00000| Untracked 
| 183|0x000000008cb00000, 0x000000008cb00000, 0x000000008cc00000|  0%| F|  |TAMS 0x000000008cb00000, 0x000000008cb00000| Untracked 
| 184|0x000000008cc00000, 0x000000008cc00000, 0x000000008cd00000|  0%| F|  |TAMS 0x000000008cc00000, 0x000000008cc00000| Untracked 
| 185|0x000000008cd00000, 0x000000008cd00000, 0x000000008ce00000|  0%| F|  |TAMS 0x000000008cd00000, 0x000000008cd00000| Untracked 
| 186|0x000000008ce00000, 0x000000008ce00000, 0x000000008cf00000|  0%| F|  |TAMS 0x000000008ce00000, 0x000000008ce00000| Untracked 
| 187|0x000000008cf00000, 0x000000008cf00000, 0x000000008d000000|  0%| F|  |TAMS 0x000000008cf00000, 0x000000008cf00000| Untracked 
| 188|0x000000008d000000, 0x000000008d000000, 0x000000008d100000|  0%| F|  |TAMS 0x000000008d000000, 0x000000008d000000| Untracked 
| 189|0x000000008d100000, 0x000000008d100000, 0x000000008d200000|  0%| F|  |TAMS 0x000000008d100000, 0x000000008d100000| Untracked 
| 190|0x000000008d200000, 0x000000008d200000, 0x000000008d300000|  0%| F|  |TAMS 0x000000008d200000, 0x000000008d200000| Untracked 
| 191|0x000000008d300000, 0x000000008d300000, 0x000000008d400000|  0%| F|  |TAMS 0x000000008d300000, 0x000000008d300000| Untracked 
| 192|0x000000008d400000, 0x000000008d400000, 0x000000008d500000|  0%| F|  |TAMS 0x000000008d400000, 0x000000008d400000| Untracked 
| 193|0x000000008d500000, 0x000000008d500000, 0x000000008d600000|  0%| F|  |TAMS 0x000000008d500000, 0x000000008d500000| Untracked 
| 194|0x000000008d600000, 0x000000008d600000, 0x000000008d700000|  0%| F|  |TAMS 0x000000008d600000, 0x000000008d600000| Untracked 
| 195|0x000000008d700000, 0x000000008d700000, 0x000000008d800000|  0%| F|  |TAMS 0x000000008d700000, 0x000000008d700000| Untracked 
| 196|0x000000008d800000, 0x000000008d800000, 0x000000008d900000|  0%| F|  |TAMS 0x000000008d800000, 0x000000008d800000| Untracked 
| 197|0x000000008d900000, 0x000000008d900000, 0x000000008da00000|  0%| F|  |TAMS 0x000000008d900000, 0x000000008d900000| Untracked 
| 198|0x000000008da00000, 0x000000008da00000, 0x000000008db00000|  0%| F|  |TAMS 0x000000008da00000, 0x000000008da00000| Untracked 
| 199|0x000000008db00000, 0x000000008db00000, 0x000000008dc00000|  0%| F|  |TAMS 0x000000008db00000, 0x000000008db00000| Untracked 
| 200|0x000000008dc00000, 0x000000008dc00000, 0x000000008dd00000|  0%| F|  |TAMS 0x000000008dc00000, 0x000000008dc00000| Untracked 
| 201|0x000000008dd00000, 0x000000008dd00000, 0x000000008de00000|  0%| F|  |TAMS 0x000000008dd00000, 0x000000008dd00000| Untracked 
| 202|0x000000008de00000, 0x000000008de00000, 0x000000008df00000|  0%| F|  |TAMS 0x000000008de00000, 0x000000008de00000| Untracked 
| 203|0x000000008df00000, 0x000000008df00000, 0x000000008e000000|  0%| F|  |TAMS 0x000000008df00000, 0x000000008df00000| Untracked 
| 204|0x000000008e000000, 0x000000008e000000, 0x000000008e100000|  0%| F|  |TAMS 0x000000008e000000, 0x000000008e000000| Untracked 
| 205|0x000000008e100000, 0x000000008e100000, 0x000000008e200000|  0%| F|  |TAMS 0x000000008e100000, 0x000000008e100000| Untracked 
| 206|0x000000008e200000, 0x000000008e200000, 0x000000008e300000|  0%| F|  |TAMS 0x000000008e200000, 0x000000008e200000| Untracked 
| 207|0x000000008e300000, 0x000000008e300000, 0x000000008e400000|  0%| F|  |TAMS 0x000000008e300000, 0x000000008e300000| Untracked 
| 208|0x000000008e400000, 0x000000008e400000, 0x000000008e500000|  0%| F|  |TAMS 0x000000008e400000, 0x000000008e400000| Untracked 
| 209|0x000000008e500000, 0x000000008e500000, 0x000000008e600000|  0%| F|  |TAMS 0x000000008e500000, 0x000000008e500000| Untracked 
| 210|0x000000008e600000, 0x000000008e600000, 0x000000008e700000|  0%| F|  |TAMS 0x000000008e600000, 0x000000008e600000| Untracked 
| 211|0x000000008e700000, 0x000000008e700000, 0x000000008e800000|  0%| F|  |TAMS 0x000000008e700000, 0x000000008e700000| Untracked 
| 212|0x000000008e800000, 0x000000008e800000, 0x000000008e900000|  0%| F|  |TAMS 0x000000008e800000, 0x000000008e800000| Untracked 
| 213|0x000000008e900000, 0x000000008e900000, 0x000000008ea00000|  0%| F|  |TAMS 0x000000008e900000, 0x000000008e900000| Untracked 
| 214|0x000000008ea00000, 0x000000008ea00000, 0x000000008eb00000|  0%| F|  |TAMS 0x000000008ea00000, 0x000000008ea00000| Untracked 
| 215|0x000000008eb00000, 0x000000008eb00000, 0x000000008ec00000|  0%| F|  |TAMS 0x000000008eb00000, 0x000000008eb00000| Untracked 
| 216|0x000000008ec00000, 0x000000008ec00000, 0x000000008ed00000|  0%| F|  |TAMS 0x000000008ec00000, 0x000000008ec00000| Untracked 
| 217|0x000000008ed00000, 0x000000008ed00000, 0x000000008ee00000|  0%| F|  |TAMS 0x000000008ed00000, 0x000000008ed00000| Untracked 
| 218|0x000000008ee00000, 0x000000008ee00000, 0x000000008ef00000|  0%| F|  |TAMS 0x000000008ee00000, 0x000000008ee00000| Untracked 
| 219|0x000000008ef00000, 0x000000008ef00000, 0x000000008f000000|  0%| F|  |TAMS 0x000000008ef00000, 0x000000008ef00000| Untracked 
| 220|0x000000008f000000, 0x000000008f000000, 0x000000008f100000|  0%| F|  |TAMS 0x000000008f000000, 0x000000008f000000| Untracked 
| 221|0x000000008f100000, 0x000000008f100000, 0x000000008f200000|  0%| F|  |TAMS 0x000000008f100000, 0x000000008f100000| Untracked 
| 222|0x000000008f200000, 0x000000008f200000, 0x000000008f300000|  0%| F|  |TAMS 0x000000008f200000, 0x000000008f200000| Untracked 
| 223|0x000000008f300000, 0x000000008f300000, 0x000000008f400000|  0%| F|  |TAMS 0x000000008f300000, 0x000000008f300000| Untracked 
| 224|0x000000008f400000, 0x000000008f400000, 0x000000008f500000|  0%| F|  |TAMS 0x000000008f400000, 0x000000008f400000| Untracked 
| 225|0x000000008f500000, 0x000000008f500000, 0x000000008f600000|  0%| F|  |TAMS 0x000000008f500000, 0x000000008f500000| Untracked 
| 226|0x000000008f600000, 0x000000008f600000, 0x000000008f700000|  0%| F|  |TAMS 0x000000008f600000, 0x000000008f600000| Untracked 
| 227|0x000000008f700000, 0x000000008f700000, 0x000000008f800000|  0%| F|  |TAMS 0x000000008f700000, 0x000000008f700000| Untracked 
| 228|0x000000008f800000, 0x000000008f800000, 0x000000008f900000|  0%| F|  |TAMS 0x000000008f800000, 0x000000008f800000| Untracked 
| 229|0x000000008f900000, 0x000000008f900000, 0x000000008fa00000|  0%| F|  |TAMS 0x000000008f900000, 0x000000008f900000| Untracked 
| 230|0x000000008fa00000, 0x000000008fa00000, 0x000000008fb00000|  0%| F|  |TAMS 0x000000008fa00000, 0x000000008fa00000| Untracked 
| 231|0x000000008fb00000, 0x000000008fb00000, 0x000000008fc00000|  0%| F|  |TAMS 0x000000008fb00000, 0x000000008fb00000| Untracked 
| 232|0x000000008fc00000, 0x000000008fc00000, 0x000000008fd00000|  0%| F|  |TAMS 0x000000008fc00000, 0x000000008fc00000| Untracked 
| 233|0x000000008fd00000, 0x000000008fd00000, 0x000000008fe00000|  0%| F|  |TAMS 0x000000008fd00000, 0x000000008fd00000| Untracked 
| 234|0x000000008fe00000, 0x000000008fe00000, 0x000000008ff00000|  0%| F|  |TAMS 0x000000008fe00000, 0x000000008fe00000| Untracked 
| 235|0x000000008ff00000, 0x000000008ff00000, 0x0000000090000000|  0%| F|  |TAMS 0x000000008ff00000, 0x000000008ff00000| Untracked 
| 236|0x0000000090000000, 0x0000000090000000, 0x0000000090100000|  0%| F|  |TAMS 0x0000000090000000, 0x0000000090000000| Untracked 
| 237|0x0000000090100000, 0x0000000090100000, 0x0000000090200000|  0%| F|  |TAMS 0x0000000090100000, 0x0000000090100000| Untracked 
| 238|0x0000000090200000, 0x0000000090200000, 0x0000000090300000|  0%| F|  |TAMS 0x0000000090200000, 0x0000000090200000| Untracked 
| 239|0x0000000090300000, 0x0000000090300000, 0x0000000090400000|  0%| F|  |TAMS 0x0000000090300000, 0x0000000090300000| Untracked 
| 240|0x0000000090400000, 0x0000000090400000, 0x0000000090500000|  0%| F|  |TAMS 0x0000000090400000, 0x0000000090400000| Untracked 
| 241|0x0000000090500000, 0x0000000090500000, 0x0000000090600000|  0%| F|  |TAMS 0x0000000090500000, 0x0000000090500000| Untracked 
| 242|0x0000000090600000, 0x0000000090600000, 0x0000000090700000|  0%| F|  |TAMS 0x0000000090600000, 0x0000000090600000| Untracked 
| 243|0x0000000090700000, 0x0000000090700000, 0x0000000090800000|  0%| F|  |TAMS 0x0000000090700000, 0x0000000090700000| Untracked 
| 244|0x0000000090800000, 0x0000000090800000, 0x0000000090900000|  0%| F|  |TAMS 0x0000000090800000, 0x0000000090800000| Untracked 
| 245|0x0000000090900000, 0x0000000090900000, 0x0000000090a00000|  0%| F|  |TAMS 0x0000000090900000, 0x0000000090900000| Untracked 
| 246|0x0000000090a00000, 0x0000000090a00000, 0x0000000090b00000|  0%| F|  |TAMS 0x0000000090a00000, 0x0000000090a00000| Untracked 
| 247|0x0000000090b00000, 0x0000000090b00000, 0x0000000090c00000|  0%| F|  |TAMS 0x0000000090b00000, 0x0000000090b00000| Untracked 
| 248|0x0000000090c00000, 0x0000000090c00000, 0x0000000090d00000|  0%| F|  |TAMS 0x0000000090c00000, 0x0000000090c00000| Untracked 
| 249|0x0000000090d00000, 0x0000000090d00000, 0x0000000090e00000|  0%| F|  |TAMS 0x0000000090d00000, 0x0000000090d00000| Untracked 
| 250|0x0000000090e00000, 0x0000000090e00000, 0x0000000090f00000|  0%| F|  |TAMS 0x0000000090e00000, 0x0000000090e00000| Untracked 
| 251|0x0000000090f00000, 0x0000000090f00000, 0x0000000091000000|  0%| F|  |TAMS 0x0000000090f00000, 0x0000000090f00000| Untracked 
| 252|0x0000000091000000, 0x0000000091000000, 0x0000000091100000|  0%| F|  |TAMS 0x0000000091000000, 0x0000000091000000| Untracked 
| 253|0x0000000091100000, 0x0000000091100000, 0x0000000091200000|  0%| F|  |TAMS 0x0000000091100000, 0x0000000091100000| Untracked 
| 254|0x0000000091200000, 0x0000000091200000, 0x0000000091300000|  0%| F|  |TAMS 0x0000000091200000, 0x0000000091200000| Untracked 
| 255|0x0000000091300000, 0x0000000091300000, 0x0000000091400000|  0%| F|  |TAMS 0x0000000091300000, 0x0000000091300000| Untracked 
| 256|0x0000000091400000, 0x0000000091400000, 0x0000000091500000|  0%| F|  |TAMS 0x0000000091400000, 0x0000000091400000| Untracked 
| 257|0x0000000091500000, 0x0000000091500000, 0x0000000091600000|  0%| F|  |TAMS 0x0000000091500000, 0x0000000091500000| Untracked 
| 258|0x0000000091600000, 0x0000000091600000, 0x0000000091700000|  0%| F|  |TAMS 0x0000000091600000, 0x0000000091600000| Untracked 
| 259|0x0000000091700000, 0x0000000091700000, 0x0000000091800000|  0%| F|  |TAMS 0x0000000091700000, 0x0000000091700000| Untracked 
| 260|0x0000000091800000, 0x0000000091800000, 0x0000000091900000|  0%| F|  |TAMS 0x0000000091800000, 0x0000000091800000| Untracked 
| 261|0x0000000091900000, 0x0000000091900000, 0x0000000091a00000|  0%| F|  |TAMS 0x0000000091900000, 0x0000000091900000| Untracked 
| 262|0x0000000091a00000, 0x0000000091a00000, 0x0000000091b00000|  0%| F|  |TAMS 0x0000000091a00000, 0x0000000091a00000| Untracked 
| 263|0x0000000091b00000, 0x0000000091b00000, 0x0000000091c00000|  0%| F|  |TAMS 0x0000000091b00000, 0x0000000091b00000| Untracked 
| 264|0x0000000091c00000, 0x0000000091c00000, 0x0000000091d00000|  0%| F|  |TAMS 0x0000000091c00000, 0x0000000091c00000| Untracked 
| 265|0x0000000091d00000, 0x0000000091d00000, 0x0000000091e00000|  0%| F|  |TAMS 0x0000000091d00000, 0x0000000091d00000| Untracked 
| 266|0x0000000091e00000, 0x0000000091e00000, 0x0000000091f00000|  0%| F|  |TAMS 0x0000000091e00000, 0x0000000091e00000| Untracked 
| 267|0x0000000091f00000, 0x0000000091f00000, 0x0000000092000000|  0%| F|  |TAMS 0x0000000091f00000, 0x0000000091f00000| Untracked 
| 268|0x0000000092000000, 0x0000000092000000, 0x0000000092100000|  0%| F|  |TAMS 0x0000000092000000, 0x0000000092000000| Untracked 
| 269|0x0000000092100000, 0x0000000092100000, 0x0000000092200000|  0%| F|  |TAMS 0x0000000092100000, 0x0000000092100000| Untracked 
| 270|0x0000000092200000, 0x0000000092200000, 0x0000000092300000|  0%| F|  |TAMS 0x0000000092200000, 0x0000000092200000| Untracked 
| 271|0x0000000092300000, 0x0000000092300000, 0x0000000092400000|  0%| F|  |TAMS 0x0000000092300000, 0x0000000092300000| Untracked 
| 272|0x0000000092400000, 0x0000000092400000, 0x0000000092500000|  0%| F|  |TAMS 0x0000000092400000, 0x0000000092400000| Untracked 
| 273|0x0000000092500000, 0x0000000092500000, 0x0000000092600000|  0%| F|  |TAMS 0x0000000092500000, 0x0000000092500000| Untracked 
| 274|0x0000000092600000, 0x0000000092600000, 0x0000000092700000|  0%| F|  |TAMS 0x0000000092600000, 0x0000000092600000| Untracked 
| 275|0x0000000092700000, 0x0000000092700000, 0x0000000092800000|  0%| F|  |TAMS 0x0000000092700000, 0x0000000092700000| Untracked 
| 276|0x0000000092800000, 0x0000000092800000, 0x0000000092900000|  0%| F|  |TAMS 0x0000000092800000, 0x0000000092800000| Untracked 
| 277|0x0000000092900000, 0x0000000092900000, 0x0000000092a00000|  0%| F|  |TAMS 0x0000000092900000, 0x0000000092900000| Untracked 
| 278|0x0000000092a00000, 0x0000000092a00000, 0x0000000092b00000|  0%| F|  |TAMS 0x0000000092a00000, 0x0000000092a00000| Untracked 
| 279|0x0000000092b00000, 0x0000000092b00000, 0x0000000092c00000|  0%| F|  |TAMS 0x0000000092b00000, 0x0000000092b00000| Untracked 
| 280|0x0000000092c00000, 0x0000000092c00000, 0x0000000092d00000|  0%| F|  |TAMS 0x0000000092c00000, 0x0000000092c00000| Untracked 
| 281|0x0000000092d00000, 0x0000000092d00000, 0x0000000092e00000|  0%| F|  |TAMS 0x0000000092d00000, 0x0000000092d00000| Untracked 
| 282|0x0000000092e00000, 0x0000000092e00000, 0x0000000092f00000|  0%| F|  |TAMS 0x0000000092e00000, 0x0000000092e00000| Untracked 
| 283|0x0000000092f00000, 0x0000000092f00000, 0x0000000093000000|  0%| F|  |TAMS 0x0000000092f00000, 0x0000000092f00000| Untracked 
| 284|0x0000000093000000, 0x0000000093000000, 0x0000000093100000|  0%| F|  |TAMS 0x0000000093000000, 0x0000000093000000| Untracked 
| 285|0x0000000093100000, 0x0000000093100000, 0x0000000093200000|  0%| F|  |TAMS 0x0000000093100000, 0x0000000093100000| Untracked 
| 286|0x0000000093200000, 0x0000000093200000, 0x0000000093300000|  0%| F|  |TAMS 0x0000000093200000, 0x0000000093200000| Untracked 
| 287|0x0000000093300000, 0x0000000093300000, 0x0000000093400000|  0%| F|  |TAMS 0x0000000093300000, 0x0000000093300000| Untracked 
| 288|0x0000000093400000, 0x0000000093400000, 0x0000000093500000|  0%| F|  |TAMS 0x0000000093400000, 0x0000000093400000| Untracked 
| 289|0x0000000093500000, 0x0000000093500000, 0x0000000093600000|  0%| F|  |TAMS 0x0000000093500000, 0x0000000093500000| Untracked 
| 290|0x0000000093600000, 0x0000000093600000, 0x0000000093700000|  0%| F|  |TAMS 0x0000000093600000, 0x0000000093600000| Untracked 
| 291|0x0000000093700000, 0x0000000093700000, 0x0000000093800000|  0%| F|  |TAMS 0x0000000093700000, 0x0000000093700000| Untracked 
| 292|0x0000000093800000, 0x0000000093800000, 0x0000000093900000|  0%| F|  |TAMS 0x0000000093800000, 0x0000000093800000| Untracked 
| 293|0x0000000093900000, 0x0000000093900000, 0x0000000093a00000|  0%| F|  |TAMS 0x0000000093900000, 0x0000000093900000| Untracked 
| 294|0x0000000093a00000, 0x0000000093a00000, 0x0000000093b00000|  0%| F|  |TAMS 0x0000000093a00000, 0x0000000093a00000| Untracked 
| 295|0x0000000093b00000, 0x0000000093b00000, 0x0000000093c00000|  0%| F|  |TAMS 0x0000000093b00000, 0x0000000093b00000| Untracked 
| 296|0x0000000093c00000, 0x0000000093c00000, 0x0000000093d00000|  0%| F|  |TAMS 0x0000000093c00000, 0x0000000093c00000| Untracked 
| 297|0x0000000093d00000, 0x0000000093d00000, 0x0000000093e00000|  0%| F|  |TAMS 0x0000000093d00000, 0x0000000093d00000| Untracked 
| 298|0x0000000093e00000, 0x0000000093e00000, 0x0000000093f00000|  0%| F|  |TAMS 0x0000000093e00000, 0x0000000093e00000| Untracked 
| 299|0x0000000093f00000, 0x0000000093f00000, 0x0000000094000000|  0%| F|  |TAMS 0x0000000093f00000, 0x0000000093f00000| Untracked 
| 300|0x0000000094000000, 0x0000000094000000, 0x0000000094100000|  0%| F|  |TAMS 0x0000000094000000, 0x0000000094000000| Untracked 
| 301|0x0000000094100000, 0x0000000094100000, 0x0000000094200000|  0%| F|  |TAMS 0x0000000094100000, 0x0000000094100000| Untracked 
| 302|0x0000000094200000, 0x0000000094200000, 0x0000000094300000|  0%| F|  |TAMS 0x0000000094200000, 0x0000000094200000| Untracked 
| 303|0x0000000094300000, 0x0000000094300000, 0x0000000094400000|  0%| F|  |TAMS 0x0000000094300000, 0x0000000094300000| Untracked 
| 304|0x0000000094400000, 0x0000000094400000, 0x0000000094500000|  0%| F|  |TAMS 0x0000000094400000, 0x0000000094400000| Untracked 
| 305|0x0000000094500000, 0x0000000094500000, 0x0000000094600000|  0%| F|  |TAMS 0x0000000094500000, 0x0000000094500000| Untracked 
| 306|0x0000000094600000, 0x0000000094600000, 0x0000000094700000|  0%| F|  |TAMS 0x0000000094600000, 0x0000000094600000| Untracked 
| 307|0x0000000094700000, 0x0000000094700000, 0x0000000094800000|  0%| F|  |TAMS 0x0000000094700000, 0x0000000094700000| Untracked 
| 308|0x0000000094800000, 0x0000000094800000, 0x0000000094900000|  0%| F|  |TAMS 0x0000000094800000, 0x0000000094800000| Untracked 
| 309|0x0000000094900000, 0x0000000094900000, 0x0000000094a00000|  0%| F|  |TAMS 0x0000000094900000, 0x0000000094900000| Untracked 
| 310|0x0000000094a00000, 0x0000000094a00000, 0x0000000094b00000|  0%| F|  |TAMS 0x0000000094a00000, 0x0000000094a00000| Untracked 
| 311|0x0000000094b00000, 0x0000000094b00000, 0x0000000094c00000|  0%| F|  |TAMS 0x0000000094b00000, 0x0000000094b00000| Untracked 
| 312|0x0000000094c00000, 0x0000000094c00000, 0x0000000094d00000|  0%| F|  |TAMS 0x0000000094c00000, 0x0000000094c00000| Untracked 
| 313|0x0000000094d00000, 0x0000000094d00000, 0x0000000094e00000|  0%| F|  |TAMS 0x0000000094d00000, 0x0000000094d00000| Untracked 
| 314|0x0000000094e00000, 0x0000000094e00000, 0x0000000094f00000|  0%| F|  |TAMS 0x0000000094e00000, 0x0000000094e00000| Untracked 
| 315|0x0000000094f00000, 0x0000000094f00000, 0x0000000095000000|  0%| F|  |TAMS 0x0000000094f00000, 0x0000000094f00000| Untracked 
| 316|0x0000000095000000, 0x0000000095000000, 0x0000000095100000|  0%| F|  |TAMS 0x0000000095000000, 0x0000000095000000| Untracked 
| 317|0x0000000095100000, 0x0000000095100000, 0x0000000095200000|  0%| F|  |TAMS 0x0000000095100000, 0x0000000095100000| Untracked 
| 318|0x0000000095200000, 0x0000000095200000, 0x0000000095300000|  0%| F|  |TAMS 0x0000000095200000, 0x0000000095200000| Untracked 
| 319|0x0000000095300000, 0x0000000095300000, 0x0000000095400000|  0%| F|  |TAMS 0x0000000095300000, 0x0000000095300000| Untracked 
| 320|0x0000000095400000, 0x0000000095400000, 0x0000000095500000|  0%| F|  |TAMS 0x0000000095400000, 0x0000000095400000| Untracked 
| 321|0x0000000095500000, 0x0000000095500000, 0x0000000095600000|  0%| F|  |TAMS 0x0000000095500000, 0x0000000095500000| Untracked 
| 322|0x0000000095600000, 0x0000000095600000, 0x0000000095700000|  0%| F|  |TAMS 0x0000000095600000, 0x0000000095600000| Untracked 
| 323|0x0000000095700000, 0x0000000095700000, 0x0000000095800000|  0%| F|  |TAMS 0x0000000095700000, 0x0000000095700000| Untracked 
| 324|0x0000000095800000, 0x0000000095800000, 0x0000000095900000|  0%| F|  |TAMS 0x0000000095800000, 0x0000000095800000| Untracked 
| 325|0x0000000095900000, 0x0000000095900000, 0x0000000095a00000|  0%| F|  |TAMS 0x0000000095900000, 0x0000000095900000| Untracked 
| 326|0x0000000095a00000, 0x0000000095a00000, 0x0000000095b00000|  0%| F|  |TAMS 0x0000000095a00000, 0x0000000095a00000| Untracked 
| 327|0x0000000095b00000, 0x0000000095c00000, 0x0000000095c00000|100%| E|  |TAMS 0x0000000095b00000, 0x0000000095b00000| Complete 
| 328|0x0000000095c00000, 0x0000000095d00000, 0x0000000095d00000|100%| E|CS|TAMS 0x0000000095c00000, 0x0000000095c00000| Complete 
| 329|0x0000000095d00000, 0x0000000095e00000, 0x0000000095e00000|100%| E|CS|TAMS 0x0000000095d00000, 0x0000000095d00000| Complete 
| 330|0x0000000095e00000, 0x0000000095f00000, 0x0000000095f00000|100%| E|CS|TAMS 0x0000000095e00000, 0x0000000095e00000| Complete 
| 331|0x0000000095f00000, 0x0000000096000000, 0x0000000096000000|100%| E|CS|TAMS 0x0000000095f00000, 0x0000000095f00000| Complete 

Card table byte_map: [0x000002561e8e0000,0x000002561ece0000] _byte_map_base: 0x000002561e4d6000

Marking Bits (Prev, Next): (CMBitMap*) 0x0000025606832a50, (CMBitMap*) 0x0000025606832a90
 Prev Bits: [0x000002561f0e0000, 0x0000025621090000)
 Next Bits: [0x0000025621090000, 0x0000025623040000)

Polling page: 0x00000256047a0000

Metaspace:

Usage:
  Non-class:      5.33 MB used.
      Class:    426.11 KB used.
       Both:      5.74 MB used.

Virtual space:
  Non-class space:        8.00 MB reserved,       5.44 MB ( 68%) committed,  1 nodes.
      Class space:        1.00 GB reserved,     512.00 KB ( <1%) committed,  1 nodes.
              Both:        1.01 GB reserved,       5.94 MB ( <1%) committed. 

Chunk freelists:
   Non-Class:  1.70 MB
       Class:  3.52 MB
        Both:  5.22 MB

MaxMetaspaceSize: 17179869184.00 GB
CompressedClassSpaceSize: 1.00 GB
 - commit_granule_bytes: 65536.
 - commit_granule_words: 8192.
 - virtual_space_node_default_size: 1048576.
 - enlarge_chunks_in_place: 1.
 - new_chunks_are_fully_committed: 0.
 - uncommit_free_chunks: 1.
 - use_allocation_guard: 0.
 - handle_deallocations: 1.


Internal statistics:

num_allocs_failed_limit: 0.
num_arena_births: 176.
num_arena_deaths: 0.
num_vsnodes_births: 2.
num_vsnodes_deaths: 0.
num_space_committed: 95.
num_space_uncommitted: 0.
num_chunks_returned_to_freelist: 0.
num_chunks_taken_from_freelist: 325.
num_chunk_merges: 0.
num_chunk_splits: 213.
num_chunks_enlarged: 131.
num_purges: 0.

CodeHeap 'non-profiled nmethods': size=120000Kb used=2154Kb max_used=2154Kb free=117846Kb
 bounds [0x0000025616c80000, 0x0000025616ef0000, 0x000002561e1b0000]
CodeHeap 'profiled nmethods': size=120000Kb used=4145Kb max_used=4145Kb free=115855Kb
 bounds [0x000002560f750000, 0x000002560fb60000, 0x0000025616c80000]
CodeHeap 'non-nmethods': size=5760Kb used=1269Kb max_used=1354Kb free=4490Kb
 bounds [0x000002560f1b0000, 0x000002560f420000, 0x000002560f750000]
 total_blobs=2894 nmethods=2305 adapters=502
 compilation: enabled
              stopped_count=0, restarted_count=0
 full_count=0

Compilation events (20 events):
Event: 501.680 Thread 0x0000025628407ee0 nmethod 2294 0x0000025616e97290 code [0x0000025616e97480, 0x0000025616e97bf0]
Event: 501.695 Thread 0x0000025628408470 nmethod 2298 0x0000025616e98410 code [0x0000025616e98620, 0x0000025616e99418]
Event: 501.821 Thread 0x0000025625a40b20 2301       3       java.lang.ref.PhantomReference::<init> (7 bytes)
Event: 501.821 Thread 0x0000025625a40b20 nmethod 2301 0x000002560fb58510 code [0x000002560fb586c0, 0x000002560fb58998]
Event: 501.822 Thread 0x0000025625a40b20 2302       3       jdk.internal.ref.PhantomCleanable::<init> (49 bytes)
Event: 501.823 Thread 0x0000025625a40b20 nmethod 2302 0x000002560fb58a90 code [0x000002560fb58ce0, 0x000002560fb59818]
Event: 501.823 Thread 0x0000025625a40b20 2303   !   3       jdk.internal.ref.PhantomCleanable::insert (53 bytes)
Event: 501.823 Thread 0x0000025625a40b20 nmethod 2303 0x000002560fb59b90 code [0x000002560fb59d40, 0x000002560fb5a0b8]
Event: 502.428 Thread 0x0000025625a40b20 2304       1       java.text.DecimalFormatSymbols::getDecimalSeparator (5 bytes)
Event: 502.428 Thread 0x0000025625a40b20 nmethod 2304 0x0000025616e99b90 code [0x0000025616e99d20, 0x0000025616e99df8]
Event: 502.428 Thread 0x0000025625a40b20 2305       1       java.text.DecimalFormatSymbols::getGroupingSeparator (5 bytes)
Event: 502.428 Thread 0x0000025625a40b20 nmethod 2305 0x0000025616e99e90 code [0x0000025616e9a020, 0x0000025616e9a0f8]
Event: 541.912 Thread 0x0000025625a350f0 2306       4       com.google.protobuf.UnknownFieldSet::getSerializedSize (68 bytes)
Event: 541.913 Thread 0x0000025625a350f0 nmethod 2306 0x0000025616e9a190 code [0x0000025616e9a320, 0x0000025616e9a3d8]
Event: 542.983 Thread 0x0000025625a40b20 2307       3       java.lang.invoke.DelegatingMethodHandle$Holder::reinvoke_L (18 bytes)
Event: 542.983 Thread 0x0000025625a40b20 nmethod 2307 0x000002560fb5a210 code [0x000002560fb5a3e0, 0x000002560fb5a958]
Event: 594.314 Thread 0x0000025625a350f0 2308       4       com.google.protobuf.UnknownFieldSet::writeTo (67 bytes)
Event: 594.315 Thread 0x0000025625a350f0 nmethod 2308 0x0000025616e9a490 code [0x0000025616e9a620, 0x0000025616e9a6d8]
Event: 611.611 Thread 0x0000025625a40b20 2309       3       observation.live.ObservationState::setAborted (43 bytes)
Event: 611.613 Thread 0x0000025625a40b20 nmethod 2309 0x000002560fb5aa90 code [0x000002560fb5ad80, 0x000002560fb5bdb8]

GC Heap History (20 events):
Event: 595.527 GC heap before
{Heap before GC invocations=561 (full 0):
 garbage-first heap   total 339968K, used 223720K [0x0000000081400000, 0x0000000100000000)
  region size 1024K, 199 young (203776K), 2 survivors (2048K)
 Metaspace       used 5880K, committed 6080K, reserved 1056768K
  class space    used 426K, committed 512K, reserved 1048576K
}
Event: 595.529 GC heap after
{Heap after GC invocations=562 (full 0):
 garbage-first heap   total 339968K, used 21978K [0x0000000081400000, 0x0000000100000000)
  region size 1024K, 1 young (1024K), 1 survivors (1024K)
 Metaspace       used 5880K, committed 6080K, reserved 1056768K
  class space    used 426K, committed 512K, reserved 1048576K
}
Event: 596.905 GC heap before
{Heap before GC invocations=562 (full 0):
 garbage-first heap   total 339968K, used 224730K [0x0000000081400000, 0x0000000100000000)
  region size 1024K, 199 young (203776K), 1 survivors (1024K)
 Metaspace       used 5880K, committed 6080K, reserved 1056768K
  class space    used 426K, committed 512K, reserved 1048576K
}
Event: 596.907 GC heap after
{Heap after GC invocations=563 (full 0):
 garbage-first heap   total 339968K, used 21929K [0x0000000081400000, 0x0000000100000000)
  region size 1024K, 1 young (1024K), 1 survivors (1024K)
 Metaspace       used 5880K, committed 6080K, reserved 1056768K
  class space    used 426K, committed 512K, reserved 1048576K
}
Event: 598.670 GC heap before
{Heap before GC invocations=563 (full 0):
 garbage-first heap   total 339968K, used 224681K [0x0000000081400000, 0x0000000100000000)
  region size 1024K, 199 young (203776K), 1 survivors (1024K)
 Metaspace       used 5880K, committed 6080K, reserved 1056768K
  class space    used 426K, committed 512K, reserved 1048576K
}
Event: 598.671 GC heap after
{Heap after GC invocations=564 (full 0):
 garbage-first heap   total 339968K, used 21950K [0x0000000081400000, 0x0000000100000000)
  region size 1024K, 1 young (1024K), 1 survivors (1024K)
 Metaspace       used 5880K, committed 6080K, reserved 1056768K
  class space    used 426K, committed 512K, reserved 1048576K
}
Event: 600.108 GC heap before
{Heap before GC invocations=564 (full 0):
 garbage-first heap   total 339968K, used 224702K [0x0000000081400000, 0x0000000100000000)
  region size 1024K, 199 young (203776K), 1 survivors (1024K)
 Metaspace       used 5880K, committed 6080K, reserved 1056768K
  class space    used 426K, committed 512K, reserved 1048576K
}
Event: 600.110 GC heap after
{Heap after GC invocations=565 (full 0):
 garbage-first heap   total 339968K, used 21982K [0x0000000081400000, 0x0000000100000000)
  region size 1024K, 1 young (1024K), 1 survivors (1024K)
 Metaspace       used 5880K, committed 6080K, reserved 1056768K
  class space    used 426K, committed 512K, reserved 1048576K
}
Event: 602.051 GC heap before
{Heap before GC invocations=565 (full 0):
 garbage-first heap   total 339968K, used 224734K [0x0000000081400000, 0x0000000100000000)
  region size 1024K, 199 young (203776K), 1 survivors (1024K)
 Metaspace       used 5880K, committed 6080K, reserved 1056768K
  class space    used 426K, committed 512K, reserved 1048576K
}
Event: 602.053 GC heap after
{Heap after GC invocations=566 (full 0):
 garbage-first heap   total 339968K, used 21971K [0x0000000081400000, 0x0000000100000000)
  region size 1024K, 1 young (1024K), 1 survivors (1024K)
 Metaspace       used 5880K, committed 6080K, reserved 1056768K
  class space    used 426K, committed 512K, reserved 1048576K
}
Event: 603.875 GC heap before
{Heap before GC invocations=566 (full 0):
 garbage-first heap   total 339968K, used 224723K [0x0000000081400000, 0x0000000100000000)
  region size 1024K, 199 young (203776K), 1 survivors (1024K)
 Metaspace       used 5880K, committed 6080K, reserved 1056768K
  class space    used 426K, committed 512K, reserved 1048576K
}
Event: 603.877 GC heap after
{Heap after GC invocations=567 (full 0):
 garbage-first heap   total 339968K, used 22168K [0x0000000081400000, 0x0000000100000000)
  region size 1024K, 2 young (2048K), 2 survivors (2048K)
 Metaspace       used 5880K, committed 6080K, reserved 1056768K
  class space    used 426K, committed 512K, reserved 1048576K
}
Event: 605.553 GC heap before
{Heap before GC invocations=567 (full 0):
 garbage-first heap   total 339968K, used 223896K [0x0000000081400000, 0x0000000100000000)
  region size 1024K, 199 young (203776K), 2 survivors (2048K)
 Metaspace       used 5880K, committed 6080K, reserved 1056768K
  class space    used 426K, committed 512K, reserved 1048576K
}
Event: 605.555 GC heap after
{Heap after GC invocations=568 (full 0):
 garbage-first heap   total 339968K, used 22116K [0x0000000081400000, 0x0000000100000000)
  region size 1024K, 2 young (2048K), 2 survivors (2048K)
 Metaspace       used 5880K, committed 6080K, reserved 1056768K
  class space    used 426K, committed 512K, reserved 1048576K
}
Event: 606.704 GC heap before
{Heap before GC invocations=568 (full 0):
 garbage-first heap   total 339968K, used 223844K [0x0000000081400000, 0x0000000100000000)
  region size 1024K, 199 young (203776K), 2 survivors (2048K)
 Metaspace       used 5880K, committed 6080K, reserved 1056768K
  class space    used 426K, committed 512K, reserved 1048576K
}
Event: 606.706 GC heap after
{Heap after GC invocations=569 (full 0):
 garbage-first heap   total 339968K, used 22160K [0x0000000081400000, 0x0000000100000000)
  region size 1024K, 2 young (2048K), 2 survivors (2048K)
 Metaspace       used 5880K, committed 6080K, reserved 1056768K
  class space    used 426K, committed 512K, reserved 1048576K
}
Event: 608.323 GC heap before
{Heap before GC invocations=569 (full 0):
 garbage-first heap   total 339968K, used 223888K [0x0000000081400000, 0x0000000100000000)
  region size 1024K, 199 young (203776K), 2 survivors (2048K)
 Metaspace       used 5880K, committed 6080K, reserved 1056768K
  class space    used 426K, committed 512K, reserved 1048576K
}
Event: 608.324 GC heap after
{Heap after GC invocations=570 (full 0):
 garbage-first heap   total 339968K, used 22302K [0x0000000081400000, 0x0000000100000000)
  region size 1024K, 2 young (2048K), 2 survivors (2048K)
 Metaspace       used 5880K, committed 6080K, reserved 1056768K
  class space    used 426K, committed 512K, reserved 1048576K
}
Event: 611.877 GC heap before
{Heap before GC invocations=570 (full 0):
 garbage-first heap   total 339968K, used 224030K [0x0000000081400000, 0x0000000100000000)
  region size 1024K, 199 young (203776K), 2 survivors (2048K)
 Metaspace       used 5880K, committed 6080K, reserved 1056768K
  class space    used 426K, committed 512K, reserved 1048576K
}
Event: 611.878 GC heap after
{Heap after GC invocations=571 (full 0):
 garbage-first heap   total 339968K, used 22004K [0x0000000081400000, 0x0000000100000000)
  region size 1024K, 1 young (1024K), 1 survivors (1024K)
 Metaspace       used 5880K, committed 6080K, reserved 1056768K
  class space    used 426K, committed 512K, reserved 1048576K
}

Deoptimization events (20 events):
Event: 328.988 Thread 0x00000256067f34f0 Uncommon trap: trap_request=0xffffffbe fr.pc=0x0000025616e7da14 relative=0x00000000000017d4
Event: 328.988 Thread 0x00000256067f34f0 Uncommon trap: reason=profile_predicate action=maybe_recompile pc=0x0000025616e7da14 method=optimisation.triangulations.AllPulsarsAsNeighbours.createRandomLinks(Ljava/util/List;Lobservation/Pointable;DLsimulation/Clock;Lastrometrics/Location;)V @ 26 c2
Event: 328.988 Thread 0x00000256067f34f0 DEOPT PACKING pc=0x0000025616e7da14 sp=0x00000068c5eff3a0
Event: 328.988 Thread 0x00000256067f34f0 DEOPT UNPACKING pc=0x000002560f1fd72e sp=0x00000068c5eff368 mode 2
Event: 329.784 Thread 0x00000256067f34f0 Uncommon trap: trap_request=0xffffffbe fr.pc=0x0000025616e7da14 relative=0x00000000000017d4
Event: 329.784 Thread 0x00000256067f34f0 Uncommon trap: reason=profile_predicate action=maybe_recompile pc=0x0000025616e7da14 method=optimisation.triangulations.AllPulsarsAsNeighbours.createRandomLinks(Ljava/util/List;Lobservation/Pointable;DLsimulation/Clock;Lastrometrics/Location;)V @ 26 c2
Event: 329.784 Thread 0x00000256067f34f0 DEOPT PACKING pc=0x0000025616e7da14 sp=0x00000068c5eff3a0
Event: 329.784 Thread 0x00000256067f34f0 DEOPT UNPACKING pc=0x000002560f1fd72e sp=0x00000068c5eff368 mode 2
Event: 331.082 Thread 0x00000256067f34f0 Uncommon trap: trap_request=0xffffffbe fr.pc=0x0000025616e7da14 relative=0x00000000000017d4
Event: 331.082 Thread 0x00000256067f34f0 Uncommon trap: reason=profile_predicate action=maybe_recompile pc=0x0000025616e7da14 method=optimisation.triangulations.AllPulsarsAsNeighbours.createRandomLinks(Ljava/util/List;Lobservation/Pointable;DLsimulation/Clock;Lastrometrics/Location;)V @ 26 c2
Event: 331.082 Thread 0x00000256067f34f0 DEOPT PACKING pc=0x0000025616e7da14 sp=0x00000068c5eff3a0
Event: 331.082 Thread 0x00000256067f34f0 DEOPT UNPACKING pc=0x000002560f1fd72e sp=0x00000068c5eff368 mode 2
Event: 335.280 Thread 0x00000256067f34f0 Uncommon trap: trap_request=0xffffffbe fr.pc=0x0000025616e8155c relative=0x000000000000181c
Event: 335.280 Thread 0x00000256067f34f0 Uncommon trap: reason=profile_predicate action=maybe_recompile pc=0x0000025616e8155c method=optimisation.triangulations.AllPulsarsAsNeighbours.createRandomLinks(Ljava/util/List;Lobservation/Pointable;DLsimulation/Clock;Lastrometrics/Location;)V @ 175 c2
Event: 335.280 Thread 0x00000256067f34f0 DEOPT PACKING pc=0x0000025616e8155c sp=0x00000068c5eff3a0
Event: 335.280 Thread 0x00000256067f34f0 DEOPT UNPACKING pc=0x000002560f1fd72e sp=0x00000068c5eff370 mode 2
Event: 336.436 Thread 0x00000256067f34f0 Uncommon trap: trap_request=0xffffffbe fr.pc=0x0000025616e8155c relative=0x000000000000181c
Event: 336.436 Thread 0x00000256067f34f0 Uncommon trap: reason=profile_predicate action=maybe_recompile pc=0x0000025616e8155c method=optimisation.triangulations.AllPulsarsAsNeighbours.createRandomLinks(Ljava/util/List;Lobservation/Pointable;DLsimulation/Clock;Lastrometrics/Location;)V @ 175 c2
Event: 336.436 Thread 0x00000256067f34f0 DEOPT PACKING pc=0x0000025616e8155c sp=0x00000068c5eff3a0
Event: 336.436 Thread 0x00000256067f34f0 DEOPT UNPACKING pc=0x000002560f1fd72e sp=0x00000068c5eff370 mode 2

Classes unloaded (0 events):
No events

Classes redefined (0 events):
No events

Internal exceptions (20 events):
Event: 0.166 Thread 0x0000025625a28070 Exception <a 'java/lang/NoSuchMethodError'{0x00000000891c5f58}: 'java.lang.Object java.lang.invoke.DirectMethodHandle$Holder.invokeStatic(java.lang.Object)'> (0x00000000891c5f58) 
thrown [e:\jenkins\tmp\workspace\build\src\src\hotspot\share\interpreter\linkResolver.cpp, line 790]
Event: 0.166 Thread 0x0000025625a28070 Exception <a 'java/lang/NoSuchMethodError'{0x00000000891c9868}: 'java.lang.Object java.lang.invoke.DirectMethodHandle$Holder.invokeStaticInit(java.lang.Object)'> (0x00000000891c9868) 
thrown [e:\jenkins\tmp\workspace\build\src\src\hotspot\share\interpreter\linkResolver.cpp, line 790]
Event: 0.173 Thread 0x0000025625a28070 Exception <a 'java/lang/NoSuchMethodError'{0x00000000891d7560}: 'void java.lang.invoke.DirectMethodHandle$Holder.invokeStatic(java.lang.Object, java.lang.Object)'> (0x00000000891d7560) 
thrown [e:\jenkins\tmp\workspace\build\src\src\hotspot\share\interpreter\linkResolver.cpp, line 790]
Event: 1.318 Thread 0x00000256067f34f0 Exception <a 'java/lang/NoSuchMethodError'{0x00000000887d7930}: 'java.lang.Object java.lang.invoke.DirectMethodHandle$Holder.invokeStaticInit(java.lang.Object, int, int, int, int)'> (0x00000000887d7930) 
thrown [e:\jenkins\tmp\workspace\build\src\src\hotspot\share\interpreter\linkResolver.cpp, line 790]
Event: 1.401 Thread 0x00000256067f34f0 Exception <a 'java/lang/NoSuchMethodError'{0x000000008865fd48}: 'java.lang.Object java.lang.invoke.DirectMethodHandle$Holder.invokeStaticInit(java.lang.Object, java.lang.Object, int, int, int, int)'> (0x000000008865fd48) 
thrown [e:\jenkins\tmp\workspace\build\src\src\hotspot\share\interpreter\linkResolver.cpp, line 790]
Event: 1.406 Thread 0x00000256067f34f0 Exception <a 'java/lang/NoSuchMethodError'{0x0000000088669ee8}: 'void java.lang.invoke.DirectMethodHandle$Holder.invokeStatic(java.lang.Object, java.lang.Object, java.lang.Object)'> (0x0000000088669ee8) 
thrown [e:\jenkins\tmp\workspace\build\src\src\hotspot\share\interpreter\linkResolver.cpp, line 790]
Event: 1.406 Thread 0x00000256067f34f0 Exception <a 'java/lang/NoSuchMethodError'{0x0000000088670aa8}: 'void java.lang.invoke.DirectMethodHandle$Holder.invokeSpecial(java.lang.Object, java.lang.Object, java.lang.Object)'> (0x0000000088670aa8) 
thrown [e:\jenkins\tmp\workspace\build\src\src\hotspot\share\interpreter\linkResolver.cpp, line 790]
Event: 1.426 Thread 0x00000256067f34f0 Exception <a 'java/lang/NoSuchMethodError'{0x00000000886f5528}: 'java.lang.Object java.lang.invoke.DirectMethodHandle$Holder.invokeInterface(java.lang.Object, java.lang.Object)'> (0x00000000886f5528) 
thrown [e:\jenkins\tmp\workspace\build\src\src\hotspot\share\interpreter\linkResolver.cpp, line 790]
Event: 1.444 Thread 0x00000256067f34f0 Exception <a 'java/lang/NoSuchMethodError'{0x000000008855a4b8}: 'java.lang.Object java.lang.invoke.DirectMethodHandle$Holder.invokeStatic(java.lang.Object, int, java.lang.Object)'> (0x000000008855a4b8) 
thrown [e:\jenkins\tmp\workspace\build\src\src\hotspot\share\interpreter\linkResolver.cpp, line 790]
Event: 1.446 Thread 0x00000256067f34f0 Exception <a 'sun/nio/fs/WindowsException'{0x0000000088563320}> (0x0000000088563320) 
thrown [e:\jenkins\tmp\workspace\build\src\src\hotspot\share\prims\jni.cpp, line 579]
Event: 1.446 Thread 0x00000256067f34f0 Exception <a 'sun/nio/fs/WindowsException'{0x0000000088563618}> (0x0000000088563618) 
thrown [e:\jenkins\tmp\workspace\build\src\src\hotspot\share\prims\jni.cpp, line 579]
Event: 1.447 Thread 0x00000256067f34f0 Exception <a 'sun/nio/fs/WindowsException'{0x0000000088564740}> (0x0000000088564740) 
thrown [e:\jenkins\tmp\workspace\build\src\src\hotspot\share\prims\jni.cpp, line 579]
Event: 1.447 Thread 0x00000256067f34f0 Exception <a 'sun/nio/fs/WindowsException'{0x0000000088564a90}> (0x0000000088564a90) 
thrown [e:\jenkins\tmp\workspace\build\src\src\hotspot\share\prims\jni.cpp, line 579]
Event: 75.140 Thread 0x00000256067f34f0 Exception <a 'java/lang/NoSuchMethodError'{0x00000000905382c0}: 'java.lang.Object java.lang.invoke.DirectMethodHandle$Holder.invokeSpecial(java.lang.Object, java.lang.Object, long, int, int, int, int, int, int)'> (0x00000000905382c0) 
thrown [e:\jenkins\tmp\workspace\build\src\src\hotspot\share\interpreter\linkResolver.cpp, line 790]
Event: 75.140 Thread 0x00000256067f34f0 Exception <a 'java/lang/NoSuchMethodError'{0x000000009053bfd8}: 'java.lang.Object java.lang.invoke.DelegatingMethodHandle$Holder.reinvoke_L(java.lang.Object, long, int, int, int, int, int, int)'> (0x000000009053bfd8) 
thrown [e:\jenkins\tmp\workspace\build\src\src\hotspot\share\interpreter\linkResolver.cpp, line 790]
Event: 75.146 Thread 0x00000256067f34f0 Exception <a 'java/lang/NoSuchMethodError'{0x00000000905b6378}: 'java.lang.Object java.lang.invoke.Invokers$Holder.linkToTargetMethod(java.lang.Object, java.lang.Object, int, java.lang.Object, java.lang.Object)'> (0x00000000905b6378) 
thrown [e:\jenkins\tmp\workspace\build\src\src\hotspot\share\interpreter\linkResolver.cpp, line 790]
Event: 75.147 Thread 0x00000256067f34f0 Implicit null exception at 0x0000025616d0e4f7 to 0x0000025616d0e569
Event: 75.155 Thread 0x00000256067f34f0 Exception <a 'java/lang/NoSuchMethodError'{0x00000000904408b8}: 'java.lang.Object java.lang.invoke.Invokers$Holder.linkToTargetMethod(java.lang.Object, long, java.lang.Object)'> (0x00000000904408b8) 
thrown [e:\jenkins\tmp\workspace\build\src\src\hotspot\share\interpreter\linkResolver.cpp, line 790]
Event: 75.158 Thread 0x00000256067f34f0 Exception <a 'java/lang/NoSuchMethodError'{0x0000000090453328}: 'java.lang.Object java.lang.invoke.DirectMethodHandle$Holder.invokeSpecial(java.lang.Object, java.lang.Object, java.lang.Object, double)'> (0x0000000090453328) 
thrown [e:\jenkins\tmp\workspace\build\src\src\hotspot\share\interpreter\linkResolver.cpp, line 790]
Event: 76.244 Thread 0x00000256067f34f0 Implicit null exception at 0x0000025616d45d87 to 0x0000025616d485e4

Events (20 events):
Event: 595.527 Executing  VM operation: G1CollectForAllocation
Event: 595.529 Executing  VM operation: G1CollectForAllocation done
Event: 596.905 Executing  VM operation: G1CollectForAllocation
Event: 596.907 Executing  VM operation: G1CollectForAllocation done
Event: 598.670 Executing  VM operation: G1CollectForAllocation
Event: 598.671 Executing  VM operation: G1CollectForAllocation done
Event: 600.108 Executing  VM operation: G1CollectForAllocation
Event: 600.110 Executing  VM operation: G1CollectForAllocation done
Event: 602.051 Executing  VM operation: G1CollectForAllocation
Event: 602.053 Executing  VM operation: G1CollectForAllocation done
Event: 603.875 Executing  VM operation: G1CollectForAllocation
Event: 603.877 Executing  VM operation: G1CollectForAllocation done
Event: 605.553 Executing  VM operation: G1CollectForAllocation
Event: 605.555 Executing  VM operation: G1CollectForAllocation done
Event: 606.704 Executing  VM operation: G1CollectForAllocation
Event: 606.706 Executing  VM operation: G1CollectForAllocation done
Event: 608.323 Executing  VM operation: G1CollectForAllocation
Event: 608.324 Executing  VM operation: G1CollectForAllocation done
Event: 611.877 Executing  VM operation: G1CollectForAllocation
Event: 611.878 Executing  VM operation: G1CollectForAllocation done


Dynamic libraries:
0x00007ff653e00000 - 0x00007ff653e0e000 	C:\Users\hp\.jdks\temurin-16.0.2\bin\java.exe
0x00007ffa9fc70000 - 0x00007ffa9fe65000 	C:\WINDOWS\SYSTEM32\ntdll.dll
0x00007ffa9e1b0000 - 0x00007ffa9e26e000 	C:\WINDOWS\System32\KERNEL32.DLL
0x00007ffa9d940000 - 0x00007ffa9dc09000 	C:\WINDOWS\System32\KERNELBASE.dll
0x00007ffa9d570000 - 0x00007ffa9d670000 	C:\WINDOWS\System32\ucrtbase.dll
0x00007ffa7b460000 - 0x00007ffa7b479000 	C:\Users\hp\.jdks\temurin-16.0.2\bin\VCRUNTIME140.dll
0x00007ffa849e0000 - 0x00007ffa849f8000 	C:\Users\hp\.jdks\temurin-16.0.2\bin\jli.dll
0x00007ffa9dd20000 - 0x00007ffa9dec1000 	C:\WINDOWS\System32\USER32.dll
0x00007ffa80920000 - 0x00007ffa80bba000 	C:\WINDOWS\WinSxS\amd64_microsoft.windows.common-controls_6595b64144ccf1df_6.0.19041.1110_none_60b5254171f9507e\COMCTL32.dll
0x00007ffa9d910000 - 0x00007ffa9d932000 	C:\WINDOWS\System32\win32u.dll
0x00007ffa9e9b0000 - 0x00007ffa9ea4e000 	C:\WINDOWS\System32\msvcrt.dll
0x00007ffa9ded0000 - 0x00007ffa9defb000 	C:\WINDOWS\System32\GDI32.dll
0x00007ffa9d6a0000 - 0x00007ffa9d7ab000 	C:\WINDOWS\System32\gdi32full.dll
0x00007ffa9d390000 - 0x00007ffa9d42d000 	C:\WINDOWS\System32\msvcp_win.dll
0x00007ffa9e980000 - 0x00007ffa9e9b0000 	C:\WINDOWS\System32\IMM32.DLL
0x00007ffa91820000 - 0x00007ffa9182c000 	C:\Users\hp\.jdks\temurin-16.0.2\bin\vcruntime140_1.dll
0x00007ffa76460000 - 0x00007ffa764f1000 	C:\Users\hp\.jdks\temurin-16.0.2\bin\msvcp140.dll
0x00007ffa24fe0000 - 0x00007ffa25c17000 	C:\Users\hp\.jdks\temurin-16.0.2\bin\server\jvm.dll
0x00007ffa9f1f0000 - 0x00007ffa9f29c000 	C:\WINDOWS\System32\ADVAPI32.dll
0x00007ffa9e4f0000 - 0x00007ffa9e58b000 	C:\WINDOWS\System32\sechost.dll
0x00007ffa9e3a0000 - 0x00007ffa9e4ca000 	C:\WINDOWS\System32\RPCRT4.dll
0x00007ffa9f500000 - 0x00007ffa9f508000 	C:\WINDOWS\System32\PSAPI.DLL
0x00007ffa86b10000 - 0x00007ffa86b19000 	C:\WINDOWS\SYSTEM32\WSOCK32.dll
0x00007ffa859f0000 - 0x00007ffa85a17000 	C:\WINDOWS\SYSTEM32\WINMM.dll
0x00007ffa9c230000 - 0x00007ffa9c23a000 	C:\WINDOWS\SYSTEM32\VERSION.dll
0x00007ffa9f9b0000 - 0x00007ffa9fa1b000 	C:\WINDOWS\System32\WS2_32.dll
0x00007ffa9c1f0000 - 0x00007ffa9c202000 	C:\WINDOWS\SYSTEM32\kernel.appcore.dll
0x00007ffa848a0000 - 0x00007ffa848aa000 	C:\Users\hp\.jdks\temurin-16.0.2\bin\jimage.dll
0x00007ffa9b040000 - 0x00007ffa9b224000 	C:\WINDOWS\SYSTEM32\DBGHELP.DLL
0x00007ffa85660000 - 0x00007ffa8568c000 	C:\WINDOWS\SYSTEM32\dbgcore.DLL
0x00007ffa9d430000 - 0x00007ffa9d4b3000 	C:\WINDOWS\System32\bcryptPrimitives.dll
0x00007ffa84600000 - 0x00007ffa8460e000 	C:\Users\hp\.jdks\temurin-16.0.2\bin\instrument.dll
0x00007ffa78200000 - 0x00007ffa78225000 	C:\Users\hp\.jdks\temurin-16.0.2\bin\java.dll
0x00007ffa9eab0000 - 0x00007ffa9f1ef000 	C:\WINDOWS\System32\SHELL32.dll
0x00007ffa9ba60000 - 0x00007ffa9c1f0000 	C:\WINDOWS\SYSTEM32\windows.storage.dll
0x00007ffa9e620000 - 0x00007ffa9e975000 	C:\WINDOWS\System32\combase.dll
0x00007ffa9cde0000 - 0x00007ffa9ce0c000 	C:\WINDOWS\SYSTEM32\Wldp.dll
0x00007ffa9df00000 - 0x00007ffa9dfae000 	C:\WINDOWS\System32\SHCORE.dll
0x00007ffa9ea50000 - 0x00007ffa9eaa5000 	C:\WINDOWS\System32\shlwapi.dll
0x00007ffa9d2d0000 - 0x00007ffa9d2ef000 	C:\WINDOWS\SYSTEM32\profapi.dll
0x00007ffa76440000 - 0x00007ffa76458000 	C:\Users\hp\.jdks\temurin-16.0.2\bin\zip.dll
0x00007ffa781e0000 - 0x00007ffa781f9000 	C:\Users\hp\.jdks\temurin-16.0.2\bin\net.dll
0x00007ffa8a2f0000 - 0x00007ffa8a3f8000 	C:\WINDOWS\SYSTEM32\WINHTTP.dll
0x00007ffa9cb40000 - 0x00007ffa9cbaa000 	C:\WINDOWS\system32\mswsock.dll
0x00007ffa76a50000 - 0x00007ffa76a63000 	C:\Users\hp\.jdks\temurin-16.0.2\bin\nio.dll
0x00007ffa6ef20000 - 0x00007ffa6ef3a000 	C:\Program Files\JetBrains\IntelliJ IDEA 2021.1.2\bin\breakgen64.dll
0x000000006f880000 - 0x000000006f8aa000 	D:\Repos\radiotelescopescheduling\norad\norad.dll
0x000000006fc40000 - 0x000000006fda2000 	C:\Users\hp\Anaconda3\Library\mingw-w64\bin\libstdc++-6.dll
0x0000000061440000 - 0x000000006145c000 	C:\Users\hp\Anaconda3\Library\mingw-w64\bin\libgcc_s_seh-1.dll
0x0000000064940000 - 0x0000000064955000 	C:\Users\hp\Anaconda3\Library\mingw-w64\bin\libwinpthread-1.dll
0x0000000070980000 - 0x00000000709c4000 	D:\Repos\radiotelescopescheduling\novas\novas.dll
0x00007ffa9cd40000 - 0x00007ffa9cd58000 	C:\WINDOWS\SYSTEM32\CRYPTSP.dll
0x00007ffa9c450000 - 0x00007ffa9c484000 	C:\WINDOWS\system32\rsaenh.dll
0x00007ffa9d670000 - 0x00007ffa9d697000 	C:\WINDOWS\System32\bcrypt.dll
0x00007ffa9d290000 - 0x00007ffa9d2be000 	C:\WINDOWS\SYSTEM32\USERENV.dll
0x00007ffa9cd30000 - 0x00007ffa9cd3c000 	C:\WINDOWS\SYSTEM32\CRYPTBASE.dll
0x00007ffa9c7e0000 - 0x00007ffa9c81b000 	C:\WINDOWS\SYSTEM32\IPHLPAPI.DLL
0x00007ffa9e4e0000 - 0x00007ffa9e4e8000 	C:\WINDOWS\System32\NSI.dll
0x00007ffa9a910000 - 0x00007ffa9a927000 	C:\WINDOWS\SYSTEM32\dhcpcsvc6.DLL
0x00007ffa9a8f0000 - 0x00007ffa9a90d000 	C:\WINDOWS\SYSTEM32\dhcpcsvc.DLL
0x00007ffa9c820000 - 0x00007ffa9c8ec000 	C:\WINDOWS\SYSTEM32\DNSAPI.dll
0x00007ffa23450000 - 0x00007ffa24fd5000 	C:\Users\hp\AppData\Local\Temp\ortools-java2870510234820872401\win32-x86-64\jniortools.dll

dbghelp: loaded successfully - version: 4.0.5 - missing functions: none
symbol engine: initialized successfully - sym options: 0x614 - pdb path: .;C:\Users\hp\.jdks\temurin-16.0.2\bin;C:\WINDOWS\SYSTEM32;C:\WINDOWS\WinSxS\amd64_microsoft.windows.common-controls_6595b64144ccf1df_6.0.19041.1110_none_60b5254171f9507e;C:\Users\hp\.jdks\temurin-16.0.2\bin\server;C:\Program Files\JetBrains\IntelliJ IDEA 2021.1.2\bin;D:\Repos\radiotelescopescheduling\norad;C:\Users\hp\Anaconda3\Library\mingw-w64\bin;D:\Repos\radiotelescopescheduling\novas;C:\Users\hp\AppData\Local\Temp\ortools-java2870510234820872401\win32-x86-64

VM Arguments:
jvm_args: -Djava.library.path=D:\Repos\radiotelescopescheduling\norad;D:\Repos\radiotelescopescheduling\novas -javaagent:C:\Program Files\JetBrains\IntelliJ IDEA 2021.1.2\lib\idea_rt.jar=58202:C:\Program Files\JetBrains\IntelliJ IDEA 2021.1.2\bin -Dfile.encoding=UTF-8 
java_command: SchedulingMain
java_class_path (initial): D:\Repos\radiotelescopescheduling\out\production\radiotelescopescheduling;C:\Users\hp\.m2\repository\org\mongodb\bson\4.3.2\bson-4.3.2.jar;C:\Users\hp\.m2\repository\net\java\dev\jna\jna\5.8.0\jna-5.8.0.jar;C:\Users\hp\.m2\repository\net\java\dev\jna\jna-platform\5.8.0\jna-platform-5.8.0.jar;C:\Users\hp\.m2\repository\org\mongodb\mongodb-driver-core\4.2.3\mongodb-driver-core-4.2.3.jar;C:\Users\hp\.m2\repository\org\mongodb\bson\4.2.3\bson-4.2.3.jar;C:\Users\hp\.m2\repository\org\mongodb\mongo-java-driver\3.12.8\mongo-java-driver-3.12.8.jar;C:\Users\hp\.m2\repository\com\google\ortools\ortools-java\8.2.9025\ortools-java-8.2.9025.jar;C:\Users\hp\.m2\repository\com\google\ortools\ortools-linux-x86-64\8.2.9025\ortools-linux-x86-64-8.2.9025.jar;C:\Users\hp\.m2\repository\com\google\ortools\ortools-darwin-x86-64\8.2.9025\ortools-darwin-x86-64-8.2.9025.jar;C:\Users\hp\.m2\repository\com\google\ortools\ortools-win32-x86-64\8.2.9025\ortools-win32-x86-64-8.2.9025.jar;C:\Users\hp\.m2\repository\com\google\protobuf\protobuf-java\3.15.7\protobuf-java-3.15.7.jar;C:\Users\hp\.m2\repository\com\google\protobuf\protobuf-java\3.17.3\protobuf-java-3.17.3.jar
Launcher Type: SUN_STANDARD

[Global flags]
     intx CICompilerCount                          = 4                                         {product} {ergonomic}
     uint ConcGCThreads                            = 2                                         {product} {ergonomic}
     uint G1ConcRefinementThreads                  = 8                                         {product} {ergonomic}
   size_t G1HeapRegionSize                         = 1048576                                   {product} {ergonomic}
    uintx GCDrainStackTargetSize                   = 64                                        {product} {ergonomic}
   size_t InitialHeapSize                          = 134217728                                 {product} {ergonomic}
   size_t MarkStackSize                            = 4194304                                   {product} {ergonomic}
   size_t MaxHeapSize                              = 2126512128                                {product} {ergonomic}
   size_t MaxNewSize                               = 1275068416                                {product} {ergonomic}
   size_t MinHeapDeltaBytes                        = 1048576                                   {product} {ergonomic}
   size_t MinHeapSize                              = 8388608                                   {product} {ergonomic}
    uintx NonNMethodCodeHeapSize                   = 5839372                                {pd product} {ergonomic}
    uintx NonProfiledCodeHeapSize                  = 122909434                              {pd product} {ergonomic}
    uintx ProfiledCodeHeapSize                     = 122909434                              {pd product} {ergonomic}
    uintx ReservedCodeCacheSize                    = 251658240                              {pd product} {ergonomic}
     bool SegmentedCodeCache                       = true                                      {product} {ergonomic}
   size_t SoftMaxHeapSize                          = 2126512128                             {manageable} {ergonomic}
     bool UseCompressedClassPointers               = true                           {product lp64_product} {ergonomic}
     bool UseCompressedOops                        = true                           {product lp64_product} {ergonomic}
     bool UseG1GC                                  = true                                      {product} {ergonomic}
     bool UseLargePagesIndividualAllocation        = false                                  {pd product} {ergonomic}

Logging:
Log output configuration:
 #0: stdout all=warning uptime,level,tags
 #1: stderr all=off uptime,level,tags

Environment Variables:
JAVA_HOME=C:\Program Files\Amazon Corretto\jdk11.0.8_10
PATH=C:\Program Files\Alacritty\;C:\Program Files\Amazon Corretto\jdk11.0.8_10\bin;C:\WINDOWS\system32;C:\WINDOWS;C:\WINDOWS\System32\Wbem;C:\WINDOWS\System32\WindowsPowerShell\v1.0\;C:\WINDOWS\System32\OpenSSH\;C:\Program Files (x86)\Java\jre1.8.0_231\bin;C:\Program Files\nodejs\;C:\ProgramData\chocolatey\bin;C:\Program Files\Git\cmd;C:\Python27;C:\Python27\Scripts;C:\Program Files (x86)\Plantronics\Spokes3G\;C:\Program Files\MATLAB\R2020a\bin;C:\Go\bin;C:\Neovim\bin;C:\Users\hp\AppData\Local\Android\Sdk\platform-tools;C:\Program Files (x86)\Calibre2\;C:\altera\13.0sp1\quartus\bin;C:\Program Files (x86)\Gpg4win\..\GnuPG\bin;C:\Users\hp\.jdks\corretto-1.8.0_292\bin;C:\apache-maven-3.8.1-bin\apache-maven-3.8.1\bin;C:\Program Files\MySQL\MySQL Shell 8.0\bin\;C:\Ruby26-x64\bin;C:\Users\hp\Anaconda3;C:\Users\hp\Anaconda3\Library\mingw-w64\bin;C:\Users\hp\Anaconda3\Library\usr\bin;C:\Users\hp\Anaconda3\Library\bin;C:\Users\hp\Anaconda3\Scripts;C:\Users\hp\AppData\Local\Microsoft\WindowsApps;C:\Users\hp\AppData\Local\Programs\Microsoft VS Code\bin;C:\Users\hp\AppData\Roaming\npm;C:\flutter\bin;C:\Users\hp\AppData\Local\GitHubDesktop\bin;C:\tools\dart-sdk\bin;C:\Users\hp\AppData\Roaming\Pub\Cache\bin;C:\Program Files\JetBrains\PyCharm Community Edition 2019.3.3\bin;;C:\Modeltech_pe_edu_10.4a\win32pe_edu;C:\altera\13.0sp1\modelsim_ase\win32aloem;C:\Users\hp\AppData\Local\Programs\MiKTeX 2.9\miktex\bin\x64\;C:\Users\hp\AppData\Local\hyper\app-3.0.2\resources\bin;C:\Program Files\heroku\bin;C:\Users\hp\go\bin;C:\intelFPGA_lite\18.1\modelsim_ase\win32aloem;C:\Users\hp\AppData\Local\Microsoft\WindowsApps;C:\Program Files\JetBrains\IntelliJ IDEA 2021.1.2\bin;;C:\Program Files\mingw-w64\x86_64-8.1.0-posix-seh-rt_v6-rev0\mingw64\bin;;C:\Program Files\JetBrains\GoLand 2021.1.3\bin;;C:\Users\hp\AppData\Local\Keybase\
USERNAME=hp
OS=Windows_NT
PROCESSOR_IDENTIFIER=Intel64 Family 6 Model 142 Stepping 10, GenuineIntel



---------------  S Y S T E M  ---------------

OS:
 Windows 10 , 64 bit Build 19041 (10.0.19041.1202)
OS uptime: 1 days 6:00 hours
Hyper-V role detected

CPU: total 8 (initial active 8) (4 cores per cpu, 2 threads per core) family 6 model 142 stepping 10 microcode 0xb4, cx8, cmov, fxsr, ht, mmx, 3dnowpref, sse, sse2, sse3, ssse3, sse4.1, sse4.2, popcnt, lzcnt, tsc, tscinvbit, avx, avx2, aes, erms, clmul, bmi1, bmi2, adx, fma, vzeroupper, clflush, clflushopt, hv

Memory: 4k page, system-wide physical 8108M (1189M free)
TotalPageFile size 20908M (AvailPageFile size 6395M)
current process WorkingSet (physical memory assigned to process): 471M, peak: 493M
current process commit charge ("private bytes"): 557M, peak: 588M

vm_info: OpenJDK 64-Bit Server VM (16.0.2+7) for windows-amd64 JRE (16.0.2+7), built on Jul 22 2021 15:19:09 by "" with MS VC++ 16.7 (VS2019)

END.
