#
# A fatal error has been detected by the Java Runtime Environment:
#
#  EXCEPTION_ACCESS_VIOLATION (0xc0000005) at pc=0x00007ffd1f04a03c, pid=11836, tid=16636
#
# JRE version: Java(TM) SE Runtime Environment (13.0.1+9) (build 13.0.1+9)
# Java VM: Java HotSpot(TM) 64-Bit Server VM (13.0.1+9, mixed mode, sharing, tiered, compressed oops, g1 gc, windows-amd64)
# Problematic frame:
# C  [gurobi95.dll+0x6fa03c]
#
# No core dump will be written. Minidumps are not enabled by default on client versions of Windows
#
# If you would like to submit a bug report, please visit:
#   http://bugreport.java.com/bugreport/crash.jsp
# The crash happened outside the Java Virtual Machine in native code.
# See problematic frame for where to report the bug.
#

---------------  S U M M A R Y ------------

Command Line: -Djava.library.path=G:\UOA_Courses\thesis\project\radiotelescopescheduling\norad;G:\UOA_Courses\thesis\project\radiotelescopescheduling\novas;C:\gurobi952\win64\lib;C:\gurobi952\win64\bin -javaagent:D:\Program Files\JetBrains\IntelliJ IDEA 2021.3.2\lib\idea_rt.jar=5867:D:\Program Files\JetBrains\IntelliJ IDEA 2021.3.2\bin -Dfile.encoding=UTF-8 SchedulingMain

Host: Intel(R) Core(TM) i7-6700HQ CPU @ 2.60GHz, 8 cores, 7G,  Windows 10 , 64 bit Build 19041 (10.0.19041.2251)
Time: Sat Nov 26 14:06:24 2022 W. Europe Standard Time elapsed time: 6 seconds (0d 0h 0m 6s)

---------------  T H R E A D  ---------------

Current thread (0x000002b10ee0e000):  JavaThread "main" [_thread_in_native, id=16636, stack(0x000000f490c00000,0x000000f490d00000)]

Stack: [0x000000f490c00000,0x000000f490d00000],  sp=0x000000f490cff2b0,  free space=1020k
Native frames: (J=compiled Java code, j=interpreted, Vv=VM code, C=native code)
C  [gurobi95.dll+0x6fa03c]

Java frames: (J=compiled Java code, j=interpreted, Vv=VM code)
J 963  gurobi.GurobiJni.getattrinfo(JLjava/lang/String;[I)I (0 bytes) @ 0x000002b11ee5cbbe [0x000002b11ee5cb40+0x000000000000007e]
J 1104% c2 optimisation.MultiTelescopesMTSPPolicy.findNextPaths([Lobservation/Pointable;)[Lobservation/Connection; (1691 bytes) @ 0x000002b11ee905e4 [0x000002b11ee8efe0+0x0000000000001604]
j  optimisation.DispatchPolicy.nextMoves()V+39
j  optimisation.Scheduler.buildSchedule(Ljava/util/Properties;)V+702
j  simulation.Simulation.run()V+8
j  SchedulingMain.runRepeats(I)V+34
j  SchedulingMain.main([Ljava/lang/String;)V+40
v  ~StubRoutines::call_stub

siginfo: EXCEPTION_ACCESS_VIOLATION (0xc0000005), reading address 0x0000000000001ac4


Register to memory mapping:

RIP=0x00007ffd1f04a03c gurobi95.dll
RAX=0x0 is NULL
RBX=0x000000f490cff3b0 is pointing into the stack for thread: 0x000002b10ee0e000
RCX=0x0 is NULL
RDX=0x000002b12f813130 points into unknown readable memory: 10 33 81 2f b1 02 00 00
RSP=0x000000f490cff2b0 is pointing into the stack for thread: 0x000002b10ee0e000
RBP=0x000000f490cff348 is pointing into the stack for thread: 0x000002b10ee0e000
RSI=0x0000000082a08ca8 is an oop: [I 
{0x0000000082a08ca8} - klass: {type array int}
 - length: 1
RDI=0x0 is NULL
R8 =0x0000000000000357 is an unknown value
R9 =0x000000f490cff0a2 is pointing into the stack for thread: 0x000002b10ee0e000
R10=0x000000000000014d is an unknown value
R11=0x0000000000000038 is an unknown value
R12=0x000002b13160f590 points into unknown readable memory: 00 00 00 00 00 00 00 00
R13=0x000002b12fd8de90 points into unknown readable memory: 58 00 6e 00 b1 02 00 00
R14=0x000000f490cff340 is pointing into the stack for thread: 0x000002b10ee0e000
R15=0x000000f490cff344 is pointing into the stack for thread: 0x000002b10ee0e000


Registers:
RAX=0x0000000000000000, RBX=0x000000f490cff3b0, RCX=0x0000000000000000, RDX=0x000002b12f813130
RSP=0x000000f490cff2b0, RBP=0x000000f490cff348, RSI=0x0000000082a08ca8, RDI=0x0000000000000000
R8 =0x0000000000000357, R9 =0x000000f490cff0a2, R10=0x000000000000014d, R11=0x0000000000000038
R12=0x000002b13160f590, R13=0x000002b12fd8de90, R14=0x000000f490cff340, R15=0x000000f490cff344
RIP=0x00007ffd1f04a03c, EFLAGS=0x0000000000010202

Top of Stack: (sp=0x000000f490cff2b0)
0x000000f490cff2b0:   0000000000000000 000002b10ee0e310
0x000000f490cff2c0:   0000000000000000 0000000000000000
0x000000f490cff2d0:   0000000000000000 0000000000000000
0x000000f490cff2e0:   000000f490cff3f0 000002b13160f590
0x000000f490cff2f0:   000002b12fd8de90 000002b10ee0e310
0x000000f490cff300:   0000000000000000 00007ffd87e01068
0x000000f490cff310:   000000f490cff3b0 000000f490cff3f0
0x000000f490cff320:   0000000082a08ca8 000002b12fd8dd00
0x000000f490cff330:   000000f490cff348 000002b11ee7ff55
0x000000f490cff340:   ffffffffffffffff 00000000ffffffff
0x000000f490cff350:   0000000000000000 000002b10ee0e000
0x000000f490cff360:   000000f490cff3d8 000002b11ee9041c
0x000000f490cff370:   000000f490cff400 000002b11ee5cc5e
0x000000f490cff380:   0000000081ae0c50 000000f490cff388
0x000000f490cff390:   000000000000053d 0000000000000000
0x000000f490cff3a0:   000000f490cff3b8 000000f490cff3d8 

Instructions: (pc=0x00007ffd1f04a03c)
0x00007ffd1f049f3c:   cc cc cc cc cc cc cc cc cc cc cc cc cc cc cc cc
0x00007ffd1f049f4c:   cc cc cc cc cc cc cc cc cc cc cc cc cc cc cc cc
0x00007ffd1f049f5c:   cc cc cc cc cc cc cc cc cc cc cc cc cc cc cc cc
0x00007ffd1f049f6c:   cc cc cc cc cc cc cc cc cc cc cc cc cc cc cc cc
0x00007ffd1f049f7c:   cc cc cc cc cc cc cc cc cc cc cc cc cc cc cc cc
0x00007ffd1f049f8c:   cc cc cc cc cc cc cc cc cc cc cc cc cc cc cc cc
0x00007ffd1f049f9c:   cc cc cc cc cc cc cc cc cc cc cc cc cc cc cc cc
0x00007ffd1f049fac:   cc cc cc cc 41 54 41 55 41 56 41 57 55 48 83 ec
0x00007ffd1f049fbc:   30 4d 89 cf 4d 89 c6 49 89 d5 49 89 cc e8 af fc
0x00007ffd1f049fcc:   90 ff 85 c0 0f 85 88 00 00 00 4d 85 f6 74 07 41
0x00007ffd1f049fdc:   c7 06 ff ff ff ff 4d 85 ff 74 07 41 c7 07 ff ff
0x00007ffd1f049fec:   ff ff 48 8b ac 24 80 00 00 00 48 85 ed 74 07 c7
0x00007ffd1f049ffc:   45 00 ff ff ff ff 4c 89 e1 e8 73 fc 90 ff 85 c0
0x00007ffd1f04a00c:   0f 85 80 00 00 00 4c 89 e1 4c 89 ea e8 9e aa 90
0x00007ffd1f04a01c:   ff 83 f8 ff 74 4a 48 63 c0 49 8b 94 24 d8 02 00
0x00007ffd1f04a02c:   00 48 8b 4a 10 4c 8d 04 c0 33 c0 4d 85 f6 74 08
0x00007ffd1f04a03c:   42 8b 54 c1 0c 41 89 16 4d 85 ff 74 08 42 8b 54
0x00007ffd1f04a04c:   c1 10 41 89 17 48 85 ed 74 08 42 8b 54 c1 14 89
0x00007ffd1f04a05c:   55 00 48 83 c4 30 5d 41 5f 41 5e 41 5d 41 5c c3
0x00007ffd1f04a06c:   48 89 e0 4c 89 e1 ba 14 27 00 00 41 b8 01 00 00
0x00007ffd1f04a07c:   00 4c 8d 0d 90 c3 6f 01 4c 89 68 20 e8 e5 a2 90
0x00007ffd1f04a08c:   ff b8 14 27 00 00 48 83 c4 30 5d 41 5f 41 5e 41
0x00007ffd1f04a09c:   5d 41 5c c3 cc cc cc cc cc cc cc cc cc cc cc cc
0x00007ffd1f04a0ac:   cc cc cc cc cc cc cc cc cc cc cc cc cc cc cc cc
0x00007ffd1f04a0bc:   cc cc cc cc cc cc cc cc cc cc cc cc cc cc cc cc
0x00007ffd1f04a0cc:   cc cc cc cc cc cc cc cc cc cc cc cc cc cc cc cc
0x00007ffd1f04a0dc:   cc cc cc cc 57 41 54 41 55 48 83 ec 40 49 89 d4
0x00007ffd1f04a0ec:   48 89 cf e8 89 fb 90 ff 85 c0 0f 85 c5 00 00 00
0x00007ffd1f04a0fc:   48 85 ff 74 1b 83 7f 40 00 7e 15 48 89 f9 4c 89
0x00007ffd1f04a10c:   e2 e8 d6 90 90 ff 48 83 c4 40 41 5d 41 5c 5f c3
0x00007ffd1f04a11c:   48 89 f9 e8 59 fb 90 ff 85 c0 0f 85 61 01 00 00
0x00007ffd1f04a12c:   48 89 f9 4c 89 e2 e8 84 a9 90 ff 83 f8 ff 0f 84 


Stack slot to memory mapping:
stack at sp + 0 slots: 0x0 is NULL
stack at sp + 1 slots: 0x000002b10ee0e310 points into unknown readable memory: 50 e8 a4 37 fd 7f 00 00
stack at sp + 2 slots: 0x0 is NULL
stack at sp + 3 slots: 0x0 is NULL
stack at sp + 4 slots: 0x0 is NULL
stack at sp + 5 slots: 0x0 is NULL
stack at sp + 6 slots: 0x000000f490cff3f0 is pointing into the stack for thread: 0x000002b10ee0e000
stack at sp + 7 slots: 0x000002b13160f590 points into unknown readable memory: 00 00 00 00 00 00 00 00


---------------  P R O C E S S  ---------------

Threads class SMR info:
_java_thread_list=0x000002b1311f5860, length=11, elements={
0x000002b10ee0e000, 0x000002b12dcfb800, 0x000002b12dcff000, 0x000002b12e624800,
0x000002b12e625800, 0x000002b12e626800, 0x000002b12e627800, 0x000002b12e62c800,
0x000002b12dce4800, 0x000002b12e8f0800, 0x000002b12e8f1800
}

Java Threads: ( => current thread )
=>0x000002b10ee0e000 JavaThread "main" [_thread_in_native, id=16636, stack(0x000000f490c00000,0x000000f490d00000)]
  0x000002b12dcfb800 JavaThread "Reference Handler" daemon [_thread_blocked, id=5836, stack(0x000000f491300000,0x000000f491400000)]
  0x000002b12dcff000 JavaThread "Finalizer" daemon [_thread_blocked, id=10396, stack(0x000000f491400000,0x000000f491500000)]
  0x000002b12e624800 JavaThread "Signal Dispatcher" daemon [_thread_blocked, id=13380, stack(0x000000f491500000,0x000000f491600000)]
  0x000002b12e625800 JavaThread "Attach Listener" daemon [_thread_blocked, id=8740, stack(0x000000f491600000,0x000000f491700000)]
  0x000002b12e626800 JavaThread "C2 CompilerThread0" daemon [_thread_in_native, id=14288, stack(0x000000f491700000,0x000000f491800000)]
  0x000002b12e627800 JavaThread "C1 CompilerThread0" daemon [_thread_blocked, id=10180, stack(0x000000f491800000,0x000000f491900000)]
  0x000002b12e62c800 JavaThread "Sweeper thread" daemon [_thread_blocked, id=14712, stack(0x000000f491900000,0x000000f491a00000)]
  0x000002b12dce4800 JavaThread "Common-Cleaner" daemon [_thread_blocked, id=14656, stack(0x000000f491a00000,0x000000f491b00000)]
  0x000002b12e8f0800 JavaThread "Monitor Ctrl-Break" daemon [_thread_in_native, id=1192, stack(0x000000f491c00000,0x000000f491d00000)]
  0x000002b12e8f1800 JavaThread "Service Thread" daemon [_thread_blocked, id=15044, stack(0x000000f491d00000,0x000000f491e00000)]

Other Threads:
  0x000002b12dcfa800 VMThread "VM Thread" [stack: 0x000000f491200000,0x000000f491300000] [id=4664]
  0x000002b12e8f4800 WatcherThread [stack: 0x000000f491e00000,0x000000f491f00000] [id=8148]
  0x000002b10ee4d000 GCTaskThread "GC Thread#0" [stack: 0x000000f490d00000,0x000000f490e00000] [id=14488]
  0x000002b12efd5000 GCTaskThread "GC Thread#1" [stack: 0x000000f491f00000,0x000000f492000000] [id=12164]
  0x000002b12e94d800 GCTaskThread "GC Thread#2" [stack: 0x000000f492000000,0x000000f492100000] [id=8676]
  0x000002b10ee5f000 ConcurrentGCThread "G1 Main Marker" [stack: 0x000000f490e00000,0x000000f490f00000] [id=7404]
  0x000002b10ee62000 ConcurrentGCThread "G1 Conc#0" [stack: 0x000000f490f00000,0x000000f491000000] [id=10800]
  0x000002b12db75800 ConcurrentGCThread "G1 Refine#0" [stack: 0x000000f491000000,0x000000f491100000] [id=15080]
  0x000002b12db77000 ConcurrentGCThread "G1 Young RemSet Sampling" [stack: 0x000000f491100000,0x000000f491200000] [id=17284]

Threads with active compile tasks:
C2 CompilerThread0     6826 1111 % !   4       optimisation.MultiTelescopesMTSPPolicy::findNextPaths @ 632 (1691 bytes)

VM state:not at safepoint (normal execution)

VM Mutex/Monitor currently owned by a thread: None

Heap address: 0x0000000081a00000, size: 2022 MB, Compressed Oops mode: 32-bit
Narrow klass base: 0x0000000800000000, Narrow klass shift: 3
Compressed class space size: 1073741824 Address: 0x0000000800b40000

Heap:
 garbage-first heap   total 17408K, used 5084K [0x0000000081a00000, 0x0000000100000000)
  region size 1024K, 2 young (2048K), 1 survivors (1024K)
 Metaspace       used 2608K, capacity 5285K, committed 5504K, reserved 1056768K
  class space    used 214K, capacity 531K, committed 640K, reserved 1048576K
Heap Regions: E=young(eden), S=young(survivor), O=old, HS=humongous(starts), HC=humongous(continues), CS=collection set, F=free, A=archive, TAMS=top-at-mark-start (previous, next)
|   0|0x0000000081a00000, 0x0000000081affff8, 0x0000000081b00000| 99%| O|  |TAMS 0x0000000081a00000, 0x0000000081a00000| Untracked 
|   1|0x0000000081b00000, 0x0000000081c00000, 0x0000000081c00000|100%| O|  |TAMS 0x0000000081b00000, 0x0000000081b00000| Untracked 
|   2|0x0000000081c00000, 0x0000000081cfeac8, 0x0000000081d00000| 99%| O|  |TAMS 0x0000000081c00000, 0x0000000081c00000| Untracked 
|   3|0x0000000081d00000, 0x0000000081dfffe8, 0x0000000081e00000| 99%| O|  |TAMS 0x0000000081d00000, 0x0000000081d00000| Untracked 
|   4|0x0000000081e00000, 0x0000000081e43420, 0x0000000081f00000| 26%| O|  |TAMS 0x0000000081e00000, 0x0000000081e00000| Untracked 
|   5|0x0000000081f00000, 0x0000000081f00000, 0x0000000082000000|  0%| F|  |TAMS 0x0000000081f00000, 0x0000000081f00000| Untracked 
|   6|0x0000000082000000, 0x0000000082000000, 0x0000000082100000|  0%| F|  |TAMS 0x0000000082000000, 0x0000000082000000| Untracked 
|   7|0x0000000082100000, 0x0000000082100000, 0x0000000082200000|  0%| F|  |TAMS 0x0000000082100000, 0x0000000082100000| Untracked 
|   8|0x0000000082200000, 0x00000000822b53b0, 0x0000000082300000| 70%| S|CS|TAMS 0x0000000082200000, 0x0000000082200000| Complete 
|   9|0x0000000082300000, 0x0000000082300000, 0x0000000082400000|  0%| F|  |TAMS 0x0000000082300000, 0x0000000082300000| Untracked 
|  10|0x0000000082400000, 0x0000000082400000, 0x0000000082500000|  0%| F|  |TAMS 0x0000000082400000, 0x0000000082400000| Untracked 
|  11|0x0000000082500000, 0x0000000082500000, 0x0000000082600000|  0%| F|  |TAMS 0x0000000082500000, 0x0000000082500000| Untracked 
|  12|0x0000000082600000, 0x0000000082600000, 0x0000000082700000|  0%| F|  |TAMS 0x0000000082600000, 0x0000000082600000| Untracked 
|  13|0x0000000082700000, 0x0000000082700000, 0x0000000082800000|  0%| F|  |TAMS 0x0000000082700000, 0x0000000082700000| Untracked 
|  14|0x0000000082800000, 0x0000000082800000, 0x0000000082900000|  0%| F|  |TAMS 0x0000000082800000, 0x0000000082800000| Untracked 
|  15|0x0000000082900000, 0x0000000082900000, 0x0000000082a00000|  0%| F|  |TAMS 0x0000000082900000, 0x0000000082900000| Untracked 
|  16|0x0000000082a00000, 0x0000000082a22da8, 0x0000000082b00000| 13%| E|  |TAMS 0x0000000082a00000, 0x0000000082a00000| Complete 

Card table byte_map: [0x000002b126b50000,0x000002b126f50000] _byte_map_base: 0x000002b126743000

Marking Bits (Prev, Next): (CMBitMap*) 0x000002b10cc0e8a8, (CMBitMap*) 0x000002b10cc0e8e8
 Prev Bits: [0x000002b127350000, 0x000002b1292e8000)
 Next Bits: [0x000002b1292f0000, 0x000002b12b288000)

Polling page: 0x000002b10cd50000

Metaspace:

Usage:
  Non-class:      4.64 MB capacity,     2.34 MB ( 50%) used,     2.30 MB ( 49%) free+waste,     8.38 KB ( <1%) overhead. 
      Class:    531.00 KB capacity,   214.98 KB ( 40%) used,   310.96 KB ( 59%) free+waste,     5.06 KB ( <1%) overhead. 
       Both:      5.16 MB capacity,     2.55 MB ( 49%) used,     2.60 MB ( 50%) free+waste,    13.44 KB ( <1%) overhead. 

Virtual space:
  Non-class space:        8.00 MB reserved,       4.75 MB ( 59%) committed 
      Class space:        1.00 GB reserved,     640.00 KB ( <1%) committed 
             Both:        1.01 GB reserved,       5.38 MB ( <1%) committed 

Chunk freelists:
   Non-Class:  0 bytes
       Class:  0 bytes
        Both:  0 bytes

MaxMetaspaceSize: 17179869184.00 GB
CompressedClassSpaceSize: 1.00 GB

CodeHeap 'non-profiled nmethods': size=120000Kb used=728Kb max_used=728Kb free=119272Kb
 bounds [0x000002b11ede0000, 0x000002b11f050000, 0x000002b126310000]
CodeHeap 'profiled nmethods': size=120000Kb used=2873Kb max_used=2873Kb free=117126Kb
 bounds [0x000002b1178b0000, 0x000002b117b80000, 0x000002b11ede0000]
CodeHeap 'non-nmethods': size=5760Kb used=1202Kb max_used=1230Kb free=4557Kb
 bounds [0x000002b117310000, 0x000002b117580000, 0x000002b1178b0000]
 total_blobs=2267 nmethods=1111 adapters=373
 compilation: enabled
              stopped_count=0, restarted_count=0
 full_count=0

Compilation events (20 events):
Event: 6.359 Thread 0x000002b12e627800 1102       1       observation.Schedule::getCurrentState (5 bytes)
Event: 6.359 Thread 0x000002b12e627800 nmethod 1102 0x000002b11ee8e090 code [0x000002b11ee8e220, 0x000002b11ee8e358]
Event: 6.457 Thread 0x000002b12e626800 1103       4       observation.Telescope::calculateSlewTimesBetween (165 bytes)
Event: 6.461 Thread 0x000002b12e626800 nmethod 1103 0x000002b11ee8e410 code [0x000002b11ee8e640, 0x000002b11ee8e918]
Event: 6.462 Thread 0x000002b12e626800 1104 % !   4       optimisation.MultiTelescopesMTSPPolicy::findNextPaths @ 1113 (1691 bytes)
Event: 6.483 Thread 0x000002b12e627800 1105   !   3       java.nio.charset.CharsetEncoder::encode (285 bytes)
Event: 6.484 Thread 0x000002b12e627800 nmethod 1105 0x000002b117b78890 code [0x000002b117b78ba0, 0x000002b117b79e60]
Event: 6.485 Thread 0x000002b12e627800 1106       3       sun.nio.cs.StreamEncoder::implFlushBuffer (15 bytes)
Event: 6.485 Thread 0x000002b12e627800 nmethod 1106 0x000002b117b7a490 code [0x000002b117b7a640, 0x000002b117b7a850]
Event: 6.485 Thread 0x000002b12e627800 1107       3       sun.nio.cs.StreamEncoder::writeBytes (132 bytes)
Event: 6.485 Thread 0x000002b12e627800 nmethod 1107 0x000002b117b7a910 code [0x000002b117b7ab80, 0x000002b117b7b580]
Event: 6.486 Thread 0x000002b12e627800 1108       3       sun.nio.cs.UTF_8$Encoder::encodeLoop (28 bytes)
Event: 6.486 Thread 0x000002b12e627800 nmethod 1108 0x000002b117b7b890 code [0x000002b117b7ba80, 0x000002b117b7bee0]
Event: 6.486 Thread 0x000002b12e627800 1109       3       java.io.OutputStreamWriter::flushBuffer (8 bytes)
Event: 6.486 Thread 0x000002b12e627800 nmethod 1109 0x000002b117b7c010 code [0x000002b117b7c1c0, 0x000002b117b7c390]
Event: 6.486 Thread 0x000002b12e627800 1110   !   3       sun.nio.cs.StreamEncoder::flushBuffer (42 bytes)
Event: 6.487 Thread 0x000002b12e627800 nmethod 1110 0x000002b117b7c490 code [0x000002b117b7c680, 0x000002b117b7ccc0]
Event: 6.574 Thread 0x000002b12e626800 nmethod 1104% 0x000002b11ee8eb10 code [0x000002b11ee8efe0, 0x000002b11ee93100]
Event: 6.603 Thread 0x000002b12e626800 1111 % !   4       optimisation.MultiTelescopesMTSPPolicy::findNextPaths @ 632 (1691 bytes)
Event: 6.754 Thread 0x000002b12e627800 1113   !   3       java.io.PrintStream::write (83 bytes)

GC Heap History (20 events):
Event: 5.737 GC heap before
{Heap before GC invocations=13 (full 3):
 garbage-first heap   total 17408K, used 12858K [0x0000000081a00000, 0x0000000100000000)
  region size 1024K, 9 young (9216K), 1 survivors (1024K)
 Metaspace       used 2591K, capacity 5285K, committed 5504K, reserved 1056768K
  class space    used 214K, capacity 531K, committed 640K, reserved 1048576K
}
Event: 5.738 GC heap after
{Heap after GC invocations=14 (full 3):
 garbage-first heap   total 17408K, used 4910K [0x0000000081a00000, 0x0000000100000000)
  region size 1024K, 1 young (1024K), 1 survivors (1024K)
 Metaspace       used 2591K, capacity 5285K, committed 5504K, reserved 1056768K
  class space    used 214K, capacity 531K, committed 640K, reserved 1048576K
}
Event: 5.834 GC heap before
{Heap before GC invocations=14 (full 3):
 garbage-first heap   total 17408K, used 12078K [0x0000000081a00000, 0x0000000100000000)
  region size 1024K, 8 young (8192K), 1 survivors (1024K)
 Metaspace       used 2591K, capacity 5285K, committed 5504K, reserved 1056768K
  class space    used 214K, capacity 531K, committed 640K, reserved 1048576K
}
Event: 5.836 GC heap after
{Heap after GC invocations=15 (full 3):
 garbage-first heap   total 74752K, used 4817K [0x0000000081a00000, 0x0000000100000000)
  region size 1024K, 1 young (1024K), 1 survivors (1024K)
 Metaspace       used 2591K, capacity 5285K, committed 5504K, reserved 1056768K
  class space    used 214K, capacity 531K, committed 640K, reserved 1048576K
}
Event: 5.902 GC heap before
{Heap before GC invocations=15 (full 3):
 garbage-first heap   total 74752K, used 8913K [0x0000000081a00000, 0x0000000100000000)
  region size 1024K, 6 young (6144K), 1 survivors (1024K)
 Metaspace       used 2593K, capacity 5285K, committed 5504K, reserved 1056768K
  class space    used 214K, capacity 531K, committed 640K, reserved 1048576K
}
Event: 5.910 GC heap after
{Heap after GC invocations=16 (full 4):
 garbage-first heap   total 17408K, used 4349K [0x0000000081a00000, 0x0000000100000000)
  region size 1024K, 0 young (0K), 0 survivors (0K)
 Metaspace       used 2593K, capacity 5285K, committed 5504K, reserved 1056768K
  class space    used 214K, capacity 531K, committed 640K, reserved 1048576K
}
Event: 6.022 GC heap before
{Heap before GC invocations=16 (full 4):
 garbage-first heap   total 17408K, used 12541K [0x0000000081a00000, 0x0000000100000000)
  region size 1024K, 8 young (8192K), 0 survivors (0K)
 Metaspace       used 2593K, capacity 5285K, committed 5504K, reserved 1056768K
  class space    used 214K, capacity 531K, committed 640K, reserved 1048576K
}
Event: 6.024 GC heap after
{Heap after GC invocations=17 (full 4):
 garbage-first heap   total 17408K, used 4565K [0x0000000081a00000, 0x0000000100000000)
  region size 1024K, 1 young (1024K), 1 survivors (1024K)
 Metaspace       used 2593K, capacity 5285K, committed 5504K, reserved 1056768K
  class space    used 214K, capacity 531K, committed 640K, reserved 1048576K
}
Event: 6.293 GC heap before
{Heap before GC invocations=17 (full 4):
 garbage-first heap   total 17408K, used 11733K [0x0000000081a00000, 0x0000000100000000)
  region size 1024K, 8 young (8192K), 1 survivors (1024K)
 Metaspace       used 2594K, capacity 5285K, committed 5504K, reserved 1056768K
  class space    used 214K, capacity 531K, committed 640K, reserved 1048576K
}
Event: 6.295 GC heap after
{Heap after GC invocations=18 (full 4):
 garbage-first heap   total 17408K, used 4882K [0x0000000081a00000, 0x0000000100000000)
  region size 1024K, 1 young (1024K), 1 survivors (1024K)
 Metaspace       used 2594K, capacity 5285K, committed 5504K, reserved 1056768K
  class space    used 214K, capacity 531K, committed 640K, reserved 1048576K
}
Event: 6.299 GC heap before
{Heap before GC invocations=18 (full 4):
 garbage-first heap   total 17408K, used 4882K [0x0000000081a00000, 0x0000000100000000)
  region size 1024K, 2 young (2048K), 1 survivors (1024K)
 Metaspace       used 2594K, capacity 5285K, committed 5504K, reserved 1056768K
  class space    used 214K, capacity 531K, committed 640K, reserved 1048576K
}
Event: 6.310 GC heap after
{Heap after GC invocations=19 (full 5):
 garbage-first heap   total 17408K, used 4353K [0x0000000081a00000, 0x0000000100000000)
  region size 1024K, 0 young (0K), 0 survivors (0K)
 Metaspace       used 2594K, capacity 5285K, committed 5504K, reserved 1056768K
  class space    used 214K, capacity 531K, committed 640K, reserved 1048576K
}
Event: 6.380 GC heap before
{Heap before GC invocations=19 (full 5):
 garbage-first heap   total 17408K, used 7425K [0x0000000081a00000, 0x0000000100000000)
  region size 1024K, 4 young (4096K), 0 survivors (0K)
 Metaspace       used 2598K, capacity 5285K, committed 5504K, reserved 1056768K
  class space    used 214K, capacity 531K, committed 640K, reserved 1048576K
}
Event: 6.391 GC heap after
{Heap after GC invocations=20 (full 6):
 garbage-first heap   total 17408K, used 4409K [0x0000000081a00000, 0x0000000100000000)
  region size 1024K, 0 young (0K), 0 survivors (0K)
 Metaspace       used 2598K, capacity 5285K, committed 5504K, reserved 1056768K
  class space    used 214K, capacity 531K, committed 640K, reserved 1048576K
}
Event: 6.492 GC heap before
{Heap before GC invocations=20 (full 6):
 garbage-first heap   total 17408K, used 12601K [0x0000000081a00000, 0x0000000100000000)
  region size 1024K, 8 young (8192K), 0 survivors (0K)
 Metaspace       used 2607K, capacity 5285K, committed 5504K, reserved 1056768K
  class space    used 214K, capacity 531K, committed 640K, reserved 1048576K
}
Event: 6.494 GC heap after
{Heap after GC invocations=21 (full 6):
 garbage-first heap   total 17408K, used 4941K [0x0000000081a00000, 0x0000000100000000)
  region size 1024K, 1 young (1024K), 1 survivors (1024K)
 Metaspace       used 2607K, capacity 5285K, committed 5504K, reserved 1056768K
  class space    used 214K, capacity 531K, committed 640K, reserved 1048576K
}
Event: 6.556 GC heap before
{Heap before GC invocations=21 (full 6):
 garbage-first heap   total 17408K, used 9037K [0x0000000081a00000, 0x0000000100000000)
  region size 1024K, 6 young (6144K), 1 survivors (1024K)
 Metaspace       used 2607K, capacity 5285K, committed 5504K, reserved 1056768K
  class space    used 214K, capacity 531K, committed 640K, reserved 1048576K
}
Event: 6.570 GC heap after
{Heap after GC invocations=22 (full 7):
 garbage-first heap   total 17408K, used 4359K [0x0000000081a00000, 0x0000000100000000)
  region size 1024K, 0 young (0K), 0 survivors (0K)
 Metaspace       used 2607K, capacity 5285K, committed 5504K, reserved 1056768K
  class space    used 214K, capacity 531K, committed 640K, reserved 1048576K
}
Event: 6.752 GC heap before
{Heap before GC invocations=22 (full 7):
 garbage-first heap   total 17408K, used 12551K [0x0000000081a00000, 0x0000000100000000)
  region size 1024K, 8 young (8192K), 0 survivors (0K)
 Metaspace       used 2607K, capacity 5285K, committed 5504K, reserved 1056768K
  class space    used 214K, capacity 531K, committed 640K, reserved 1048576K
}
Event: 6.754 GC heap after
{Heap after GC invocations=23 (full 7):
 garbage-first heap   total 17408K, used 5084K [0x0000000081a00000, 0x0000000100000000)
  region size 1024K, 1 young (1024K), 1 survivors (1024K)
 Metaspace       used 2607K, capacity 5285K, committed 5504K, reserved 1056768K
  class space    used 214K, capacity 531K, committed 640K, reserved 1048576K
}

Deoptimization events (20 events):
Event: 3.466 Thread 0x000002b10ee0e000 DEOPT PACKING pc=0x000002b11ee58548 sp=0x000000f490cfe2f0
Event: 3.466 Thread 0x000002b10ee0e000 DEOPT UNPACKING pc=0x000002b11735912f sp=0x000000f490cfe278 mode 2
Event: 3.466 Thread 0x000002b10ee0e000 Uncommon trap: trap_request=0xffffffde fr.pc=0x000002b11ee58548 relative=0x0000000000000128
Event: 3.466 Thread 0x000002b10ee0e000 Uncommon trap: reason=class_check action=maybe_recompile pc=0x000002b11ee58548 method=jdk.internal.misc.Unsafe.allocateUninitializedArray(Ljava/lang/Class;I)Ljava/lang/Object; @ 48 c2
Event: 3.466 Thread 0x000002b10ee0e000 DEOPT PACKING pc=0x000002b11ee58548 sp=0x000000f490cfe200
Event: 3.466 Thread 0x000002b10ee0e000 DEOPT UNPACKING pc=0x000002b11735912f sp=0x000000f490cfe188 mode 2
Event: 3.467 Thread 0x000002b10ee0e000 Uncommon trap: trap_request=0xffffffde fr.pc=0x000002b11ee58548 relative=0x0000000000000128
Event: 3.467 Thread 0x000002b10ee0e000 Uncommon trap: reason=class_check action=maybe_recompile pc=0x000002b11ee58548 method=jdk.internal.misc.Unsafe.allocateUninitializedArray(Ljava/lang/Class;I)Ljava/lang/Object; @ 48 c2
Event: 3.467 Thread 0x000002b10ee0e000 DEOPT PACKING pc=0x000002b11ee58548 sp=0x000000f490cfe040
Event: 3.467 Thread 0x000002b10ee0e000 DEOPT UNPACKING pc=0x000002b11735912f sp=0x000000f490cfdfc8 mode 2
Event: 3.859 Thread 0x000002b10ee0e000 Uncommon trap: trap_request=0xffffff45 fr.pc=0x000002b11edeea80 relative=0x0000000000000800
Event: 3.859 Thread 0x000002b10ee0e000 Uncommon trap: reason=unstable_if action=reinterpret pc=0x000002b11edeea80 method=java.util.HashMap.putVal(ILjava/lang/Object;Ljava/lang/Object;ZZ)Ljava/lang/Object; @ 181 c2
Event: 3.859 Thread 0x000002b10ee0e000 DEOPT PACKING pc=0x000002b11edeea80 sp=0x000000f490cff280
Event: 3.859 Thread 0x000002b10ee0e000 DEOPT UNPACKING pc=0x000002b11735912f sp=0x000000f490cff210 mode 2
Event: 6.264 Thread 0x000002b10ee0e000 DEOPT PACKING pc=0x000002b117a9a5da sp=0x000000f490cfec90
Event: 6.264 Thread 0x000002b10ee0e000 DEOPT UNPACKING pc=0x000002b11735964e sp=0x000000f490cfe8d0 mode 0
Event: 6.551 Thread 0x000002b10ee0e000 DEOPT PACKING pc=0x000002b117b15930 sp=0x000000f490cff330
Event: 6.551 Thread 0x000002b10ee0e000 DEOPT UNPACKING pc=0x000002b11735964e sp=0x000000f490cfe7e8 mode 0
Event: 6.607 Thread 0x000002b10ee0e000 DEOPT PACKING pc=0x000002b117b60fbd sp=0x000000f490cfee30
Event: 6.607 Thread 0x000002b10ee0e000 DEOPT UNPACKING pc=0x000002b11735964e sp=0x000000f490cfe8c0 mode 0

Classes unloaded (0 events):
No events

Classes redefined (0 events):
No events

Internal exceptions (1 events):
Event: 0.231 Thread 0x000002b10ee0e000 Exception <a 'java/lang/NoSuchMethodError'{0x000000008960e2a0}: 'int java.lang.invoke.DirectMethodHandle$Holder.invokeSpecialIFC(java.lang.Object, java.lang.Object, int)'> (0x000000008960e2a0) 
thrown [t:/workspace/open/src/hotspot/share/interpreter/linkResolver.cpp, line 767]

Events (20 events):
Event: 5.902 Executing VM operation: G1CollectFull
Event: 5.910 Executing VM operation: G1CollectFull done
Event: 6.022 Executing VM operation: G1CollectForAllocation
Event: 6.024 Executing VM operation: G1CollectForAllocation done
Event: 6.293 Executing VM operation: G1CollectForAllocation
Event: 6.295 Executing VM operation: G1CollectForAllocation done
Event: 6.295 Executing VM operation: RevokeBias
Event: 6.295 Executing VM operation: RevokeBias done
Event: 6.299 Executing VM operation: G1CollectFull
Event: 6.310 Executing VM operation: G1CollectFull done
Event: 6.379 Executing VM operation: G1CollectFull
Event: 6.392 Executing VM operation: G1CollectFull done
Event: 6.492 Executing VM operation: G1CollectForAllocation
Event: 6.494 Executing VM operation: G1CollectForAllocation done
Event: 6.494 Executing VM operation: RevokeBias
Event: 6.495 Executing VM operation: RevokeBias done
Event: 6.556 Executing VM operation: G1CollectFull
Event: 6.570 Executing VM operation: G1CollectFull done
Event: 6.751 Executing VM operation: G1CollectForAllocation
Event: 6.754 Executing VM operation: G1CollectForAllocation done


Dynamic libraries:
0x00007ff79c590000 - 0x00007ff79c59f000 	C:\Program Files\Java\jdk-13.0.1\bin\java.exe
0x00007ffd9d290000 - 0x00007ffd9d488000 	C:\WINDOWS\SYSTEM32\ntdll.dll
0x00007ffd9ce60000 - 0x00007ffd9cf1f000 	C:\WINDOWS\System32\KERNEL32.DLL
0x00007ffd9b000000 - 0x00007ffd9b2d2000 	C:\WINDOWS\System32\KERNELBASE.dll
0x00007ffd9ab10000 - 0x00007ffd9ac10000 	C:\WINDOWS\System32\ucrtbase.dll
0x00007ffd8d570000 - 0x00007ffd8d585000 	C:\Program Files\Java\jdk-13.0.1\bin\VCRUNTIME140.dll
0x00007ffd8d550000 - 0x00007ffd8d568000 	C:\Program Files\Java\jdk-13.0.1\bin\jli.dll
0x00007ffd9b480000 - 0x00007ffd9b52e000 	C:\WINDOWS\System32\ADVAPI32.dll
0x00007ffd9cdb0000 - 0x00007ffd9ce4e000 	C:\WINDOWS\System32\msvcrt.dll
0x00007ffd9cd10000 - 0x00007ffd9cdac000 	C:\WINDOWS\System32\sechost.dll
0x00007ffd9c950000 - 0x00007ffd9ca75000 	C:\WINDOWS\System32\RPCRT4.dll
0x00007ffd9b2e0000 - 0x00007ffd9b47d000 	C:\WINDOWS\System32\USER32.dll
0x00007ffd9aa70000 - 0x00007ffd9aa92000 	C:\WINDOWS\System32\win32u.dll
0x00007ffd9ca80000 - 0x00007ffd9caab000 	C:\WINDOWS\System32\GDI32.dll
0x00007ffd88af0000 - 0x00007ffd88d8a000 	C:\WINDOWS\WinSxS\amd64_microsoft.windows.common-controls_6595b64144ccf1df_6.0.19041.1110_none_60b5254171f9507e\COMCTL32.dll
0x00007ffd9ac10000 - 0x00007ffd9ad1f000 	C:\WINDOWS\System32\gdi32full.dll
0x00007ffd9aeb0000 - 0x00007ffd9af4d000 	C:\WINDOWS\System32\msvcp_win.dll
0x00007ffd93770000 - 0x00007ffd9377a000 	C:\WINDOWS\SYSTEM32\VERSION.dll
0x00007ffd9d1f0000 - 0x00007ffd9d222000 	C:\WINDOWS\System32\IMM32.DLL
0x0000000058050000 - 0x000000005805b000 	D:\Program Files (x86)\360\360safe\safemon\SafeWrapper.dll
0x00007ffd8c570000 - 0x00007ffd8c60b000 	C:\Program Files\Java\jdk-13.0.1\bin\msvcp140.dll
0x00007ffd37050000 - 0x00007ffd37bb6000 	C:\Program Files\Java\jdk-13.0.1\bin\server\jvm.dll
0x00007ffd9c320000 - 0x00007ffd9c328000 	C:\WINDOWS\System32\PSAPI.DLL
0x00007ffd990d0000 - 0x00007ffd990d9000 	C:\WINDOWS\SYSTEM32\WSOCK32.dll
0x00007ffd8ce40000 - 0x00007ffd8ce67000 	C:\WINDOWS\SYSTEM32\WINMM.dll
0x00007ffd9bfe0000 - 0x00007ffd9c04b000 	C:\WINDOWS\System32\WS2_32.dll
0x00007ffd99230000 - 0x00007ffd99242000 	C:\WINDOWS\SYSTEM32\kernel.appcore.dll
0x00007ffd964b0000 - 0x00007ffd964c0000 	C:\Program Files\Java\jdk-13.0.1\bin\verify.dll
0x00007ffd98ec0000 - 0x00007ffd990a4000 	C:\WINDOWS\SYSTEM32\DBGHELP.DLL
0x00007ffd7e8f0000 - 0x00007ffd7e91c000 	C:\WINDOWS\SYSTEM32\dbgcore.DLL
0x00007ffd9a9e0000 - 0x00007ffd9aa62000 	C:\WINDOWS\System32\bcryptPrimitives.dll
0x00007ffd8c760000 - 0x00007ffd8c786000 	C:\Program Files\Java\jdk-13.0.1\bin\java.dll
0x00007ffd96440000 - 0x00007ffd9644e000 	C:\Program Files\Java\jdk-13.0.1\bin\instrument.dll
0x00007ffd8c680000 - 0x00007ffd8c697000 	C:\Program Files\Java\jdk-13.0.1\bin\zip.dll
0x00007ffd963a0000 - 0x00007ffd963aa000 	C:\Program Files\Java\jdk-13.0.1\bin\jimage.dll
0x00007ffd9b530000 - 0x00007ffd9bc73000 	C:\WINDOWS\System32\SHELL32.dll
0x00007ffd98660000 - 0x00007ffd98df2000 	C:\WINDOWS\SYSTEM32\windows.storage.dll
0x00007ffd9bc80000 - 0x00007ffd9bfd4000 	C:\WINDOWS\System32\combase.dll
0x00007ffd9a3f0000 - 0x00007ffd9a420000 	C:\WINDOWS\SYSTEM32\Wldp.dll
0x00007ffd9c180000 - 0x00007ffd9c22d000 	C:\WINDOWS\System32\SHCORE.dll
0x00007ffd9cf20000 - 0x00007ffd9cf75000 	C:\WINDOWS\System32\shlwapi.dll
0x00007ffd9a8d0000 - 0x00007ffd9a8ef000 	C:\WINDOWS\SYSTEM32\profapi.dll
0x00007ffd8c660000 - 0x00007ffd8c679000 	C:\Program Files\Java\jdk-13.0.1\bin\net.dll
0x00007ffd95690000 - 0x00007ffd9579c000 	C:\WINDOWS\SYSTEM32\WINHTTP.dll
0x00007ffd9a150000 - 0x00007ffd9a1ba000 	C:\WINDOWS\system32\mswsock.dll
0x00007ffd8c550000 - 0x00007ffd8c563000 	C:\Program Files\Java\jdk-13.0.1\bin\nio.dll
0x00007ffd87f70000 - 0x00007ffd87f8a000 	D:\Program Files\JetBrains\IntelliJ IDEA 2021.3.2\bin\breakgen64.dll
0x000000006f880000 - 0x000000006f8aa000 	G:\UOA_Courses\thesis\project\radiotelescopescheduling\norad\norad.dll
0x0000000061440000 - 0x000000006145a000 	D:\Program Files (x86)\mingw64\bin\libgcc_s_seh-1.dll
0x000000006fc40000 - 0x000000006fda3000 	D:\Program Files (x86)\mingw64\bin\libstdc++-6.dll
0x0000000064940000 - 0x0000000064955000 	D:\Program Files (x86)\mingw64\bin\libwinpthread-1.dll
0x0000000070980000 - 0x00000000709c4000 	G:\UOA_Courses\thesis\project\radiotelescopescheduling\novas\novas.dll
0x00007ffd87e00000 - 0x00007ffd87e32000 	C:\gurobi952\win64\bin\GurobiJni95.dll
0x00007ffd1e950000 - 0x00007ffd20a50000 	C:\gurobi952\win64\bin\gurobi95.dll
0x00007ffd9ad20000 - 0x00007ffd9ae76000 	C:\WINDOWS\System32\CRYPT32.dll
0x00007ffd9d190000 - 0x00007ffd9d1e6000 	C:\WINDOWS\System32\WLDAP32.dll
0x00007ffd9ce50000 - 0x00007ffd9ce58000 	C:\WINDOWS\System32\Normaliz.dll
0x00007ffd9a880000 - 0x00007ffd9a8b2000 	C:\WINDOWS\SYSTEM32\SspiCli.dll

dbghelp: loaded successfully - version: 4.0.5 - missing functions: none
symbol engine: initialized successfully - sym options: 0x614 - pdb path: .;C:\Program Files\Java\jdk-13.0.1\bin;C:\WINDOWS\SYSTEM32;C:\WINDOWS\WinSxS\amd64_microsoft.windows.common-controls_6595b64144ccf1df_6.0.19041.1110_none_60b5254171f9507e;D:\Program Files (x86)\360\360safe\safemon;C:\Program Files\Java\jdk-13.0.1\bin\server;D:\Program Files\JetBrains\IntelliJ IDEA 2021.3.2\bin;G:\UOA_Courses\thesis\project\radiotelescopescheduling\norad;D:\Program Files (x86)\mingw64\bin;G:\UOA_Courses\thesis\project\radiotelescopescheduling\novas;C:\gurobi952\win64\bin

VM Arguments:
jvm_args: -Djava.library.path=G:\UOA_Courses\thesis\project\radiotelescopescheduling\norad;G:\UOA_Courses\thesis\project\radiotelescopescheduling\novas;C:\gurobi952\win64\lib;C:\gurobi952\win64\bin -javaagent:D:\Program Files\JetBrains\IntelliJ IDEA 2021.3.2\lib\idea_rt.jar=5867:D:\Program Files\JetBrains\IntelliJ IDEA 2021.3.2\bin -Dfile.encoding=UTF-8 
java_command: SchedulingMain
java_class_path (initial): G:\UOA_Courses\thesis\project\radiotelescopescheduling\out\production\radiotelescopescheduling;C:\Users\Han\.m2\repository\com\google\ortools\ortools-java\8.2.9025\ortools-java-8.2.9025.jar;C:\Users\Han\.m2\repository\com\google\ortools\ortools-linux-x86-64\8.2.9025\ortools-linux-x86-64-8.2.9025.jar;C:\Users\Han\.m2\repository\com\google\ortools\ortools-darwin-x86-64\8.2.9025\ortools-darwin-x86-64-8.2.9025.jar;C:\Users\Han\.m2\repository\com\google\ortools\ortools-win32-x86-64\8.2.9025\ortools-win32-x86-64-8.2.9025.jar;C:\Users\Han\.m2\repository\net\java\dev\jna\jna-platform\5.8.0\jna-platform-5.8.0.jar;C:\Users\Han\.m2\repository\net\java\dev\jna\jna\5.8.0\jna-5.8.0.jar;C:\Users\Han\.m2\repository\com\google\protobuf\protobuf-java\3.15.7\protobuf-java-3.15.7.jar;C:\Users\Han\.m2\repository\com\google\protobuf\protobuf-java\3.17.3\protobuf-java-3.17.3.jar;C:\Users\Han\.m2\repository\org\mongodb\bson\4.3.2\bson-4.3.2.jar;C:\Users\Han\.m2\repository\org\mongodb\mongo-java-driver\3.12.8\mongo-java-driver-3.12.8.jar;C:\Users\Han\.m2\repository\org\mongodb\mongodb-driver-core\4.2.3\mongodb-driver-core-4.2.3.jar;C:\Users\Han\.m2\repository\org\mongodb\bson\4.2.3\bson-4.2.3.jar;C:\gurobi952\win64\lib\gurobi.jar;C:\gurobi952\win64\lib\gurobi-javadoc.jar
Launcher Type: SUN_STANDARD

[Global flags]
     intx CICompilerCount                          = 4                                         {product} {ergonomic}
     uint ConcGCThreads                            = 2                                         {product} {ergonomic}
     uint G1ConcRefinementThreads                  = 8                                         {product} {ergonomic}
   size_t G1HeapRegionSize                         = 1048576                                   {product} {ergonomic}
    uintx GCDrainStackTargetSize                   = 64                                        {product} {ergonomic}
   size_t InitialHeapSize                          = 134217728                                 {product} {ergonomic}
   size_t MarkStackSize                            = 4194304                                   {product} {ergonomic}
   size_t MaxHeapSize                              = 2120220672                                {product} {ergonomic}
   size_t MaxNewSize                               = 1271922688                                {product} {ergonomic}
   size_t MinHeapDeltaBytes                        = 1048576                                   {product} {ergonomic}
   size_t MinHeapSize                              = 8388608                                   {product} {ergonomic}
    uintx NonNMethodCodeHeapSize                   = 5836300                                {pd product} {ergonomic}
    uintx NonProfiledCodeHeapSize                  = 122910970                              {pd product} {ergonomic}
    uintx ProfiledCodeHeapSize                     = 122910970                              {pd product} {ergonomic}
    uintx ReservedCodeCacheSize                    = 251658240                              {pd product} {ergonomic}
     bool SegmentedCodeCache                       = true                                      {product} {ergonomic}
   size_t SoftMaxHeapSize                          = 2120220672                             {manageable} {ergonomic}
     bool UseCompressedClassPointers               = true                                 {lp64_product} {ergonomic}
     bool UseCompressedOops                        = true                                 {lp64_product} {ergonomic}
     bool UseG1GC                                  = true                                      {product} {ergonomic}
     bool UseLargePagesIndividualAllocation        = false                                  {pd product} {ergonomic}

Logging:
Log output configuration:
 #0: stdout all=warning uptime,level,tags
 #1: stderr all=off uptime,level,tags

Environment Variables:
JAVA_HOME=C:\Program Files\Java\jdk-13.0.1
CLASSPATH=.;C:\Program Files\Java\jdk-13.0.1\lib\dt.jar;C:\Program Files\Java\jdk-13.0.1\lib\tools.jar;
PATH=C:\gurobi952\win64\bin;D:\Program Files\ImageMagick-7.1.0-Q16-HDRI;D:\CUDA\bin;D:\CUDA\libnvvp;C:\Program Files\Microsoft MPI\Bin\;C:\Program Files (x86)\Intel\iCLS Client\;C:\Program Files\Intel\iCLS Client\;C:\windows\system32;C:\windows;C:\windows\System32\Wbem;C:\windows\System32\WindowsPowerShell\v1.0\;C:\Program Files (x86)\Intel\Intel(R) Management Engine Components\DAL;C:\Program Files\Intel\Intel(R) Management Engine Components\DAL;C:\Program Files (x86)\Intel\Intel(R) Management Engine Components\IPT;C:\Program Files\Intel\Intel(R) Management Engine Components\IPT;C:\Program Files (x86)\NVIDIA Corporation\PhysX\Common;C:\WINDOWS\system32;C:\WINDOWS;C:\WINDOWS\System32\Wbem;C:\WINDOWS\System32\WindowsPowerShell\v1.0\;C:\Program Files (x86)\Windows Kits\8.1\Windows Performance Toolkit\;D:\Lingo\;C:\Program Files\Microsoft SQL Server\Client SDK\ODBC\130\Tools\Binn\;C:\Program Files (x86)\Microsoft SQL Server\140\Tools\Binn\;C:\Program Files\Microsoft SQL Server\140\Tools\Binn\;C:\Program Files (x86)\Microsoft SQL Server\140\DTS\Binn\;C:\Program Files\Microsoft SQL Server\140\DTS\Binn\;C:\WINDOWS\System32\OpenSSH\;C:\Program Files\Intel\WiFi\bin\;C:\Program Files\Common Files\Intel\WirelessCommon\;C:\Program Files\Java\jdk-13.0.1\bin;C:\Program Files\NVIDIA Corporation\Nsight Compute 2019.4.0\;C:\Program Files\NVIDIA Corporation\NVIDIA NvDLISR;D:\CUDA\lib\x64;C:\Program Files\dotnet\;D:\Microsoft Visual Studio\opencv\opencv\build\x64\vc15\bin;D:\Microsoft Visual Studio\opencv\opencv\build\x64\vc15\lib;C:\WINDOWS\system32;C:\WINDOWS;C:\WINDOWS\System32\Wbem;C:\WINDOWS\System32\WindowsPowerShell\v1.0\;C:\WINDOWS\System32\OpenSSH\;C:\Program Files\Git\cmd;D:\Program Files (x86)\mingw64\bin;C:\ProgramData\chocolatey\bin;D:\Program Files\MATLAB\R2022b\runtime\win64;D:\Program Files\MATLAB\R2022b\bin;C:\Users\Han\AppData\Local\Microsoft\WindowsApps;D:\altera\13.0sp1\modelsim_ase\win32aloem;D:\altera\13.0sp1\modelsim_ae\win32aloem;D:\Microsoft Visual Studio\opencv\
USERNAME=Han
LD_LIBRARY_PATH=C:\gurobi952\win64\lib
OS=Windows_NT
PROCESSOR_IDENTIFIER=Intel64 Family 6 Model 94 Stepping 3, GenuineIntel



---------------  S Y S T E M  ---------------

OS: Windows 10 , 64 bit Build 19041 (10.0.19041.2251)

CPU:total 8 (initial active 8) (4 cores per cpu, 2 threads per core) family 6 model 94 stepping 3, cmov, cx8, fxsr, mmx, sse, sse2, sse3, ssse3, sse4.1, sse4.2, popcnt, avx, avx2, aes, clmul, erms, rtm, 3dnowpref, lzcnt, ht, tsc, tscinvbit, bmi1, bmi2, adx, fma

Memory: 4k page, system-wide physical 8081M (2973M free)
TotalPageFile size 9749M (AvailPageFile size 3152M)
current process WorkingSet (physical memory assigned to process): 84M, peak: 116M
current process commit charge ("private bytes"): 124M, peak: 269M

vm_info: Java HotSpot(TM) 64-Bit Server VM (13.0.1+9) for windows-amd64 JRE (13.0.1+9), built on Oct  6 2019 12:37:49 by "mach5one" with unknown MS VC++:1916

END.
