#
# A fatal error has been detected by the Java Runtime Environment:
#
#  EXCEPTION_ACCESS_VIOLATION (0xc0000005) at pc=0x00007ffd1f04a03c, pid=14936, tid=10868
#
# JRE version: Java(TM) SE Runtime Environment (13.0.1+9) (build 13.0.1+9)
# Java VM: Java HotSpot(TM) 64-Bit Server VM (13.0.1+9, mixed mode, sharing, tiered, compressed oops, g1 gc, windows-amd64)
# Problematic frame:
# C  [gurobi95.dll+0x6fa03c]
#
# No core dump will be written. Minidumps are not enabled by default on client versions of Windows
#
# If you would like to submit a bug report, please visit:
#   http://bugreport.java.com/bugreport/crash.jsp
# The crash happened outside the Java Virtual Machine in native code.
# See problematic frame for where to report the bug.
#

---------------  S U M M A R Y ------------

Command Line: -Djava.library.path=G:\UOA_Courses\thesis\project\radiotelescopescheduling\norad;G:\UOA_Courses\thesis\project\radiotelescopescheduling\novas;C:\gurobi952\win64\lib;C:\gurobi952\win64\bin -javaagent:D:\Program Files\JetBrains\IntelliJ IDEA 2021.3.2\lib\idea_rt.jar=5892:D:\Program Files\JetBrains\IntelliJ IDEA 2021.3.2\bin -Dfile.encoding=UTF-8 SchedulingMain

Host: Intel(R) Core(TM) i7-6700HQ CPU @ 2.60GHz, 8 cores, 7G,  Windows 10 , 64 bit Build 19041 (10.0.19041.2251)
Time: Sat Nov 26 14:10:24 2022 W. Europe Standard Time elapsed time: 13 seconds (0d 0h 0m 13s)

---------------  T H R E A D  ---------------

Current thread (0x000002278bed7800):  JavaThread "main" [_thread_in_native, id=10868, stack(0x000000ad28e00000,0x000000ad28f00000)]

Stack: [0x000000ad28e00000,0x000000ad28f00000],  sp=0x000000ad28efec50,  free space=1019k
Native frames: (J=compiled Java code, j=interpreted, Vv=VM code, C=native code)
C  [gurobi95.dll+0x6fa03c]

Java frames: (J=compiled Java code, j=interpreted, Vv=VM code)
J 947  gurobi.GurobiJni.getattrinfo(JLjava/lang/String;[I)I (0 bytes) @ 0x000002279bf32b3e [0x000002279bf32ac0+0x000000000000007e]
J 1041 c2 gurobi.GRBVar.get(Lgurobi/GRB$DoubleAttr;)D (104 bytes) @ 0x000002279bf54c30 [0x000002279bf54b40+0x00000000000000f0]
J 1143 c2 optimisation.MultiTelescopesMTSPPolicy.findNextPaths([Lobservation/Pointable;)[Lobservation/Connection; (1691 bytes) @ 0x000002279bfa5d04 [0x000002279bfa0900+0x0000000000005404]
j  optimisation.DispatchPolicy.nextMoves()V+39
j  optimisation.Scheduler.buildSchedule(Ljava/util/Properties;)V+702
j  simulation.Simulation.run()V+8
j  SchedulingMain.runRepeats(I)V+34
j  SchedulingMain.main([Ljava/lang/String;)V+40
v  ~StubRoutines::call_stub

siginfo: EXCEPTION_ACCESS_VIOLATION (0xc0000005), reading address 0x0000000000001ac4


Register to memory mapping:

RIP=0x00007ffd1f04a03c gurobi95.dll
RAX=0x0 is NULL
RBX=0x000000ad28efed50 is pointing into the stack for thread: 0x000002278bed7800
RCX=0x0 is NULL
RDX=0x00000227ad078e70 points into unknown readable memory: 30 8f 07 ad 27 02 00 00
RSP=0x000000ad28efec50 is pointing into the stack for thread: 0x000002278bed7800
RBP=0x000000ad28efece8 is pointing into the stack for thread: 0x000002278bed7800
RSI=0x0000000085b135a8 is an oop: [I 
{0x0000000085b135a8} - klass: {type array int}
 - length: 1
RDI=0x0 is NULL
R8 =0x0000000000000357 is an unknown value
R9 =0x000000ad28efea42 is pointing into the stack for thread: 0x000002278bed7800
R10=0x000000000000014d is an unknown value
R11=0x0000000000000038 is an unknown value
R12=0x00000227ac33de60 points into unknown readable memory: 00 00 00 00 00 00 00 00
R13=0x00000227ad81ab70 points into unknown readable memory: 58 00 00 00 fd 0d 00 00
R14=0x000000ad28efece0 is pointing into the stack for thread: 0x000002278bed7800
R15=0x000000ad28efece4 is pointing into the stack for thread: 0x000002278bed7800


Registers:
RAX=0x0000000000000000, RBX=0x000000ad28efed50, RCX=0x0000000000000000, RDX=0x00000227ad078e70
RSP=0x000000ad28efec50, RBP=0x000000ad28efece8, RSI=0x0000000085b135a8, RDI=0x0000000000000000
R8 =0x0000000000000357, R9 =0x000000ad28efea42, R10=0x000000000000014d, R11=0x0000000000000038
R12=0x00000227ac33de60, R13=0x00000227ad81ab70, R14=0x000000ad28efece0, R15=0x000000ad28efece4
RIP=0x00007ffd1f04a03c, EFLAGS=0x0000000000010202

Top of Stack: (sp=0x000000ad28efec50)
0x000000ad28efec50:   0000000000000000 000002278bed7b10
0x000000ad28efec60:   0000000000000000 0000000000000000
0x000000ad28efec70:   0000000000000000 0000000000000000
0x000000ad28efec80:   000000ad28efed90 00000227ac33de60
0x000000ad28efec90:   00000227ad81ab70 000002278bed7b10
0x000000ad28efeca0:   0000000000000000 00007ffd74901068
0x000000ad28efecb0:   000000ad28efed50 000000ad28efed90
0x000000ad28efecc0:   0000000085b135a8 00000227ad81aa50
0x000000ad28efecd0:   000000ad28efece8 000002279bf4571c
0x000000ad28efece0:   ffffffffffffffff 00000000ffffffff
0x000000ad28efecf0:   0000000000000000 000002278bed7800
0x000000ad28efed00:   000000ad28efed78 000002279bfa5c00
0x000000ad28efed10:   000000ad28efedf0 000002279bf32bde
0x000000ad28efed20:   0000000000000000 00007ffd376c1de2
0x000000ad28efed30:   0000000000000bb7 0000000000000000
0x000000ad28efed40:   000000ad28efed58 000000ad28efed78 

Instructions: (pc=0x00007ffd1f04a03c)
0x00007ffd1f049f3c:   cc cc cc cc cc cc cc cc cc cc cc cc cc cc cc cc
0x00007ffd1f049f4c:   cc cc cc cc cc cc cc cc cc cc cc cc cc cc cc cc
0x00007ffd1f049f5c:   cc cc cc cc cc cc cc cc cc cc cc cc cc cc cc cc
0x00007ffd1f049f6c:   cc cc cc cc cc cc cc cc cc cc cc cc cc cc cc cc
0x00007ffd1f049f7c:   cc cc cc cc cc cc cc cc cc cc cc cc cc cc cc cc
0x00007ffd1f049f8c:   cc cc cc cc cc cc cc cc cc cc cc cc cc cc cc cc
0x00007ffd1f049f9c:   cc cc cc cc cc cc cc cc cc cc cc cc cc cc cc cc
0x00007ffd1f049fac:   cc cc cc cc 41 54 41 55 41 56 41 57 55 48 83 ec
0x00007ffd1f049fbc:   30 4d 89 cf 4d 89 c6 49 89 d5 49 89 cc e8 af fc
0x00007ffd1f049fcc:   90 ff 85 c0 0f 85 88 00 00 00 4d 85 f6 74 07 41
0x00007ffd1f049fdc:   c7 06 ff ff ff ff 4d 85 ff 74 07 41 c7 07 ff ff
0x00007ffd1f049fec:   ff ff 48 8b ac 24 80 00 00 00 48 85 ed 74 07 c7
0x00007ffd1f049ffc:   45 00 ff ff ff ff 4c 89 e1 e8 73 fc 90 ff 85 c0
0x00007ffd1f04a00c:   0f 85 80 00 00 00 4c 89 e1 4c 89 ea e8 9e aa 90
0x00007ffd1f04a01c:   ff 83 f8 ff 74 4a 48 63 c0 49 8b 94 24 d8 02 00
0x00007ffd1f04a02c:   00 48 8b 4a 10 4c 8d 04 c0 33 c0 4d 85 f6 74 08
0x00007ffd1f04a03c:   42 8b 54 c1 0c 41 89 16 4d 85 ff 74 08 42 8b 54
0x00007ffd1f04a04c:   c1 10 41 89 17 48 85 ed 74 08 42 8b 54 c1 14 89
0x00007ffd1f04a05c:   55 00 48 83 c4 30 5d 41 5f 41 5e 41 5d 41 5c c3
0x00007ffd1f04a06c:   48 89 e0 4c 89 e1 ba 14 27 00 00 41 b8 01 00 00
0x00007ffd1f04a07c:   00 4c 8d 0d 90 c3 6f 01 4c 89 68 20 e8 e5 a2 90
0x00007ffd1f04a08c:   ff b8 14 27 00 00 48 83 c4 30 5d 41 5f 41 5e 41
0x00007ffd1f04a09c:   5d 41 5c c3 cc cc cc cc cc cc cc cc cc cc cc cc
0x00007ffd1f04a0ac:   cc cc cc cc cc cc cc cc cc cc cc cc cc cc cc cc
0x00007ffd1f04a0bc:   cc cc cc cc cc cc cc cc cc cc cc cc cc cc cc cc
0x00007ffd1f04a0cc:   cc cc cc cc cc cc cc cc cc cc cc cc cc cc cc cc
0x00007ffd1f04a0dc:   cc cc cc cc 57 41 54 41 55 48 83 ec 40 49 89 d4
0x00007ffd1f04a0ec:   48 89 cf e8 89 fb 90 ff 85 c0 0f 85 c5 00 00 00
0x00007ffd1f04a0fc:   48 85 ff 74 1b 83 7f 40 00 7e 15 48 89 f9 4c 89
0x00007ffd1f04a10c:   e2 e8 d6 90 90 ff 48 83 c4 40 41 5d 41 5c 5f c3
0x00007ffd1f04a11c:   48 89 f9 e8 59 fb 90 ff 85 c0 0f 85 61 01 00 00
0x00007ffd1f04a12c:   48 89 f9 4c 89 e2 e8 84 a9 90 ff 83 f8 ff 0f 84 


Stack slot to memory mapping:
stack at sp + 0 slots: 0x0 is NULL
stack at sp + 1 slots: 0x000002278bed7b10 points into unknown readable memory: 50 e8 a4 37 fd 7f 00 00
stack at sp + 2 slots: 0x0 is NULL
stack at sp + 3 slots: 0x0 is NULL
stack at sp + 4 slots: 0x0 is NULL
stack at sp + 5 slots: 0x0 is NULL
stack at sp + 6 slots: 0x000000ad28efed90 is pointing into the stack for thread: 0x000002278bed7800
stack at sp + 7 slots: 0x00000227ac33de60 points into unknown readable memory: 00 00 00 00 00 00 00 00


---------------  P R O C E S S  ---------------

Threads class SMR info:
_java_thread_list=0x00000227ab9e6060, length=11, elements={
0x000002278bed7800, 0x00000227aad85800, 0x00000227aad89000, 0x00000227aadac800,
0x00000227aadad800, 0x00000227aadae800, 0x00000227aadb8800, 0x00000227aadc7800,
0x00000227aad6e000, 0x00000227ab95c800, 0x00000227ab95d800
}

Java Threads: ( => current thread )
=>0x000002278bed7800 JavaThread "main" [_thread_in_native, id=10868, stack(0x000000ad28e00000,0x000000ad28f00000)]
  0x00000227aad85800 JavaThread "Reference Handler" daemon [_thread_blocked, id=11336, stack(0x000000ad29500000,0x000000ad29600000)]
  0x00000227aad89000 JavaThread "Finalizer" daemon [_thread_blocked, id=15516, stack(0x000000ad29600000,0x000000ad29700000)]
  0x00000227aadac800 JavaThread "Signal Dispatcher" daemon [_thread_blocked, id=15148, stack(0x000000ad29700000,0x000000ad29800000)]
  0x00000227aadad800 JavaThread "Attach Listener" daemon [_thread_blocked, id=11828, stack(0x000000ad29800000,0x000000ad29900000)]
  0x00000227aadae800 JavaThread "C2 CompilerThread0" daemon [_thread_blocked, id=9820, stack(0x000000ad29900000,0x000000ad29a00000)]
  0x00000227aadb8800 JavaThread "C1 CompilerThread0" daemon [_thread_blocked, id=12924, stack(0x000000ad29a00000,0x000000ad29b00000)]
  0x00000227aadc7800 JavaThread "Sweeper thread" daemon [_thread_blocked, id=15912, stack(0x000000ad29b00000,0x000000ad29c00000)]
  0x00000227aad6e000 JavaThread "Common-Cleaner" daemon [_thread_blocked, id=8188, stack(0x000000ad29c00000,0x000000ad29d00000)]
  0x00000227ab95c800 JavaThread "Monitor Ctrl-Break" daemon [_thread_in_native, id=328, stack(0x000000ad29e00000,0x000000ad29f00000)]
  0x00000227ab95d800 JavaThread "Service Thread" daemon [_thread_blocked, id=9612, stack(0x000000ad29f00000,0x000000ad2a000000)]

Other Threads:
  0x00000227aad84000 VMThread "VM Thread" [stack: 0x000000ad29400000,0x000000ad29500000] [id=15084]
  0x00000227ab95e800 WatcherThread [stack: 0x000000ad2a000000,0x000000ad2a100000] [id=16344]
  0x000002278bf1a800 GCTaskThread "GC Thread#0" [stack: 0x000000ad28f00000,0x000000ad29000000] [id=12696]
  0x00000227ac4d9800 GCTaskThread "GC Thread#1" [stack: 0x000000ad2a100000,0x000000ad2a200000] [id=8216]
  0x00000227ac4da800 GCTaskThread "GC Thread#2" [stack: 0x000000ad2a200000,0x000000ad2a300000] [id=9928]
  0x000002278bf2c800 ConcurrentGCThread "G1 Main Marker" [stack: 0x000000ad29000000,0x000000ad29100000] [id=2324]
  0x000002278bf2e800 ConcurrentGCThread "G1 Conc#0" [stack: 0x000000ad29100000,0x000000ad29200000] [id=9960]
  0x00000227aac06800 ConcurrentGCThread "G1 Refine#0" [stack: 0x000000ad29200000,0x000000ad29300000] [id=10428]
  0x000002278bfac800 ConcurrentGCThread "G1 Young RemSet Sampling" [stack: 0x000000ad29300000,0x000000ad29400000] [id=7104]

Threads with active compile tasks:

VM state:not at safepoint (normal execution)

VM Mutex/Monitor currently owned by a thread: None

Heap address: 0x0000000081a00000, size: 2022 MB, Compressed Oops mode: 32-bit
Narrow klass base: 0x0000000800000000, Narrow klass shift: 3
Compressed class space size: 1073741824 Address: 0x0000000800b40000

Heap:
 garbage-first heap   total 20480K, used 5079K [0x0000000081a00000, 0x0000000100000000)
  region size 1024K, 2 young (2048K), 1 survivors (1024K)
 Metaspace       used 2634K, capacity 5349K, committed 5504K, reserved 1056768K
  class space    used 214K, capacity 531K, committed 640K, reserved 1048576K
Heap Regions: E=young(eden), S=young(survivor), O=old, HS=humongous(starts), HC=humongous(continues), CS=collection set, F=free, A=archive, TAMS=top-at-mark-start (previous, next)
|   0|0x0000000081a00000, 0x0000000081affff8, 0x0000000081b00000| 99%| O|  |TAMS 0x0000000081a00000, 0x0000000081a00000| Untracked 
|   1|0x0000000081b00000, 0x0000000081c00000, 0x0000000081c00000|100%| O|  |TAMS 0x0000000081b00000, 0x0000000081b00000| Untracked 
|   2|0x0000000081c00000, 0x0000000081d00000, 0x0000000081d00000|100%| O|  |TAMS 0x0000000081c00000, 0x0000000081c00000| Untracked 
|   3|0x0000000081d00000, 0x0000000081dfffd8, 0x0000000081e00000| 99%| O|  |TAMS 0x0000000081d00000, 0x0000000081d00000| Untracked 
|   4|0x0000000081e00000, 0x0000000081e26f80, 0x0000000081f00000| 15%| O|  |TAMS 0x0000000081e00000, 0x0000000081e00000| Untracked 
|   5|0x0000000081f00000, 0x0000000081f00000, 0x0000000082000000|  0%| F|  |TAMS 0x0000000081f00000, 0x0000000081f00000| Untracked 
|   6|0x0000000082000000, 0x0000000082000000, 0x0000000082100000|  0%| F|  |TAMS 0x0000000082000000, 0x0000000082000000| Untracked 
|   7|0x0000000082100000, 0x0000000082100000, 0x0000000082200000|  0%| F|  |TAMS 0x0000000082100000, 0x0000000082100000| Untracked 
|   8|0x0000000082200000, 0x00000000822a3440, 0x0000000082300000| 63%| S|CS|TAMS 0x0000000082200000, 0x0000000082200000| Complete 
|   9|0x0000000082300000, 0x000000008232ba10, 0x0000000082400000| 17%| O|  |TAMS 0x0000000082300000, 0x0000000082300000| Untracked 
|  10|0x0000000082400000, 0x0000000082400000, 0x0000000082500000|  0%| F|  |TAMS 0x0000000082400000, 0x0000000082400000| Untracked 
|  11|0x0000000082500000, 0x0000000082500000, 0x0000000082600000|  0%| F|  |TAMS 0x0000000082500000, 0x0000000082500000| Untracked 
|  12|0x0000000082600000, 0x0000000082600000, 0x0000000082700000|  0%| F|  |TAMS 0x0000000082600000, 0x0000000082600000| Untracked 
|  13|0x0000000082700000, 0x0000000082700000, 0x0000000082800000|  0%| F|  |TAMS 0x0000000082700000, 0x0000000082700000| Untracked 
|  14|0x0000000082800000, 0x0000000082800000, 0x0000000082900000|  0%| F|  |TAMS 0x0000000082800000, 0x0000000082800000| Untracked 
|  15|0x0000000082900000, 0x0000000082900000, 0x0000000082a00000|  0%| F|  |TAMS 0x0000000082900000, 0x0000000082900000| Untracked 
|  16|0x0000000082a00000, 0x0000000082a00000, 0x0000000082b00000|  0%| F|  |TAMS 0x0000000082a00000, 0x0000000082a00000| Untracked 
|  17|0x0000000082b00000, 0x0000000082b00000, 0x0000000082c00000|  0%| F|  |TAMS 0x0000000082b00000, 0x0000000082b00000| Untracked 
|  18|0x0000000082c00000, 0x0000000082c00000, 0x0000000082d00000|  0%| F|  |TAMS 0x0000000082c00000, 0x0000000082c00000| Untracked 
|  65|0x0000000085b00000, 0x0000000085b2d590, 0x0000000085c00000| 17%| E|  |TAMS 0x0000000085b00000, 0x0000000085b00000| Complete 

Card table byte_map: [0x00000227a3c20000,0x00000227a4020000] _byte_map_base: 0x00000227a3813000

Marking Bits (Prev, Next): (CMBitMap*) 0x000002278bf1b2d8, (CMBitMap*) 0x000002278bf1b318
 Prev Bits: [0x00000227a4420000, 0x00000227a63b8000)
 Next Bits: [0x00000227a63c0000, 0x00000227a8358000)

Polling page: 0x0000022789e40000

Metaspace:

Usage:
  Non-class:      4.71 MB capacity,     2.36 MB ( 50%) used,     2.33 MB ( 50%) free+waste,     8.44 KB ( <1%) overhead. 
      Class:    531.00 KB capacity,   214.98 KB ( 40%) used,   310.96 KB ( 59%) free+waste,     5.06 KB ( <1%) overhead. 
       Both:      5.22 MB capacity,     2.57 MB ( 49%) used,     2.64 MB ( 50%) free+waste,    13.50 KB ( <1%) overhead. 

Virtual space:
  Non-class space:        8.00 MB reserved,       4.75 MB ( 59%) committed 
      Class space:        1.00 GB reserved,     640.00 KB ( <1%) committed 
             Both:        1.01 GB reserved,       5.38 MB ( <1%) committed 

Chunk freelists:
   Non-Class:  46.00 KB
       Class:  0 bytes
        Both:  46.00 KB

MaxMetaspaceSize: 17179869184.00 GB
CompressedClassSpaceSize: 1.00 GB

CodeHeap 'non-profiled nmethods': size=120000Kb used=1099Kb max_used=1099Kb free=118900Kb
 bounds [0x000002279beb0000, 0x000002279c120000, 0x00000227a33e0000]
CodeHeap 'profiled nmethods': size=120000Kb used=3071Kb max_used=3071Kb free=116929Kb
 bounds [0x0000022794980000, 0x0000022794c80000, 0x000002279beb0000]
CodeHeap 'non-nmethods': size=5760Kb used=1202Kb max_used=1265Kb free=4557Kb
 bounds [0x00000227943e0000, 0x0000022794650000, 0x0000022794980000]
 total_blobs=2381 nmethods=1163 adapters=373
 compilation: enabled
              stopped_count=0, restarted_count=0
 full_count=0

Compilation events (20 events):
Event: 13.625 Thread 0x00000227aadb8800 1154       3       java.util.GregorianCalendar::computeFields (1585 bytes)
Event: 13.631 Thread 0x00000227aadb8800 nmethod 1154 0x0000022794c77210 code [0x0000022794c778e0, 0x0000022794c7d440]
Event: 13.651 Thread 0x00000227aadb8800 1155       1       observation.Connection::setFinalSlewTime (6 bytes)
Event: 13.651 Thread 0x00000227aadb8800 nmethod 1155 0x000002279bfbde10 code [0x000002279bfbdfa0, 0x000002279bfbe0d8]
Event: 13.651 Thread 0x00000227aadb8800 1156       1       observation.Pulsar::getAttempts (5 bytes)
Event: 13.651 Thread 0x00000227aadb8800 nmethod 1156 0x000002279bfbe190 code [0x000002279bfbe320, 0x000002279bfbe458]
Event: 13.656 Thread 0x00000227aadae800 1157       4       java.util.GregorianCalendar::computeFields (1585 bytes)
Event: 13.657 Thread 0x00000227aadb8800 1158       1       observation.live.ObservationState::getLinkToHere (5 bytes)
Event: 13.657 Thread 0x00000227aadb8800 nmethod 1158 0x000002279bfbe510 code [0x000002279bfbe6a0, 0x000002279bfbe7d8]
Event: 13.657 Thread 0x00000227aadb8800 1159       1       observation.Pulsar::getExpectedIntegrationTime (5 bytes)
Event: 13.657 Thread 0x00000227aadb8800 nmethod 1159 0x000002279bfbe890 code [0x000002279bfbea20, 0x000002279bfbeb58]
Event: 13.663 Thread 0x00000227aadb8800 1160       3       simulation.Clock::advanceBy (13 bytes)
Event: 13.663 Thread 0x00000227aadb8800 nmethod 1160 0x0000022794c7f790 code [0x0000022794c7f940, 0x0000022794c7fb10]
Event: 13.688 Thread 0x00000227aadae800 nmethod 1157 0x000002279bfbec10 code [0x000002279bfbee80, 0x000002279bfc0920]
Event: 13.689 Thread 0x00000227aadae800 1161       4       java.util.Random::next (47 bytes)
Event: 13.689 Thread 0x00000227aadae800 nmethod 1161 0x000002279bfc2410 code [0x000002279bfc25a0, 0x000002279bfc2678]
Event: 13.696 Thread 0x00000227aadae800 1162       4       java.lang.Long::valueOf (40 bytes)
Event: 13.697 Thread 0x00000227aadae800 nmethod 1162 0x000002279bfc2790 code [0x000002279bfc2920, 0x000002279bfc2a38]
Event: 13.697 Thread 0x00000227aadae800 1163       4       java.io.OutputStream::flush (1 bytes)
Event: 13.698 Thread 0x00000227aadae800 nmethod 1163 0x000002279bfc2b10 code [0x000002279bfc2ca0, 0x000002279bfc2d18]

GC Heap History (20 events):
Event: 11.366 GC heap before
{Heap before GC invocations=44 (full 16):
 garbage-first heap   total 20480K, used 14647K [0x0000000081a00000, 0x0000000100000000)
  region size 1024K, 10 young (10240K), 0 survivors (0K)
 Metaspace       used 2633K, capacity 5349K, committed 5504K, reserved 1056768K
  class space    used 214K, capacity 531K, committed 640K, reserved 1048576K
}
Event: 11.367 GC heap after
{Heap after GC invocations=45 (full 16):
 garbage-first heap   total 20480K, used 4682K [0x0000000081a00000, 0x0000000100000000)
  region size 1024K, 1 young (1024K), 1 survivors (1024K)
 Metaspace       used 2633K, capacity 5349K, committed 5504K, reserved 1056768K
  class space    used 214K, capacity 531K, committed 640K, reserved 1048576K
}
Event: 11.483 GC heap before
{Heap before GC invocations=45 (full 16):
 garbage-first heap   total 20480K, used 13898K [0x0000000081a00000, 0x0000000100000000)
  region size 1024K, 10 young (10240K), 1 survivors (1024K)
 Metaspace       used 2633K, capacity 5349K, committed 5504K, reserved 1056768K
  class space    used 214K, capacity 531K, committed 640K, reserved 1048576K
}
Event: 11.484 GC heap after
{Heap after GC invocations=46 (full 16):
 garbage-first heap   total 20480K, used 4811K [0x0000000081a00000, 0x0000000100000000)
  region size 1024K, 1 young (1024K), 1 survivors (1024K)
 Metaspace       used 2633K, capacity 5349K, committed 5504K, reserved 1056768K
  class space    used 214K, capacity 531K, committed 640K, reserved 1048576K
}
Event: 11.836 GC heap before
{Heap before GC invocations=46 (full 16):
 garbage-first heap   total 20480K, used 14027K [0x0000000081a00000, 0x0000000100000000)
  region size 1024K, 10 young (10240K), 1 survivors (1024K)
 Metaspace       used 2633K, capacity 5349K, committed 5504K, reserved 1056768K
  class space    used 214K, capacity 531K, committed 640K, reserved 1048576K
}
Event: 11.838 GC heap after
{Heap after GC invocations=47 (full 16):
 garbage-first heap   total 20480K, used 5022K [0x0000000081a00000, 0x0000000100000000)
  region size 1024K, 1 young (1024K), 1 survivors (1024K)
 Metaspace       used 2633K, capacity 5349K, committed 5504K, reserved 1056768K
  class space    used 214K, capacity 531K, committed 640K, reserved 1048576K
}
Event: 11.958 GC heap before
{Heap before GC invocations=47 (full 16):
 garbage-first heap   total 20480K, used 14238K [0x0000000081a00000, 0x0000000100000000)
  region size 1024K, 10 young (10240K), 1 survivors (1024K)
 Metaspace       used 2633K, capacity 5349K, committed 5504K, reserved 1056768K
  class space    used 214K, capacity 531K, committed 640K, reserved 1048576K
}
Event: 11.959 GC heap after
{Heap after GC invocations=48 (full 16):
 garbage-first heap   total 20480K, used 4889K [0x0000000081a00000, 0x0000000100000000)
  region size 1024K, 1 young (1024K), 1 survivors (1024K)
 Metaspace       used 2633K, capacity 5349K, committed 5504K, reserved 1056768K
  class space    used 214K, capacity 531K, committed 640K, reserved 1048576K
}
Event: 11.962 GC heap before
{Heap before GC invocations=48 (full 16):
 garbage-first heap   total 20480K, used 4889K [0x0000000081a00000, 0x0000000100000000)
  region size 1024K, 2 young (2048K), 1 survivors (1024K)
 Metaspace       used 2633K, capacity 5349K, committed 5504K, reserved 1056768K
  class space    used 214K, capacity 531K, committed 640K, reserved 1048576K
}
Event: 11.970 GC heap after
{Heap after GC invocations=49 (full 17):
 garbage-first heap   total 20480K, used 4413K [0x0000000081a00000, 0x0000000100000000)
  region size 1024K, 0 young (0K), 0 survivors (0K)
 Metaspace       used 2633K, capacity 5349K, committed 5504K, reserved 1056768K
  class space    used 214K, capacity 531K, committed 640K, reserved 1048576K
}
Event: 12.062 GC heap before
{Heap before GC invocations=49 (full 17):
 garbage-first heap   total 20480K, used 14653K [0x0000000081a00000, 0x0000000100000000)
  region size 1024K, 10 young (10240K), 0 survivors (0K)
 Metaspace       used 2633K, capacity 5349K, committed 5504K, reserved 1056768K
  class space    used 214K, capacity 531K, committed 640K, reserved 1048576K
}
Event: 12.064 GC heap after
{Heap after GC invocations=50 (full 17):
 garbage-first heap   total 20480K, used 4902K [0x0000000081a00000, 0x0000000100000000)
  region size 1024K, 1 young (1024K), 1 survivors (1024K)
 Metaspace       used 2633K, capacity 5349K, committed 5504K, reserved 1056768K
  class space    used 214K, capacity 531K, committed 640K, reserved 1048576K
}
Event: 13.100 GC heap before
{Heap before GC invocations=50 (full 17):
 garbage-first heap   total 20480K, used 10022K [0x0000000081a00000, 0x0000000100000000)
  region size 1024K, 7 young (7168K), 1 survivors (1024K)
 Metaspace       used 2633K, capacity 5349K, committed 5504K, reserved 1056768K
  class space    used 214K, capacity 531K, committed 640K, reserved 1048576K
}
Event: 13.108 GC heap after
{Heap after GC invocations=51 (full 18):
 garbage-first heap   total 20480K, used 4599K [0x0000000081a00000, 0x0000000100000000)
  region size 1024K, 0 young (0K), 0 survivors (0K)
 Metaspace       used 2633K, capacity 5349K, committed 5504K, reserved 1056768K
  class space    used 214K, capacity 531K, committed 640K, reserved 1048576K
}
Event: 13.626 GC heap before
{Heap before GC invocations=51 (full 18):
 garbage-first heap   total 20480K, used 14839K [0x0000000081a00000, 0x0000000100000000)
  region size 1024K, 10 young (10240K), 0 survivors (0K)
 Metaspace       used 2633K, capacity 5349K, committed 5504K, reserved 1056768K
  class space    used 214K, capacity 531K, committed 640K, reserved 1048576K
}
Event: 13.627 GC heap after
{Heap after GC invocations=52 (full 18):
 garbage-first heap   total 20480K, used 5237K [0x0000000081a00000, 0x0000000100000000)
  region size 1024K, 1 young (1024K), 1 survivors (1024K)
 Metaspace       used 2633K, capacity 5349K, committed 5504K, reserved 1056768K
  class space    used 214K, capacity 531K, committed 640K, reserved 1048576K
}
Event: 13.643 GC heap before
{Heap before GC invocations=52 (full 18):
 garbage-first heap   total 20480K, used 6261K [0x0000000081a00000, 0x0000000100000000)
  region size 1024K, 3 young (3072K), 1 survivors (1024K)
 Metaspace       used 2633K, capacity 5349K, committed 5504K, reserved 1056768K
  class space    used 214K, capacity 531K, committed 640K, reserved 1048576K
}
Event: 13.650 GC heap after
{Heap after GC invocations=53 (full 19):
 garbage-first heap   total 20480K, used 4426K [0x0000000081a00000, 0x0000000100000000)
  region size 1024K, 0 young (0K), 0 survivors (0K)
 Metaspace       used 2633K, capacity 5349K, committed 5504K, reserved 1056768K
  class space    used 214K, capacity 531K, committed 640K, reserved 1048576K
}
Event: 13.946 GC heap before
{Heap before GC invocations=53 (full 19):
 garbage-first heap   total 20480K, used 14666K [0x0000000081a00000, 0x0000000100000000)
  region size 1024K, 10 young (10240K), 0 survivors (0K)
 Metaspace       used 2634K, capacity 5349K, committed 5504K, reserved 1056768K
  class space    used 214K, capacity 531K, committed 640K, reserved 1048576K
}
Event: 13.948 GC heap after
{Heap after GC invocations=54 (full 19):
 garbage-first heap   total 20480K, used 5079K [0x0000000081a00000, 0x0000000100000000)
  region size 1024K, 1 young (1024K), 1 survivors (1024K)
 Metaspace       used 2634K, capacity 5349K, committed 5504K, reserved 1056768K
  class space    used 214K, capacity 531K, committed 640K, reserved 1048576K
}

Deoptimization events (20 events):
Event: 8.984 Thread 0x000002278bed7800 DEOPT PACKING pc=0x0000022794c624d2 sp=0x000000ad28efe420
Event: 8.984 Thread 0x000002278bed7800 DEOPT UNPACKING pc=0x000002279442964e sp=0x000000ad28efdae0 mode 0
Event: 9.426 Thread 0x000002278bed7800 DEOPT PACKING pc=0x0000022794bebd8b sp=0x000000ad28efe870
Event: 9.426 Thread 0x000002278bed7800 DEOPT UNPACKING pc=0x000002279442964e sp=0x000000ad28efe300 mode 0
Event: 9.769 Thread 0x000002278bed7800 DEOPT PACKING pc=0x0000022794bee794 sp=0x000000ad28efe870
Event: 9.769 Thread 0x000002278bed7800 DEOPT UNPACKING pc=0x000002279442964e sp=0x000000ad28efe300 mode 0
Event: 9.774 Thread 0x000002278bed7800 DEOPT PACKING pc=0x0000022794c708f0 sp=0x000000ad28efe430
Event: 9.774 Thread 0x000002278bed7800 DEOPT UNPACKING pc=0x000002279442964e sp=0x000000ad28efdae0 mode 0
Event: 10.287 Thread 0x000002278bed7800 DEOPT PACKING pc=0x0000022794bebd8b sp=0x000000ad28efe870
Event: 10.287 Thread 0x000002278bed7800 DEOPT UNPACKING pc=0x000002279442964e sp=0x000000ad28efe300 mode 0
Event: 10.293 Thread 0x000002278bed7800 DEOPT PACKING pc=0x0000022794c708f0 sp=0x000000ad28efeaf0
Event: 10.293 Thread 0x000002278bed7800 DEOPT UNPACKING pc=0x000002279442964e sp=0x000000ad28efe1a0 mode 0
Event: 10.294 Thread 0x000002278bed7800 DEOPT PACKING pc=0x0000022794c624d2 sp=0x000000ad28efeae0
Event: 10.294 Thread 0x000002278bed7800 DEOPT UNPACKING pc=0x000002279442964e sp=0x000000ad28efe1a0 mode 0
Event: 11.498 Thread 0x000002278bed7800 DEOPT PACKING pc=0x0000022794c71c1f sp=0x000000ad28efeac0
Event: 11.498 Thread 0x000002278bed7800 DEOPT UNPACKING pc=0x000002279442964e sp=0x000000ad28efe170 mode 0
Event: 13.624 Thread 0x000002278bed7800 Uncommon trap: trap_request=0xffffff45 fr.pc=0x000002279bf3703c relative=0x000000000000181c
Event: 13.624 Thread 0x000002278bed7800 Uncommon trap: reason=unstable_if action=reinterpret pc=0x000002279bf3703c method=sun.util.calendar.CalendarDate.setYear(I)Lsun/util/calendar/CalendarDate; @ 5 c2
Event: 13.624 Thread 0x000002278bed7800 DEOPT PACKING pc=0x000002279bf3703c sp=0x000000ad28efed10
Event: 13.624 Thread 0x000002278bed7800 DEOPT UNPACKING pc=0x000002279442912f sp=0x000000ad28efea78 mode 2

Classes unloaded (0 events):
No events

Classes redefined (0 events):
No events

Internal exceptions (1 events):
Event: 0.235 Thread 0x000002278bed7800 Exception <a 'java/lang/NoSuchMethodError'{0x000000008960e2a0}: 'int java.lang.invoke.DirectMethodHandle$Holder.invokeSpecialIFC(java.lang.Object, java.lang.Object, int)'> (0x000000008960e2a0) 
thrown [t:/workspace/open/src/hotspot/share/interpreter/linkResolver.cpp, line 767]

Events (20 events):
Event: 11.836 Executing VM operation: G1CollectForAllocation
Event: 11.838 Executing VM operation: G1CollectForAllocation done
Event: 11.841 Executing VM operation: RevokeBias
Event: 11.841 Executing VM operation: RevokeBias done
Event: 11.958 Executing VM operation: G1CollectForAllocation
Event: 11.959 Executing VM operation: G1CollectForAllocation done
Event: 11.962 Executing VM operation: G1CollectFull
Event: 11.970 Executing VM operation: G1CollectFull done
Event: 12.062 Executing VM operation: G1CollectForAllocation
Event: 12.064 Executing VM operation: G1CollectForAllocation done
Event: 13.100 Executing VM operation: G1CollectFull
Event: 13.108 Executing VM operation: G1CollectFull done
Event: 13.626 Executing VM operation: G1CollectForAllocation
Event: 13.627 Executing VM operation: G1CollectForAllocation done
Event: 13.630 Executing VM operation: RevokeBias
Event: 13.631 Executing VM operation: RevokeBias done
Event: 13.643 Executing VM operation: G1CollectFull
Event: 13.650 Executing VM operation: G1CollectFull done
Event: 13.946 Executing VM operation: G1CollectForAllocation
Event: 13.948 Executing VM operation: G1CollectForAllocation done


Dynamic libraries:
0x00007ff79c590000 - 0x00007ff79c59f000 	C:\Program Files\Java\jdk-13.0.1\bin\java.exe
0x00007ffd9d290000 - 0x00007ffd9d488000 	C:\WINDOWS\SYSTEM32\ntdll.dll
0x00007ffd9ce60000 - 0x00007ffd9cf1f000 	C:\WINDOWS\System32\KERNEL32.DLL
0x00007ffd9b000000 - 0x00007ffd9b2d2000 	C:\WINDOWS\System32\KERNELBASE.dll
0x00007ffd9ab10000 - 0x00007ffd9ac10000 	C:\WINDOWS\System32\ucrtbase.dll
0x00007ffd8d550000 - 0x00007ffd8d568000 	C:\Program Files\Java\jdk-13.0.1\bin\jli.dll
0x00007ffd8d570000 - 0x00007ffd8d585000 	C:\Program Files\Java\jdk-13.0.1\bin\VCRUNTIME140.dll
0x00007ffd9b480000 - 0x00007ffd9b52e000 	C:\WINDOWS\System32\ADVAPI32.dll
0x00007ffd9cdb0000 - 0x00007ffd9ce4e000 	C:\WINDOWS\System32\msvcrt.dll
0x00007ffd9cd10000 - 0x00007ffd9cdac000 	C:\WINDOWS\System32\sechost.dll
0x00007ffd9c950000 - 0x00007ffd9ca75000 	C:\WINDOWS\System32\RPCRT4.dll
0x00007ffd9b2e0000 - 0x00007ffd9b47d000 	C:\WINDOWS\System32\USER32.dll
0x00007ffd9aa70000 - 0x00007ffd9aa92000 	C:\WINDOWS\System32\win32u.dll
0x00007ffd88af0000 - 0x00007ffd88d8a000 	C:\WINDOWS\WinSxS\amd64_microsoft.windows.common-controls_6595b64144ccf1df_6.0.19041.1110_none_60b5254171f9507e\COMCTL32.dll
0x00007ffd9ca80000 - 0x00007ffd9caab000 	C:\WINDOWS\System32\GDI32.dll
0x00007ffd9ac10000 - 0x00007ffd9ad1f000 	C:\WINDOWS\System32\gdi32full.dll
0x00007ffd9aeb0000 - 0x00007ffd9af4d000 	C:\WINDOWS\System32\msvcp_win.dll
0x00007ffd93770000 - 0x00007ffd9377a000 	C:\WINDOWS\SYSTEM32\VERSION.dll
0x00007ffd9d1f0000 - 0x00007ffd9d222000 	C:\WINDOWS\System32\IMM32.DLL
0x0000000058050000 - 0x000000005805b000 	D:\Program Files (x86)\360\360safe\safemon\SafeWrapper.dll
0x00007ffd8c570000 - 0x00007ffd8c60b000 	C:\Program Files\Java\jdk-13.0.1\bin\msvcp140.dll
0x00007ffd37050000 - 0x00007ffd37bb6000 	C:\Program Files\Java\jdk-13.0.1\bin\server\jvm.dll
0x00007ffd9c320000 - 0x00007ffd9c328000 	C:\WINDOWS\System32\PSAPI.DLL
0x00007ffd990d0000 - 0x00007ffd990d9000 	C:\WINDOWS\SYSTEM32\WSOCK32.dll
0x00007ffd8ce40000 - 0x00007ffd8ce67000 	C:\WINDOWS\SYSTEM32\WINMM.dll
0x00007ffd9bfe0000 - 0x00007ffd9c04b000 	C:\WINDOWS\System32\WS2_32.dll
0x00007ffd99230000 - 0x00007ffd99242000 	C:\WINDOWS\SYSTEM32\kernel.appcore.dll
0x00007ffd964b0000 - 0x00007ffd964c0000 	C:\Program Files\Java\jdk-13.0.1\bin\verify.dll
0x00007ffd98ec0000 - 0x00007ffd990a4000 	C:\WINDOWS\SYSTEM32\DBGHELP.DLL
0x00007ffd7e8f0000 - 0x00007ffd7e91c000 	C:\WINDOWS\SYSTEM32\dbgcore.DLL
0x00007ffd9a9e0000 - 0x00007ffd9aa62000 	C:\WINDOWS\System32\bcryptPrimitives.dll
0x00007ffd8c760000 - 0x00007ffd8c786000 	C:\Program Files\Java\jdk-13.0.1\bin\java.dll
0x00007ffd963a0000 - 0x00007ffd963ae000 	C:\Program Files\Java\jdk-13.0.1\bin\instrument.dll
0x00007ffd8c680000 - 0x00007ffd8c697000 	C:\Program Files\Java\jdk-13.0.1\bin\zip.dll
0x00007ffd96440000 - 0x00007ffd9644a000 	C:\Program Files\Java\jdk-13.0.1\bin\jimage.dll
0x00007ffd9b530000 - 0x00007ffd9bc73000 	C:\WINDOWS\System32\SHELL32.dll
0x00007ffd98660000 - 0x00007ffd98df2000 	C:\WINDOWS\SYSTEM32\windows.storage.dll
0x00007ffd9bc80000 - 0x00007ffd9bfd4000 	C:\WINDOWS\System32\combase.dll
0x00007ffd9a3f0000 - 0x00007ffd9a420000 	C:\WINDOWS\SYSTEM32\Wldp.dll
0x00007ffd9c180000 - 0x00007ffd9c22d000 	C:\WINDOWS\System32\SHCORE.dll
0x00007ffd9cf20000 - 0x00007ffd9cf75000 	C:\WINDOWS\System32\shlwapi.dll
0x00007ffd9a8d0000 - 0x00007ffd9a8ef000 	C:\WINDOWS\SYSTEM32\profapi.dll
0x00007ffd8c660000 - 0x00007ffd8c679000 	C:\Program Files\Java\jdk-13.0.1\bin\net.dll
0x00007ffd95690000 - 0x00007ffd9579c000 	C:\WINDOWS\SYSTEM32\WINHTTP.dll
0x00007ffd9a150000 - 0x00007ffd9a1ba000 	C:\WINDOWS\system32\mswsock.dll
0x00007ffd8c550000 - 0x00007ffd8c563000 	C:\Program Files\Java\jdk-13.0.1\bin\nio.dll
0x00007ffd87f70000 - 0x00007ffd87f8a000 	D:\Program Files\JetBrains\IntelliJ IDEA 2021.3.2\bin\breakgen64.dll
0x000000006f880000 - 0x000000006f8aa000 	G:\UOA_Courses\thesis\project\radiotelescopescheduling\norad\norad.dll
0x0000000061440000 - 0x000000006145a000 	D:\Program Files (x86)\mingw64\bin\libgcc_s_seh-1.dll
0x000000006fc40000 - 0x000000006fda3000 	D:\Program Files (x86)\mingw64\bin\libstdc++-6.dll
0x0000000064940000 - 0x0000000064955000 	D:\Program Files (x86)\mingw64\bin\libwinpthread-1.dll
0x0000000070980000 - 0x00000000709c4000 	G:\UOA_Courses\thesis\project\radiotelescopescheduling\novas\novas.dll
0x00007ffd74900000 - 0x00007ffd74932000 	C:\gurobi952\win64\bin\GurobiJni95.dll
0x00007ffd1e950000 - 0x00007ffd20a50000 	C:\gurobi952\win64\bin\gurobi95.dll
0x00007ffd9ad20000 - 0x00007ffd9ae76000 	C:\WINDOWS\System32\CRYPT32.dll
0x00007ffd9d190000 - 0x00007ffd9d1e6000 	C:\WINDOWS\System32\WLDAP32.dll
0x00007ffd9ce50000 - 0x00007ffd9ce58000 	C:\WINDOWS\System32\Normaliz.dll
0x00007ffd9a880000 - 0x00007ffd9a8b2000 	C:\WINDOWS\SYSTEM32\SspiCli.dll

dbghelp: loaded successfully - version: 4.0.5 - missing functions: none
symbol engine: initialized successfully - sym options: 0x614 - pdb path: .;C:\Program Files\Java\jdk-13.0.1\bin;C:\WINDOWS\SYSTEM32;C:\WINDOWS\WinSxS\amd64_microsoft.windows.common-controls_6595b64144ccf1df_6.0.19041.1110_none_60b5254171f9507e;D:\Program Files (x86)\360\360safe\safemon;C:\Program Files\Java\jdk-13.0.1\bin\server;D:\Program Files\JetBrains\IntelliJ IDEA 2021.3.2\bin;G:\UOA_Courses\thesis\project\radiotelescopescheduling\norad;D:\Program Files (x86)\mingw64\bin;G:\UOA_Courses\thesis\project\radiotelescopescheduling\novas;C:\gurobi952\win64\bin

VM Arguments:
jvm_args: -Djava.library.path=G:\UOA_Courses\thesis\project\radiotelescopescheduling\norad;G:\UOA_Courses\thesis\project\radiotelescopescheduling\novas;C:\gurobi952\win64\lib;C:\gurobi952\win64\bin -javaagent:D:\Program Files\JetBrains\IntelliJ IDEA 2021.3.2\lib\idea_rt.jar=5892:D:\Program Files\JetBrains\IntelliJ IDEA 2021.3.2\bin -Dfile.encoding=UTF-8 
java_command: SchedulingMain
java_class_path (initial): G:\UOA_Courses\thesis\project\radiotelescopescheduling\out\production\radiotelescopescheduling;C:\Users\Han\.m2\repository\com\google\ortools\ortools-java\8.2.9025\ortools-java-8.2.9025.jar;C:\Users\Han\.m2\repository\com\google\ortools\ortools-linux-x86-64\8.2.9025\ortools-linux-x86-64-8.2.9025.jar;C:\Users\Han\.m2\repository\com\google\ortools\ortools-darwin-x86-64\8.2.9025\ortools-darwin-x86-64-8.2.9025.jar;C:\Users\Han\.m2\repository\com\google\ortools\ortools-win32-x86-64\8.2.9025\ortools-win32-x86-64-8.2.9025.jar;C:\Users\Han\.m2\repository\net\java\dev\jna\jna-platform\5.8.0\jna-platform-5.8.0.jar;C:\Users\Han\.m2\repository\net\java\dev\jna\jna\5.8.0\jna-5.8.0.jar;C:\Users\Han\.m2\repository\com\google\protobuf\protobuf-java\3.15.7\protobuf-java-3.15.7.jar;C:\Users\Han\.m2\repository\com\google\protobuf\protobuf-java\3.17.3\protobuf-java-3.17.3.jar;C:\Users\Han\.m2\repository\org\mongodb\bson\4.3.2\bson-4.3.2.jar;C:\Users\Han\.m2\repository\org\mongodb\mongo-java-driver\3.12.8\mongo-java-driver-3.12.8.jar;C:\Users\Han\.m2\repository\org\mongodb\mongodb-driver-core\4.2.3\mongodb-driver-core-4.2.3.jar;C:\Users\Han\.m2\repository\org\mongodb\bson\4.2.3\bson-4.2.3.jar;C:\gurobi952\win64\lib\gurobi.jar;C:\gurobi952\win64\lib\gurobi-javadoc.jar
Launcher Type: SUN_STANDARD

[Global flags]
     intx CICompilerCount                          = 4                                         {product} {ergonomic}
     uint ConcGCThreads                            = 2                                         {product} {ergonomic}
     uint G1ConcRefinementThreads                  = 8                                         {product} {ergonomic}
   size_t G1HeapRegionSize                         = 1048576                                   {product} {ergonomic}
    uintx GCDrainStackTargetSize                   = 64                                        {product} {ergonomic}
   size_t InitialHeapSize                          = 134217728                                 {product} {ergonomic}
   size_t MarkStackSize                            = 4194304                                   {product} {ergonomic}
   size_t MaxHeapSize                              = 2120220672                                {product} {ergonomic}
   size_t MaxNewSize                               = 1271922688                                {product} {ergonomic}
   size_t MinHeapDeltaBytes                        = 1048576                                   {product} {ergonomic}
   size_t MinHeapSize                              = 8388608                                   {product} {ergonomic}
    uintx NonNMethodCodeHeapSize                   = 5836300                                {pd product} {ergonomic}
    uintx NonProfiledCodeHeapSize                  = 122910970                              {pd product} {ergonomic}
    uintx ProfiledCodeHeapSize                     = 122910970                              {pd product} {ergonomic}
    uintx ReservedCodeCacheSize                    = 251658240                              {pd product} {ergonomic}
     bool SegmentedCodeCache                       = true                                      {product} {ergonomic}
   size_t SoftMaxHeapSize                          = 2120220672                             {manageable} {ergonomic}
     bool UseCompressedClassPointers               = true                                 {lp64_product} {ergonomic}
     bool UseCompressedOops                        = true                                 {lp64_product} {ergonomic}
     bool UseG1GC                                  = true                                      {product} {ergonomic}
     bool UseLargePagesIndividualAllocation        = false                                  {pd product} {ergonomic}

Logging:
Log output configuration:
 #0: stdout all=warning uptime,level,tags
 #1: stderr all=off uptime,level,tags

Environment Variables:
JAVA_HOME=C:\Program Files\Java\jdk-13.0.1
CLASSPATH=.;C:\Program Files\Java\jdk-13.0.1\lib\dt.jar;C:\Program Files\Java\jdk-13.0.1\lib\tools.jar;
PATH=C:\gurobi952\win64\bin;D:\Program Files\ImageMagick-7.1.0-Q16-HDRI;D:\CUDA\bin;D:\CUDA\libnvvp;C:\Program Files\Microsoft MPI\Bin\;C:\Program Files (x86)\Intel\iCLS Client\;C:\Program Files\Intel\iCLS Client\;C:\windows\system32;C:\windows;C:\windows\System32\Wbem;C:\windows\System32\WindowsPowerShell\v1.0\;C:\Program Files (x86)\Intel\Intel(R) Management Engine Components\DAL;C:\Program Files\Intel\Intel(R) Management Engine Components\DAL;C:\Program Files (x86)\Intel\Intel(R) Management Engine Components\IPT;C:\Program Files\Intel\Intel(R) Management Engine Components\IPT;C:\Program Files (x86)\NVIDIA Corporation\PhysX\Common;C:\WINDOWS\system32;C:\WINDOWS;C:\WINDOWS\System32\Wbem;C:\WINDOWS\System32\WindowsPowerShell\v1.0\;C:\Program Files (x86)\Windows Kits\8.1\Windows Performance Toolkit\;D:\Lingo\;C:\Program Files\Microsoft SQL Server\Client SDK\ODBC\130\Tools\Binn\;C:\Program Files (x86)\Microsoft SQL Server\140\Tools\Binn\;C:\Program Files\Microsoft SQL Server\140\Tools\Binn\;C:\Program Files (x86)\Microsoft SQL Server\140\DTS\Binn\;C:\Program Files\Microsoft SQL Server\140\DTS\Binn\;C:\WINDOWS\System32\OpenSSH\;C:\Program Files\Intel\WiFi\bin\;C:\Program Files\Common Files\Intel\WirelessCommon\;C:\Program Files\Java\jdk-13.0.1\bin;C:\Program Files\NVIDIA Corporation\Nsight Compute 2019.4.0\;C:\Program Files\NVIDIA Corporation\NVIDIA NvDLISR;D:\CUDA\lib\x64;C:\Program Files\dotnet\;D:\Microsoft Visual Studio\opencv\opencv\build\x64\vc15\bin;D:\Microsoft Visual Studio\opencv\opencv\build\x64\vc15\lib;C:\WINDOWS\system32;C:\WINDOWS;C:\WINDOWS\System32\Wbem;C:\WINDOWS\System32\WindowsPowerShell\v1.0\;C:\WINDOWS\System32\OpenSSH\;C:\Program Files\Git\cmd;D:\Program Files (x86)\mingw64\bin;C:\ProgramData\chocolatey\bin;D:\Program Files\MATLAB\R2022b\runtime\win64;D:\Program Files\MATLAB\R2022b\bin;C:\Users\Han\AppData\Local\Microsoft\WindowsApps;D:\altera\13.0sp1\modelsim_ase\win32aloem;D:\altera\13.0sp1\modelsim_ae\win32aloem;D:\Microsoft Visual Studio\opencv\
USERNAME=Han
LD_LIBRARY_PATH=C:\gurobi952\win64\lib
OS=Windows_NT
PROCESSOR_IDENTIFIER=Intel64 Family 6 Model 94 Stepping 3, GenuineIntel



---------------  S Y S T E M  ---------------

OS: Windows 10 , 64 bit Build 19041 (10.0.19041.2251)

CPU:total 8 (initial active 8) (4 cores per cpu, 2 threads per core) family 6 model 94 stepping 3, cmov, cx8, fxsr, mmx, sse, sse2, sse3, ssse3, sse4.1, sse4.2, popcnt, avx, avx2, aes, clmul, erms, rtm, 3dnowpref, lzcnt, ht, tsc, tscinvbit, bmi1, bmi2, adx, fma

Memory: 4k page, system-wide physical 8081M (2974M free)
TotalPageFile size 9749M (AvailPageFile size 3092M)
current process WorkingSet (physical memory assigned to process): 135M, peak: 143M
current process commit charge ("private bytes"): 179M, peak: 274M

vm_info: Java HotSpot(TM) 64-Bit Server VM (13.0.1+9) for windows-amd64 JRE (13.0.1+9), built on Oct  6 2019 12:37:49 by "mach5one" with unknown MS VC++:1916

END.
