#
# A fatal error has been detected by the Java Runtime Environment:
#
#  EXCEPTION_ACCESS_VIOLATION (0xc0000005) at pc=0x00007ffd1f1335ce, pid=11468, tid=16884
#
# JRE version: Java(TM) SE Runtime Environment (13.0.1+9) (build 13.0.1+9)
# Java VM: Java HotSpot(TM) 64-Bit Server VM (13.0.1+9, mixed mode, sharing, tiered, compressed oops, g1 gc, windows-amd64)
# Problematic frame:
# C  [gurobi95.dll+0x7e35ce]
#
# No core dump will be written. Minidumps are not enabled by default on client versions of Windows
#
# If you would like to submit a bug report, please visit:
#   http://bugreport.java.com/bugreport/crash.jsp
# The crash happened outside the Java Virtual Machine in native code.
# See problematic frame for where to report the bug.
#

---------------  S U M M A R Y ------------

Command Line: -Djava.library.path=G:\UOA_Courses\thesis\project\radiotelescopescheduling\norad;G:\UOA_Courses\thesis\project\radiotelescopescheduling\novas;C:\gurobi952\win64\lib;C:\gurobi952\win64\bin -javaagent:D:\Program Files\JetBrains\IntelliJ IDEA 2021.3.2\lib\idea_rt.jar=5802:D:\Program Files\JetBrains\IntelliJ IDEA 2021.3.2\bin -Dfile.encoding=UTF-8 SchedulingMain

Host: Intel(R) Core(TM) i7-6700HQ CPU @ 2.60GHz, 8 cores, 7G,  Windows 10 , 64 bit Build 19041 (10.0.19041.2251)
Time: Sat Nov 26 13:56:55 2022 W. Europe Standard Time elapsed time: 76 seconds (0d 0h 1m 16s)

---------------  T H R E A D  ---------------

Current thread (0x000002707ddf7800):  JavaThread "main" [_thread_in_native, id=16884, stack(0x000000ebcd900000,0x000000ebcda00000)]

Stack: [0x000000ebcd900000,0x000000ebcda00000],  sp=0x000000ebcd9fedd0,  free space=1019k
Native frames: (J=compiled Java code, j=interpreted, Vv=VM code, C=native code)
C  [gurobi95.dll+0x7e35ce]

Java frames: (J=compiled Java code, j=interpreted, Vv=VM code)
J 962  gurobi.GurobiJni.getattrinfo(JLjava/lang/String;[I)I (0 bytes) @ 0x000002700ff8603e [0x000002700ff85fc0+0x000000000000007e]
J 1051 c2 gurobi.GRBVar.get(Lgurobi/GRB$DoubleAttr;)D (104 bytes) @ 0x000002700ffa7f30 [0x000002700ffa7e40+0x00000000000000f0]
J 1627 c2 optimisation.MultiTelescopesMTSPPolicy.findNextPaths([Lobservation/Pointable;)[Lobservation/Connection; (1673 bytes) @ 0x0000027010075a24 [0x0000027010070700+0x0000000000005324]
j  optimisation.DispatchPolicy.nextMoves()V+39
j  optimisation.Scheduler.buildSchedule(Ljava/util/Properties;)V+702
j  simulation.Simulation.run()V+8
j  SchedulingMain.runRepeats(I)V+34
j  SchedulingMain.main([Ljava/lang/String;)V+40
v  ~StubRoutines::call_stub

siginfo: EXCEPTION_ACCESS_VIOLATION (0xc0000005), reading address 0x0000000000000000


Register to memory mapping:

RIP=0x00007ffd1f1335ce gurobi95.dll
RAX=0x0 is NULL
RBX=0x000000ebcd9ff100 is pointing into the stack for thread: 0x000002707ddf7800
RCX=0x0000000000000001 is an unknown value
RDX=0x000000ebcd9fedf0 is pointing into the stack for thread: 0x000002707ddf7800
RSP=0x000000ebcd9fedd0 is pointing into the stack for thread: 0x000002707ddf7800
RBP=0x000000ebcd9ff098 is pointing into the stack for thread: 0x000002707ddf7800
RSI=0x0000000082a0dcb0 is an oop: [I 
{0x0000000082a0dcb0} - klass: {type array int}
 - length: 1
RDI=0x0 is NULL
R8 =0x00000270209de510 points into unknown readable memory: 58 00 00 00 37 0b 00 00
R9 =0x000000ebcd9fedf0 is pointing into the stack for thread: 0x000002707ddf7800
R10=0x0000000000000001 is an unknown value
R11=0x0000000000000038 is an unknown value
R12=0x0000027020fd70d0 points into unknown readable memory: 00 00 00 00 00 00 00 00
R13=0x00000270209de510 points into unknown readable memory: 58 00 00 00 37 0b 00 00
R14=0x000000ebcd9ff090 is pointing into the stack for thread: 0x000002707ddf7800
R15=0x000000ebcd9ff094 is pointing into the stack for thread: 0x000002707ddf7800


Registers:
RAX=0x0000000000000000, RBX=0x000000ebcd9ff100, RCX=0x0000000000000001, RDX=0x000000ebcd9fedf0
RSP=0x000000ebcd9fedd0, RBP=0x000000ebcd9ff098, RSI=0x0000000082a0dcb0, RDI=0x0000000000000000
R8 =0x00000270209de510, R9 =0x000000ebcd9fedf0, R10=0x0000000000000001, R11=0x0000000000000038
R12=0x0000027020fd70d0, R13=0x00000270209de510, R14=0x000000ebcd9ff090, R15=0x000000ebcd9ff094
RIP=0x00007ffd1f1335ce, EFLAGS=0x0000000000010202

Top of Stack: (sp=0x000000ebcd9fedd0)
0x000000ebcd9fedd0:   0000000000000000 0000000000000010
0x000000ebcd9fede0:   0000000000000002 0000000000000002
0x000000ebcd9fedf0:   000002707bcb0058 000000ebcd9feeb9
0x000000ebcd9fee00:   0000000000000001 00007ffd9d2bb3c7
0x000000ebcd9fee10:   000002707bc10000 0000000000000003
0x000000ebcd9fee20:   0000000000000002 00007ffd00000000
0x000000ebcd9fee30:   0000000082a005b8 0000000000000000
0x000000ebcd9fee40:   000000027bcd2da0 0000000000000167
0x000000ebcd9fee50:   00007ffd378b4b40 000002707ddf7800
0x000000ebcd9fee60:   00000008003a85d0 0000000000000000
0x000000ebcd9fee70:   0000d0e3fe483b48 00007ffd8c76a62d
0x000000ebcd9fee80:   000002707ddf7800 0000000081a96278
0x000000ebcd9fee90:   0000000000000000 0000000000000003
0x000000ebcd9feea0:   0000000000000000 00007ffd8c762700
0x000000ebcd9feeb0:   0000000000000000 0000000000000008
0x000000ebcd9feec0:   0000027020fd70d0 000000ebcd9ff108 

Instructions: (pc=0x00007ffd1f1335ce)
0x00007ffd1f1334ce:   c3 90 cc cc cc cc cc cc cc cc cc cc cc cc cc cc
0x00007ffd1f1334de:   cc cc cc cc cc cc cc cc cc cc cc cc cc cc cc cc
0x00007ffd1f1334ee:   cc cc 41 56 41 57 55 48 81 ec 20 02 00 00 49 89
0x00007ffd1f1334fe:   cf 4c 89 c5 4d 89 ce 4d 8b 87 d8 02 00 00 4d 85
0x00007ffd1f13350e:   c0 74 38 49 83 38 00 74 32 48 85 d2 74 2d 48 89
0x00007ffd1f13351e:   d1 48 8d 54 24 20 e8 e4 04 82 ff 49 8b 87 d8 02
0x00007ffd1f13352e:   00 00 48 8d 54 24 20 48 8b 08 e8 c0 46 82 ff 48
0x00007ffd1f13353e:   63 c0 4d 8b 87 d8 02 00 00 eb 07 48 c7 c0 ff ff
0x00007ffd1f13354e:   ff ff 48 8d 14 c0 49 8b 40 10 48 89 6c d0 38 4c
0x00007ffd1f13355e:   89 74 d0 40 48 81 c4 20 02 00 00 5d 41 5f 41 5e
0x00007ffd1f13356e:   c3 90 cc cc cc cc cc cc cc cc cc cc cc cc cc cc
0x00007ffd1f13357e:   cc cc cc cc cc cc cc cc cc cc cc cc cc cc cc cc
0x00007ffd1f13358e:   cc cc 41 54 48 81 ec 20 02 00 00 49 89 cc 49 8b
0x00007ffd1f13359e:   84 24 d8 02 00 00 48 85 c0 74 37 48 83 38 00 74
0x00007ffd1f1335ae:   31 48 85 d2 74 2c 48 89 d1 48 8d 54 24 20 e8 4c
0x00007ffd1f1335be:   04 82 ff 49 8b 84 24 d8 02 00 00 48 8d 54 24 20
0x00007ffd1f1335ce:   48 8b 08 e8 27 46 82 ff 48 81 c4 20 02 00 00 41
0x00007ffd1f1335de:   5c c3 b8 ff ff ff ff 48 81 c4 20 02 00 00 41 5c
0x00007ffd1f1335ee:   c3 90 cc cc cc cc cc cc cc cc cc cc cc cc cc cc
0x00007ffd1f1335fe:   cc cc cc cc cc cc cc cc cc cc cc cc cc cc cc cc
0x00007ffd1f13360e:   cc cc 48 83 ec 28 49 89 c9 49 8b 81 d8 02 00 00
0x00007ffd1f13361e:   48 85 c0 0f 84 ae 00 00 00 44 8b 40 08 45 85 c0
0x00007ffd1f13362e:   0f 8e a1 00 00 00 44 89 c1 41 ba 01 00 00 00 33
0x00007ffd1f13363e:   d2 d1 e9 74 64 48 89 6c 24 20 45 33 d2 4c 8b 58
0x00007ffd1f13364e:   10 8d 2c 12 48 63 ed 48 8d 6c ed 00 41 83 7c eb
0x00007ffd1f13365e:   18 00 74 11 4d 89 54 eb 38 4d 89 54 eb 40 49 8b
0x00007ffd1f13366e:   81 d8 02 00 00 48 8b 40 10 83 7c e8 60 00 74 10
0x00007ffd1f13367e:   4c 89 94 e8 80 00 00 00 4c 89 94 e8 88 00 00 00
0x00007ffd1f13368e:   ff c2 3b d1 73 09 49 8b 81 d8 02 00 00 eb ae 48
0x00007ffd1f13369e:   8b 6c 24 20 44 8d 54 12 01 41 8d 42 ff 41 3b c0
0x00007ffd1f1336ae:   73 25 49 8b 81 d8 02 00 00 4d 63 d2 48 8b 50 10
0x00007ffd1f1336be:   4b 8d 0c d2 83 7c ca d0 00 74 0c 33 c0 48 89 44 


Stack slot to memory mapping:
stack at sp + 0 slots: 0x0 is NULL
stack at sp + 1 slots: 0x0000000000000010 is an unknown value
stack at sp + 2 slots: 0x0000000000000002 is an unknown value
stack at sp + 3 slots: 0x0000000000000002 is an unknown value
stack at sp + 4 slots: 0x000002707bcb0058 points into unknown readable memory: 00 00 00 00 00 00 00 00
stack at sp + 5 slots: 0x000000ebcd9feeb9 is pointing into the stack for thread: 0x000002707ddf7800
stack at sp + 6 slots: 0x0000000000000001 is an unknown value
stack at sp + 7 slots: 0x00007ffd9d2bb3c7 ntdll.dll


---------------  P R O C E S S  ---------------

Threads class SMR info:
_java_thread_list=0x00000270202cbcd0, length=11, elements={
0x000002707ddf7800, 0x000002707f938000, 0x000002707f93b000, 0x000002707f95f800,
0x000002707f960800, 0x000002707f965800, 0x000002707f969800, 0x000002707f972800,
0x000002707f921000, 0x000002707fd2b000, 0x000002707fd2c000
}

Java Threads: ( => current thread )
=>0x000002707ddf7800 JavaThread "main" [_thread_in_native, id=16884, stack(0x000000ebcd900000,0x000000ebcda00000)]
  0x000002707f938000 JavaThread "Reference Handler" daemon [_thread_blocked, id=9228, stack(0x000000ebce000000,0x000000ebce100000)]
  0x000002707f93b000 JavaThread "Finalizer" daemon [_thread_blocked, id=6420, stack(0x000000ebce100000,0x000000ebce200000)]
  0x000002707f95f800 JavaThread "Signal Dispatcher" daemon [_thread_blocked, id=7856, stack(0x000000ebce200000,0x000000ebce300000)]
  0x000002707f960800 JavaThread "Attach Listener" daemon [_thread_blocked, id=14744, stack(0x000000ebce300000,0x000000ebce400000)]
  0x000002707f965800 JavaThread "C2 CompilerThread0" daemon [_thread_blocked, id=6040, stack(0x000000ebce400000,0x000000ebce500000)]
  0x000002707f969800 JavaThread "C1 CompilerThread0" daemon [_thread_blocked, id=13600, stack(0x000000ebce500000,0x000000ebce600000)]
  0x000002707f972800 JavaThread "Sweeper thread" daemon [_thread_blocked, id=1184, stack(0x000000ebce600000,0x000000ebce700000)]
  0x000002707f921000 JavaThread "Common-Cleaner" daemon [_thread_blocked, id=14956, stack(0x000000ebce700000,0x000000ebce800000)]
  0x000002707fd2b000 JavaThread "Monitor Ctrl-Break" daemon [_thread_in_native, id=8032, stack(0x000000ebce900000,0x000000ebcea00000)]
  0x000002707fd2c000 JavaThread "Service Thread" daemon [_thread_blocked, id=13236, stack(0x000000ebcea00000,0x000000ebceb00000)]

Other Threads:
  0x000002707f937000 VMThread "VM Thread" [stack: 0x000000ebcdf00000,0x000000ebce000000] [id=16708]
  0x000002707fd2c800 WatcherThread [stack: 0x000000ebceb00000,0x000000ebcec00000] [id=13656]
  0x000002707de3a000 GCTaskThread "GC Thread#0" [stack: 0x000000ebcda00000,0x000000ebcdb00000] [id=11896]
  0x000002701e347000 GCTaskThread "GC Thread#1" [stack: 0x000000ebcec00000,0x000000ebced00000] [id=8280]
  0x000002701e8fc000 GCTaskThread "GC Thread#2" [stack: 0x000000ebced00000,0x000000ebcee00000] [id=8800]
  0x000002707de4b800 ConcurrentGCThread "G1 Main Marker" [stack: 0x000000ebcdb00000,0x000000ebcdc00000] [id=1216]
  0x000002707de4f800 ConcurrentGCThread "G1 Conc#0" [stack: 0x000000ebcdc00000,0x000000ebcdd00000] [id=7216]
  0x000002707dece800 ConcurrentGCThread "G1 Refine#0" [stack: 0x000000ebcdd00000,0x000000ebcde00000] [id=12584]
  0x000002707f7b3800 ConcurrentGCThread "G1 Young RemSet Sampling" [stack: 0x000000ebcde00000,0x000000ebcdf00000] [id=14552]

Threads with active compile tasks:

VM state:not at safepoint (normal execution)

VM Mutex/Monitor currently owned by a thread: None

Heap address: 0x0000000081a00000, size: 2022 MB, Compressed Oops mode: 32-bit
Narrow klass base: 0x0000000800000000, Narrow klass shift: 3
Compressed class space size: 1073741824 Address: 0x0000000800b40000

Heap:
 garbage-first heap   total 17408K, used 5268K [0x0000000081a00000, 0x0000000100000000)
  region size 1024K, 2 young (2048K), 1 survivors (1024K)
 Metaspace       used 3260K, capacity 5638K, committed 5760K, reserved 1056768K
  class space    used 264K, capacity 607K, committed 640K, reserved 1048576K
Heap Regions: E=young(eden), S=young(survivor), O=old, HS=humongous(starts), HC=humongous(continues), CS=collection set, F=free, A=archive, TAMS=top-at-mark-start (previous, next)
|   0|0x0000000081a00000, 0x0000000081affff8, 0x0000000081b00000| 99%| O|  |TAMS 0x0000000081a00000, 0x0000000081a00000| Untracked 
|   1|0x0000000081b00000, 0x0000000081c00000, 0x0000000081c00000|100%| O|  |TAMS 0x0000000081b00000, 0x0000000081b00000| Untracked 
|   2|0x0000000081c00000, 0x0000000081cffff8, 0x0000000081d00000| 99%| O|  |TAMS 0x0000000081c00000, 0x0000000081c00000| Untracked 
|   3|0x0000000081d00000, 0x0000000081dffff8, 0x0000000081e00000| 99%| O|  |TAMS 0x0000000081d00000, 0x0000000081d00000| Untracked 
|   4|0x0000000081e00000, 0x0000000081e7e680, 0x0000000081f00000| 49%| O|  |TAMS 0x0000000081e00000, 0x0000000081e00000| Untracked 
|   5|0x0000000081f00000, 0x0000000081f00000, 0x0000000082000000|  0%| F|  |TAMS 0x0000000081f00000, 0x0000000081f00000| Untracked 
|   6|0x0000000082000000, 0x0000000082000000, 0x0000000082100000|  0%| F|  |TAMS 0x0000000082000000, 0x0000000082000000| Untracked 
|   7|0x0000000082100000, 0x00000000821a69f0, 0x0000000082200000| 65%| S|CS|TAMS 0x0000000082100000, 0x0000000082100000| Complete 
|   8|0x0000000082200000, 0x0000000082200000, 0x0000000082300000|  0%| F|  |TAMS 0x0000000082200000, 0x0000000082200000| Untracked 
|   9|0x0000000082300000, 0x0000000082300000, 0x0000000082400000|  0%| F|  |TAMS 0x0000000082300000, 0x0000000082300000| Untracked 
|  10|0x0000000082400000, 0x0000000082400000, 0x0000000082500000|  0%| F|  |TAMS 0x0000000082400000, 0x0000000082400000| Untracked 
|  11|0x0000000082500000, 0x0000000082500000, 0x0000000082600000|  0%| F|  |TAMS 0x0000000082500000, 0x0000000082500000| Untracked 
|  12|0x0000000082600000, 0x0000000082600000, 0x0000000082700000|  0%| F|  |TAMS 0x0000000082600000, 0x0000000082600000| Untracked 
|  13|0x0000000082700000, 0x0000000082700000, 0x0000000082800000|  0%| F|  |TAMS 0x0000000082700000, 0x0000000082700000| Untracked 
|  14|0x0000000082800000, 0x0000000082800000, 0x0000000082900000|  0%| F|  |TAMS 0x0000000082800000, 0x0000000082800000| Untracked 
|  15|0x0000000082900000, 0x0000000082900000, 0x0000000082a00000|  0%| F|  |TAMS 0x0000000082900000, 0x0000000082900000| Untracked 
|  16|0x0000000082a00000, 0x0000000082a242f8, 0x0000000082b00000| 14%| E|  |TAMS 0x0000000082a00000, 0x0000000082a00000| Complete 

Card table byte_map: [0x000002707e710000,0x000002707eb10000] _byte_map_base: 0x000002707e303000

Marking Bits (Prev, Next): (CMBitMap*) 0x000002707de3b128, (CMBitMap*) 0x000002707de3b168
 Prev Bits: [0x0000027017430000, 0x00000270193c8000)
 Next Bits: [0x00000270193d0000, 0x000002701b368000)

Polling page: 0x000002707bdc0000

Metaspace:

Usage:
  Non-class:      4.91 MB capacity,     2.93 MB ( 60%) used,     1.97 MB ( 40%) free+waste,    17.06 KB ( <1%) overhead. 
      Class:    607.00 KB capacity,   264.54 KB ( 44%) used,   332.65 KB ( 55%) free+waste,     9.81 KB (  2%) overhead. 
       Both:      5.51 MB capacity,     3.18 MB ( 58%) used,     2.30 MB ( 42%) free+waste,    26.88 KB ( <1%) overhead. 

Virtual space:
  Non-class space:        8.00 MB reserved,       5.00 MB ( 63%) committed 
      Class space:        1.00 GB reserved,     640.00 KB ( <1%) committed 
             Both:        1.01 GB reserved,       5.63 MB ( <1%) committed 

Chunk freelists:
   Non-Class:  25.00 KB
       Class:  0 bytes
        Both:  25.00 KB

MaxMetaspaceSize: 17179869184.00 GB
CompressedClassSpaceSize: 1.00 GB

CodeHeap 'non-profiled nmethods': size=120000Kb used=1680Kb max_used=1731Kb free=118319Kb
 bounds [0x000002700ff00000, 0x0000027010170000, 0x0000027017430000]
CodeHeap 'profiled nmethods': size=120000Kb used=2511Kb max_used=4358Kb free=117488Kb
 bounds [0x00000270089d0000, 0x0000027008e20000, 0x000002700ff00000]
CodeHeap 'non-nmethods': size=5760Kb used=1216Kb max_used=1279Kb free=4543Kb
 bounds [0x0000027008430000, 0x00000270086a0000, 0x00000270089d0000]
 total_blobs=3321 nmethods=1416 adapters=393
 compilation: enabled
              stopped_count=0, restarted_count=0
 full_count=0

Compilation events (20 events):
Event: 72.327 Thread 0x000002707f969800 1782       3       java.util.ComparableTimSort::gallopRight (327 bytes)
Event: 72.328 Thread 0x000002707f969800 nmethod 1782 0x0000027008a15390 code [0x0000027008a155c0, 0x0000027008a16160]
Event: 72.328 Thread 0x000002707f969800 1783       3       java.util.ComparableTimSort::gallopLeft (327 bytes)
Event: 72.330 Thread 0x000002707f969800 nmethod 1783 0x0000027008a73310 code [0x0000027008a73540, 0x0000027008a740a0]
Event: 73.344 Thread 0x000002707f969800 1784       3       java.util.ComparableTimSort::mergeHi (729 bytes)
Event: 73.346 Thread 0x000002707f969800 nmethod 1784 0x0000027008a5bc10 code [0x0000027008a5bfc0, 0x0000027008a5e9e0]
Event: 73.346 Thread 0x000002707f969800 1785       3       java.util.ComparableTimSort::countRunAndMakeAscending (123 bytes)
Event: 73.346 Thread 0x000002707f969800 nmethod 1785 0x0000027008cdd990 code [0x0000027008cddc00, 0x0000027008cdeb70]
Event: 73.672 Thread 0x000002707f965800 1786   !   4       java.io.BufferedWriter::flushBuffer (53 bytes)
Event: 73.674 Thread 0x000002707f965800 nmethod 1786 0x000002700ff69890 code [0x000002700ff69a20, 0x000002700ff69e68]
Event: 73.886 Thread 0x000002707f965800 1787       4       java.nio.ByteBuffer::clear (7 bytes)
Event: 73.887 Thread 0x000002707f965800 nmethod 1787 0x000002700ffa4490 code [0x000002700ffa4620, 0x000002700ffa46b8]
Event: 74.492 Thread 0x000002707f965800 1788       4       sun.nio.cs.StreamEncoder::writeBytes (132 bytes)
Event: 74.501 Thread 0x000002707f965800 nmethod 1788 0x000002700ffa1610 code [0x000002700ffa1820, 0x000002700ffa2558]
Event: 74.545 Thread 0x000002707f965800 1789   !   4       sun.nio.cs.StreamEncoder::flushBuffer (42 bytes)
Event: 74.547 Thread 0x000002707f965800 nmethod 1789 0x000002700ffa0d90 code [0x000002700ffa0f20, 0x000002700ffa12e8]
Event: 75.058 Thread 0x000002707f969800 1791       3       java.util.ComparableTimSort::mergeCollapse (134 bytes)
Event: 75.058 Thread 0x000002707f969800 nmethod 1791 0x0000027008b2c110 code [0x0000027008b2c300, 0x0000027008b2c8b0]
Event: 75.058 Thread 0x000002707f969800 1790       3       java.util.ComparableTimSort::pushRun (31 bytes)
Event: 75.058 Thread 0x000002707f969800 nmethod 1790 0x0000027008a0c390 code [0x0000027008a0c540, 0x0000027008a0c718]

GC Heap History (20 events):
Event: 75.044 GC heap before
{Heap before GC invocations=350 (full 81):
 garbage-first heap   total 20480K, used 15014K [0x0000000081a00000, 0x0000000100000000)
  region size 1024K, 10 young (10240K), 0 survivors (0K)
 Metaspace       used 3258K, capacity 5638K, committed 5760K, reserved 1056768K
  class space    used 264K, capacity 607K, committed 640K, reserved 1048576K
}
Event: 75.045 GC heap after
{Heap after GC invocations=351 (full 81):
 garbage-first heap   total 20480K, used 5121K [0x0000000081a00000, 0x0000000100000000)
  region size 1024K, 1 young (1024K), 1 survivors (1024K)
 Metaspace       used 3258K, capacity 5638K, committed 5760K, reserved 1056768K
  class space    used 264K, capacity 607K, committed 640K, reserved 1048576K
}
Event: 75.301 GC heap before
{Heap before GC invocations=351 (full 81):
 garbage-first heap   total 20480K, used 14337K [0x0000000081a00000, 0x0000000100000000)
  region size 1024K, 10 young (10240K), 1 survivors (1024K)
 Metaspace       used 3260K, capacity 5638K, committed 5760K, reserved 1056768K
  class space    used 264K, capacity 607K, committed 640K, reserved 1048576K
}
Event: 75.303 GC heap after
{Heap after GC invocations=352 (full 81):
 garbage-first heap   total 20480K, used 5404K [0x0000000081a00000, 0x0000000100000000)
  region size 1024K, 1 young (1024K), 1 survivors (1024K)
 Metaspace       used 3260K, capacity 5638K, committed 5760K, reserved 1056768K
  class space    used 264K, capacity 607K, committed 640K, reserved 1048576K
}
Event: 75.426 GC heap before
{Heap before GC invocations=352 (full 81):
 garbage-first heap   total 20480K, used 14620K [0x0000000081a00000, 0x0000000100000000)
  region size 1024K, 10 young (10240K), 1 survivors (1024K)
 Metaspace       used 3260K, capacity 5638K, committed 5760K, reserved 1056768K
  class space    used 264K, capacity 607K, committed 640K, reserved 1048576K
}
Event: 75.428 GC heap after
{Heap after GC invocations=353 (full 81):
 garbage-first heap   total 20480K, used 5174K [0x0000000081a00000, 0x0000000100000000)
  region size 1024K, 1 young (1024K), 1 survivors (1024K)
 Metaspace       used 3260K, capacity 5638K, committed 5760K, reserved 1056768K
  class space    used 264K, capacity 607K, committed 640K, reserved 1048576K
}
Event: 75.473 GC heap before
{Heap before GC invocations=353 (full 81):
 garbage-first heap   total 20480K, used 8246K [0x0000000081a00000, 0x0000000100000000)
  region size 1024K, 5 young (5120K), 1 survivors (1024K)
 Metaspace       used 3260K, capacity 5638K, committed 5760K, reserved 1056768K
  class space    used 264K, capacity 607K, committed 640K, reserved 1048576K
}
Event: 75.483 GC heap after
{Heap after GC invocations=354 (full 82):
 garbage-first heap   total 17408K, used 4601K [0x0000000081a00000, 0x0000000100000000)
  region size 1024K, 0 young (0K), 0 survivors (0K)
 Metaspace       used 3260K, capacity 5638K, committed 5760K, reserved 1056768K
  class space    used 264K, capacity 607K, committed 640K, reserved 1048576K
}
Event: 75.608 GC heap before
{Heap before GC invocations=354 (full 82):
 garbage-first heap   total 17408K, used 12793K [0x0000000081a00000, 0x0000000100000000)
  region size 1024K, 8 young (8192K), 0 survivors (0K)
 Metaspace       used 3260K, capacity 5638K, committed 5760K, reserved 1056768K
  class space    used 264K, capacity 607K, committed 640K, reserved 1048576K
}
Event: 75.609 GC heap after
{Heap after GC invocations=355 (full 82):
 garbage-first heap   total 17408K, used 4770K [0x0000000081a00000, 0x0000000100000000)
  region size 1024K, 1 young (1024K), 1 survivors (1024K)
 Metaspace       used 3260K, capacity 5638K, committed 5760K, reserved 1056768K
  class space    used 264K, capacity 607K, committed 640K, reserved 1048576K
}
Event: 75.722 GC heap before
{Heap before GC invocations=355 (full 82):
 garbage-first heap   total 17408K, used 12962K [0x0000000081a00000, 0x0000000100000000)
  region size 1024K, 9 young (9216K), 1 survivors (1024K)
 Metaspace       used 3260K, capacity 5638K, committed 5760K, reserved 1056768K
  class space    used 264K, capacity 607K, committed 640K, reserved 1048576K
}
Event: 75.723 GC heap after
{Heap after GC invocations=356 (full 82):
 garbage-first heap   total 17408K, used 4765K [0x0000000081a00000, 0x0000000100000000)
  region size 1024K, 1 young (1024K), 1 survivors (1024K)
 Metaspace       used 3260K, capacity 5638K, committed 5760K, reserved 1056768K
  class space    used 264K, capacity 607K, committed 640K, reserved 1048576K
}
Event: 75.835 GC heap before
{Heap before GC invocations=356 (full 82):
 garbage-first heap   total 17408K, used 12957K [0x0000000081a00000, 0x0000000100000000)
  region size 1024K, 9 young (9216K), 1 survivors (1024K)
 Metaspace       used 3260K, capacity 5638K, committed 5760K, reserved 1056768K
  class space    used 264K, capacity 607K, committed 640K, reserved 1048576K
}
Event: 75.836 GC heap after
{Heap after GC invocations=357 (full 82):
 garbage-first heap   total 17408K, used 4793K [0x0000000081a00000, 0x0000000100000000)
  region size 1024K, 1 young (1024K), 1 survivors (1024K)
 Metaspace       used 3260K, capacity 5638K, committed 5760K, reserved 1056768K
  class space    used 264K, capacity 607K, committed 640K, reserved 1048576K
}
Event: 75.944 GC heap before
{Heap before GC invocations=357 (full 82):
 garbage-first heap   total 17408K, used 12985K [0x0000000081a00000, 0x0000000100000000)
  region size 1024K, 9 young (9216K), 1 survivors (1024K)
 Metaspace       used 3260K, capacity 5638K, committed 5760K, reserved 1056768K
  class space    used 264K, capacity 607K, committed 640K, reserved 1048576K
}
Event: 75.945 GC heap after
{Heap after GC invocations=358 (full 82):
 garbage-first heap   total 17408K, used 4927K [0x0000000081a00000, 0x0000000100000000)
  region size 1024K, 1 young (1024K), 1 survivors (1024K)
 Metaspace       used 3260K, capacity 5638K, committed 5760K, reserved 1056768K
  class space    used 264K, capacity 607K, committed 640K, reserved 1048576K
}
Event: 76.057 GC heap before
{Heap before GC invocations=358 (full 82):
 garbage-first heap   total 17408K, used 13119K [0x0000000081a00000, 0x0000000100000000)
  region size 1024K, 9 young (9216K), 1 survivors (1024K)
 Metaspace       used 3260K, capacity 5638K, committed 5760K, reserved 1056768K
  class space    used 264K, capacity 607K, committed 640K, reserved 1048576K
}
Event: 76.058 GC heap after
{Heap after GC invocations=359 (full 82):
 garbage-first heap   total 17408K, used 4926K [0x0000000081a00000, 0x0000000100000000)
  region size 1024K, 1 young (1024K), 1 survivors (1024K)
 Metaspace       used 3260K, capacity 5638K, committed 5760K, reserved 1056768K
  class space    used 264K, capacity 607K, committed 640K, reserved 1048576K
}
Event: 76.578 GC heap before
{Heap before GC invocations=359 (full 82):
 garbage-first heap   total 17408K, used 13118K [0x0000000081a00000, 0x0000000100000000)
  region size 1024K, 9 young (9216K), 1 survivors (1024K)
 Metaspace       used 3260K, capacity 5638K, committed 5760K, reserved 1056768K
  class space    used 264K, capacity 607K, committed 640K, reserved 1048576K
}
Event: 76.580 GC heap after
{Heap after GC invocations=360 (full 82):
 garbage-first heap   total 17408K, used 5268K [0x0000000081a00000, 0x0000000100000000)
  region size 1024K, 1 young (1024K), 1 survivors (1024K)
 Metaspace       used 3260K, capacity 5638K, committed 5760K, reserved 1056768K
  class space    used 264K, capacity 607K, committed 640K, reserved 1048576K
}

Deoptimization events (20 events):
Event: 60.385 Thread 0x000002707ddf7800 DEOPT PACKING pc=0x0000027008b6496c sp=0x000000ebcd9fef30
Event: 60.385 Thread 0x000002707ddf7800 DEOPT UNPACKING pc=0x000002700847964e sp=0x000000ebcd9fe4a8 mode 0
Event: 60.389 Thread 0x000002707ddf7800 DEOPT PACKING pc=0x0000027008b6496c sp=0x000000ebcd9fef30
Event: 60.389 Thread 0x000002707ddf7800 DEOPT UNPACKING pc=0x000002700847964e sp=0x000000ebcd9fe4a8 mode 0
Event: 64.081 Thread 0x000002707ddf7800 DEOPT PACKING pc=0x0000027008cdb8fa sp=0x000000ebcd9ff180
Event: 64.081 Thread 0x000002707ddf7800 DEOPT UNPACKING pc=0x000002700847964e sp=0x000000ebcd9fe7b0 mode 0
Event: 64.199 Thread 0x000002707ddf7800 DEOPT PACKING pc=0x0000027008b78c2e sp=0x000000ebcd9ff0d0
Event: 64.199 Thread 0x000002707ddf7800 DEOPT UNPACKING pc=0x000002700847964e sp=0x000000ebcd9fe7b0 mode 0
Event: 65.030 Thread 0x000002707ddf7800 Uncommon trap: trap_request=0xffffff45 fr.pc=0x000002700ff8bdd4 relative=0x0000000000001254
Event: 65.030 Thread 0x000002707ddf7800 Uncommon trap: reason=unstable_if action=reinterpret pc=0x000002700ff8bdd4 method=jdk.internal.math.FloatingDecimal$BinaryToASCIIBuffer.dtoa(IJIZ)V @ 978 c2
Event: 65.030 Thread 0x000002707ddf7800 DEOPT PACKING pc=0x000002700ff8bdd4 sp=0x000000ebcd9ff070
Event: 65.030 Thread 0x000002707ddf7800 DEOPT UNPACKING pc=0x000002700847912f sp=0x000000ebcd9fef38 mode 2
Event: 65.035 Thread 0x000002707ddf7800 Uncommon trap: trap_request=0xffffffbe fr.pc=0x0000027010017f20 relative=0x00000000000046c0
Event: 65.035 Thread 0x000002707ddf7800 Uncommon trap: reason=profile_predicate action=maybe_recompile pc=0x0000027010017f20 method=astrometrics.Conversions.degreesToRadians(Ljava/lang/String;)D @ 31 c2
Event: 65.035 Thread 0x000002707ddf7800 DEOPT PACKING pc=0x0000027010017f20 sp=0x000000ebcd9ff2c0
Event: 65.035 Thread 0x000002707ddf7800 DEOPT UNPACKING pc=0x000002700847912f sp=0x000000ebcd9ff200 mode 2
Event: 65.661 Thread 0x000002707ddf7800 DEOPT PACKING pc=0x0000027008b0961b sp=0x000000ebcd9ff2a0
Event: 65.661 Thread 0x000002707ddf7800 DEOPT UNPACKING pc=0x000002700847964e sp=0x000000ebcd9fe708 mode 0
Event: 66.362 Thread 0x000002707ddf7800 DEOPT PACKING pc=0x0000027008afdced sp=0x000000ebcd9ff280
Event: 66.362 Thread 0x000002707ddf7800 DEOPT UNPACKING pc=0x000002700847964e sp=0x000000ebcd9fe708 mode 0

Classes unloaded (0 events):
No events

Classes redefined (0 events):
No events

Internal exceptions (10 events):
Event: 0.219 Thread 0x000002707ddf7800 Exception <a 'java/lang/NoSuchMethodError'{0x000000008960e2a0}: 'int java.lang.invoke.DirectMethodHandle$Holder.invokeSpecialIFC(java.lang.Object, java.lang.Object, int)'> (0x000000008960e2a0) 
thrown [t:/workspace/open/src/hotspot/share/interpreter/linkResolver.cpp, line 767]
Event: 23.667 Thread 0x000002707ddf7800 Exception <a 'java/lang/NoSuchMethodError'{0x000000008449b818}: 'java.lang.Object java.lang.invoke.DirectMethodHandle$Holder.invokeStatic(java.lang.Object, java.lang.Object, java.lang.Object, java.lang.Object, java.lang.Object, java.lang.Object, java.lang.Object, java.lang.Object, java.lang.Object, java.lang.Object, java.lang.Object, java.lang.Object, java.lang.Object, java.lang.Object, java.lang.Object)'> (0x000000008449b818) 
thrown [t:/workspace/open/src/hotspot/share/interpreter/linkResolver.cpp, line 
Event: 23.668 Thread 0x000002707ddf7800 Exception <a 'java/lang/NoSuchMethodError'{0x00000000844a7780}: 'java.lang.Object java.lang.invoke.DirectMethodHandle$Holder.invokeStatic(java.lang.Object, java.lang.Object, java.lang.Object, java.lang.Object, java.lang.Object, java.lang.Object, java.lang.Object, java.lang.Object, java.lang.Object, java.lang.Object, java.lang.Object, java.lang.Object, java.lang.Object, java.lang.Object, java.lang.Object, java.lang.Object)'> (0x00000000844a7780) 
thrown [t:/workspace/open/src/hotspot/share/interpreter/linkR
Event: 23.669 Thread 0x000002707ddf7800 Exception <a 'java/lang/NoSuchMethodError'{0x00000000844b3de8}: 'java.lang.Object java.lang.invoke.DirectMethodHandle$Holder.invokeSpecial(java.lang.Object, java.lang.Object, long, int, int, int, int, int, int)'> (0x00000000844b3de8) 
thrown [t:/workspace/open/src/hotspot/share/interpreter/linkResolver.cpp, line 767]
Event: 23.669 Thread 0x000002707ddf7800 Exception <a 'java/lang/NoSuchMethodError'{0x00000000844b6e00}: 'java.lang.Object java.lang.invoke.DelegatingMethodHandle$Holder.reinvoke_L(java.lang.Object, long, int, int, int, int, int, int)'> (0x00000000844b6e00) 
thrown [t:/workspace/open/src/hotspot/share/interpreter/linkResolver.cpp, line 767]
Event: 23.674 Thread 0x000002707ddf7800 Exception <a 'java/lang/NoSuchMethodError'{0x00000000844f1100}: 'java.lang.Object java.lang.invoke.Invokers$Holder.linkToTargetMethod(java.lang.Object, java.lang.Object, int, java.lang.Object, java.lang.Object)'> (0x00000000844f1100) 
thrown [t:/workspace/open/src/hotspot/share/interpreter/linkResolver.cpp, line 767]
Event: 23.677 Thread 0x000002707ddf7800 Implicit null exception at 0x000002700ff96eee to 0x000002700ff96f5f
Event: 23.685 Thread 0x000002707ddf7800 Exception <a 'java/lang/NoSuchMethodError'{0x000000008435bbf8}: 'java.lang.Object java.lang.invoke.Invokers$Holder.linkToTargetMethod(java.lang.Object, long, java.lang.Object)'> (0x000000008435bbf8) 
thrown [t:/workspace/open/src/hotspot/share/interpreter/linkResolver.cpp, line 767]
Event: 24.058 Thread 0x000002707ddf7800 Exception <a 'java/lang/NoSuchMethodError'{0x00000000840ba688}: 'java.lang.Object java.lang.invoke.DirectMethodHandle$Holder.invokeSpecial(java.lang.Object, java.lang.Object, long, int, int, int, int, int, int, int)'> (0x00000000840ba688) 
thrown [t:/workspace/open/src/hotspot/share/interpreter/linkResolver.cpp, line 767]
Event: 24.058 Thread 0x000002707ddf7800 Exception <a 'java/lang/NoSuchMethodError'{0x00000000840bd760}: 'java.lang.Object java.lang.invoke.DelegatingMethodHandle$Holder.reinvoke_L(java.lang.Object, long, int, int, int, int, int, int, int)'> (0x00000000840bd760) 
thrown [t:/workspace/open/src/hotspot/share/interpreter/linkResolver.cpp, line 767]

Events (20 events):
Event: 75.301 Executing VM operation: G1CollectForAllocation
Event: 75.303 Executing VM operation: G1CollectForAllocation done
Event: 75.304 Executing VM operation: RevokeBias
Event: 75.304 Executing VM operation: RevokeBias done
Event: 75.426 Executing VM operation: G1CollectForAllocation
Event: 75.428 Executing VM operation: G1CollectForAllocation done
Event: 75.473 Executing VM operation: G1CollectFull
Event: 75.483 Executing VM operation: G1CollectFull done
Event: 75.608 Executing VM operation: G1CollectForAllocation
Event: 75.609 Executing VM operation: G1CollectForAllocation done
Event: 75.722 Executing VM operation: G1CollectForAllocation
Event: 75.723 Executing VM operation: G1CollectForAllocation done
Event: 75.835 Executing VM operation: G1CollectForAllocation
Event: 75.836 Executing VM operation: G1CollectForAllocation done
Event: 75.944 Executing VM operation: G1CollectForAllocation
Event: 75.945 Executing VM operation: G1CollectForAllocation done
Event: 76.057 Executing VM operation: G1CollectForAllocation
Event: 76.058 Executing VM operation: G1CollectForAllocation done
Event: 76.578 Executing VM operation: G1CollectForAllocation
Event: 76.580 Executing VM operation: G1CollectForAllocation done


Dynamic libraries:
0x00007ff79c590000 - 0x00007ff79c59f000 	C:\Program Files\Java\jdk-13.0.1\bin\java.exe
0x00007ffd9d290000 - 0x00007ffd9d488000 	C:\WINDOWS\SYSTEM32\ntdll.dll
0x00007ffd9ce60000 - 0x00007ffd9cf1f000 	C:\WINDOWS\System32\KERNEL32.DLL
0x00007ffd9b000000 - 0x00007ffd9b2d2000 	C:\WINDOWS\System32\KERNELBASE.dll
0x00007ffd9ab10000 - 0x00007ffd9ac10000 	C:\WINDOWS\System32\ucrtbase.dll
0x00007ffd8d570000 - 0x00007ffd8d585000 	C:\Program Files\Java\jdk-13.0.1\bin\VCRUNTIME140.dll
0x00007ffd8d550000 - 0x00007ffd8d568000 	C:\Program Files\Java\jdk-13.0.1\bin\jli.dll
0x00007ffd9b480000 - 0x00007ffd9b52e000 	C:\WINDOWS\System32\ADVAPI32.dll
0x00007ffd9cdb0000 - 0x00007ffd9ce4e000 	C:\WINDOWS\System32\msvcrt.dll
0x00007ffd9cd10000 - 0x00007ffd9cdac000 	C:\WINDOWS\System32\sechost.dll
0x00007ffd9c950000 - 0x00007ffd9ca75000 	C:\WINDOWS\System32\RPCRT4.dll
0x00007ffd9b2e0000 - 0x00007ffd9b47d000 	C:\WINDOWS\System32\USER32.dll
0x00007ffd9aa70000 - 0x00007ffd9aa92000 	C:\WINDOWS\System32\win32u.dll
0x00007ffd9ca80000 - 0x00007ffd9caab000 	C:\WINDOWS\System32\GDI32.dll
0x00007ffd88af0000 - 0x00007ffd88d8a000 	C:\WINDOWS\WinSxS\amd64_microsoft.windows.common-controls_6595b64144ccf1df_6.0.19041.1110_none_60b5254171f9507e\COMCTL32.dll
0x00007ffd9ac10000 - 0x00007ffd9ad1f000 	C:\WINDOWS\System32\gdi32full.dll
0x00007ffd9aeb0000 - 0x00007ffd9af4d000 	C:\WINDOWS\System32\msvcp_win.dll
0x00007ffd93770000 - 0x00007ffd9377a000 	C:\WINDOWS\SYSTEM32\VERSION.dll
0x00007ffd9d1f0000 - 0x00007ffd9d222000 	C:\WINDOWS\System32\IMM32.DLL
0x0000000058050000 - 0x000000005805b000 	D:\Program Files (x86)\360\360safe\safemon\SafeWrapper.dll
0x00007ffd8c570000 - 0x00007ffd8c60b000 	C:\Program Files\Java\jdk-13.0.1\bin\msvcp140.dll
0x00007ffd37050000 - 0x00007ffd37bb6000 	C:\Program Files\Java\jdk-13.0.1\bin\server\jvm.dll
0x00007ffd9c320000 - 0x00007ffd9c328000 	C:\WINDOWS\System32\PSAPI.DLL
0x00007ffd8ce40000 - 0x00007ffd8ce67000 	C:\WINDOWS\SYSTEM32\WINMM.dll
0x00007ffd990d0000 - 0x00007ffd990d9000 	C:\WINDOWS\SYSTEM32\WSOCK32.dll
0x00007ffd9bfe0000 - 0x00007ffd9c04b000 	C:\WINDOWS\System32\WS2_32.dll
0x00007ffd99230000 - 0x00007ffd99242000 	C:\WINDOWS\SYSTEM32\kernel.appcore.dll
0x00007ffd964b0000 - 0x00007ffd964c0000 	C:\Program Files\Java\jdk-13.0.1\bin\verify.dll
0x00007ffd98ec0000 - 0x00007ffd990a4000 	C:\WINDOWS\SYSTEM32\DBGHELP.DLL
0x00007ffd7e8f0000 - 0x00007ffd7e91c000 	C:\WINDOWS\SYSTEM32\dbgcore.DLL
0x00007ffd9a9e0000 - 0x00007ffd9aa62000 	C:\WINDOWS\System32\bcryptPrimitives.dll
0x00007ffd8c760000 - 0x00007ffd8c786000 	C:\Program Files\Java\jdk-13.0.1\bin\java.dll
0x00007ffd963a0000 - 0x00007ffd963ae000 	C:\Program Files\Java\jdk-13.0.1\bin\instrument.dll
0x00007ffd8c680000 - 0x00007ffd8c697000 	C:\Program Files\Java\jdk-13.0.1\bin\zip.dll
0x00007ffd96440000 - 0x00007ffd9644a000 	C:\Program Files\Java\jdk-13.0.1\bin\jimage.dll
0x00007ffd9b530000 - 0x00007ffd9bc73000 	C:\WINDOWS\System32\SHELL32.dll
0x00007ffd98660000 - 0x00007ffd98df2000 	C:\WINDOWS\SYSTEM32\windows.storage.dll
0x00007ffd9bc80000 - 0x00007ffd9bfd4000 	C:\WINDOWS\System32\combase.dll
0x00007ffd9a3f0000 - 0x00007ffd9a420000 	C:\WINDOWS\SYSTEM32\Wldp.dll
0x00007ffd9c180000 - 0x00007ffd9c22d000 	C:\WINDOWS\System32\SHCORE.dll
0x00007ffd9cf20000 - 0x00007ffd9cf75000 	C:\WINDOWS\System32\shlwapi.dll
0x00007ffd9a8d0000 - 0x00007ffd9a8ef000 	C:\WINDOWS\SYSTEM32\profapi.dll
0x00007ffd8c660000 - 0x00007ffd8c679000 	C:\Program Files\Java\jdk-13.0.1\bin\net.dll
0x00007ffd95690000 - 0x00007ffd9579c000 	C:\WINDOWS\SYSTEM32\WINHTTP.dll
0x00007ffd9a150000 - 0x00007ffd9a1ba000 	C:\WINDOWS\system32\mswsock.dll
0x00007ffd8c550000 - 0x00007ffd8c563000 	C:\Program Files\Java\jdk-13.0.1\bin\nio.dll
0x00007ffd87f70000 - 0x00007ffd87f8a000 	D:\Program Files\JetBrains\IntelliJ IDEA 2021.3.2\bin\breakgen64.dll
0x000000006f880000 - 0x000000006f8aa000 	G:\UOA_Courses\thesis\project\radiotelescopescheduling\norad\norad.dll
0x0000000061440000 - 0x000000006145a000 	D:\Program Files (x86)\mingw64\bin\libgcc_s_seh-1.dll
0x000000006fc40000 - 0x000000006fda3000 	D:\Program Files (x86)\mingw64\bin\libstdc++-6.dll
0x0000000064940000 - 0x0000000064955000 	D:\Program Files (x86)\mingw64\bin\libwinpthread-1.dll
0x0000000070980000 - 0x00000000709c4000 	G:\UOA_Courses\thesis\project\radiotelescopescheduling\novas\novas.dll
0x00007ffd87e00000 - 0x00007ffd87e32000 	C:\gurobi952\win64\bin\GurobiJni95.dll
0x00007ffd1e950000 - 0x00007ffd20a50000 	C:\gurobi952\win64\bin\gurobi95.dll
0x00007ffd9ad20000 - 0x00007ffd9ae76000 	C:\WINDOWS\System32\CRYPT32.dll
0x00007ffd9d190000 - 0x00007ffd9d1e6000 	C:\WINDOWS\System32\WLDAP32.dll
0x00007ffd9ce50000 - 0x00007ffd9ce58000 	C:\WINDOWS\System32\Normaliz.dll
0x00007ffd9a880000 - 0x00007ffd9a8b2000 	C:\WINDOWS\SYSTEM32\SspiCli.dll

dbghelp: loaded successfully - version: 4.0.5 - missing functions: none
symbol engine: initialized successfully - sym options: 0x614 - pdb path: .;C:\Program Files\Java\jdk-13.0.1\bin;C:\WINDOWS\SYSTEM32;C:\WINDOWS\WinSxS\amd64_microsoft.windows.common-controls_6595b64144ccf1df_6.0.19041.1110_none_60b5254171f9507e;D:\Program Files (x86)\360\360safe\safemon;C:\Program Files\Java\jdk-13.0.1\bin\server;D:\Program Files\JetBrains\IntelliJ IDEA 2021.3.2\bin;G:\UOA_Courses\thesis\project\radiotelescopescheduling\norad;D:\Program Files (x86)\mingw64\bin;G:\UOA_Courses\thesis\project\radiotelescopescheduling\novas;C:\gurobi952\win64\bin

VM Arguments:
jvm_args: -Djava.library.path=G:\UOA_Courses\thesis\project\radiotelescopescheduling\norad;G:\UOA_Courses\thesis\project\radiotelescopescheduling\novas;C:\gurobi952\win64\lib;C:\gurobi952\win64\bin -javaagent:D:\Program Files\JetBrains\IntelliJ IDEA 2021.3.2\lib\idea_rt.jar=5802:D:\Program Files\JetBrains\IntelliJ IDEA 2021.3.2\bin -Dfile.encoding=UTF-8 
java_command: SchedulingMain
java_class_path (initial): G:\UOA_Courses\thesis\project\radiotelescopescheduling\out\production\radiotelescopescheduling;C:\Users\Han\.m2\repository\com\google\ortools\ortools-java\8.2.9025\ortools-java-8.2.9025.jar;C:\Users\Han\.m2\repository\com\google\ortools\ortools-linux-x86-64\8.2.9025\ortools-linux-x86-64-8.2.9025.jar;C:\Users\Han\.m2\repository\com\google\ortools\ortools-darwin-x86-64\8.2.9025\ortools-darwin-x86-64-8.2.9025.jar;C:\Users\Han\.m2\repository\com\google\ortools\ortools-win32-x86-64\8.2.9025\ortools-win32-x86-64-8.2.9025.jar;C:\Users\Han\.m2\repository\net\java\dev\jna\jna-platform\5.8.0\jna-platform-5.8.0.jar;C:\Users\Han\.m2\repository\net\java\dev\jna\jna\5.8.0\jna-5.8.0.jar;C:\Users\Han\.m2\repository\com\google\protobuf\protobuf-java\3.15.7\protobuf-java-3.15.7.jar;C:\Users\Han\.m2\repository\com\google\protobuf\protobuf-java\3.17.3\protobuf-java-3.17.3.jar;C:\Users\Han\.m2\repository\org\mongodb\bson\4.3.2\bson-4.3.2.jar;C:\Users\Han\.m2\repository\org\mongodb\mongo-java-driver\3.12.8\mongo-java-driver-3.12.8.jar;C:\Users\Han\.m2\repository\org\mongodb\mongodb-driver-core\4.2.3\mongodb-driver-core-4.2.3.jar;C:\Users\Han\.m2\repository\org\mongodb\bson\4.2.3\bson-4.2.3.jar;C:\gurobi952\win64\lib\gurobi.jar;C:\gurobi952\win64\lib\gurobi-javadoc.jar
Launcher Type: SUN_STANDARD

[Global flags]
     intx CICompilerCount                          = 4                                         {product} {ergonomic}
     uint ConcGCThreads                            = 2                                         {product} {ergonomic}
     uint G1ConcRefinementThreads                  = 8                                         {product} {ergonomic}
   size_t G1HeapRegionSize                         = 1048576                                   {product} {ergonomic}
    uintx GCDrainStackTargetSize                   = 64                                        {product} {ergonomic}
   size_t InitialHeapSize                          = 134217728                                 {product} {ergonomic}
   size_t MarkStackSize                            = 4194304                                   {product} {ergonomic}
   size_t MaxHeapSize                              = 2120220672                                {product} {ergonomic}
   size_t MaxNewSize                               = 1271922688                                {product} {ergonomic}
   size_t MinHeapDeltaBytes                        = 1048576                                   {product} {ergonomic}
   size_t MinHeapSize                              = 8388608                                   {product} {ergonomic}
    uintx NonNMethodCodeHeapSize                   = 5836300                                {pd product} {ergonomic}
    uintx NonProfiledCodeHeapSize                  = 122910970                              {pd product} {ergonomic}
    uintx ProfiledCodeHeapSize                     = 122910970                              {pd product} {ergonomic}
    uintx ReservedCodeCacheSize                    = 251658240                              {pd product} {ergonomic}
     bool SegmentedCodeCache                       = true                                      {product} {ergonomic}
   size_t SoftMaxHeapSize                          = 2120220672                             {manageable} {ergonomic}
     bool UseCompressedClassPointers               = true                                 {lp64_product} {ergonomic}
     bool UseCompressedOops                        = true                                 {lp64_product} {ergonomic}
     bool UseG1GC                                  = true                                      {product} {ergonomic}
     bool UseLargePagesIndividualAllocation        = false                                  {pd product} {ergonomic}

Logging:
Log output configuration:
 #0: stdout all=warning uptime,level,tags
 #1: stderr all=off uptime,level,tags

Environment Variables:
JAVA_HOME=C:\Program Files\Java\jdk-13.0.1
CLASSPATH=.;C:\Program Files\Java\jdk-13.0.1\lib\dt.jar;C:\Program Files\Java\jdk-13.0.1\lib\tools.jar;
PATH=C:\gurobi952\win64\bin;D:\Program Files\ImageMagick-7.1.0-Q16-HDRI;D:\CUDA\bin;D:\CUDA\libnvvp;C:\Program Files\Microsoft MPI\Bin\;C:\Program Files (x86)\Intel\iCLS Client\;C:\Program Files\Intel\iCLS Client\;C:\windows\system32;C:\windows;C:\windows\System32\Wbem;C:\windows\System32\WindowsPowerShell\v1.0\;C:\Program Files (x86)\Intel\Intel(R) Management Engine Components\DAL;C:\Program Files\Intel\Intel(R) Management Engine Components\DAL;C:\Program Files (x86)\Intel\Intel(R) Management Engine Components\IPT;C:\Program Files\Intel\Intel(R) Management Engine Components\IPT;C:\Program Files (x86)\NVIDIA Corporation\PhysX\Common;C:\WINDOWS\system32;C:\WINDOWS;C:\WINDOWS\System32\Wbem;C:\WINDOWS\System32\WindowsPowerShell\v1.0\;C:\Program Files (x86)\Windows Kits\8.1\Windows Performance Toolkit\;D:\Lingo\;C:\Program Files\Microsoft SQL Server\Client SDK\ODBC\130\Tools\Binn\;C:\Program Files (x86)\Microsoft SQL Server\140\Tools\Binn\;C:\Program Files\Microsoft SQL Server\140\Tools\Binn\;C:\Program Files (x86)\Microsoft SQL Server\140\DTS\Binn\;C:\Program Files\Microsoft SQL Server\140\DTS\Binn\;C:\WINDOWS\System32\OpenSSH\;C:\Program Files\Intel\WiFi\bin\;C:\Program Files\Common Files\Intel\WirelessCommon\;C:\Program Files\Java\jdk-13.0.1\bin;C:\Program Files\NVIDIA Corporation\Nsight Compute 2019.4.0\;C:\Program Files\NVIDIA Corporation\NVIDIA NvDLISR;D:\CUDA\lib\x64;C:\Program Files\dotnet\;D:\Microsoft Visual Studio\opencv\opencv\build\x64\vc15\bin;D:\Microsoft Visual Studio\opencv\opencv\build\x64\vc15\lib;C:\WINDOWS\system32;C:\WINDOWS;C:\WINDOWS\System32\Wbem;C:\WINDOWS\System32\WindowsPowerShell\v1.0\;C:\WINDOWS\System32\OpenSSH\;C:\Program Files\Git\cmd;D:\Program Files (x86)\mingw64\bin;C:\ProgramData\chocolatey\bin;D:\Program Files\MATLAB\R2022b\runtime\win64;D:\Program Files\MATLAB\R2022b\bin;C:\Users\Han\AppData\Local\Microsoft\WindowsApps;D:\altera\13.0sp1\modelsim_ase\win32aloem;D:\altera\13.0sp1\modelsim_ae\win32aloem;D:\Microsoft Visual Studio\opencv\
USERNAME=Han
LD_LIBRARY_PATH=C:\gurobi952\win64\lib
OS=Windows_NT
PROCESSOR_IDENTIFIER=Intel64 Family 6 Model 94 Stepping 3, GenuineIntel



---------------  S Y S T E M  ---------------

OS: Windows 10 , 64 bit Build 19041 (10.0.19041.2251)

CPU:total 8 (initial active 8) (4 cores per cpu, 2 threads per core) family 6 model 94 stepping 3, cmov, cx8, fxsr, mmx, sse, sse2, sse3, ssse3, sse4.1, sse4.2, popcnt, avx, avx2, aes, clmul, erms, rtm, 3dnowpref, lzcnt, ht, tsc, tscinvbit, bmi1, bmi2, adx, fma

Memory: 4k page, system-wide physical 8081M (2957M free)
TotalPageFile size 9749M (AvailPageFile size 3130M)
current process WorkingSet (physical memory assigned to process): 110M, peak: 228M
current process commit charge ("private bytes"): 154M, peak: 291M

vm_info: Java HotSpot(TM) 64-Bit Server VM (13.0.1+9) for windows-amd64 JRE (13.0.1+9), built on Oct  6 2019 12:37:49 by "mach5one" with unknown MS VC++:1916

END.
