#
# A fatal error has been detected by the Java Runtime Environment:
#
#  EXCEPTION_ACCESS_VIOLATION (0xc0000005) at pc=0x00007ffd1289a03c, pid=17076, tid=13168
#
# JRE version: Java(TM) SE Runtime Environment (13.0.1+9) (build 13.0.1+9)
# Java VM: Java HotSpot(TM) 64-Bit Server VM (13.0.1+9, mixed mode, sharing, tiered, compressed oops, g1 gc, windows-amd64)
# Problematic frame:
# C  [gurobi95.dll+0x6fa03c]
#
# No core dump will be written. Minidumps are not enabled by default on client versions of Windows
#
# If you would like to submit a bug report, please visit:
#   http://bugreport.java.com/bugreport/crash.jsp
# The crash happened outside the Java Virtual Machine in native code.
# See problematic frame for where to report the bug.
#

---------------  S U M M A R Y ------------

Command Line: -Djava.library.path=G:\UOA_Courses\thesis\project\radiotelescopescheduling\norad;G:\UOA_Courses\thesis\project\radiotelescopescheduling\novas;C:\gurobi952\win64\lib;C:\gurobi952\win64\bin -javaagent:D:\Program Files\JetBrains\IntelliJ IDEA 2021.3.2\lib\idea_rt.jar=10110:D:\Program Files\JetBrains\IntelliJ IDEA 2021.3.2\bin -Dfile.encoding=UTF-8 SchedulingMain

Host: Intel(R) Core(TM) i7-6700HQ CPU @ 2.60GHz, 8 cores, 7G,  Windows 10 , 64 bit Build 19041 (10.0.19041.2251)
Time: Sun Nov 27 01:14:48 2022 W. Europe Standard Time elapsed time: 113 seconds (0d 0h 1m 53s)

---------------  T H R E A D  ---------------

Current thread (0x000002305bc28000):  JavaThread "main" [_thread_in_native, id=13168, stack(0x0000009262e00000,0x0000009262f00000)]

Stack: [0x0000009262e00000,0x0000009262f00000],  sp=0x0000009262efed00,  free space=1019k
Native frames: (J=compiled Java code, j=interpreted, Vv=VM code, C=native code)
C  [gurobi95.dll+0x6fa03c]

Java frames: (J=compiled Java code, j=interpreted, Vv=VM code)
J 943  gurobi.GurobiJni.getattrinfo(JLjava/lang/String;[I)I (0 bytes) @ 0x000002306bc85dbe [0x000002306bc85d40+0x000000000000007e]
J 1039 c2 gurobi.GRBVar.get(Lgurobi/GRB$DoubleAttr;)D (104 bytes) @ 0x000002306bca74b0 [0x000002306bca73c0+0x00000000000000f0]
J 1700 c2 optimisation.MultiTelescopesMTSPPolicy.findNextPaths([Lobservation/Pointable;)[Lobservation/Connection; (1883 bytes) @ 0x000002306bdb0594 [0x000002306bdaa7e0+0x0000000000005db4]
j  optimisation.DispatchPolicy.nextMoves()V+39
j  optimisation.Scheduler.buildSchedule(Ljava/util/Properties;)V+702
j  simulation.Simulation.run()V+8
j  SchedulingMain.runRepeats(I)V+34
j  SchedulingMain.main([Ljava/lang/String;)V+40
v  ~StubRoutines::call_stub

siginfo: EXCEPTION_ACCESS_VIOLATION (0xc0000005), reading address 0x0000000000001ac4


Register to memory mapping:

RIP=0x00007ffd1289a03c gurobi95.dll
RAX=0x0 is NULL
RBX=0x0000009262efee00 is pointing into the stack for thread: 0x000002305bc28000
RCX=0x0 is NULL
RDX=0x000002307b844110 points into unknown readable memory: 90 45 84 7b 30 02 00 00
RSP=0x0000009262efed00 is pointing into the stack for thread: 0x000002305bc28000
RBP=0x0000009262efed98 is pointing into the stack for thread: 0x000002305bc28000
RSI=0x000000008620a3f0 is an oop: [I 
{0x000000008620a3f0} - klass: {type array int}
 - length: 1
RDI=0x0 is NULL
R8 =0x0000000000000357 is an unknown value
R9 =0x0000009262efeaf2 is pointing into the stack for thread: 0x000002305bc28000
R10=0x000000000000014d is an unknown value
R11=0x0000000000000038 is an unknown value
R12=0x000002307d216b60 points into unknown readable memory: 00 00 00 00 00 00 00 00
R13=0x000002307bf65c10 points into unknown readable memory: 58 00 00 00 00 00 00 00
R14=0x0000009262efed90 is pointing into the stack for thread: 0x000002305bc28000
R15=0x0000009262efed94 is pointing into the stack for thread: 0x000002305bc28000


Registers:
RAX=0x0000000000000000, RBX=0x0000009262efee00, RCX=0x0000000000000000, RDX=0x000002307b844110
RSP=0x0000009262efed00, RBP=0x0000009262efed98, RSI=0x000000008620a3f0, RDI=0x0000000000000000
R8 =0x0000000000000357, R9 =0x0000009262efeaf2, R10=0x000000000000014d, R11=0x0000000000000038
R12=0x000002307d216b60, R13=0x000002307bf65c10, R14=0x0000009262efed90, R15=0x0000009262efed94
RIP=0x00007ffd1289a03c, EFLAGS=0x0000000000010206

Top of Stack: (sp=0x0000009262efed00)
0x0000009262efed00:   0000000000000000 000002305bc28310
0x0000009262efed10:   0000000000000000 0000000000000000
0x0000009262efed20:   0000000000000000 0000000000000000
0x0000009262efed30:   0000009262efee40 000002307d216b60
0x0000009262efed40:   000002307bf65c10 000002305bc28310
0x0000009262efed50:   0000000000000000 00007ffd85781068
0x0000009262efed60:   0000009262efee00 0000009262efee40
0x0000009262efed70:   000000008620a3f0 000002307bf65c10
0x0000009262efed80:   0000009262efed98 0000000000000003
0x0000009262efed90:   ffffffffffffffff 00000000ffffffff
0x0000009262efeda0:   0000000000000000 000002305bc28000
0x0000009262efedb0:   0000009262efee28 000000000000000c
0x0000009262efedc0:   0000000000000023 000002306bc85e5e
0x0000009262efedd0:   0000000081d4d601 000002305bc28000
0x0000009262efede0:   0000000000000713 0000000000000000
0x0000009262efedf0:   0000009262efee08 0000009262efee28 

Instructions: (pc=0x00007ffd1289a03c)
0x00007ffd12899f3c:   cc cc cc cc cc cc cc cc cc cc cc cc cc cc cc cc
0x00007ffd12899f4c:   cc cc cc cc cc cc cc cc cc cc cc cc cc cc cc cc
0x00007ffd12899f5c:   cc cc cc cc cc cc cc cc cc cc cc cc cc cc cc cc
0x00007ffd12899f6c:   cc cc cc cc cc cc cc cc cc cc cc cc cc cc cc cc
0x00007ffd12899f7c:   cc cc cc cc cc cc cc cc cc cc cc cc cc cc cc cc
0x00007ffd12899f8c:   cc cc cc cc cc cc cc cc cc cc cc cc cc cc cc cc
0x00007ffd12899f9c:   cc cc cc cc cc cc cc cc cc cc cc cc cc cc cc cc
0x00007ffd12899fac:   cc cc cc cc 41 54 41 55 41 56 41 57 55 48 83 ec
0x00007ffd12899fbc:   30 4d 89 cf 4d 89 c6 49 89 d5 49 89 cc e8 af fc
0x00007ffd12899fcc:   90 ff 85 c0 0f 85 88 00 00 00 4d 85 f6 74 07 41
0x00007ffd12899fdc:   c7 06 ff ff ff ff 4d 85 ff 74 07 41 c7 07 ff ff
0x00007ffd12899fec:   ff ff 48 8b ac 24 80 00 00 00 48 85 ed 74 07 c7
0x00007ffd12899ffc:   45 00 ff ff ff ff 4c 89 e1 e8 73 fc 90 ff 85 c0
0x00007ffd1289a00c:   0f 85 80 00 00 00 4c 89 e1 4c 89 ea e8 9e aa 90
0x00007ffd1289a01c:   ff 83 f8 ff 74 4a 48 63 c0 49 8b 94 24 d8 02 00
0x00007ffd1289a02c:   00 48 8b 4a 10 4c 8d 04 c0 33 c0 4d 85 f6 74 08
0x00007ffd1289a03c:   42 8b 54 c1 0c 41 89 16 4d 85 ff 74 08 42 8b 54
0x00007ffd1289a04c:   c1 10 41 89 17 48 85 ed 74 08 42 8b 54 c1 14 89
0x00007ffd1289a05c:   55 00 48 83 c4 30 5d 41 5f 41 5e 41 5d 41 5c c3
0x00007ffd1289a06c:   48 89 e0 4c 89 e1 ba 14 27 00 00 41 b8 01 00 00
0x00007ffd1289a07c:   00 4c 8d 0d 90 c3 6f 01 4c 89 68 20 e8 e5 a2 90
0x00007ffd1289a08c:   ff b8 14 27 00 00 48 83 c4 30 5d 41 5f 41 5e 41
0x00007ffd1289a09c:   5d 41 5c c3 cc cc cc cc cc cc cc cc cc cc cc cc
0x00007ffd1289a0ac:   cc cc cc cc cc cc cc cc cc cc cc cc cc cc cc cc
0x00007ffd1289a0bc:   cc cc cc cc cc cc cc cc cc cc cc cc cc cc cc cc
0x00007ffd1289a0cc:   cc cc cc cc cc cc cc cc cc cc cc cc cc cc cc cc
0x00007ffd1289a0dc:   cc cc cc cc 57 41 54 41 55 48 83 ec 40 49 89 d4
0x00007ffd1289a0ec:   48 89 cf e8 89 fb 90 ff 85 c0 0f 85 c5 00 00 00
0x00007ffd1289a0fc:   48 85 ff 74 1b 83 7f 40 00 7e 15 48 89 f9 4c 89
0x00007ffd1289a10c:   e2 e8 d6 90 90 ff 48 83 c4 40 41 5d 41 5c 5f c3
0x00007ffd1289a11c:   48 89 f9 e8 59 fb 90 ff 85 c0 0f 85 61 01 00 00
0x00007ffd1289a12c:   48 89 f9 4c 89 e2 e8 84 a9 90 ff 83 f8 ff 0f 84 


Stack slot to memory mapping:
stack at sp + 0 slots: 0x0 is NULL
stack at sp + 1 slots: 0x000002305bc28310 points into unknown readable memory: 50 e8 a4 37 fd 7f 00 00
stack at sp + 2 slots: 0x0 is NULL
stack at sp + 3 slots: 0x0 is NULL
stack at sp + 4 slots: 0x0 is NULL
stack at sp + 5 slots: 0x0 is NULL
stack at sp + 6 slots: 0x0000009262efee40 is pointing into the stack for thread: 0x000002305bc28000
stack at sp + 7 slots: 0x000002307d216b60 points into unknown readable memory: 00 00 00 00 00 00 00 00


---------------  P R O C E S S  ---------------

Threads class SMR info:
_java_thread_list=0x00000230016d6d60, length=11, elements={
0x000002305bc28000, 0x000002307aae8800, 0x000002307aaec000, 0x000002307ab10000,
0x000002307ab11000, 0x000002307ab12000, 0x000002307ab14000, 0x000002307ab18800,
0x000002307aacf000, 0x000002307b70b000, 0x000002307b70b800
}

Java Threads: ( => current thread )
=>0x000002305bc28000 JavaThread "main" [_thread_in_native, id=13168, stack(0x0000009262e00000,0x0000009262f00000)]
  0x000002307aae8800 JavaThread "Reference Handler" daemon [_thread_blocked, id=15256, stack(0x0000009263500000,0x0000009263600000)]
  0x000002307aaec000 JavaThread "Finalizer" daemon [_thread_blocked, id=6524, stack(0x0000009263600000,0x0000009263700000)]
  0x000002307ab10000 JavaThread "Signal Dispatcher" daemon [_thread_blocked, id=14940, stack(0x0000009263700000,0x0000009263800000)]
  0x000002307ab11000 JavaThread "Attach Listener" daemon [_thread_blocked, id=14516, stack(0x0000009263800000,0x0000009263900000)]
  0x000002307ab12000 JavaThread "C2 CompilerThread0" daemon [_thread_blocked, id=16156, stack(0x0000009263900000,0x0000009263a00000)]
  0x000002307ab14000 JavaThread "C1 CompilerThread0" daemon [_thread_blocked, id=2656, stack(0x0000009263a00000,0x0000009263b00000)]
  0x000002307ab18800 JavaThread "Sweeper thread" daemon [_thread_blocked, id=4420, stack(0x0000009263b00000,0x0000009263c00000)]
  0x000002307aacf000 JavaThread "Common-Cleaner" daemon [_thread_blocked, id=17312, stack(0x0000009263c00000,0x0000009263d00000)]
  0x000002307b70b000 JavaThread "Monitor Ctrl-Break" daemon [_thread_in_native, id=16780, stack(0x0000009263e00000,0x0000009263f00000)]
  0x000002307b70b800 JavaThread "Service Thread" daemon [_thread_blocked, id=424, stack(0x0000009263f00000,0x0000009264000000)]

Other Threads:
  0x000002307aae7000 VMThread "VM Thread" [stack: 0x0000009263400000,0x0000009263500000] [id=9928]
  0x000002307b70d000 WatcherThread [stack: 0x0000009264000000,0x0000009264100000] [id=3908]
  0x000002305bc6b000 GCTaskThread "GC Thread#0" [stack: 0x0000009262f00000,0x0000009263000000] [id=11052]
  0x000002307ca37800 GCTaskThread "GC Thread#1" [stack: 0x0000009263d00000,0x0000009263e00000] [id=16576]
  0x000002307c6f2800 GCTaskThread "GC Thread#2" [stack: 0x0000009264100000,0x0000009264200000] [id=17004]
  0x000002305bc7c000 ConcurrentGCThread "G1 Main Marker" [stack: 0x0000009263000000,0x0000009263100000] [id=5576]
  0x000002305bc7f000 ConcurrentGCThread "G1 Conc#0" [stack: 0x0000009263100000,0x0000009263200000] [id=12532]
  0x000002307a960800 ConcurrentGCThread "G1 Refine#0" [stack: 0x0000009263200000,0x0000009263300000] [id=3688]
  0x000002307a962000 ConcurrentGCThread "G1 Young RemSet Sampling" [stack: 0x0000009263300000,0x0000009263400000] [id=16028]

Threads with active compile tasks:

VM state:not at safepoint (normal execution)

VM Mutex/Monitor currently owned by a thread: None

Heap address: 0x0000000081a00000, size: 2022 MB, Compressed Oops mode: 32-bit
Narrow klass base: 0x0000000800000000, Narrow klass shift: 3
Compressed class space size: 1073741824 Address: 0x0000000800b40000

Heap:
 garbage-first heap   total 74752K, used 5264K [0x0000000081a00000, 0x0000000100000000)
  region size 1024K, 2 young (2048K), 1 survivors (1024K)
 Metaspace       used 3312K, capacity 5639K, committed 5760K, reserved 1056768K
  class space    used 264K, capacity 607K, committed 640K, reserved 1048576K
Heap Regions: E=young(eden), S=young(survivor), O=old, HS=humongous(starts), HC=humongous(continues), CS=collection set, F=free, A=archive, TAMS=top-at-mark-start (previous, next)
|   0|0x0000000081a00000, 0x0000000081afffe8, 0x0000000081b00000| 99%| O|  |TAMS 0x0000000081a00000, 0x0000000081a00000| Untracked 
|   1|0x0000000081b00000, 0x0000000081bffff8, 0x0000000081c00000| 99%| O|  |TAMS 0x0000000081b00000, 0x0000000081b00000| Untracked 
|   2|0x0000000081c00000, 0x0000000081cffff0, 0x0000000081d00000| 99%| O|  |TAMS 0x0000000081c00000, 0x0000000081c00000| Untracked 
|   3|0x0000000081d00000, 0x0000000081dfffe8, 0x0000000081e00000| 99%| O|  |TAMS 0x0000000081d00000, 0x0000000081d00000| Untracked 
|   4|0x0000000081e00000, 0x0000000081e76388, 0x0000000081f00000| 46%| O|  |TAMS 0x0000000081e00000, 0x0000000081e00000| Untracked 
|   5|0x0000000081f00000, 0x0000000081f00000, 0x0000000082000000|  0%| F|  |TAMS 0x0000000081f00000, 0x0000000081f00000| Untracked 
|   6|0x0000000082000000, 0x0000000082000000, 0x0000000082100000|  0%| F|  |TAMS 0x0000000082000000, 0x0000000082000000| Untracked 
|   7|0x0000000082100000, 0x0000000082100000, 0x0000000082200000|  0%| F|  |TAMS 0x0000000082100000, 0x0000000082100000| Untracked 
|   8|0x0000000082200000, 0x0000000082200000, 0x0000000082300000|  0%| F|  |TAMS 0x0000000082200000, 0x0000000082200000| Untracked 
|   9|0x0000000082300000, 0x00000000823ae018, 0x0000000082400000| 67%| S|CS|TAMS 0x0000000082300000, 0x0000000082300000| Complete 
|  10|0x0000000082400000, 0x0000000082400000, 0x0000000082500000|  0%| F|  |TAMS 0x0000000082400000, 0x0000000082400000| Untracked 
|  11|0x0000000082500000, 0x0000000082500000, 0x0000000082600000|  0%| F|  |TAMS 0x0000000082500000, 0x0000000082500000| Untracked 
|  12|0x0000000082600000, 0x0000000082600000, 0x0000000082700000|  0%| F|  |TAMS 0x0000000082600000, 0x0000000082600000| Untracked 
|  13|0x0000000082700000, 0x0000000082700000, 0x0000000082800000|  0%| F|  |TAMS 0x0000000082700000, 0x0000000082700000| Untracked 
|  14|0x0000000082800000, 0x0000000082800000, 0x0000000082900000|  0%| F|  |TAMS 0x0000000082800000, 0x0000000082800000| Untracked 
|  15|0x0000000082900000, 0x0000000082900000, 0x0000000082a00000|  0%| F|  |TAMS 0x0000000082900000, 0x0000000082900000| Untracked 
|  16|0x0000000082a00000, 0x0000000082a00000, 0x0000000082b00000|  0%| F|  |TAMS 0x0000000082a00000, 0x0000000082a00000| Untracked 
|  17|0x0000000082b00000, 0x0000000082b00000, 0x0000000082c00000|  0%| F|  |TAMS 0x0000000082b00000, 0x0000000082b00000| Untracked 
|  18|0x0000000082c00000, 0x0000000082c00000, 0x0000000082d00000|  0%| F|  |TAMS 0x0000000082c00000, 0x0000000082c00000| Untracked 
|  19|0x0000000082d00000, 0x0000000082d00000, 0x0000000082e00000|  0%| F|  |TAMS 0x0000000082d00000, 0x0000000082d00000| Untracked 
|  20|0x0000000082e00000, 0x0000000082e00000, 0x0000000082f00000|  0%| F|  |TAMS 0x0000000082e00000, 0x0000000082e00000| Untracked 
|  21|0x0000000082f00000, 0x0000000082f00000, 0x0000000083000000|  0%| F|  |TAMS 0x0000000082f00000, 0x0000000082f00000| Untracked 
|  22|0x0000000083000000, 0x0000000083000000, 0x0000000083100000|  0%| F|  |TAMS 0x0000000083000000, 0x0000000083000000| Untracked 
|  23|0x0000000083100000, 0x0000000083100000, 0x0000000083200000|  0%| F|  |TAMS 0x0000000083100000, 0x0000000083100000| Untracked 
|  24|0x0000000083200000, 0x0000000083200000, 0x0000000083300000|  0%| F|  |TAMS 0x0000000083200000, 0x0000000083200000| Untracked 
|  25|0x0000000083300000, 0x0000000083300000, 0x0000000083400000|  0%| F|  |TAMS 0x0000000083300000, 0x0000000083300000| Untracked 
|  26|0x0000000083400000, 0x0000000083400000, 0x0000000083500000|  0%| F|  |TAMS 0x0000000083400000, 0x0000000083400000| Untracked 
|  27|0x0000000083500000, 0x0000000083500000, 0x0000000083600000|  0%| F|  |TAMS 0x0000000083500000, 0x0000000083500000| Untracked 
|  28|0x0000000083600000, 0x0000000083600000, 0x0000000083700000|  0%| F|  |TAMS 0x0000000083600000, 0x0000000083600000| Untracked 
|  29|0x0000000083700000, 0x0000000083700000, 0x0000000083800000|  0%| F|  |TAMS 0x0000000083700000, 0x0000000083700000| Untracked 
|  30|0x0000000083800000, 0x0000000083800000, 0x0000000083900000|  0%| F|  |TAMS 0x0000000083800000, 0x0000000083800000| Untracked 
|  31|0x0000000083900000, 0x0000000083900000, 0x0000000083a00000|  0%| F|  |TAMS 0x0000000083900000, 0x0000000083900000| Untracked 
|  32|0x0000000083a00000, 0x0000000083a00000, 0x0000000083b00000|  0%| F|  |TAMS 0x0000000083a00000, 0x0000000083a00000| Untracked 
|  33|0x0000000083b00000, 0x0000000083b00000, 0x0000000083c00000|  0%| F|  |TAMS 0x0000000083b00000, 0x0000000083b00000| Untracked 
|  34|0x0000000083c00000, 0x0000000083c00000, 0x0000000083d00000|  0%| F|  |TAMS 0x0000000083c00000, 0x0000000083c00000| Untracked 
|  35|0x0000000083d00000, 0x0000000083d00000, 0x0000000083e00000|  0%| F|  |TAMS 0x0000000083d00000, 0x0000000083d00000| Untracked 
|  36|0x0000000083e00000, 0x0000000083e00000, 0x0000000083f00000|  0%| F|  |TAMS 0x0000000083e00000, 0x0000000083e00000| Untracked 
|  37|0x0000000083f00000, 0x0000000083f00000, 0x0000000084000000|  0%| F|  |TAMS 0x0000000083f00000, 0x0000000083f00000| Untracked 
|  38|0x0000000084000000, 0x0000000084000000, 0x0000000084100000|  0%| F|  |TAMS 0x0000000084000000, 0x0000000084000000| Untracked 
|  39|0x0000000084100000, 0x0000000084100000, 0x0000000084200000|  0%| F|  |TAMS 0x0000000084100000, 0x0000000084100000| Untracked 
|  40|0x0000000084200000, 0x0000000084200000, 0x0000000084300000|  0%| F|  |TAMS 0x0000000084200000, 0x0000000084200000| Untracked 
|  41|0x0000000084300000, 0x0000000084300000, 0x0000000084400000|  0%| F|  |TAMS 0x0000000084300000, 0x0000000084300000| Untracked 
|  42|0x0000000084400000, 0x0000000084400000, 0x0000000084500000|  0%| F|  |TAMS 0x0000000084400000, 0x0000000084400000| Untracked 
|  43|0x0000000084500000, 0x0000000084500000, 0x0000000084600000|  0%| F|  |TAMS 0x0000000084500000, 0x0000000084500000| Untracked 
|  44|0x0000000084600000, 0x0000000084600000, 0x0000000084700000|  0%| F|  |TAMS 0x0000000084600000, 0x0000000084600000| Untracked 
|  45|0x0000000084700000, 0x0000000084700000, 0x0000000084800000|  0%| F|  |TAMS 0x0000000084700000, 0x0000000084700000| Untracked 
|  46|0x0000000084800000, 0x0000000084800000, 0x0000000084900000|  0%| F|  |TAMS 0x0000000084800000, 0x0000000084800000| Untracked 
|  47|0x0000000084900000, 0x0000000084900000, 0x0000000084a00000|  0%| F|  |TAMS 0x0000000084900000, 0x0000000084900000| Untracked 
|  48|0x0000000084a00000, 0x0000000084a00000, 0x0000000084b00000|  0%| F|  |TAMS 0x0000000084a00000, 0x0000000084a00000| Untracked 
|  49|0x0000000084b00000, 0x0000000084b00000, 0x0000000084c00000|  0%| F|  |TAMS 0x0000000084b00000, 0x0000000084b00000| Untracked 
|  50|0x0000000084c00000, 0x0000000084c00000, 0x0000000084d00000|  0%| F|  |TAMS 0x0000000084c00000, 0x0000000084c00000| Untracked 
|  51|0x0000000084d00000, 0x0000000084d00000, 0x0000000084e00000|  0%| F|  |TAMS 0x0000000084d00000, 0x0000000084d00000| Untracked 
|  52|0x0000000084e00000, 0x0000000084e00000, 0x0000000084f00000|  0%| F|  |TAMS 0x0000000084e00000, 0x0000000084e00000| Untracked 
|  53|0x0000000084f00000, 0x0000000084f00000, 0x0000000085000000|  0%| F|  |TAMS 0x0000000084f00000, 0x0000000084f00000| Untracked 
|  54|0x0000000085000000, 0x0000000085000000, 0x0000000085100000|  0%| F|  |TAMS 0x0000000085000000, 0x0000000085000000| Untracked 
|  55|0x0000000085100000, 0x0000000085100000, 0x0000000085200000|  0%| F|  |TAMS 0x0000000085100000, 0x0000000085100000| Untracked 
|  56|0x0000000085200000, 0x0000000085200000, 0x0000000085300000|  0%| F|  |TAMS 0x0000000085200000, 0x0000000085200000| Untracked 
|  57|0x0000000085300000, 0x0000000085300000, 0x0000000085400000|  0%| F|  |TAMS 0x0000000085300000, 0x0000000085300000| Untracked 
|  58|0x0000000085400000, 0x0000000085400000, 0x0000000085500000|  0%| F|  |TAMS 0x0000000085400000, 0x0000000085400000| Untracked 
|  59|0x0000000085500000, 0x0000000085500000, 0x0000000085600000|  0%| F|  |TAMS 0x0000000085500000, 0x0000000085500000| Untracked 
|  60|0x0000000085600000, 0x0000000085600000, 0x0000000085700000|  0%| F|  |TAMS 0x0000000085600000, 0x0000000085600000| Untracked 
|  61|0x0000000085700000, 0x0000000085700000, 0x0000000085800000|  0%| F|  |TAMS 0x0000000085700000, 0x0000000085700000| Untracked 
|  62|0x0000000085800000, 0x0000000085800000, 0x0000000085900000|  0%| F|  |TAMS 0x0000000085800000, 0x0000000085800000| Untracked 
|  63|0x0000000085900000, 0x0000000085900000, 0x0000000085a00000|  0%| F|  |TAMS 0x0000000085900000, 0x0000000085900000| Untracked 
|  64|0x0000000085a00000, 0x0000000085a00000, 0x0000000085b00000|  0%| F|  |TAMS 0x0000000085a00000, 0x0000000085a00000| Untracked 
|  65|0x0000000085b00000, 0x0000000085b00000, 0x0000000085c00000|  0%| F|  |TAMS 0x0000000085b00000, 0x0000000085b00000| Untracked 
|  66|0x0000000085c00000, 0x0000000085c00000, 0x0000000085d00000|  0%| F|  |TAMS 0x0000000085c00000, 0x0000000085c00000| Untracked 
|  67|0x0000000085d00000, 0x0000000085d00000, 0x0000000085e00000|  0%| F|  |TAMS 0x0000000085d00000, 0x0000000085d00000| Untracked 
|  68|0x0000000085e00000, 0x0000000085e00000, 0x0000000085f00000|  0%| F|  |TAMS 0x0000000085e00000, 0x0000000085e00000| Untracked 
|  69|0x0000000085f00000, 0x0000000085f00000, 0x0000000086000000|  0%| F|  |TAMS 0x0000000085f00000, 0x0000000085f00000| Untracked 
|  70|0x0000000086000000, 0x0000000086000000, 0x0000000086100000|  0%| F|  |TAMS 0x0000000086000000, 0x0000000086000000| Untracked 
|  71|0x0000000086100000, 0x0000000086100000, 0x0000000086200000|  0%| F|  |TAMS 0x0000000086100000, 0x0000000086100000| Untracked 
|  72|0x0000000086200000, 0x0000000086280800, 0x0000000086300000| 50%| E|  |TAMS 0x0000000086200000, 0x0000000086200000| Complete 

Card table byte_map: [0x0000023073970000,0x0000023073d70000] _byte_map_base: 0x0000023073563000

Marking Bits (Prev, Next): (CMBitMap*) 0x000002305bc6ba28, (CMBitMap*) 0x000002305bc6ba68
 Prev Bits: [0x0000023074170000, 0x0000023076108000)
 Next Bits: [0x0000023076110000, 0x00000230780a8000)

Polling page: 0x0000023059b30000

Metaspace:

Usage:
  Non-class:      4.91 MB capacity,     2.98 MB ( 61%) used,     1.92 MB ( 39%) free+waste,    17.13 KB ( <1%) overhead. 
      Class:    607.00 KB capacity,   264.54 KB ( 44%) used,   332.65 KB ( 55%) free+waste,     9.81 KB (  2%) overhead. 
       Both:      5.51 MB capacity,     3.24 MB ( 59%) used,     2.25 MB ( 41%) free+waste,    26.94 KB ( <1%) overhead. 

Virtual space:
  Non-class space:        8.00 MB reserved,       5.00 MB ( 63%) committed 
      Class space:        1.00 GB reserved,     640.00 KB ( <1%) committed 
             Both:        1.01 GB reserved,       5.63 MB ( <1%) committed 

Chunk freelists:
   Non-Class:  24.00 KB
       Class:  0 bytes
        Both:  24.00 KB

MaxMetaspaceSize: 17179869184.00 GB
CompressedClassSpaceSize: 1.00 GB

CodeHeap 'non-profiled nmethods': size=120000Kb used=1603Kb max_used=1711Kb free=118396Kb
 bounds [0x000002306bc00000, 0x000002306be70000, 0x0000023073130000]
CodeHeap 'profiled nmethods': size=120000Kb used=2122Kb max_used=3863Kb free=117877Kb
 bounds [0x00000230646d0000, 0x0000023064aa0000, 0x000002306bc00000]
CodeHeap 'non-nmethods': size=5760Kb used=1223Kb max_used=1286Kb free=4536Kb
 bounds [0x0000023064130000, 0x00000230643a0000, 0x00000230646d0000]
 total_blobs=3380 nmethods=1429 adapters=393
 compilation: enabled
              stopped_count=0, restarted_count=0
 full_count=0

Compilation events (20 events):
Event: 102.908 Thread 0x000002307ab14000 1820       3       java.util.stream.IntPipeline$9::opWrapSink (10 bytes)
Event: 102.908 Thread 0x000002307ab14000 nmethod 1820 0x000002306486f610 code [0x000002306486f800, 0x000002306486fe50]
Event: 102.908 Thread 0x000002307ab14000 1821       3       java.util.stream.IntPipeline$9$1::<init> (11 bytes)
Event: 102.908 Thread 0x000002307ab14000 nmethod 1821 0x000002306486ed10 code [0x000002306486ef00, 0x000002306486f490]
Event: 102.908 Thread 0x000002307ab14000 1822       3       java.util.stream.Sink$ChainedInt::<init> (16 bytes)
Event: 102.908 Thread 0x000002307ab14000 nmethod 1822 0x000002306486e510 code [0x000002306486e6e0, 0x000002306486ebb0]
Event: 102.908 Thread 0x000002307ab14000 1823       3       java.util.stream.IntPipeline$9$1::begin (13 bytes)
Event: 102.908 Thread 0x000002307ab14000 nmethod 1823 0x0000023064802790 code [0x0000023064802940, 0x0000023064802b90]
Event: 102.908 Thread 0x000002307ab14000 1825       3       java.util.stream.IntPipeline::adapt (35 bytes)
Event: 102.908 Thread 0x000002307ab14000 nmethod 1825 0x0000023064753410 code [0x0000023064753600, 0x0000023064753b80]
Event: 102.908 Thread 0x000002307ab14000 1826       3       java.util.stream.IntPipeline::adapt (37 bytes)
Event: 102.908 Thread 0x000002307ab14000 nmethod 1826 0x0000023064752910 code [0x0000023064752b20, 0x0000023064753230]
Event: 102.908 Thread 0x000002307ab14000 1827       3       java.util.stream.IntPipeline$9$1::accept (27 bytes)
Event: 102.909 Thread 0x000002307ab14000 nmethod 1827 0x0000023064751f90 code [0x0000023064752180, 0x00000230647526f0]
Event: 102.909 Thread 0x000002307ab14000 1828       3       java.text.DecimalFormatSymbols$$Lambda$24/0x0000000800bb0c40::test (5 bytes)
Event: 102.909 Thread 0x000002307ab14000 nmethod 1828 0x0000023064890f90 code [0x0000023064891160, 0x0000023064891500]
Event: 107.061 Thread 0x000002307ab12000 1829       4       observation.live.Environment::checkScintillationRepeatedly (461 bytes)
Event: 107.092 Thread 0x000002307ab12000 nmethod 1829 0x000002306bd99e10 code [0x000002306bd9a120, 0x000002306bd9b730]
Event: 111.869 Thread 0x000002307ab12000 1830       4       optimisation.MultiTelescopesMTSPPolicy::findsubtour (117 bytes)
Event: 111.876 Thread 0x000002307ab12000 nmethod 1830 0x000002306bcf9c90 code [0x000002306bcf9e60, 0x000002306bcfa358]

GC Heap History (20 events):
Event: 110.953 GC heap before
{Heap before GC invocations=452 (full 110):
 garbage-first heap   total 17408K, used 11329K [0x0000000081a00000, 0x0000000100000000)
  region size 1024K, 8 young (8192K), 1 survivors (1024K)
 Metaspace       used 3312K, capacity 5639K, committed 5760K, reserved 1056768K
  class space    used 264K, capacity 607K, committed 640K, reserved 1048576K
}
Event: 110.965 GC heap after
{Heap after GC invocations=453 (full 111):
 garbage-first heap   total 17408K, used 4734K [0x0000000081a00000, 0x0000000100000000)
  region size 1024K, 0 young (0K), 0 survivors (0K)
 Metaspace       used 3312K, capacity 5639K, committed 5760K, reserved 1056768K
  class space    used 264K, capacity 607K, committed 640K, reserved 1048576K
}
Event: 111.028 GC heap before
{Heap before GC invocations=453 (full 111):
 garbage-first heap   total 17408K, used 12926K [0x0000000081a00000, 0x0000000100000000)
  region size 1024K, 8 young (8192K), 0 survivors (0K)
 Metaspace       used 3312K, capacity 5639K, committed 5760K, reserved 1056768K
  class space    used 264K, capacity 607K, committed 640K, reserved 1048576K
}
Event: 111.029 GC heap after
{Heap after GC invocations=454 (full 111):
 garbage-first heap   total 17408K, used 5231K [0x0000000081a00000, 0x0000000100000000)
  region size 1024K, 1 young (1024K), 1 survivors (1024K)
 Metaspace       used 3312K, capacity 5639K, committed 5760K, reserved 1056768K
  class space    used 264K, capacity 607K, committed 640K, reserved 1048576K
}
Event: 111.924 GC heap before
{Heap before GC invocations=454 (full 111):
 garbage-first heap   total 17408K, used 12399K [0x0000000081a00000, 0x0000000100000000)
  region size 1024K, 8 young (8192K), 1 survivors (1024K)
 Metaspace       used 3312K, capacity 5639K, committed 5760K, reserved 1056768K
  class space    used 264K, capacity 607K, committed 640K, reserved 1048576K
}
Event: 111.926 GC heap after
{Heap after GC invocations=455 (full 111):
 garbage-first heap   total 17408K, used 5372K [0x0000000081a00000, 0x0000000100000000)
  region size 1024K, 1 young (1024K), 1 survivors (1024K)
 Metaspace       used 3312K, capacity 5639K, committed 5760K, reserved 1056768K
  class space    used 264K, capacity 607K, committed 640K, reserved 1048576K
}
Event: 111.952 GC heap before
{Heap before GC invocations=455 (full 111):
 garbage-first heap   total 17408K, used 6396K [0x0000000081a00000, 0x0000000100000000)
  region size 1024K, 3 young (3072K), 1 survivors (1024K)
 Metaspace       used 3312K, capacity 5639K, committed 5760K, reserved 1056768K
  class space    used 264K, capacity 607K, committed 640K, reserved 1048576K
}
Event: 111.964 GC heap after
{Heap after GC invocations=456 (full 112):
 garbage-first heap   total 17408K, used 4561K [0x0000000081a00000, 0x0000000100000000)
  region size 1024K, 0 young (0K), 0 survivors (0K)
 Metaspace       used 3312K, capacity 5639K, committed 5760K, reserved 1056768K
  class space    used 264K, capacity 607K, committed 640K, reserved 1048576K
}
Event: 112.068 GC heap before
{Heap before GC invocations=456 (full 112):
 garbage-first heap   total 17408K, used 12753K [0x0000000081a00000, 0x0000000100000000)
  region size 1024K, 8 young (8192K), 0 survivors (0K)
 Metaspace       used 3312K, capacity 5639K, committed 5760K, reserved 1056768K
  class space    used 264K, capacity 607K, committed 640K, reserved 1048576K
}
Event: 112.069 GC heap after
{Heap after GC invocations=457 (full 112):
 garbage-first heap   total 17408K, used 4890K [0x0000000081a00000, 0x0000000100000000)
  region size 1024K, 1 young (1024K), 1 survivors (1024K)
 Metaspace       used 3312K, capacity 5639K, committed 5760K, reserved 1056768K
  class space    used 264K, capacity 607K, committed 640K, reserved 1048576K
}
Event: 112.120 GC heap before
{Heap before GC invocations=457 (full 112):
 garbage-first heap   total 17408K, used 12058K [0x0000000081a00000, 0x0000000100000000)
  region size 1024K, 8 young (8192K), 1 survivors (1024K)
 Metaspace       used 3312K, capacity 5639K, committed 5760K, reserved 1056768K
  class space    used 264K, capacity 607K, committed 640K, reserved 1048576K
}
Event: 112.121 GC heap after
{Heap after GC invocations=458 (full 112):
 garbage-first heap   total 17408K, used 5050K [0x0000000081a00000, 0x0000000100000000)
  region size 1024K, 1 young (1024K), 1 survivors (1024K)
 Metaspace       used 3312K, capacity 5639K, committed 5760K, reserved 1056768K
  class space    used 264K, capacity 607K, committed 640K, reserved 1048576K
}
Event: 113.027 GC heap before
{Heap before GC invocations=458 (full 112):
 garbage-first heap   total 17408K, used 12218K [0x0000000081a00000, 0x0000000100000000)
  region size 1024K, 8 young (8192K), 1 survivors (1024K)
 Metaspace       used 3312K, capacity 5639K, committed 5760K, reserved 1056768K
  class space    used 264K, capacity 607K, committed 640K, reserved 1048576K
}
Event: 113.029 GC heap after
{Heap after GC invocations=459 (full 112):
 garbage-first heap   total 17408K, used 5181K [0x0000000081a00000, 0x0000000100000000)
  region size 1024K, 1 young (1024K), 1 survivors (1024K)
 Metaspace       used 3312K, capacity 5639K, committed 5760K, reserved 1056768K
  class space    used 264K, capacity 607K, committed 640K, reserved 1048576K
}
Event: 113.085 GC heap before
{Heap before GC invocations=459 (full 112):
 garbage-first heap   total 17408K, used 9277K [0x0000000081a00000, 0x0000000100000000)
  region size 1024K, 6 young (6144K), 1 survivors (1024K)
 Metaspace       used 3312K, capacity 5639K, committed 5760K, reserved 1056768K
  class space    used 264K, capacity 607K, committed 640K, reserved 1048576K
}
Event: 113.097 GC heap after
{Heap after GC invocations=460 (full 113):
 garbage-first heap   total 17408K, used 4568K [0x0000000081a00000, 0x0000000100000000)
  region size 1024K, 0 young (0K), 0 survivors (0K)
 Metaspace       used 3312K, capacity 5639K, committed 5760K, reserved 1056768K
  class space    used 264K, capacity 607K, committed 640K, reserved 1048576K
}
Event: 113.200 GC heap before
{Heap before GC invocations=460 (full 113):
 garbage-first heap   total 17408K, used 12760K [0x0000000081a00000, 0x0000000100000000)
  region size 1024K, 8 young (8192K), 0 survivors (0K)
 Metaspace       used 3312K, capacity 5639K, committed 5760K, reserved 1056768K
  class space    used 264K, capacity 607K, committed 640K, reserved 1048576K
}
Event: 113.201 GC heap after
{Heap after GC invocations=461 (full 113):
 garbage-first heap   total 17408K, used 4903K [0x0000000081a00000, 0x0000000100000000)
  region size 1024K, 1 young (1024K), 1 survivors (1024K)
 Metaspace       used 3312K, capacity 5639K, committed 5760K, reserved 1056768K
  class space    used 264K, capacity 607K, committed 640K, reserved 1048576K
}
Event: 113.409 GC heap before
{Heap before GC invocations=461 (full 113):
 garbage-first heap   total 17408K, used 12071K [0x0000000081a00000, 0x0000000100000000)
  region size 1024K, 8 young (8192K), 1 survivors (1024K)
 Metaspace       used 3312K, capacity 5639K, committed 5760K, reserved 1056768K
  class space    used 264K, capacity 607K, committed 640K, reserved 1048576K
}
Event: 113.412 GC heap after
{Heap after GC invocations=462 (full 113):
 garbage-first heap   total 74752K, used 5264K [0x0000000081a00000, 0x0000000100000000)
  region size 1024K, 1 young (1024K), 1 survivors (1024K)
 Metaspace       used 3312K, capacity 5639K, committed 5760K, reserved 1056768K
  class space    used 264K, capacity 607K, committed 640K, reserved 1048576K
}

Deoptimization events (20 events):
Event: 98.096 Thread 0x000002305bc28000 DEOPT PACKING pc=0x0000023064a8e1ec sp=0x0000009262efec30
Event: 98.096 Thread 0x000002305bc28000 DEOPT UNPACKING pc=0x000002306417964e sp=0x0000009262efe1a8 mode 0
Event: 98.101 Thread 0x000002305bc28000 DEOPT PACKING pc=0x0000023064a8e1ec sp=0x0000009262efec30
Event: 98.101 Thread 0x000002305bc28000 DEOPT UNPACKING pc=0x000002306417964e sp=0x0000009262efe1a8 mode 0
Event: 98.108 Thread 0x000002305bc28000 DEOPT PACKING pc=0x0000023064a8e1ec sp=0x0000009262efec30
Event: 98.108 Thread 0x000002305bc28000 DEOPT UNPACKING pc=0x000002306417964e sp=0x0000009262efe1a8 mode 0
Event: 98.129 Thread 0x000002305bc28000 DEOPT PACKING pc=0x0000023064a8e1ec sp=0x0000009262efec30
Event: 98.129 Thread 0x000002305bc28000 DEOPT UNPACKING pc=0x000002306417964e sp=0x0000009262efe1a8 mode 0
Event: 98.134 Thread 0x000002305bc28000 DEOPT PACKING pc=0x0000023064a8e1ec sp=0x0000009262efec30
Event: 98.134 Thread 0x000002305bc28000 DEOPT UNPACKING pc=0x000002306417964e sp=0x0000009262efe1a8 mode 0
Event: 98.140 Thread 0x000002305bc28000 DEOPT PACKING pc=0x0000023064a8e1ec sp=0x0000009262efec30
Event: 98.140 Thread 0x000002305bc28000 DEOPT UNPACKING pc=0x000002306417964e sp=0x0000009262efe1a8 mode 0
Event: 98.147 Thread 0x000002305bc28000 DEOPT PACKING pc=0x0000023064a8e1ec sp=0x0000009262efec30
Event: 98.147 Thread 0x000002305bc28000 DEOPT UNPACKING pc=0x000002306417964e sp=0x0000009262efe1a8 mode 0
Event: 101.559 Thread 0x000002305bc28000 Uncommon trap: trap_request=0xffffffbe fr.pc=0x000002306bd5e404 relative=0x0000000000004b64
Event: 101.559 Thread 0x000002305bc28000 Uncommon trap: reason=profile_predicate action=maybe_recompile pc=0x000002306bd5e404 method=astrometrics.Conversions.degreesToRadians(Ljava/lang/String;)D @ 31 c2
Event: 101.559 Thread 0x000002305bc28000 DEOPT PACKING pc=0x000002306bd5e404 sp=0x0000009262efefc0
Event: 101.559 Thread 0x000002305bc28000 DEOPT UNPACKING pc=0x000002306417912f sp=0x0000009262efef00 mode 2
Event: 111.869 Thread 0x000002305bc28000 DEOPT PACKING pc=0x00000230647f68f3 sp=0x0000009262efee60
Event: 111.869 Thread 0x000002305bc28000 DEOPT UNPACKING pc=0x000002306417964e sp=0x0000009262efe2d8 mode 0

Classes unloaded (0 events):
No events

Classes redefined (0 events):
No events

Internal exceptions (10 events):
Event: 0.206 Thread 0x000002305bc28000 Exception <a 'java/lang/NoSuchMethodError'{0x000000008960e2a0}: 'int java.lang.invoke.DirectMethodHandle$Holder.invokeSpecialIFC(java.lang.Object, java.lang.Object, int)'> (0x000000008960e2a0) 
thrown [t:/workspace/open/src/hotspot/share/interpreter/linkResolver.cpp, line 767]
Event: 27.235 Thread 0x000002305bc28000 Exception <a 'java/lang/NoSuchMethodError'{0x0000000088244b68}: 'java.lang.Object java.lang.invoke.DirectMethodHandle$Holder.invokeStatic(java.lang.Object, java.lang.Object, java.lang.Object, java.lang.Object, java.lang.Object, java.lang.Object, java.lang.Object, java.lang.Object, java.lang.Object, java.lang.Object, java.lang.Object, java.lang.Object, java.lang.Object, java.lang.Object, java.lang.Object)'> (0x0000000088244b68) 
thrown [t:/workspace/open/src/hotspot/share/interpreter/linkResolver.cpp, line 
Event: 27.236 Thread 0x000002305bc28000 Exception <a 'java/lang/NoSuchMethodError'{0x0000000088250ad0}: 'java.lang.Object java.lang.invoke.DirectMethodHandle$Holder.invokeStatic(java.lang.Object, java.lang.Object, java.lang.Object, java.lang.Object, java.lang.Object, java.lang.Object, java.lang.Object, java.lang.Object, java.lang.Object, java.lang.Object, java.lang.Object, java.lang.Object, java.lang.Object, java.lang.Object, java.lang.Object, java.lang.Object)'> (0x0000000088250ad0) 
thrown [t:/workspace/open/src/hotspot/share/interpreter/linkR
Event: 27.237 Thread 0x000002305bc28000 Exception <a 'java/lang/NoSuchMethodError'{0x000000008825d078}: 'java.lang.Object java.lang.invoke.DirectMethodHandle$Holder.invokeSpecial(java.lang.Object, java.lang.Object, long, int, int, int, int, int, int)'> (0x000000008825d078) 
thrown [t:/workspace/open/src/hotspot/share/interpreter/linkResolver.cpp, line 767]
Event: 27.237 Thread 0x000002305bc28000 Exception <a 'java/lang/NoSuchMethodError'{0x0000000088260090}: 'java.lang.Object java.lang.invoke.DelegatingMethodHandle$Holder.reinvoke_L(java.lang.Object, long, int, int, int, int, int, int)'> (0x0000000088260090) 
thrown [t:/workspace/open/src/hotspot/share/interpreter/linkResolver.cpp, line 767]
Event: 27.242 Thread 0x000002305bc28000 Exception <a 'java/lang/NoSuchMethodError'{0x00000000882de838}: 'java.lang.Object java.lang.invoke.Invokers$Holder.linkToTargetMethod(java.lang.Object, java.lang.Object, int, java.lang.Object, java.lang.Object)'> (0x00000000882de838) 
thrown [t:/workspace/open/src/hotspot/share/interpreter/linkResolver.cpp, line 767]
Event: 27.246 Thread 0x000002305bc28000 Implicit null exception at 0x000002306bc99aee to 0x000002306bc99b5f
Event: 27.254 Thread 0x000002305bc28000 Exception <a 'java/lang/NoSuchMethodError'{0x0000000088148d80}: 'java.lang.Object java.lang.invoke.Invokers$Holder.linkToTargetMethod(java.lang.Object, long, java.lang.Object)'> (0x0000000088148d80) 
thrown [t:/workspace/open/src/hotspot/share/interpreter/linkResolver.cpp, line 767]
Event: 27.653 Thread 0x000002305bc28000 Exception <a 'java/lang/NoSuchMethodError'{0x0000000087ff0d70}: 'java.lang.Object java.lang.invoke.DirectMethodHandle$Holder.invokeSpecial(java.lang.Object, java.lang.Object, long, int, int, int, int, int, int, int)'> (0x0000000087ff0d70) 
thrown [t:/workspace/open/src/hotspot/share/interpreter/linkResolver.cpp, line 767]
Event: 27.653 Thread 0x000002305bc28000 Exception <a 'java/lang/NoSuchMethodError'{0x0000000087ff3e48}: 'java.lang.Object java.lang.invoke.DelegatingMethodHandle$Holder.reinvoke_L(java.lang.Object, long, int, int, int, int, int, int, int)'> (0x0000000087ff3e48) 
thrown [t:/workspace/open/src/hotspot/share/interpreter/linkResolver.cpp, line 767]

Events (20 events):
Event: 111.926 Executing VM operation: RevokeBias
Event: 111.926 Executing VM operation: RevokeBias done
Event: 111.952 Executing VM operation: G1CollectFull
Event: 111.964 Executing VM operation: G1CollectFull done
Event: 112.068 Executing VM operation: G1CollectForAllocation
Event: 112.069 Executing VM operation: G1CollectForAllocation done
Event: 112.120 Executing VM operation: G1CollectForAllocation
Event: 112.121 Executing VM operation: G1CollectForAllocation done
Event: 113.027 Executing VM operation: G1CollectForAllocation
Event: 113.029 Executing VM operation: G1CollectForAllocation done
Event: 113.030 Executing VM operation: RevokeBias
Event: 113.030 Executing VM operation: RevokeBias done
Event: 113.085 Executing VM operation: G1CollectFull
Event: 113.097 Executing VM operation: G1CollectFull done
Event: 113.200 Executing VM operation: G1CollectForAllocation
Event: 113.201 Executing VM operation: G1CollectForAllocation done
Event: 113.409 Executing VM operation: G1CollectForAllocation
Event: 113.412 Executing VM operation: G1CollectForAllocation done
Event: 113.413 Executing VM operation: RevokeBias
Event: 113.413 Executing VM operation: RevokeBias done


Dynamic libraries:
0x00007ff79c590000 - 0x00007ff79c59f000 	C:\Program Files\Java\jdk-13.0.1\bin\java.exe
0x00007ffd9d290000 - 0x00007ffd9d488000 	C:\WINDOWS\SYSTEM32\ntdll.dll
0x00007ffd9ce60000 - 0x00007ffd9cf1f000 	C:\WINDOWS\System32\KERNEL32.DLL
0x00007ffd9b000000 - 0x00007ffd9b2d2000 	C:\WINDOWS\System32\KERNELBASE.dll
0x00007ffd9ab10000 - 0x00007ffd9ac10000 	C:\WINDOWS\System32\ucrtbase.dll
0x00007ffd8d570000 - 0x00007ffd8d588000 	C:\Program Files\Java\jdk-13.0.1\bin\jli.dll
0x00007ffd8d550000 - 0x00007ffd8d565000 	C:\Program Files\Java\jdk-13.0.1\bin\VCRUNTIME140.dll
0x00007ffd9b480000 - 0x00007ffd9b52e000 	C:\WINDOWS\System32\ADVAPI32.dll
0x00007ffd9cdb0000 - 0x00007ffd9ce4e000 	C:\WINDOWS\System32\msvcrt.dll
0x00007ffd9cd10000 - 0x00007ffd9cdac000 	C:\WINDOWS\System32\sechost.dll
0x00007ffd9c950000 - 0x00007ffd9ca75000 	C:\WINDOWS\System32\RPCRT4.dll
0x00007ffd9b2e0000 - 0x00007ffd9b47d000 	C:\WINDOWS\System32\USER32.dll
0x00007ffd9aa70000 - 0x00007ffd9aa92000 	C:\WINDOWS\System32\win32u.dll
0x00007ffd9ca80000 - 0x00007ffd9caab000 	C:\WINDOWS\System32\GDI32.dll
0x00007ffd9ac10000 - 0x00007ffd9ad1f000 	C:\WINDOWS\System32\gdi32full.dll
0x00007ffd88af0000 - 0x00007ffd88d8a000 	C:\WINDOWS\WinSxS\amd64_microsoft.windows.common-controls_6595b64144ccf1df_6.0.19041.1110_none_60b5254171f9507e\COMCTL32.dll
0x00007ffd9aeb0000 - 0x00007ffd9af4d000 	C:\WINDOWS\System32\msvcp_win.dll
0x00007ffd93770000 - 0x00007ffd9377a000 	C:\WINDOWS\SYSTEM32\VERSION.dll
0x00007ffd9d1f0000 - 0x00007ffd9d222000 	C:\WINDOWS\System32\IMM32.DLL
0x0000000058050000 - 0x000000005805b000 	D:\Program Files (x86)\360\360safe\safemon\SafeWrapper.dll
0x00007ffd8c570000 - 0x00007ffd8c60b000 	C:\Program Files\Java\jdk-13.0.1\bin\msvcp140.dll
0x00007ffd37050000 - 0x00007ffd37bb6000 	C:\Program Files\Java\jdk-13.0.1\bin\server\jvm.dll
0x00007ffd9c320000 - 0x00007ffd9c328000 	C:\WINDOWS\System32\PSAPI.DLL
0x00007ffd8ce40000 - 0x00007ffd8ce67000 	C:\WINDOWS\SYSTEM32\WINMM.dll
0x00007ffd990d0000 - 0x00007ffd990d9000 	C:\WINDOWS\SYSTEM32\WSOCK32.dll
0x00007ffd9bfe0000 - 0x00007ffd9c04b000 	C:\WINDOWS\System32\WS2_32.dll
0x00007ffd99230000 - 0x00007ffd99242000 	C:\WINDOWS\SYSTEM32\kernel.appcore.dll
0x00007ffd964b0000 - 0x00007ffd964c0000 	C:\Program Files\Java\jdk-13.0.1\bin\verify.dll
0x00007ffd98ec0000 - 0x00007ffd990a4000 	C:\WINDOWS\SYSTEM32\DBGHELP.DLL
0x00007ffd7e8f0000 - 0x00007ffd7e91c000 	C:\WINDOWS\SYSTEM32\dbgcore.DLL
0x00007ffd9a9e0000 - 0x00007ffd9aa62000 	C:\WINDOWS\System32\bcryptPrimitives.dll
0x00007ffd8c760000 - 0x00007ffd8c786000 	C:\Program Files\Java\jdk-13.0.1\bin\java.dll
0x00007ffd96440000 - 0x00007ffd9644e000 	C:\Program Files\Java\jdk-13.0.1\bin\instrument.dll
0x00007ffd8c680000 - 0x00007ffd8c697000 	C:\Program Files\Java\jdk-13.0.1\bin\zip.dll
0x00007ffd963a0000 - 0x00007ffd963aa000 	C:\Program Files\Java\jdk-13.0.1\bin\jimage.dll
0x00007ffd9b530000 - 0x00007ffd9bc73000 	C:\WINDOWS\System32\SHELL32.dll
0x00007ffd98660000 - 0x00007ffd98df2000 	C:\WINDOWS\SYSTEM32\windows.storage.dll
0x00007ffd9bc80000 - 0x00007ffd9bfd4000 	C:\WINDOWS\System32\combase.dll
0x00007ffd9a3f0000 - 0x00007ffd9a420000 	C:\WINDOWS\SYSTEM32\Wldp.dll
0x00007ffd9c180000 - 0x00007ffd9c22d000 	C:\WINDOWS\System32\SHCORE.dll
0x00007ffd9cf20000 - 0x00007ffd9cf75000 	C:\WINDOWS\System32\shlwapi.dll
0x00007ffd9a8d0000 - 0x00007ffd9a8ef000 	C:\WINDOWS\SYSTEM32\profapi.dll
0x00007ffd8c660000 - 0x00007ffd8c679000 	C:\Program Files\Java\jdk-13.0.1\bin\net.dll
0x00007ffd95690000 - 0x00007ffd9579c000 	C:\WINDOWS\SYSTEM32\WINHTTP.dll
0x00007ffd9a150000 - 0x00007ffd9a1ba000 	C:\WINDOWS\system32\mswsock.dll
0x00007ffd8c550000 - 0x00007ffd8c563000 	C:\Program Files\Java\jdk-13.0.1\bin\nio.dll
0x00007ffd87f70000 - 0x00007ffd87f8a000 	D:\Program Files\JetBrains\IntelliJ IDEA 2021.3.2\bin\breakgen64.dll
0x000000006f880000 - 0x000000006f8aa000 	G:\UOA_Courses\thesis\project\radiotelescopescheduling\norad\norad.dll
0x000000006fc40000 - 0x000000006fda3000 	D:\Program Files (x86)\mingw64\bin\libstdc++-6.dll
0x0000000061440000 - 0x000000006145a000 	D:\Program Files (x86)\mingw64\bin\libgcc_s_seh-1.dll
0x0000000064940000 - 0x0000000064955000 	D:\Program Files (x86)\mingw64\bin\libwinpthread-1.dll
0x0000000070980000 - 0x00000000709c4000 	G:\UOA_Courses\thesis\project\radiotelescopescheduling\novas\novas.dll
0x00007ffd85780000 - 0x00007ffd857b2000 	C:\gurobi952\win64\bin\GurobiJni95.dll
0x00007ffd121a0000 - 0x00007ffd142a0000 	C:\gurobi952\win64\bin\gurobi95.dll
0x00007ffd9ad20000 - 0x00007ffd9ae76000 	C:\WINDOWS\System32\CRYPT32.dll
0x00007ffd9d190000 - 0x00007ffd9d1e6000 	C:\WINDOWS\System32\WLDAP32.dll
0x00007ffd9ce50000 - 0x00007ffd9ce58000 	C:\WINDOWS\System32\Normaliz.dll
0x00007ffd9a880000 - 0x00007ffd9a8b2000 	C:\WINDOWS\SYSTEM32\SspiCli.dll

dbghelp: loaded successfully - version: 4.0.5 - missing functions: none
symbol engine: initialized successfully - sym options: 0x614 - pdb path: .;C:\Program Files\Java\jdk-13.0.1\bin;C:\WINDOWS\SYSTEM32;C:\WINDOWS\WinSxS\amd64_microsoft.windows.common-controls_6595b64144ccf1df_6.0.19041.1110_none_60b5254171f9507e;D:\Program Files (x86)\360\360safe\safemon;C:\Program Files\Java\jdk-13.0.1\bin\server;D:\Program Files\JetBrains\IntelliJ IDEA 2021.3.2\bin;G:\UOA_Courses\thesis\project\radiotelescopescheduling\norad;D:\Program Files (x86)\mingw64\bin;G:\UOA_Courses\thesis\project\radiotelescopescheduling\novas;C:\gurobi952\win64\bin

VM Arguments:
jvm_args: -Djava.library.path=G:\UOA_Courses\thesis\project\radiotelescopescheduling\norad;G:\UOA_Courses\thesis\project\radiotelescopescheduling\novas;C:\gurobi952\win64\lib;C:\gurobi952\win64\bin -javaagent:D:\Program Files\JetBrains\IntelliJ IDEA 2021.3.2\lib\idea_rt.jar=10110:D:\Program Files\JetBrains\IntelliJ IDEA 2021.3.2\bin -Dfile.encoding=UTF-8 
java_command: SchedulingMain
java_class_path (initial): G:\UOA_Courses\thesis\project\radiotelescopescheduling\out\production\radiotelescopescheduling;C:\Users\Han\.m2\repository\com\google\ortools\ortools-java\8.2.9025\ortools-java-8.2.9025.jar;C:\Users\Han\.m2\repository\com\google\ortools\ortools-linux-x86-64\8.2.9025\ortools-linux-x86-64-8.2.9025.jar;C:\Users\Han\.m2\repository\com\google\ortools\ortools-darwin-x86-64\8.2.9025\ortools-darwin-x86-64-8.2.9025.jar;C:\Users\Han\.m2\repository\com\google\ortools\ortools-win32-x86-64\8.2.9025\ortools-win32-x86-64-8.2.9025.jar;C:\Users\Han\.m2\repository\net\java\dev\jna\jna-platform\5.8.0\jna-platform-5.8.0.jar;C:\Users\Han\.m2\repository\net\java\dev\jna\jna\5.8.0\jna-5.8.0.jar;C:\Users\Han\.m2\repository\com\google\protobuf\protobuf-java\3.15.7\protobuf-java-3.15.7.jar;C:\Users\Han\.m2\repository\com\google\protobuf\protobuf-java\3.17.3\protobuf-java-3.17.3.jar;C:\Users\Han\.m2\repository\org\mongodb\bson\4.3.2\bson-4.3.2.jar;C:\Users\Han\.m2\repository\org\mongodb\mongo-java-driver\3.12.8\mongo-java-driver-3.12.8.jar;C:\Users\Han\.m2\repository\org\mongodb\mongodb-driver-core\4.2.3\mongodb-driver-core-4.2.3.jar;C:\Users\Han\.m2\repository\org\mongodb\bson\4.2.3\bson-4.2.3.jar;C:\gurobi952\win64\lib\gurobi.jar;C:\gurobi952\win64\lib\gurobi-javadoc.jar
Launcher Type: SUN_STANDARD

[Global flags]
     intx CICompilerCount                          = 4                                         {product} {ergonomic}
     uint ConcGCThreads                            = 2                                         {product} {ergonomic}
     uint G1ConcRefinementThreads                  = 8                                         {product} {ergonomic}
   size_t G1HeapRegionSize                         = 1048576                                   {product} {ergonomic}
    uintx GCDrainStackTargetSize                   = 64                                        {product} {ergonomic}
   size_t InitialHeapSize                          = 134217728                                 {product} {ergonomic}
   size_t MarkStackSize                            = 4194304                                   {product} {ergonomic}
   size_t MaxHeapSize                              = 2120220672                                {product} {ergonomic}
   size_t MaxNewSize                               = 1271922688                                {product} {ergonomic}
   size_t MinHeapDeltaBytes                        = 1048576                                   {product} {ergonomic}
   size_t MinHeapSize                              = 8388608                                   {product} {ergonomic}
    uintx NonNMethodCodeHeapSize                   = 5836300                                {pd product} {ergonomic}
    uintx NonProfiledCodeHeapSize                  = 122910970                              {pd product} {ergonomic}
    uintx ProfiledCodeHeapSize                     = 122910970                              {pd product} {ergonomic}
    uintx ReservedCodeCacheSize                    = 251658240                              {pd product} {ergonomic}
     bool SegmentedCodeCache                       = true                                      {product} {ergonomic}
   size_t SoftMaxHeapSize                          = 2120220672                             {manageable} {ergonomic}
     bool UseCompressedClassPointers               = true                                 {lp64_product} {ergonomic}
     bool UseCompressedOops                        = true                                 {lp64_product} {ergonomic}
     bool UseG1GC                                  = true                                      {product} {ergonomic}
     bool UseLargePagesIndividualAllocation        = false                                  {pd product} {ergonomic}

Logging:
Log output configuration:
 #0: stdout all=warning uptime,level,tags
 #1: stderr all=off uptime,level,tags

Environment Variables:
JAVA_HOME=C:\Program Files\Java\jdk-13.0.1
CLASSPATH=.;C:\Program Files\Java\jdk-13.0.1\lib\dt.jar;C:\Program Files\Java\jdk-13.0.1\lib\tools.jar;
PATH=C:\gurobi952\win64\bin;D:\Program Files\ImageMagick-7.1.0-Q16-HDRI;D:\CUDA\bin;D:\CUDA\libnvvp;C:\Program Files\Microsoft MPI\Bin\;C:\Program Files (x86)\Intel\iCLS Client\;C:\Program Files\Intel\iCLS Client\;C:\windows\system32;C:\windows;C:\windows\System32\Wbem;C:\windows\System32\WindowsPowerShell\v1.0\;C:\Program Files (x86)\Intel\Intel(R) Management Engine Components\DAL;C:\Program Files\Intel\Intel(R) Management Engine Components\DAL;C:\Program Files (x86)\Intel\Intel(R) Management Engine Components\IPT;C:\Program Files\Intel\Intel(R) Management Engine Components\IPT;C:\Program Files (x86)\NVIDIA Corporation\PhysX\Common;C:\WINDOWS\system32;C:\WINDOWS;C:\WINDOWS\System32\Wbem;C:\WINDOWS\System32\WindowsPowerShell\v1.0\;C:\Program Files (x86)\Windows Kits\8.1\Windows Performance Toolkit\;D:\Lingo\;C:\Program Files\Microsoft SQL Server\Client SDK\ODBC\130\Tools\Binn\;C:\Program Files (x86)\Microsoft SQL Server\140\Tools\Binn\;C:\Program Files\Microsoft SQL Server\140\Tools\Binn\;C:\Program Files (x86)\Microsoft SQL Server\140\DTS\Binn\;C:\Program Files\Microsoft SQL Server\140\DTS\Binn\;C:\WINDOWS\System32\OpenSSH\;C:\Program Files\Intel\WiFi\bin\;C:\Program Files\Common Files\Intel\WirelessCommon\;C:\Program Files\Java\jdk-13.0.1\bin;C:\Program Files\NVIDIA Corporation\Nsight Compute 2019.4.0\;C:\Program Files\NVIDIA Corporation\NVIDIA NvDLISR;D:\CUDA\lib\x64;C:\Program Files\dotnet\;D:\Microsoft Visual Studio\opencv\opencv\build\x64\vc15\bin;D:\Microsoft Visual Studio\opencv\opencv\build\x64\vc15\lib;C:\WINDOWS\system32;C:\WINDOWS;C:\WINDOWS\System32\Wbem;C:\WINDOWS\System32\WindowsPowerShell\v1.0\;C:\WINDOWS\System32\OpenSSH\;C:\Program Files\Git\cmd;D:\Program Files (x86)\mingw64\bin;C:\ProgramData\chocolatey\bin;D:\Program Files\MATLAB\R2022b\runtime\win64;D:\Program Files\MATLAB\R2022b\bin;C:\Users\Han\AppData\Local\Microsoft\WindowsApps;D:\altera\13.0sp1\modelsim_ase\win32aloem;D:\altera\13.0sp1\modelsim_ae\win32aloem;D:\Microsoft Visual Studio\opencv\
USERNAME=Han
LD_LIBRARY_PATH=C:\gurobi952\win64\lib
OS=Windows_NT
PROCESSOR_IDENTIFIER=Intel64 Family 6 Model 94 Stepping 3, GenuineIntel



---------------  S Y S T E M  ---------------

OS: Windows 10 , 64 bit Build 19041 (10.0.19041.2251)

CPU:total 8 (initial active 8) (4 cores per cpu, 2 threads per core) family 6 model 94 stepping 3, cmov, cx8, fxsr, mmx, sse, sse2, sse3, ssse3, sse4.1, sse4.2, popcnt, avx, avx2, aes, clmul, erms, rtm, 3dnowpref, lzcnt, ht, tsc, tscinvbit, bmi1, bmi2, adx, fma

Memory: 4k page, system-wide physical 8081M (1563M free)
TotalPageFile size 10743M (AvailPageFile size 1576M)
current process WorkingSet (physical memory assigned to process): 119M, peak: 206M
current process commit charge ("private bytes"): 228M, peak: 271M

vm_info: Java HotSpot(TM) 64-Bit Server VM (13.0.1+9) for windows-amd64 JRE (13.0.1+9), built on Oct  6 2019 12:37:49 by "mach5one" with unknown MS VC++:1916

END.
